<?xml version="1.0" encoding="UTF-8"?>
<robot generator="Robot 3.1.2 (Python 3.7.3 on win32)" generated="20200626 02:23:21.751" rpa="false">
<suite id="s1" name="JMapJenkinsTests" source="C:\Users\mbous\eclipse-workspace\JMapJenkinsTests">
<suite id="s1-s1" name="Tests" source="C:\Users\mbous\eclipse-workspace\JMapJenkinsTests\tests">
<suite id="s1-s1-s1" name="Jmap 7.0" source="C:\Users\mbous\eclipse-workspace\JMapJenkinsTests\tests\jmap_7.0">
<suite id="s1-s1-s1-s1" name="jmapWeb" source="C:\Users\mbous\eclipse-workspace\JMapJenkinsTests\tests\jmap_7.0\jmapWeb">
<suite id="s1-s1-s1-s1-s1" name="CheckLanguageTests" source="C:\Users\mbous\eclipse-workspace\JMapJenkinsTests\tests\jmap_7.0\jmapWeb\CheckLanguageTests.robot">
<test id="s1-s1-s1-s1-s1-t1" name="JM70-930:Verify text With english language">
<kw name="Open Browser On JMap Web" library="CommonLogin" type="setup">
<doc>Open Browser with the given URL and maximize the window to the resolution</doc>
<arguments>
<arg>${URLWebApp}</arg>
<arg>${RESOLUTION_X}</arg>
<arg>${RESOLUTION_Y}</arg>
</arguments>
<kw name="Setup Metrics" library="CommonKeywords">
<doc>This Keyword give the start time when the execution of the test case starts.</doc>
<kw name="Get Current Date" library="DateTime">
<doc>Returns current local or UTC time with an optional increment.</doc>
<arguments>
<arg>result_format=epoch</arg>
</arguments>
<assign>
<var>${tc_start}</var>
</assign>
<msg timestamp="20200626 02:23:22.445" level="INFO">${tc_start} = 1593152602.445231</msg>
<status status="PASS" starttime="20200626 02:23:22.445" endtime="20200626 02:23:22.445"></status>
</kw>
<kw name="Set Test Variable" library="BuiltIn">
<doc>Makes a variable available everywhere within the scope of the current test.</doc>
<arguments>
<arg>${tc_start}</arg>
<arg>${tc_start}</arg>
</arguments>
<msg timestamp="20200626 02:23:22.446" level="INFO">${tc_start} = 1593152602.445231</msg>
<status status="PASS" starttime="20200626 02:23:22.446" endtime="20200626 02:23:22.446"></status>
</kw>
<status status="PASS" starttime="20200626 02:23:22.444" endtime="20200626 02:23:22.446"></status>
</kw>
<kw name="Run Keyword If" library="BuiltIn">
<doc>Runs the given keyword with the given arguments, if ``condition`` is true.</doc>
<arguments>
<arg>'${Browser}'=='Chrome'</arg>
<arg>Open Chrome</arg>
<arg>ELSE IF</arg>
<arg>'${Browser}'=='Firefox'</arg>
<arg>Open Firefox</arg>
<arg>ELSE</arg>
<arg>Open Edge</arg>
</arguments>
<kw name="Open Chrome" library="CommonLogin">
<kw name="Evaluate" library="BuiltIn">
<doc>Evaluates the given expression in Python and returns the results.</doc>
<arguments>
<arg>sys.modules['selenium.webdriver'].ChromeOptions()</arg>
<arg>sys, selenium.webdriver</arg>
</arguments>
<assign>
<var>${chrome_options}</var>
</assign>
<msg timestamp="20200626 02:23:22.447" level="INFO">${chrome_options} = &lt;selenium.webdriver.chrome.options.Options object at 0x000002B818F714A8&gt;</msg>
<status status="PASS" starttime="20200626 02:23:22.447" endtime="20200626 02:23:22.447"></status>
</kw>
<kw name="Call Method" library="BuiltIn">
<doc>Calls the named method of the given object with the provided arguments.</doc>
<arguments>
<arg>${chrome_options}</arg>
<arg>add_argument</arg>
<arg>--ignore-certificate-errors</arg>
</arguments>
<status status="PASS" starttime="20200626 02:23:22.448" endtime="20200626 02:23:22.448"></status>
</kw>
<kw name="Create Webdriver" library="SeleniumLibrary">
<doc>Creates an instance of Selenium WebDriver.</doc>
<arguments>
<arg>${Browser}</arg>
<arg>chrome</arg>
<arg>chrome_options=${chrome_options}</arg>
</arguments>
<msg timestamp="20200626 02:23:22.448" level="INFO">Creating an instance of the Chrome WebDriver.</msg>
<status status="PASS" starttime="20200626 02:23:22.448" endtime="20200626 02:23:25.560"></status>
</kw>
<status status="PASS" starttime="20200626 02:23:22.447" endtime="20200626 02:23:25.561"></status>
</kw>
<status status="PASS" starttime="20200626 02:23:22.446" endtime="20200626 02:23:25.561"></status>
</kw>
<kw name="Go To" library="SeleniumLibrary">
<doc>Navigates the current browser window to the provided ``url``.</doc>
<arguments>
<arg>${vURL}</arg>
</arguments>
<msg timestamp="20200626 02:23:25.564" level="INFO">Opening url 'https://localhost:8443/JMap_Web_SDK_HTTPS5/login.jsp'</msg>
<status status="PASS" starttime="20200626 02:23:25.562" endtime="20200626 02:23:26.390"></status>
</kw>
<kw name="Set Window Size" library="SeleniumLibrary">
<doc>Sets current windows size to given ``width`` and ``height``.</doc>
<arguments>
<arg>${RESOLUTION_X}</arg>
<arg>${RESOLUTION_Y}</arg>
</arguments>
<status status="PASS" starttime="20200626 02:23:26.390" endtime="20200626 02:23:28.509"></status>
</kw>
<kw name="Maximize Browser Window" library="SeleniumLibrary">
<doc>Maximizes current browser window.</doc>
<status status="PASS" starttime="20200626 02:23:28.510" endtime="20200626 02:23:28.700"></status>
</kw>
<status status="PASS" starttime="20200626 02:23:22.444" endtime="20200626 02:23:28.700"></status>
</kw>
<kw name="Login JMap Web With Check Language" library="CommonLogin">
<doc>Login in JMap Web with the language provided</doc>
<arguments>
<arg>${Title}</arg>
<arg>en</arg>
<arg>LOGIN</arg>
<arg>userTest1</arg>
<arg>userTest1</arg>
</arguments>
<kw name="Verify That Text Of The Cover Page Is" library="CommonWeb">
<doc>Check for the text of the cover page</doc>
<arguments>
<arg>${pTitle}</arg>
</arguments>
<kw name="Wait Until Element Is Enabled" library="SeleniumLibrary">
<doc>Waits until the element ``locator`` is enabled.</doc>
<arguments>
<arg>xpath://h4[@id='jmap-title']</arg>
<arg>timeout=10s</arg>
</arguments>
<status status="PASS" starttime="20200626 02:23:28.702" endtime="20200626 02:23:28.724"></status>
</kw>
<kw name="Verify Text" library="CommonWeb">
<doc>Check for the text existence on the locator</doc>
<arguments>
<arg>//h4[@id='jmap-title']</arg>
<arg>${text}</arg>
</arguments>
<kw name="Wait Until Keyword Succeeds" library="BuiltIn">
<doc>Runs the specified keyword and retries if it fails.</doc>
<arguments>
<arg>10s</arg>
<arg>1s</arg>
<arg>Wait Until Element Is Visible</arg>
<arg>${locator}</arg>
<arg>2s</arg>
</arguments>
<kw name="Wait Until Element Is Visible" library="SeleniumLibrary">
<doc>Waits until the element ``locator`` is visible.</doc>
<arguments>
<arg>${locator}</arg>
<arg>2s</arg>
</arguments>
<status status="PASS" starttime="20200626 02:23:28.725" endtime="20200626 02:23:28.741"></status>
</kw>
<status status="PASS" starttime="20200626 02:23:28.724" endtime="20200626 02:23:28.741"></status>
</kw>
<kw name="Run Keyword And Continue On Failure" library="BuiltIn">
<doc>Runs the keyword and continues execution even if a failure occurs.</doc>
<arguments>
<arg>Element Text Should Be</arg>
<arg>${locator}</arg>
<arg>${text}</arg>
</arguments>
<kw name="Element Text Should Be" library="SeleniumLibrary">
<doc>Verifies that element ``locator`` contains exact the text ``expected``.</doc>
<arguments>
<arg>${locator}</arg>
<arg>${text}</arg>
</arguments>
<msg timestamp="20200626 02:23:28.742" level="INFO">Verifying element '//h4[@id='jmap-title']' contains exact text 'JMap_Web_SDK_HTTPS5'.</msg>
<status status="PASS" starttime="20200626 02:23:28.742" endtime="20200626 02:23:28.757"></status>
</kw>
<status status="PASS" starttime="20200626 02:23:28.742" endtime="20200626 02:23:28.758"></status>
</kw>
<status status="PASS" starttime="20200626 02:23:28.724" endtime="20200626 02:23:28.758"></status>
</kw>
<status status="PASS" starttime="20200626 02:23:28.701" endtime="20200626 02:23:28.758"></status>
</kw>
<kw name="Verify That Title Of The Cover Page Is" library="CommonWeb">
<doc>Check for the title of the cover page</doc>
<arguments>
<arg>${pTitle}</arg>
</arguments>
<kw name="Verify Title" library="CommonWeb">
<doc>Check for the title existence</doc>
<arguments>
<arg>${text}</arg>
</arguments>
<kw name="Set Browser Implicit Wait" library="SeleniumLibrary">
<doc>Sets the implicit wait value used by Selenium.</doc>
<arguments>
<arg>5s</arg>
</arguments>
<status status="PASS" starttime="20200626 02:23:28.759" endtime="20200626 02:23:28.760"></status>
</kw>
<kw name="Run Keyword And Continue On Failure" library="BuiltIn">
<doc>Runs the keyword and continues execution even if a failure occurs.</doc>
<arguments>
<arg>Title Should Be</arg>
<arg>${text}</arg>
</arguments>
<kw name="Title Should Be" library="SeleniumLibrary">
<doc>Verifies that the current page title equals ``title``.</doc>
<arguments>
<arg>${text}</arg>
</arguments>
<msg timestamp="20200626 02:23:28.764" level="INFO">Page title is 'JMap_Web_SDK_HTTPS5'.</msg>
<status status="PASS" starttime="20200626 02:23:28.761" endtime="20200626 02:23:28.764"></status>
</kw>
<status status="PASS" starttime="20200626 02:23:28.760" endtime="20200626 02:23:28.764"></status>
</kw>
<status status="PASS" starttime="20200626 02:23:28.759" endtime="20200626 02:23:28.765"></status>
</kw>
<status status="PASS" starttime="20200626 02:23:28.758" endtime="20200626 02:23:28.765"></status>
</kw>
<kw name="Select Language Of JMap Web" library="CommonLogin">
<doc>Select Language of JMap Web app</doc>
<arguments>
<arg>${pLanguage}</arg>
</arguments>
<kw name="Wait Until Element Is Enabled" library="SeleniumLibrary">
<doc>Waits until the element ``locator`` is enabled.</doc>
<arguments>
<arg>xpath://a[@id='${language}']</arg>
<arg>timeout=10s</arg>
</arguments>
<status status="PASS" starttime="20200626 02:23:28.765" endtime="20200626 02:23:28.787"></status>
</kw>
<kw name="Run Keyword And Return Status" library="BuiltIn">
<doc>Runs the given keyword with given arguments and returns the status as a Boolean value.</doc>
<arguments>
<arg>Element Attribute Value Should Be</arg>
<arg>//a[@id='${language}']</arg>
<arg>class</arg>
<arg>${EMPTY}</arg>
</arguments>
<assign>
<var>${IslanguageSelected}</var>
</assign>
<kw name="Element Attribute Value Should Be" library="SeleniumLibrary">
<doc>Verifies element identified by ``locator`` contains expected attribute value.</doc>
<arguments>
<arg>//a[@id='${language}']</arg>
<arg>class</arg>
<arg>${EMPTY}</arg>
</arguments>
<kw name="No Operation" library="BuiltIn">
<doc>Does absolutely nothing.</doc>
<status status="PASS" starttime="20200626 02:23:28.798" endtime="20200626 02:23:28.798"></status>
</kw>
<msg timestamp="20200626 02:23:28.800" level="FAIL">Element '//a[@id='en']' attribute should have value '' but its value was 'selected'.</msg>
<status status="FAIL" starttime="20200626 02:23:28.788" endtime="20200626 02:23:28.800"></status>
</kw>
<msg timestamp="20200626 02:23:28.800" level="INFO">${IslanguageSelected} = False</msg>
<status status="PASS" starttime="20200626 02:23:28.788" endtime="20200626 02:23:28.800"></status>
</kw>
<kw name="Run Keyword If" library="BuiltIn">
<doc>Runs the given keyword with the given arguments, if ``condition`` is true.</doc>
<arguments>
<arg>${IslanguageSelected}</arg>
<arg>Click Element</arg>
<arg>xpath://a[@id='${language}']</arg>
</arguments>
<status status="PASS" starttime="20200626 02:23:28.800" endtime="20200626 02:23:28.801"></status>
</kw>
<status status="PASS" starttime="20200626 02:23:28.765" endtime="20200626 02:23:28.801"></status>
</kw>
<kw name="Verify That Selected JMap Web Language Is" library="CommonLogin">
<doc>Check the language in JMap Web</doc>
<arguments>
<arg>${pLanguage}</arg>
</arguments>
<kw name="Sleep" library="BuiltIn">
<doc>Pauses the test executed for the given time.</doc>
<arguments>
<arg>1s</arg>
</arguments>
<msg timestamp="20200626 02:23:29.803" level="INFO">Slept 1 second</msg>
<status status="PASS" starttime="20200626 02:23:28.802" endtime="20200626 02:23:29.803"></status>
</kw>
<kw name="Wait Until Element Is Enabled" library="SeleniumLibrary">
<doc>Waits until the element ``locator`` is enabled.</doc>
<arguments>
<arg>xpath://a[@id='${expected}']</arg>
<arg>timeout=10s</arg>
</arguments>
<status status="PASS" starttime="20200626 02:23:29.804" endtime="20200626 02:23:29.837"></status>
</kw>
<kw name="Run Keyword And Continue On Failure" library="BuiltIn">
<doc>Runs the keyword and continues execution even if a failure occurs.</doc>
<arguments>
<arg>Element Attribute Value Should Be</arg>
<arg>//a[@id='${expected}']</arg>
<arg>class</arg>
<arg>selected</arg>
</arguments>
<kw name="Element Attribute Value Should Be" library="SeleniumLibrary">
<doc>Verifies element identified by ``locator`` contains expected attribute value.</doc>
<arguments>
<arg>//a[@id='${expected}']</arg>
<arg>class</arg>
<arg>selected</arg>
</arguments>
<msg timestamp="20200626 02:23:29.861" level="INFO">Element '//a[@id='en']' attribute 'class' contains value 'selected'.</msg>
<status status="PASS" starttime="20200626 02:23:29.839" endtime="20200626 02:23:29.861"></status>
</kw>
<status status="PASS" starttime="20200626 02:23:29.838" endtime="20200626 02:23:29.862"></status>
</kw>
<status status="PASS" starttime="20200626 02:23:28.801" endtime="20200626 02:23:29.862"></status>
</kw>
<kw name="Verify That Text of Login Button Is" library="CommonLogin">
<doc>Check the text for loggin button</doc>
<arguments>
<arg>${ptextButton}</arg>
</arguments>
<kw name="Wait Until Element Is Enabled" library="SeleniumLibrary">
<doc>Waits until the element ``locator`` is enabled.</doc>
<arguments>
<arg>xpath://button[@id='submit']</arg>
<arg>timeout=10s</arg>
</arguments>
<status status="PASS" starttime="20200626 02:23:29.864" endtime="20200626 02:23:29.911"></status>
</kw>
<kw name="Verify Text" library="CommonWeb">
<doc>Check for the text existence on the locator</doc>
<arguments>
<arg>//button[@id='submit']</arg>
<arg>${text}</arg>
</arguments>
<kw name="Wait Until Keyword Succeeds" library="BuiltIn">
<doc>Runs the specified keyword and retries if it fails.</doc>
<arguments>
<arg>10s</arg>
<arg>1s</arg>
<arg>Wait Until Element Is Visible</arg>
<arg>${locator}</arg>
<arg>2s</arg>
</arguments>
<kw name="Wait Until Element Is Visible" library="SeleniumLibrary">
<doc>Waits until the element ``locator`` is visible.</doc>
<arguments>
<arg>${locator}</arg>
<arg>2s</arg>
</arguments>
<status status="PASS" starttime="20200626 02:23:29.914" endtime="20200626 02:23:29.953"></status>
</kw>
<status status="PASS" starttime="20200626 02:23:29.913" endtime="20200626 02:23:29.954"></status>
</kw>
<kw name="Run Keyword And Continue On Failure" library="BuiltIn">
<doc>Runs the keyword and continues execution even if a failure occurs.</doc>
<arguments>
<arg>Element Text Should Be</arg>
<arg>${locator}</arg>
<arg>${text}</arg>
</arguments>
<kw name="Element Text Should Be" library="SeleniumLibrary">
<doc>Verifies that element ``locator`` contains exact the text ``expected``.</doc>
<arguments>
<arg>${locator}</arg>
<arg>${text}</arg>
</arguments>
<msg timestamp="20200626 02:23:29.955" level="INFO">Verifying element '//button[@id='submit']' contains exact text 'LOGIN'.</msg>
<status status="PASS" starttime="20200626 02:23:29.955" endtime="20200626 02:23:29.993"></status>
</kw>
<status status="PASS" starttime="20200626 02:23:29.954" endtime="20200626 02:23:29.994"></status>
</kw>
<status status="PASS" starttime="20200626 02:23:29.912" endtime="20200626 02:23:29.994"></status>
</kw>
<status status="PASS" starttime="20200626 02:23:29.863" endtime="20200626 02:23:29.995"></status>
</kw>
<kw name="Enter JMap Web credentials" library="CommonLogin">
<doc>Enter username and password in JMap Web login page</doc>
<arguments>
<arg>${pUserName}</arg>
<arg>${pPassword}</arg>
</arguments>
<kw name="Wait Until Element Is Enabled" library="SeleniumLibrary">
<doc>Waits until the element ``locator`` is enabled.</doc>
<arguments>
<arg>id:username</arg>
<arg>timeout=10s</arg>
</arguments>
<status status="PASS" starttime="20200626 02:23:29.997" endtime="20200626 02:23:30.043"></status>
</kw>
<kw name="Input Text" library="SeleniumLibrary">
<doc>Types the given ``text`` into the text field identified by ``locator``.</doc>
<arguments>
<arg>id:username</arg>
<arg>${USERNAME}</arg>
</arguments>
<msg timestamp="20200626 02:23:30.045" level="INFO">Typing text 'userTest1' into text field 'id:username'.</msg>
<status status="PASS" starttime="20200626 02:23:30.044" endtime="20200626 02:23:30.209"></status>
</kw>
<kw name="Wait Until Element Is Enabled" library="SeleniumLibrary">
<doc>Waits until the element ``locator`` is enabled.</doc>
<arguments>
<arg>id:password</arg>
<arg>timeout=10s</arg>
</arguments>
<status status="PASS" starttime="20200626 02:23:30.210" endtime="20200626 02:23:30.258"></status>
</kw>
<kw name="Input Text" library="SeleniumLibrary">
<doc>Types the given ``text`` into the text field identified by ``locator``.</doc>
<arguments>
<arg>id:password</arg>
<arg>${PASSWORD}</arg>
</arguments>
<msg timestamp="20200626 02:23:30.259" level="INFO">Typing text 'userTest1' into text field 'id:password'.</msg>
<status status="PASS" starttime="20200626 02:23:30.259" endtime="20200626 02:23:30.453"></status>
</kw>
<status status="PASS" starttime="20200626 02:23:29.995" endtime="20200626 02:23:30.453"></status>
</kw>
<kw name="Verify That Values of Username And Password Fields Are" library="CommonLogin">
<doc>Check the values of the user and password fields</doc>
<arguments>
<arg>${pUserName}</arg>
<arg>${pPassword}</arg>
</arguments>
<kw name="Wait Until Element Is Enabled" library="SeleniumLibrary">
<doc>Waits until the element ``locator`` is enabled.</doc>
<arguments>
<arg>xpath://input[@id='username']</arg>
<arg>timeout=10s</arg>
</arguments>
<status status="PASS" starttime="20200626 02:23:30.455" endtime="20200626 02:23:30.496"></status>
</kw>
<kw name="Verify Value" library="CommonWeb">
<doc>Check for the value existence on the locator</doc>
<arguments>
<arg>//input[@id='username']</arg>
<arg>${username}</arg>
</arguments>
<kw name="Wait Until Keyword Succeeds" library="BuiltIn">
<doc>Runs the specified keyword and retries if it fails.</doc>
<arguments>
<arg>10s</arg>
<arg>1s</arg>
<arg>Wait Until Element Is Enabled</arg>
<arg>${locator}</arg>
</arguments>
<kw name="Wait Until Element Is Enabled" library="SeleniumLibrary">
<doc>Waits until the element ``locator`` is enabled.</doc>
<arguments>
<arg>${locator}</arg>
</arguments>
<status status="PASS" starttime="20200626 02:23:30.498" endtime="20200626 02:23:30.534"></status>
</kw>
<status status="PASS" starttime="20200626 02:23:30.497" endtime="20200626 02:23:30.535"></status>
</kw>
<kw name="Run Keyword And Continue On Failure" library="BuiltIn">
<doc>Runs the keyword and continues execution even if a failure occurs.</doc>
<arguments>
<arg>Element Attribute Value Should Be</arg>
<arg>${locator}</arg>
<arg>value</arg>
<arg>${value}</arg>
</arguments>
<kw name="Element Attribute Value Should Be" library="SeleniumLibrary">
<doc>Verifies element identified by ``locator`` contains expected attribute value.</doc>
<arguments>
<arg>${locator}</arg>
<arg>value</arg>
<arg>${value}</arg>
</arguments>
<msg timestamp="20200626 02:23:30.561" level="INFO">Element '//input[@id='username']' attribute 'value' contains value 'userTest1'.</msg>
<status status="PASS" starttime="20200626 02:23:30.536" endtime="20200626 02:23:30.561"></status>
</kw>
<status status="PASS" starttime="20200626 02:23:30.535" endtime="20200626 02:23:30.561"></status>
</kw>
<status status="PASS" starttime="20200626 02:23:30.496" endtime="20200626 02:23:30.562"></status>
</kw>
<kw name="Wait Until Element Is Enabled" library="SeleniumLibrary">
<doc>Waits until the element ``locator`` is enabled.</doc>
<arguments>
<arg>xpath://input[@id='password']</arg>
<arg>timeout=10s</arg>
</arguments>
<status status="PASS" starttime="20200626 02:23:30.563" endtime="20200626 02:23:30.605"></status>
</kw>
<kw name="Verify Value" library="CommonWeb">
<doc>Check for the value existence on the locator</doc>
<arguments>
<arg>//input[@id='password']</arg>
<arg>${password}</arg>
</arguments>
<kw name="Wait Until Keyword Succeeds" library="BuiltIn">
<doc>Runs the specified keyword and retries if it fails.</doc>
<arguments>
<arg>10s</arg>
<arg>1s</arg>
<arg>Wait Until Element Is Enabled</arg>
<arg>${locator}</arg>
</arguments>
<kw name="Wait Until Element Is Enabled" library="SeleniumLibrary">
<doc>Waits until the element ``locator`` is enabled.</doc>
<arguments>
<arg>${locator}</arg>
</arguments>
<status status="PASS" starttime="20200626 02:23:30.607" endtime="20200626 02:23:30.640"></status>
</kw>
<status status="PASS" starttime="20200626 02:23:30.606" endtime="20200626 02:23:30.641"></status>
</kw>
<kw name="Run Keyword And Continue On Failure" library="BuiltIn">
<doc>Runs the keyword and continues execution even if a failure occurs.</doc>
<arguments>
<arg>Element Attribute Value Should Be</arg>
<arg>${locator}</arg>
<arg>value</arg>
<arg>${value}</arg>
</arguments>
<kw name="Element Attribute Value Should Be" library="SeleniumLibrary">
<doc>Verifies element identified by ``locator`` contains expected attribute value.</doc>
<arguments>
<arg>${locator}</arg>
<arg>value</arg>
<arg>${value}</arg>
</arguments>
<msg timestamp="20200626 02:23:30.666" level="INFO">Element '//input[@id='password']' attribute 'value' contains value 'userTest1'.</msg>
<status status="PASS" starttime="20200626 02:23:30.642" endtime="20200626 02:23:30.666"></status>
</kw>
<status status="PASS" starttime="20200626 02:23:30.641" endtime="20200626 02:23:30.667"></status>
</kw>
<status status="PASS" starttime="20200626 02:23:30.605" endtime="20200626 02:23:30.667"></status>
</kw>
<status status="PASS" starttime="20200626 02:23:30.454" endtime="20200626 02:23:30.668"></status>
</kw>
<kw name="Click Login JMap Web" library="CommonLogin">
<doc>Click login button in JMap Web login page</doc>
<kw name="Wait Until Element Is Enabled" library="SeleniumLibrary">
<doc>Waits until the element ``locator`` is enabled.</doc>
<arguments>
<arg>id:submit</arg>
<arg>timeout=10s</arg>
</arguments>
<status status="PASS" starttime="20200626 02:23:30.669" endtime="20200626 02:23:30.715"></status>
</kw>
<kw name="Click Button" library="SeleniumLibrary">
<doc>Clicks the button identified by ``locator``.</doc>
<arguments>
<arg>id:submit</arg>
</arguments>
<msg timestamp="20200626 02:23:30.716" level="INFO">Clicking button 'id:submit'.</msg>
<status status="PASS" starttime="20200626 02:23:30.715" endtime="20200626 02:23:31.398"></status>
</kw>
<kw name="Sleep" library="BuiltIn">
<doc>Pauses the test executed for the given time.</doc>
<arguments>
<arg>1s</arg>
</arguments>
<msg timestamp="20200626 02:23:32.401" level="INFO">Slept 1 second</msg>
<status status="PASS" starttime="20200626 02:23:31.398" endtime="20200626 02:23:32.401"></status>
</kw>
<status status="PASS" starttime="20200626 02:23:30.668" endtime="20200626 02:23:32.401"></status>
</kw>
<status status="PASS" starttime="20200626 02:23:28.701" endtime="20200626 02:23:32.401"></status>
</kw>
<kw name="Click On Options Icon" library="CommonWeb">
<doc>Go to Option menu</doc>
<kw name="Wait Until Element Is Enabled" library="SeleniumLibrary">
<doc>Waits until the element ``locator`` is enabled.</doc>
<arguments>
<arg>xpath://i[@class='configMenuIcon']</arg>
<arg>timeout=10s</arg>
</arguments>
<status status="PASS" starttime="20200626 02:23:32.401" endtime="20200626 02:23:32.429"></status>
</kw>
<kw name="Click Element" library="SeleniumLibrary">
<doc>Click the element identified by ``locator``.</doc>
<arguments>
<arg>xpath://i[@class='configMenuIcon']</arg>
</arguments>
<msg timestamp="20200626 02:23:32.429" level="INFO">Clicking element 'xpath://i[@class='configMenuIcon']'.</msg>
<status status="PASS" starttime="20200626 02:23:32.429" endtime="20200626 02:23:32.474"></status>
</kw>
<kw name="Sleep" library="BuiltIn">
<doc>Pauses the test executed for the given time.</doc>
<arguments>
<arg>1s</arg>
</arguments>
<msg timestamp="20200626 02:23:33.476" level="INFO">Slept 1 second</msg>
<status status="PASS" starttime="20200626 02:23:32.475" endtime="20200626 02:23:33.476"></status>
</kw>
<status status="PASS" starttime="20200626 02:23:32.401" endtime="20200626 02:23:33.476"></status>
</kw>
<kw name="Verify That Texts Of Options Icon Are" library="CommonWeb">
<doc>Check the links of the Option Menu</doc>
<arguments>
<arg>Options</arg>
<arg>Preferences</arg>
<arg>Help</arg>
<arg>Change Password</arg>
<arg>Logout (${UserName})</arg>
</arguments>
<kw name="Wait Until Element Is Visible" library="SeleniumLibrary">
<doc>Waits until the element ``locator`` is visible.</doc>
<arguments>
<arg>//button[@class='configMenu btn btn-default']</arg>
<arg>5s</arg>
</arguments>
<status status="PASS" starttime="20200626 02:23:33.478" endtime="20200626 02:23:33.528"></status>
</kw>
<kw name="Element Attribute Value Should Be" library="SeleniumLibrary">
<doc>Verifies element identified by ``locator`` contains expected attribute value.</doc>
<arguments>
<arg>//button[@class='configMenu btn btn-default']</arg>
<arg>data-original-title</arg>
<arg>${iconText}</arg>
</arguments>
<msg timestamp="20200626 02:23:33.553" level="INFO">Element '//button[@class='configMenu btn btn-default']' attribute 'data-original-title' contains value 'Options'.</msg>
<status status="PASS" starttime="20200626 02:23:33.528" endtime="20200626 02:23:33.553"></status>
</kw>
<kw name="Verify Text" library="CommonWeb">
<doc>Check for the text existence on the locator</doc>
<arguments>
<arg>//a[contains(text(),'${text1}')]</arg>
<arg>${text1}</arg>
</arguments>
<kw name="Wait Until Keyword Succeeds" library="BuiltIn">
<doc>Runs the specified keyword and retries if it fails.</doc>
<arguments>
<arg>10s</arg>
<arg>1s</arg>
<arg>Wait Until Element Is Visible</arg>
<arg>${locator}</arg>
<arg>2s</arg>
</arguments>
<kw name="Wait Until Element Is Visible" library="SeleniumLibrary">
<doc>Waits until the element ``locator`` is visible.</doc>
<arguments>
<arg>${locator}</arg>
<arg>2s</arg>
</arguments>
<status status="PASS" starttime="20200626 02:23:33.556" endtime="20200626 02:23:33.598"></status>
</kw>
<status status="PASS" starttime="20200626 02:23:33.555" endtime="20200626 02:23:33.598"></status>
</kw>
<kw name="Run Keyword And Continue On Failure" library="BuiltIn">
<doc>Runs the keyword and continues execution even if a failure occurs.</doc>
<arguments>
<arg>Element Text Should Be</arg>
<arg>${locator}</arg>
<arg>${text}</arg>
</arguments>
<kw name="Element Text Should Be" library="SeleniumLibrary">
<doc>Verifies that element ``locator`` contains exact the text ``expected``.</doc>
<arguments>
<arg>${locator}</arg>
<arg>${text}</arg>
</arguments>
<msg timestamp="20200626 02:23:33.600" level="INFO">Verifying element '//a[contains(text(),'Preferences')]' contains exact text 'Preferences'.</msg>
<status status="PASS" starttime="20200626 02:23:33.599" endtime="20200626 02:23:33.631"></status>
</kw>
<status status="PASS" starttime="20200626 02:23:33.599" endtime="20200626 02:23:33.632"></status>
</kw>
<status status="PASS" starttime="20200626 02:23:33.554" endtime="20200626 02:23:33.632"></status>
</kw>
<kw name="Verify Text" library="CommonWeb">
<doc>Check for the text existence on the locator</doc>
<arguments>
<arg>//a[contains(text(),'${text2}')]</arg>
<arg>${text2}</arg>
</arguments>
<kw name="Wait Until Keyword Succeeds" library="BuiltIn">
<doc>Runs the specified keyword and retries if it fails.</doc>
<arguments>
<arg>10s</arg>
<arg>1s</arg>
<arg>Wait Until Element Is Visible</arg>
<arg>${locator}</arg>
<arg>2s</arg>
</arguments>
<kw name="Wait Until Element Is Visible" library="SeleniumLibrary">
<doc>Waits until the element ``locator`` is visible.</doc>
<arguments>
<arg>${locator}</arg>
<arg>2s</arg>
</arguments>
<status status="PASS" starttime="20200626 02:23:33.633" endtime="20200626 02:23:33.659"></status>
</kw>
<status status="PASS" starttime="20200626 02:23:33.633" endtime="20200626 02:23:33.659"></status>
</kw>
<kw name="Run Keyword And Continue On Failure" library="BuiltIn">
<doc>Runs the keyword and continues execution even if a failure occurs.</doc>
<arguments>
<arg>Element Text Should Be</arg>
<arg>${locator}</arg>
<arg>${text}</arg>
</arguments>
<kw name="Element Text Should Be" library="SeleniumLibrary">
<doc>Verifies that element ``locator`` contains exact the text ``expected``.</doc>
<arguments>
<arg>${locator}</arg>
<arg>${text}</arg>
</arguments>
<msg timestamp="20200626 02:23:33.661" level="INFO">Verifying element '//a[contains(text(),'Help')]' contains exact text 'Help'.</msg>
<status status="PASS" starttime="20200626 02:23:33.660" endtime="20200626 02:23:33.703"></status>
</kw>
<status status="PASS" starttime="20200626 02:23:33.660" endtime="20200626 02:23:33.704"></status>
</kw>
<status status="PASS" starttime="20200626 02:23:33.632" endtime="20200626 02:23:33.704"></status>
</kw>
<kw name="Verify Text" library="CommonWeb">
<doc>Check for the text existence on the locator</doc>
<arguments>
<arg>//a[contains(text(),'${text3}')]</arg>
<arg>${text3}</arg>
</arguments>
<kw name="Wait Until Keyword Succeeds" library="BuiltIn">
<doc>Runs the specified keyword and retries if it fails.</doc>
<arguments>
<arg>10s</arg>
<arg>1s</arg>
<arg>Wait Until Element Is Visible</arg>
<arg>${locator}</arg>
<arg>2s</arg>
</arguments>
<kw name="Wait Until Element Is Visible" library="SeleniumLibrary">
<doc>Waits until the element ``locator`` is visible.</doc>
<arguments>
<arg>${locator}</arg>
<arg>2s</arg>
</arguments>
<status status="PASS" starttime="20200626 02:23:33.707" endtime="20200626 02:23:33.749"></status>
</kw>
<status status="PASS" starttime="20200626 02:23:33.706" endtime="20200626 02:23:33.750"></status>
</kw>
<kw name="Run Keyword And Continue On Failure" library="BuiltIn">
<doc>Runs the keyword and continues execution even if a failure occurs.</doc>
<arguments>
<arg>Element Text Should Be</arg>
<arg>${locator}</arg>
<arg>${text}</arg>
</arguments>
<kw name="Element Text Should Be" library="SeleniumLibrary">
<doc>Verifies that element ``locator`` contains exact the text ``expected``.</doc>
<arguments>
<arg>${locator}</arg>
<arg>${text}</arg>
</arguments>
<msg timestamp="20200626 02:23:33.752" level="INFO">Verifying element '//a[contains(text(),'Change Password')]' contains exact text 'Change Password'.</msg>
<status status="PASS" starttime="20200626 02:23:33.751" endtime="20200626 02:23:33.799"></status>
</kw>
<status status="PASS" starttime="20200626 02:23:33.751" endtime="20200626 02:23:33.800"></status>
</kw>
<status status="PASS" starttime="20200626 02:23:33.705" endtime="20200626 02:23:33.800"></status>
</kw>
<kw name="Verify Text" library="CommonWeb">
<doc>Check for the text existence on the locator</doc>
<arguments>
<arg>//a[contains(text(),'${text4}')]</arg>
<arg>${text4}</arg>
</arguments>
<kw name="Wait Until Keyword Succeeds" library="BuiltIn">
<doc>Runs the specified keyword and retries if it fails.</doc>
<arguments>
<arg>10s</arg>
<arg>1s</arg>
<arg>Wait Until Element Is Visible</arg>
<arg>${locator}</arg>
<arg>2s</arg>
</arguments>
<kw name="Wait Until Element Is Visible" library="SeleniumLibrary">
<doc>Waits until the element ``locator`` is visible.</doc>
<arguments>
<arg>${locator}</arg>
<arg>2s</arg>
</arguments>
<status status="PASS" starttime="20200626 02:23:33.803" endtime="20200626 02:23:33.847"></status>
</kw>
<status status="PASS" starttime="20200626 02:23:33.802" endtime="20200626 02:23:33.847"></status>
</kw>
<kw name="Run Keyword And Continue On Failure" library="BuiltIn">
<doc>Runs the keyword and continues execution even if a failure occurs.</doc>
<arguments>
<arg>Element Text Should Be</arg>
<arg>${locator}</arg>
<arg>${text}</arg>
</arguments>
<kw name="Element Text Should Be" library="SeleniumLibrary">
<doc>Verifies that element ``locator`` contains exact the text ``expected``.</doc>
<arguments>
<arg>${locator}</arg>
<arg>${text}</arg>
</arguments>
<msg timestamp="20200626 02:23:33.849" level="INFO">Verifying element '//a[contains(text(),'Logout (userTest1)')]' contains exact text 'Logout (userTest1)'.</msg>
<status status="PASS" starttime="20200626 02:23:33.849" endtime="20200626 02:23:33.886"></status>
</kw>
<status status="PASS" starttime="20200626 02:23:33.848" endtime="20200626 02:23:33.886"></status>
</kw>
<status status="PASS" starttime="20200626 02:23:33.801" endtime="20200626 02:23:33.887"></status>
</kw>
<status status="PASS" starttime="20200626 02:23:33.477" endtime="20200626 02:23:33.887"></status>
</kw>
<kw name="Click On Share features Icon" library="CommonWeb">
<doc>Go to Share features menu</doc>
<kw name="Wait Until Element Is Enabled" library="SeleniumLibrary">
<doc>Waits until the element ``locator`` is enabled.</doc>
<arguments>
<arg>xpath://button[@class='glyphicon jmap_share btn btn-default']</arg>
<arg>timeout=10s</arg>
</arguments>
<status status="PASS" starttime="20200626 02:23:33.888" endtime="20200626 02:23:33.937"></status>
</kw>
<kw name="Click Element" library="SeleniumLibrary">
<doc>Click the element identified by ``locator``.</doc>
<arguments>
<arg>xpath://button[@class='glyphicon jmap_share btn btn-default']</arg>
</arguments>
<msg timestamp="20200626 02:23:33.938" level="INFO">Clicking element 'xpath://button[@class='glyphicon jmap_share btn btn-default']'.</msg>
<status status="PASS" starttime="20200626 02:23:33.937" endtime="20200626 02:23:34.020"></status>
</kw>
<status status="PASS" starttime="20200626 02:23:33.887" endtime="20200626 02:23:34.021"></status>
</kw>
<kw name="Verify That Texts Of Share Features Icon Are" library="CommonWeb">
<doc>Check the links of the Share Features Menu</doc>
<arguments>
<arg>Share features</arg>
<arg>Link to this map</arg>
<arg>Embed Map</arg>
<arg>Create Image</arg>
</arguments>
<kw name="Wait Until Element Is Visible" library="SeleniumLibrary">
<doc>Waits until the element ``locator`` is visible.</doc>
<arguments>
<arg>//button[@class='glyphicon jmap_share btn btn-default']</arg>
<arg>5s</arg>
</arguments>
<status status="PASS" starttime="20200626 02:23:34.022" endtime="20200626 02:23:34.054"></status>
</kw>
<kw name="Element Attribute Value Should Be" library="SeleniumLibrary">
<doc>Verifies element identified by ``locator`` contains expected attribute value.</doc>
<arguments>
<arg>//button[@class='glyphicon jmap_share btn btn-default']</arg>
<arg>data-original-title</arg>
<arg>${iconText}</arg>
</arguments>
<msg timestamp="20200626 02:23:34.079" level="INFO">Element '//button[@class='glyphicon jmap_share btn btn-default']' attribute 'data-original-title' contains value 'Share features'.</msg>
<status status="PASS" starttime="20200626 02:23:34.054" endtime="20200626 02:23:34.079"></status>
</kw>
<kw name="Verify Text" library="CommonWeb">
<doc>Check for the text existence on the locator</doc>
<arguments>
<arg>//a[contains(text(),'${text1}')]</arg>
<arg>${text1}</arg>
</arguments>
<kw name="Wait Until Keyword Succeeds" library="BuiltIn">
<doc>Runs the specified keyword and retries if it fails.</doc>
<arguments>
<arg>10s</arg>
<arg>1s</arg>
<arg>Wait Until Element Is Visible</arg>
<arg>${locator}</arg>
<arg>2s</arg>
</arguments>
<kw name="Wait Until Element Is Visible" library="SeleniumLibrary">
<doc>Waits until the element ``locator`` is visible.</doc>
<arguments>
<arg>${locator}</arg>
<arg>2s</arg>
</arguments>
<status status="PASS" starttime="20200626 02:23:34.082" endtime="20200626 02:23:34.125"></status>
</kw>
<status status="PASS" starttime="20200626 02:23:34.082" endtime="20200626 02:23:34.125"></status>
</kw>
<kw name="Run Keyword And Continue On Failure" library="BuiltIn">
<doc>Runs the keyword and continues execution even if a failure occurs.</doc>
<arguments>
<arg>Element Text Should Be</arg>
<arg>${locator}</arg>
<arg>${text}</arg>
</arguments>
<kw name="Element Text Should Be" library="SeleniumLibrary">
<doc>Verifies that element ``locator`` contains exact the text ``expected``.</doc>
<arguments>
<arg>${locator}</arg>
<arg>${text}</arg>
</arguments>
<msg timestamp="20200626 02:23:34.127" level="INFO">Verifying element '//a[contains(text(),'Link to this map')]' contains exact text 'Link to this map'.</msg>
<status status="PASS" starttime="20200626 02:23:34.127" endtime="20200626 02:23:34.163"></status>
</kw>
<status status="PASS" starttime="20200626 02:23:34.126" endtime="20200626 02:23:34.164"></status>
</kw>
<status status="PASS" starttime="20200626 02:23:34.080" endtime="20200626 02:23:34.164"></status>
</kw>
<kw name="Verify Text" library="CommonWeb">
<doc>Check for the text existence on the locator</doc>
<arguments>
<arg>//a[contains(text(),'${text2}')]</arg>
<arg>${text2}</arg>
</arguments>
<kw name="Wait Until Keyword Succeeds" library="BuiltIn">
<doc>Runs the specified keyword and retries if it fails.</doc>
<arguments>
<arg>10s</arg>
<arg>1s</arg>
<arg>Wait Until Element Is Visible</arg>
<arg>${locator}</arg>
<arg>2s</arg>
</arguments>
<kw name="Wait Until Element Is Visible" library="SeleniumLibrary">
<doc>Waits until the element ``locator`` is visible.</doc>
<arguments>
<arg>${locator}</arg>
<arg>2s</arg>
</arguments>
<status status="PASS" starttime="20200626 02:23:34.167" endtime="20200626 02:23:34.208"></status>
</kw>
<status status="PASS" starttime="20200626 02:23:34.166" endtime="20200626 02:23:34.208"></status>
</kw>
<kw name="Run Keyword And Continue On Failure" library="BuiltIn">
<doc>Runs the keyword and continues execution even if a failure occurs.</doc>
<arguments>
<arg>Element Text Should Be</arg>
<arg>${locator}</arg>
<arg>${text}</arg>
</arguments>
<kw name="Element Text Should Be" library="SeleniumLibrary">
<doc>Verifies that element ``locator`` contains exact the text ``expected``.</doc>
<arguments>
<arg>${locator}</arg>
<arg>${text}</arg>
</arguments>
<msg timestamp="20200626 02:23:34.210" level="INFO">Verifying element '//a[contains(text(),'Embed Map')]' contains exact text 'Embed Map'.</msg>
<status status="PASS" starttime="20200626 02:23:34.209" endtime="20200626 02:23:34.246"></status>
</kw>
<status status="PASS" starttime="20200626 02:23:34.208" endtime="20200626 02:23:34.247"></status>
</kw>
<status status="PASS" starttime="20200626 02:23:34.165" endtime="20200626 02:23:34.247"></status>
</kw>
<kw name="Verify Text" library="CommonWeb">
<doc>Check for the text existence on the locator</doc>
<arguments>
<arg>//a[contains(text(),'${text3}')]</arg>
<arg>${text3}</arg>
</arguments>
<kw name="Wait Until Keyword Succeeds" library="BuiltIn">
<doc>Runs the specified keyword and retries if it fails.</doc>
<arguments>
<arg>10s</arg>
<arg>1s</arg>
<arg>Wait Until Element Is Visible</arg>
<arg>${locator}</arg>
<arg>2s</arg>
</arguments>
<kw name="Wait Until Element Is Visible" library="SeleniumLibrary">
<doc>Waits until the element ``locator`` is visible.</doc>
<arguments>
<arg>${locator}</arg>
<arg>2s</arg>
</arguments>
<status status="PASS" starttime="20200626 02:23:34.249" endtime="20200626 02:23:34.288"></status>
</kw>
<status status="PASS" starttime="20200626 02:23:34.248" endtime="20200626 02:23:34.289"></status>
</kw>
<kw name="Run Keyword And Continue On Failure" library="BuiltIn">
<doc>Runs the keyword and continues execution even if a failure occurs.</doc>
<arguments>
<arg>Element Text Should Be</arg>
<arg>${locator}</arg>
<arg>${text}</arg>
</arguments>
<kw name="Element Text Should Be" library="SeleniumLibrary">
<doc>Verifies that element ``locator`` contains exact the text ``expected``.</doc>
<arguments>
<arg>${locator}</arg>
<arg>${text}</arg>
</arguments>
<msg timestamp="20200626 02:23:34.291" level="INFO">Verifying element '//a[contains(text(),'Create Image')]' contains exact text 'Create Image'.</msg>
<status status="PASS" starttime="20200626 02:23:34.290" endtime="20200626 02:23:34.328"></status>
</kw>
<status status="PASS" starttime="20200626 02:23:34.289" endtime="20200626 02:23:34.328"></status>
</kw>
<status status="PASS" starttime="20200626 02:23:34.247" endtime="20200626 02:23:34.329"></status>
</kw>
<status status="PASS" starttime="20200626 02:23:34.021" endtime="20200626 02:23:34.329"></status>
</kw>
<kw name="Verify That Text Of Full Screen Icon Is" library="CommonWeb">
<doc>Check the links of the Full Screen tool</doc>
<arguments>
<arg>Full screen</arg>
</arguments>
<kw name="Wait Until Element Is Visible" library="SeleniumLibrary">
<doc>Waits until the element ``locator`` is visible.</doc>
<arguments>
<arg>//button[@class='btn btn-default ol-full-screen-false']</arg>
<arg>5s</arg>
</arguments>
<status status="PASS" starttime="20200626 02:23:34.330" endtime="20200626 02:23:34.370"></status>
</kw>
<kw name="Run Keyword And Continue On Failure" library="BuiltIn">
<doc>Runs the keyword and continues execution even if a failure occurs.</doc>
<arguments>
<arg>Element Attribute Value Should Be</arg>
<arg>//button[@class='btn btn-default ol-full-screen-false']</arg>
<arg>data-original-title</arg>
<arg>${iconText}</arg>
</arguments>
<kw name="Element Attribute Value Should Be" library="SeleniumLibrary">
<doc>Verifies element identified by ``locator`` contains expected attribute value.</doc>
<arguments>
<arg>//button[@class='btn btn-default ol-full-screen-false']</arg>
<arg>data-original-title</arg>
<arg>${iconText}</arg>
</arguments>
<msg timestamp="20200626 02:23:34.396" level="INFO">Element '//button[@class='btn btn-default ol-full-screen-false']' attribute 'data-original-title' contains value 'Full screen'.</msg>
<status status="PASS" starttime="20200626 02:23:34.371" endtime="20200626 02:23:34.397"></status>
</kw>
<status status="PASS" starttime="20200626 02:23:34.371" endtime="20200626 02:23:34.397"></status>
</kw>
<status status="PASS" starttime="20200626 02:23:34.329" endtime="20200626 02:23:34.397"></status>
</kw>
<kw name="Verify That Text Of Overview Map Icon Is" library="CommonWeb">
<doc>Check the links of the Overview Map tool</doc>
<arguments>
<arg>Overview map</arg>
</arguments>
<kw name="Wait Until Element Is Visible" library="SeleniumLibrary">
<doc>Waits until the element ``locator`` is visible.</doc>
<arguments>
<arg>//div[@id='OverViewTrigger']</arg>
<arg>5s</arg>
</arguments>
<status status="PASS" starttime="20200626 02:23:34.399" endtime="20200626 02:23:34.440"></status>
</kw>
<kw name="Run Keyword And Continue On Failure" library="BuiltIn">
<doc>Runs the keyword and continues execution even if a failure occurs.</doc>
<arguments>
<arg>Element Attribute Value Should Be</arg>
<arg>//div[@id='OverViewTrigger']</arg>
<arg>data-original-title</arg>
<arg>${iconText}</arg>
</arguments>
<kw name="Element Attribute Value Should Be" library="SeleniumLibrary">
<doc>Verifies element identified by ``locator`` contains expected attribute value.</doc>
<arguments>
<arg>//div[@id='OverViewTrigger']</arg>
<arg>data-original-title</arg>
<arg>${iconText}</arg>
</arguments>
<msg timestamp="20200626 02:23:34.468" level="INFO">Element '//div[@id='OverViewTrigger']' attribute 'data-original-title' contains value 'Overview map'.</msg>
<status status="PASS" starttime="20200626 02:23:34.442" endtime="20200626 02:23:34.469"></status>
</kw>
<status status="PASS" starttime="20200626 02:23:34.441" endtime="20200626 02:23:34.469"></status>
</kw>
<status status="PASS" starttime="20200626 02:23:34.398" endtime="20200626 02:23:34.469"></status>
</kw>
<kw name="Verify That Text Of Print Map Icon Is" library="CommonWeb">
<doc>Check the links of the Print Map tool</doc>
<arguments>
<arg>Print map</arg>
</arguments>
<kw name="Wait Until Element Is Visible" library="SeleniumLibrary">
<doc>Waits until the element ``locator`` is visible.</doc>
<arguments>
<arg>//div[@id='printTrigger']</arg>
<arg>5s</arg>
</arguments>
<status status="PASS" starttime="20200626 02:23:34.471" endtime="20200626 02:23:34.507"></status>
</kw>
<kw name="Run Keyword And Continue On Failure" library="BuiltIn">
<doc>Runs the keyword and continues execution even if a failure occurs.</doc>
<arguments>
<arg>Element Attribute Value Should Be</arg>
<arg>//div[@id='printTrigger']</arg>
<arg>data-original-title</arg>
<arg>${iconText}</arg>
</arguments>
<kw name="Element Attribute Value Should Be" library="SeleniumLibrary">
<doc>Verifies element identified by ``locator`` contains expected attribute value.</doc>
<arguments>
<arg>//div[@id='printTrigger']</arg>
<arg>data-original-title</arg>
<arg>${iconText}</arg>
</arguments>
<msg timestamp="20200626 02:23:34.532" level="INFO">Element '//div[@id='printTrigger']' attribute 'data-original-title' contains value 'Print map'.</msg>
<status status="PASS" starttime="20200626 02:23:34.509" endtime="20200626 02:23:34.533"></status>
</kw>
<status status="PASS" starttime="20200626 02:23:34.508" endtime="20200626 02:23:34.533"></status>
</kw>
<status status="PASS" starttime="20200626 02:23:34.470" endtime="20200626 02:23:34.534"></status>
</kw>
<kw name="Click On Annotation Down List Arrow" library="CommonAnnotationWeb">
<doc>Click on annotation tool</doc>
<kw name="Wait Until Keyword Succeeds" library="BuiltIn">
<doc>Runs the specified keyword and retries if it fails.</doc>
<arguments>
<arg>10s</arg>
<arg>1s</arg>
<arg>Wait Until Element Is Enabled</arg>
<arg>xpath://div[@id='smallTrigger_freehandSet']</arg>
<arg>timeout=2s</arg>
</arguments>
<kw name="Wait Until Element Is Enabled" library="SeleniumLibrary">
<doc>Waits until the element ``locator`` is enabled.</doc>
<arguments>
<arg>xpath://div[@id='smallTrigger_freehandSet']</arg>
<arg>timeout=2s</arg>
</arguments>
<status status="PASS" starttime="20200626 02:23:34.536" endtime="20200626 02:23:34.584"></status>
</kw>
<status status="PASS" starttime="20200626 02:23:34.535" endtime="20200626 02:23:34.585"></status>
</kw>
<kw name="Click Element" library="SeleniumLibrary">
<doc>Click the element identified by ``locator``.</doc>
<arguments>
<arg>xpath://div[@id='smallTrigger_freehandSet']</arg>
</arguments>
<msg timestamp="20200626 02:23:34.586" level="INFO">Clicking element 'xpath://div[@id='smallTrigger_freehandSet']'.</msg>
<status status="PASS" starttime="20200626 02:23:34.585" endtime="20200626 02:23:34.668"></status>
</kw>
<status status="PASS" starttime="20200626 02:23:34.534" endtime="20200626 02:23:34.668"></status>
</kw>
<kw name="Verify That Texts Of Annotations Icon Are">
<arguments>
<arg>Freehand</arg>
<arg>Text</arg>
<arg>Point</arg>
<arg>Line</arg>
<arg>Rectangle</arg>
<arg>Polygon</arg>
<arg>Circle</arg>
</arguments>
<kw name="Verify That Text Of Freehand Annotation Icon Is" library="CommonAnnotationWeb">
<doc>Check freehand annotation is enable</doc>
<arguments>
<arg>${expected1}</arg>
</arguments>
<kw name="Wait Until Keyword Succeeds" library="BuiltIn">
<doc>Runs the specified keyword and retries if it fails.</doc>
<arguments>
<arg>10s</arg>
<arg>1s</arg>
<arg>Wait Until Element Is Visible</arg>
<arg>xpath://div[@id='dropdownPanel_freehandSet']//div[@class='freelinestringDrawing CustomButtons btn btn-default']</arg>
<arg>2s</arg>
</arguments>
<kw name="Wait Until Element Is Visible" library="SeleniumLibrary">
<doc>Waits until the element ``locator`` is visible.</doc>
<arguments>
<arg>xpath://div[@id='dropdownPanel_freehandSet']//div[@class='freelinestringDrawing CustomButtons btn btn-default']</arg>
<arg>2s</arg>
</arguments>
<status status="PASS" starttime="20200626 02:23:34.671" endtime="20200626 02:23:34.696"></status>
</kw>
<status status="PASS" starttime="20200626 02:23:34.670" endtime="20200626 02:23:34.697"></status>
</kw>
<kw name="Run Keyword And Continue On Failure" library="BuiltIn">
<doc>Runs the keyword and continues execution even if a failure occurs.</doc>
<arguments>
<arg>Element Attribute Value Should Be</arg>
<arg>//div[@id='dropdownPanel_freehandSet']//div[@class='freelinestringDrawing CustomButtons btn btn-default']</arg>
<arg>data-original-title</arg>
<arg>${iconText}</arg>
</arguments>
<kw name="Element Attribute Value Should Be" library="SeleniumLibrary">
<doc>Verifies element identified by ``locator`` contains expected attribute value.</doc>
<arguments>
<arg>//div[@id='dropdownPanel_freehandSet']//div[@class='freelinestringDrawing CustomButtons btn btn-default']</arg>
<arg>data-original-title</arg>
<arg>${iconText}</arg>
</arguments>
<msg timestamp="20200626 02:23:34.712" level="INFO">Element '//div[@id='dropdownPanel_freehandSet']//div[@class='freelinestringDrawing CustomButtons btn btn-default']' attribute 'data-original-title' contains value 'Freehand'.</msg>
<status status="PASS" starttime="20200626 02:23:34.697" endtime="20200626 02:23:34.712"></status>
</kw>
<status status="PASS" starttime="20200626 02:23:34.697" endtime="20200626 02:23:34.713"></status>
</kw>
<kw name="Sleep" library="BuiltIn">
<doc>Pauses the test executed for the given time.</doc>
<arguments>
<arg>1</arg>
</arguments>
<msg timestamp="20200626 02:23:35.715" level="INFO">Slept 1 second</msg>
<status status="PASS" starttime="20200626 02:23:34.713" endtime="20200626 02:23:35.715"></status>
</kw>
<status status="PASS" starttime="20200626 02:23:34.669" endtime="20200626 02:23:35.716"></status>
</kw>
<kw name="Verify That Text Of Text Annotation Icon Is" library="CommonAnnotationWeb">
<doc>Check text annotation is enable</doc>
<arguments>
<arg>${expected2}</arg>
</arguments>
<kw name="Wait Until Keyword Succeeds" library="BuiltIn">
<doc>Runs the specified keyword and retries if it fails.</doc>
<arguments>
<arg>10s</arg>
<arg>1s</arg>
<arg>Wait Until Element Is Visible</arg>
<arg>xpath://div[@class='textAnnotation CustomButtons btn btn-default']</arg>
<arg>timeout=2s</arg>
</arguments>
<kw name="Wait Until Element Is Visible" library="SeleniumLibrary">
<doc>Waits until the element ``locator`` is visible.</doc>
<arguments>
<arg>xpath://div[@class='textAnnotation CustomButtons btn btn-default']</arg>
<arg>timeout=2s</arg>
</arguments>
<status status="PASS" starttime="20200626 02:23:35.719" endtime="20200626 02:23:35.749"></status>
</kw>
<status status="PASS" starttime="20200626 02:23:35.718" endtime="20200626 02:23:35.749"></status>
</kw>
<kw name="Run Keyword And Continue On Failure" library="BuiltIn">
<doc>Runs the keyword and continues execution even if a failure occurs.</doc>
<arguments>
<arg>Element Attribute Value Should Be</arg>
<arg>//div[@class='textAnnotation CustomButtons btn btn-default']</arg>
<arg>data-original-title</arg>
<arg>${iconText}</arg>
</arguments>
<kw name="Element Attribute Value Should Be" library="SeleniumLibrary">
<doc>Verifies element identified by ``locator`` contains expected attribute value.</doc>
<arguments>
<arg>//div[@class='textAnnotation CustomButtons btn btn-default']</arg>
<arg>data-original-title</arg>
<arg>${iconText}</arg>
</arguments>
<msg timestamp="20200626 02:23:35.763" level="INFO">Element '//div[@class='textAnnotation CustomButtons btn btn-default']' attribute 'data-original-title' contains value 'Text'.</msg>
<status status="PASS" starttime="20200626 02:23:35.749" endtime="20200626 02:23:35.763"></status>
</kw>
<status status="PASS" starttime="20200626 02:23:35.749" endtime="20200626 02:23:35.763"></status>
</kw>
<status status="PASS" starttime="20200626 02:23:35.716" endtime="20200626 02:23:35.763"></status>
</kw>
<kw name="Verify That Text Of Point Annotation Icon Is" library="CommonAnnotationWeb">
<doc>Check point annotation is enable</doc>
<arguments>
<arg>${expected3}</arg>
</arguments>
<kw name="Wait Until Keyword Succeeds" library="BuiltIn">
<doc>Runs the specified keyword and retries if it fails.</doc>
<arguments>
<arg>10s</arg>
<arg>1s</arg>
<arg>Wait Until Element Is Visible</arg>
<arg>xpath://div[@id='point_FreeDrawingTrigger']</arg>
<arg>timeout=2s</arg>
</arguments>
<kw name="Wait Until Element Is Visible" library="SeleniumLibrary">
<doc>Waits until the element ``locator`` is visible.</doc>
<arguments>
<arg>xpath://div[@id='point_FreeDrawingTrigger']</arg>
<arg>timeout=2s</arg>
</arguments>
<status status="PASS" starttime="20200626 02:23:35.765" endtime="20200626 02:23:35.801"></status>
</kw>
<status status="PASS" starttime="20200626 02:23:35.764" endtime="20200626 02:23:35.801"></status>
</kw>
<kw name="Run Keyword And Continue On Failure" library="BuiltIn">
<doc>Runs the keyword and continues execution even if a failure occurs.</doc>
<arguments>
<arg>Element Attribute Value Should Be</arg>
<arg>//div[@id='point_FreeDrawingTrigger']</arg>
<arg>data-original-title</arg>
<arg>${iconText}</arg>
</arguments>
<kw name="Element Attribute Value Should Be" library="SeleniumLibrary">
<doc>Verifies element identified by ``locator`` contains expected attribute value.</doc>
<arguments>
<arg>//div[@id='point_FreeDrawingTrigger']</arg>
<arg>data-original-title</arg>
<arg>${iconText}</arg>
</arguments>
<msg timestamp="20200626 02:23:35.827" level="INFO">Element '//div[@id='point_FreeDrawingTrigger']' attribute 'data-original-title' contains value 'Point'.</msg>
<status status="PASS" starttime="20200626 02:23:35.803" endtime="20200626 02:23:35.828"></status>
</kw>
<status status="PASS" starttime="20200626 02:23:35.802" endtime="20200626 02:23:35.828"></status>
</kw>
<status status="PASS" starttime="20200626 02:23:35.763" endtime="20200626 02:23:35.829"></status>
</kw>
<kw name="Verify That Text Of Line Annotation Icon Is" library="CommonAnnotationWeb">
<doc>Check line annotation is enable</doc>
<arguments>
<arg>${expected4}</arg>
</arguments>
<kw name="Wait Until Keyword Succeeds" library="BuiltIn">
<doc>Runs the specified keyword and retries if it fails.</doc>
<arguments>
<arg>10s</arg>
<arg>1s</arg>
<arg>Wait Until Element Is Visible</arg>
<arg>xpath://div[@id='linestring_FreeDrawingTrigger']</arg>
<arg>timeout=2s</arg>
</arguments>
<kw name="Wait Until Element Is Visible" library="SeleniumLibrary">
<doc>Waits until the element ``locator`` is visible.</doc>
<arguments>
<arg>xpath://div[@id='linestring_FreeDrawingTrigger']</arg>
<arg>timeout=2s</arg>
</arguments>
<status status="PASS" starttime="20200626 02:23:35.831" endtime="20200626 02:23:35.872"></status>
</kw>
<status status="PASS" starttime="20200626 02:23:35.830" endtime="20200626 02:23:35.872"></status>
</kw>
<kw name="Run Keyword And Continue On Failure" library="BuiltIn">
<doc>Runs the keyword and continues execution even if a failure occurs.</doc>
<arguments>
<arg>Element Attribute Value Should Be</arg>
<arg>//div[@id='linestring_FreeDrawingTrigger']</arg>
<arg>data-original-title</arg>
<arg>${iconText}</arg>
</arguments>
<kw name="Element Attribute Value Should Be" library="SeleniumLibrary">
<doc>Verifies element identified by ``locator`` contains expected attribute value.</doc>
<arguments>
<arg>//div[@id='linestring_FreeDrawingTrigger']</arg>
<arg>data-original-title</arg>
<arg>${iconText}</arg>
</arguments>
<msg timestamp="20200626 02:23:35.898" level="INFO">Element '//div[@id='linestring_FreeDrawingTrigger']' attribute 'data-original-title' contains value 'Line'.</msg>
<status status="PASS" starttime="20200626 02:23:35.873" endtime="20200626 02:23:35.898"></status>
</kw>
<status status="PASS" starttime="20200626 02:23:35.873" endtime="20200626 02:23:35.899"></status>
</kw>
<status status="PASS" starttime="20200626 02:23:35.829" endtime="20200626 02:23:35.899"></status>
</kw>
<kw name="Verify That Text Of Rectangle Annotation Icon Is" library="CommonAnnotationWeb">
<doc>Check rectangle annotation is enable</doc>
<arguments>
<arg>${expected5}</arg>
</arguments>
<kw name="Wait Until Keyword Succeeds" library="BuiltIn">
<doc>Runs the specified keyword and retries if it fails.</doc>
<arguments>
<arg>10s</arg>
<arg>1s</arg>
<arg>Wait Until Element Is Visible</arg>
<arg>xpath://div[@id='rectangle_FreeDrawingTrigger']</arg>
<arg>timeout=2s</arg>
</arguments>
<kw name="Wait Until Element Is Visible" library="SeleniumLibrary">
<doc>Waits until the element ``locator`` is visible.</doc>
<arguments>
<arg>xpath://div[@id='rectangle_FreeDrawingTrigger']</arg>
<arg>timeout=2s</arg>
</arguments>
<status status="PASS" starttime="20200626 02:23:35.901" endtime="20200626 02:23:35.942"></status>
</kw>
<status status="PASS" starttime="20200626 02:23:35.900" endtime="20200626 02:23:35.943"></status>
</kw>
<kw name="Run Keyword And Continue On Failure" library="BuiltIn">
<doc>Runs the keyword and continues execution even if a failure occurs.</doc>
<arguments>
<arg>Element Attribute Value Should Be</arg>
<arg>//div[@id='rectangle_FreeDrawingTrigger']</arg>
<arg>data-original-title</arg>
<arg>${iconText}</arg>
</arguments>
<kw name="Element Attribute Value Should Be" library="SeleniumLibrary">
<doc>Verifies element identified by ``locator`` contains expected attribute value.</doc>
<arguments>
<arg>//div[@id='rectangle_FreeDrawingTrigger']</arg>
<arg>data-original-title</arg>
<arg>${iconText}</arg>
</arguments>
<msg timestamp="20200626 02:23:35.970" level="INFO">Element '//div[@id='rectangle_FreeDrawingTrigger']' attribute 'data-original-title' contains value 'Rectangle'.</msg>
<status status="PASS" starttime="20200626 02:23:35.945" endtime="20200626 02:23:35.970"></status>
</kw>
<status status="PASS" starttime="20200626 02:23:35.944" endtime="20200626 02:23:35.970"></status>
</kw>
<status status="PASS" starttime="20200626 02:23:35.899" endtime="20200626 02:23:35.971"></status>
</kw>
<kw name="Verify That Text Of Polygon Annotation Icon Is" library="CommonAnnotationWeb">
<doc>Check polygon annotation is enable</doc>
<arguments>
<arg>${expected6}</arg>
</arguments>
<kw name="Wait Until Keyword Succeeds" library="BuiltIn">
<doc>Runs the specified keyword and retries if it fails.</doc>
<arguments>
<arg>10s</arg>
<arg>1s</arg>
<arg>Wait Until Element Is Visible</arg>
<arg>xpath://div[@id='polygon_FreeDrawingTrigger']</arg>
<arg>timeout=2s</arg>
</arguments>
<kw name="Wait Until Element Is Visible" library="SeleniumLibrary">
<doc>Waits until the element ``locator`` is visible.</doc>
<arguments>
<arg>xpath://div[@id='polygon_FreeDrawingTrigger']</arg>
<arg>timeout=2s</arg>
</arguments>
<status status="PASS" starttime="20200626 02:23:35.973" endtime="20200626 02:23:36.014"></status>
</kw>
<status status="PASS" starttime="20200626 02:23:35.972" endtime="20200626 02:23:36.015"></status>
</kw>
<kw name="Run Keyword And Continue On Failure" library="BuiltIn">
<doc>Runs the keyword and continues execution even if a failure occurs.</doc>
<arguments>
<arg>Element Attribute Value Should Be</arg>
<arg>//div[@id='polygon_FreeDrawingTrigger']</arg>
<arg>data-original-title</arg>
<arg>${iconText}</arg>
</arguments>
<kw name="Element Attribute Value Should Be" library="SeleniumLibrary">
<doc>Verifies element identified by ``locator`` contains expected attribute value.</doc>
<arguments>
<arg>//div[@id='polygon_FreeDrawingTrigger']</arg>
<arg>data-original-title</arg>
<arg>${iconText}</arg>
</arguments>
<msg timestamp="20200626 02:23:36.041" level="INFO">Element '//div[@id='polygon_FreeDrawingTrigger']' attribute 'data-original-title' contains value 'Polygon'.</msg>
<status status="PASS" starttime="20200626 02:23:36.016" endtime="20200626 02:23:36.041"></status>
</kw>
<status status="PASS" starttime="20200626 02:23:36.015" endtime="20200626 02:23:36.042"></status>
</kw>
<status status="PASS" starttime="20200626 02:23:35.971" endtime="20200626 02:23:36.042"></status>
</kw>
<kw name="Verify That Text Of Circle Annotation Icon Is" library="CommonAnnotationWeb">
<doc>Check circle annotation is enable</doc>
<arguments>
<arg>${expected7}</arg>
</arguments>
<kw name="Wait Until Element Is Visible" library="SeleniumLibrary">
<doc>Waits until the element ``locator`` is visible.</doc>
<arguments>
<arg>xpath://div[@id='circle_FreeDrawingTrigger']</arg>
<arg>timeout=2s</arg>
</arguments>
<status status="PASS" starttime="20200626 02:23:36.043" endtime="20200626 02:23:36.085"></status>
</kw>
<kw name="Run Keyword And Continue On Failure" library="BuiltIn">
<doc>Runs the keyword and continues execution even if a failure occurs.</doc>
<arguments>
<arg>Element Attribute Value Should Be</arg>
<arg>//div[@id='circle_FreeDrawingTrigger']</arg>
<arg>data-original-title</arg>
<arg>${iconText}</arg>
</arguments>
<kw name="Element Attribute Value Should Be" library="SeleniumLibrary">
<doc>Verifies element identified by ``locator`` contains expected attribute value.</doc>
<arguments>
<arg>//div[@id='circle_FreeDrawingTrigger']</arg>
<arg>data-original-title</arg>
<arg>${iconText}</arg>
</arguments>
<msg timestamp="20200626 02:23:36.111" level="INFO">Element '//div[@id='circle_FreeDrawingTrigger']' attribute 'data-original-title' contains value 'Circle'.</msg>
<status status="PASS" starttime="20200626 02:23:36.087" endtime="20200626 02:23:36.112"></status>
</kw>
<status status="PASS" starttime="20200626 02:23:36.086" endtime="20200626 02:23:36.112"></status>
</kw>
<status status="PASS" starttime="20200626 02:23:36.043" endtime="20200626 02:23:36.113"></status>
</kw>
<status status="PASS" starttime="20200626 02:23:34.668" endtime="20200626 02:23:36.113"></status>
</kw>
<kw name="Verify That Text Of Google Directions Icon Is" library="CommonWeb">
<doc>Check the links of the Google Directions tool</doc>
<arguments>
<arg>Google Directions</arg>
</arguments>
<kw name="Wait Until Element Is Visible" library="SeleniumLibrary">
<doc>Waits until the element ``locator`` is visible.</doc>
<arguments>
<arg>//div[@id='GoogleDirectionTrigger']</arg>
<arg>5s</arg>
</arguments>
<status status="PASS" starttime="20200626 02:23:36.114" endtime="20200626 02:23:36.154"></status>
</kw>
<kw name="Run Keyword And Continue On Failure" library="BuiltIn">
<doc>Runs the keyword and continues execution even if a failure occurs.</doc>
<arguments>
<arg>Element Attribute Value Should Be</arg>
<arg>//div[@id='GoogleDirectionTrigger']</arg>
<arg>data-original-title</arg>
<arg>${iconText}</arg>
</arguments>
<kw name="Element Attribute Value Should Be" library="SeleniumLibrary">
<doc>Verifies element identified by ``locator`` contains expected attribute value.</doc>
<arguments>
<arg>//div[@id='GoogleDirectionTrigger']</arg>
<arg>data-original-title</arg>
<arg>${iconText}</arg>
</arguments>
<msg timestamp="20200626 02:23:36.180" level="INFO">Element '//div[@id='GoogleDirectionTrigger']' attribute 'data-original-title' contains value 'Google Directions'.</msg>
<status status="PASS" starttime="20200626 02:23:36.156" endtime="20200626 02:23:36.181"></status>
</kw>
<status status="PASS" starttime="20200626 02:23:36.155" endtime="20200626 02:23:36.181"></status>
</kw>
<status status="PASS" starttime="20200626 02:23:36.114" endtime="20200626 02:23:36.182"></status>
</kw>
<kw name="Verify That Text Of Google Street View Icon Is" library="CommonWeb">
<doc>Check the links of the Google Street View tool</doc>
<arguments>
<arg>Google Street View</arg>
</arguments>
<kw name="Wait Until Element Is Visible" library="SeleniumLibrary">
<doc>Waits until the element ``locator`` is visible.</doc>
<arguments>
<arg>//div[@id='streetTrigger']</arg>
<arg>5s</arg>
</arguments>
<status status="PASS" starttime="20200626 02:23:36.183" endtime="20200626 02:23:36.225"></status>
</kw>
<kw name="Run Keyword And Continue On Failure" library="BuiltIn">
<doc>Runs the keyword and continues execution even if a failure occurs.</doc>
<arguments>
<arg>Element Attribute Value Should Be</arg>
<arg>//div[@id='streetTrigger']</arg>
<arg>data-original-title</arg>
<arg>${iconText}</arg>
</arguments>
<kw name="Element Attribute Value Should Be" library="SeleniumLibrary">
<doc>Verifies element identified by ``locator`` contains expected attribute value.</doc>
<arguments>
<arg>//div[@id='streetTrigger']</arg>
<arg>data-original-title</arg>
<arg>${iconText}</arg>
</arguments>
<msg timestamp="20200626 02:23:36.251" level="INFO">Element '//div[@id='streetTrigger']' attribute 'data-original-title' contains value 'Google Street View'.</msg>
<status status="PASS" starttime="20200626 02:23:36.227" endtime="20200626 02:23:36.252"></status>
</kw>
<status status="PASS" starttime="20200626 02:23:36.226" endtime="20200626 02:23:36.252"></status>
</kw>
<status status="PASS" starttime="20200626 02:23:36.182" endtime="20200626 02:23:36.253"></status>
</kw>
<kw name="Verify That Text Of Information Report Icon Is" library="CommonWeb">
<doc>Check the links of the Information Report tool</doc>
<arguments>
<arg>Information report</arg>
</arguments>
<kw name="Wait Until Element Is Enabled" library="SeleniumLibrary">
<doc>Waits until the element ``locator`` is enabled.</doc>
<arguments>
<arg>//div[@id='infoReportTrigger']</arg>
<arg>5s</arg>
</arguments>
<status status="PASS" starttime="20200626 02:23:36.254" endtime="20200626 02:23:36.334"></status>
</kw>
<kw name="Run Keyword And Continue On Failure" library="BuiltIn">
<doc>Runs the keyword and continues execution even if a failure occurs.</doc>
<arguments>
<arg>Element Attribute Value Should Be</arg>
<arg>//div[@id='infoReportTrigger']</arg>
<arg>data-original-title</arg>
<arg>${iconText}</arg>
</arguments>
<kw name="Element Attribute Value Should Be" library="SeleniumLibrary">
<doc>Verifies element identified by ``locator`` contains expected attribute value.</doc>
<arguments>
<arg>//div[@id='infoReportTrigger']</arg>
<arg>data-original-title</arg>
<arg>${iconText}</arg>
</arguments>
<msg timestamp="20200626 02:23:36.361" level="INFO">Element '//div[@id='infoReportTrigger']' attribute 'data-original-title' contains value 'Information report'.</msg>
<status status="PASS" starttime="20200626 02:23:36.336" endtime="20200626 02:23:36.361"></status>
</kw>
<status status="PASS" starttime="20200626 02:23:36.335" endtime="20200626 02:23:36.362"></status>
</kw>
<status status="PASS" starttime="20200626 02:23:36.253" endtime="20200626 02:23:36.362"></status>
</kw>
<kw name="Click On Measurement Down List Arrow" library="CommonWeb">
<doc>Go to Measurement menu</doc>
<kw name="Wait Until Element Is Enabled" library="SeleniumLibrary">
<doc>Waits until the element ``locator`` is enabled.</doc>
<arguments>
<arg>xpath://div[@id='smallTrigger_measureSet']</arg>
<arg>timeout=10s</arg>
</arguments>
<status status="PASS" starttime="20200626 02:23:36.363" endtime="20200626 02:23:36.413"></status>
</kw>
<kw name="Click Element" library="SeleniumLibrary">
<doc>Click the element identified by ``locator``.</doc>
<arguments>
<arg>xpath://div[@id='smallTrigger_measureSet']</arg>
</arguments>
<msg timestamp="20200626 02:23:36.415" level="INFO">Clicking element 'xpath://div[@id='smallTrigger_measureSet']'.</msg>
<status status="PASS" starttime="20200626 02:23:36.413" endtime="20200626 02:23:36.502"></status>
</kw>
<kw name="Sleep" library="BuiltIn">
<doc>Pauses the test executed for the given time.</doc>
<arguments>
<arg>1s</arg>
</arguments>
<msg timestamp="20200626 02:23:37.505" level="INFO">Slept 1 second</msg>
<status status="PASS" starttime="20200626 02:23:36.503" endtime="20200626 02:23:37.505"></status>
</kw>
<status status="PASS" starttime="20200626 02:23:36.362" endtime="20200626 02:23:37.506"></status>
</kw>
<kw name="Verify That Texts Of Measures Icon Are">
<arguments>
<arg>Distance measurement</arg>
<arg>Surface measurement</arg>
<arg>Circular surface measurement</arg>
</arguments>
<kw name="Verify That Text Of Distance Measurement Icon Is" library="CommonWeb">
<doc>Check the links of the Distance Measurement tool</doc>
<arguments>
<arg>${expected1}</arg>
</arguments>
<kw name="Wait Until Element Is Enabled" library="SeleniumLibrary">
<doc>Waits until the element ``locator`` is enabled.</doc>
<arguments>
<arg>//div[@id='measureLineTrigger']</arg>
<arg>5s</arg>
</arguments>
<status status="PASS" starttime="20200626 02:23:37.510" endtime="20200626 02:23:37.588"></status>
</kw>
<kw name="Run Keyword And Continue On Failure" library="BuiltIn">
<doc>Runs the keyword and continues execution even if a failure occurs.</doc>
<arguments>
<arg>Element Attribute Value Should Be</arg>
<arg>//div[@id='measureLineTrigger']</arg>
<arg>data-original-title</arg>
<arg>${iconText}</arg>
</arguments>
<kw name="Element Attribute Value Should Be" library="SeleniumLibrary">
<doc>Verifies element identified by ``locator`` contains expected attribute value.</doc>
<arguments>
<arg>//div[@id='measureLineTrigger']</arg>
<arg>data-original-title</arg>
<arg>${iconText}</arg>
</arguments>
<msg timestamp="20200626 02:23:37.649" level="INFO">Element '//div[@id='measureLineTrigger']' attribute 'data-original-title' contains value 'Distance measurement'.</msg>
<status status="PASS" starttime="20200626 02:23:37.590" endtime="20200626 02:23:37.649"></status>
</kw>
<status status="PASS" starttime="20200626 02:23:37.589" endtime="20200626 02:23:37.650"></status>
</kw>
<status status="PASS" starttime="20200626 02:23:37.509" endtime="20200626 02:23:37.650"></status>
</kw>
<kw name="Verify That Text Of Surface Measurement Icon Is" library="CommonWeb">
<doc>Check the links of the Surface Measurement tool</doc>
<arguments>
<arg>${expected2}</arg>
</arguments>
<kw name="Wait Until Element Is Enabled" library="SeleniumLibrary">
<doc>Waits until the element ``locator`` is enabled.</doc>
<arguments>
<arg>//div[@id='measureAreaTrigger']</arg>
<arg>5s</arg>
</arguments>
<status status="PASS" starttime="20200626 02:23:37.652" endtime="20200626 02:23:37.701"></status>
</kw>
<kw name="Run Keyword And Continue On Failure" library="BuiltIn">
<doc>Runs the keyword and continues execution even if a failure occurs.</doc>
<arguments>
<arg>Element Attribute Value Should Be</arg>
<arg>//div[@id='measureAreaTrigger']</arg>
<arg>data-original-title</arg>
<arg>${iconText}</arg>
</arguments>
<kw name="Element Attribute Value Should Be" library="SeleniumLibrary">
<doc>Verifies element identified by ``locator`` contains expected attribute value.</doc>
<arguments>
<arg>//div[@id='measureAreaTrigger']</arg>
<arg>data-original-title</arg>
<arg>${iconText}</arg>
</arguments>
<msg timestamp="20200626 02:23:37.726" level="INFO">Element '//div[@id='measureAreaTrigger']' attribute 'data-original-title' contains value 'Surface measurement'.</msg>
<status status="PASS" starttime="20200626 02:23:37.702" endtime="20200626 02:23:37.726"></status>
</kw>
<status status="PASS" starttime="20200626 02:23:37.701" endtime="20200626 02:23:37.727"></status>
</kw>
<status status="PASS" starttime="20200626 02:23:37.651" endtime="20200626 02:23:37.727"></status>
</kw>
<kw name="Verify That Text Of Circular Surface Measurement Icon Is" library="CommonWeb">
<doc>Check the links of the Circular Measurement tool</doc>
<arguments>
<arg>${expected3}</arg>
</arguments>
<kw name="Wait Until Element Is Enabled" library="SeleniumLibrary">
<doc>Waits until the element ``locator`` is enabled.</doc>
<arguments>
<arg>//div[@id='measureCircleTrigger']</arg>
<arg>5s</arg>
</arguments>
<status status="PASS" starttime="20200626 02:23:37.729" endtime="20200626 02:23:37.779"></status>
</kw>
<kw name="Run Keyword And Continue On Failure" library="BuiltIn">
<doc>Runs the keyword and continues execution even if a failure occurs.</doc>
<arguments>
<arg>Element Attribute Value Should Be</arg>
<arg>//div[@id='measureCircleTrigger']</arg>
<arg>data-original-title</arg>
<arg>${iconText}</arg>
</arguments>
<kw name="Element Attribute Value Should Be" library="SeleniumLibrary">
<doc>Verifies element identified by ``locator`` contains expected attribute value.</doc>
<arguments>
<arg>//div[@id='measureCircleTrigger']</arg>
<arg>data-original-title</arg>
<arg>${iconText}</arg>
</arguments>
<msg timestamp="20200626 02:23:37.802" level="INFO">Element '//div[@id='measureCircleTrigger']' attribute 'data-original-title' contains value 'Circular surface measurement'.</msg>
<status status="PASS" starttime="20200626 02:23:37.781" endtime="20200626 02:23:37.802"></status>
</kw>
<status status="PASS" starttime="20200626 02:23:37.780" endtime="20200626 02:23:37.803"></status>
</kw>
<status status="PASS" starttime="20200626 02:23:37.728" endtime="20200626 02:23:37.803"></status>
</kw>
<status status="PASS" starttime="20200626 02:23:37.507" endtime="20200626 02:23:37.803"></status>
</kw>
<kw name="Click On Selection Down List Arrow" library="CommonWeb">
<doc>Go to Selection menu</doc>
<kw name="Wait Until Element Is Enabled" library="SeleniumLibrary">
<doc>Waits until the element ``locator`` is enabled.</doc>
<arguments>
<arg>xpath://div[@id='smallTrigger_selectionSet']</arg>
<arg>timeout=10s</arg>
</arguments>
<status status="PASS" starttime="20200626 02:23:37.805" endtime="20200626 02:23:37.879"></status>
</kw>
<kw name="Click Element" library="SeleniumLibrary">
<doc>Click the element identified by ``locator``.</doc>
<arguments>
<arg>xpath://div[@id='smallTrigger_selectionSet']</arg>
</arguments>
<msg timestamp="20200626 02:23:37.880" level="INFO">Clicking element 'xpath://div[@id='smallTrigger_selectionSet']'.</msg>
<status status="PASS" starttime="20200626 02:23:37.880" endtime="20200626 02:23:42.953"></status>
</kw>
<kw name="Sleep" library="BuiltIn">
<doc>Pauses the test executed for the given time.</doc>
<arguments>
<arg>1s</arg>
</arguments>
<msg timestamp="20200626 02:23:43.956" level="INFO">Slept 1 second</msg>
<status status="PASS" starttime="20200626 02:23:42.954" endtime="20200626 02:23:43.957"></status>
</kw>
<status status="PASS" starttime="20200626 02:23:37.804" endtime="20200626 02:23:43.958"></status>
</kw>
<kw name="Verify That Texts Of Selections Icon Are">
<arguments>
<arg>Punctual selection</arg>
<arg>Linear selection</arg>
<arg>Rectangular selection</arg>
<arg>Polygonal selection</arg>
<arg>Circular selection</arg>
</arguments>
<kw name="Verify That Text Of Punctual Selection Icon Is" library="CommonWeb">
<doc>Check the links of the Punctual Selection tool</doc>
<arguments>
<arg>${expected1}</arg>
</arguments>
<kw name="Wait Until Element Is Enabled" library="SeleniumLibrary">
<doc>Waits until the element ``locator`` is enabled.</doc>
<arguments>
<arg>//div[@id='point_SelectionTrigger']</arg>
<arg>5s</arg>
</arguments>
<status status="PASS" starttime="20200626 02:23:43.962" endtime="20200626 02:23:44.008"></status>
</kw>
<kw name="Run Keyword And Continue On Failure" library="BuiltIn">
<doc>Runs the keyword and continues execution even if a failure occurs.</doc>
<arguments>
<arg>Element Attribute Value Should Be</arg>
<arg>//div[@id='point_SelectionTrigger']</arg>
<arg>data-original-title</arg>
<arg>${iconText}</arg>
</arguments>
<kw name="Element Attribute Value Should Be" library="SeleniumLibrary">
<doc>Verifies element identified by ``locator`` contains expected attribute value.</doc>
<arguments>
<arg>//div[@id='point_SelectionTrigger']</arg>
<arg>data-original-title</arg>
<arg>${iconText}</arg>
</arguments>
<msg timestamp="20200626 02:23:44.034" level="INFO">Element '//div[@id='point_SelectionTrigger']' attribute 'data-original-title' contains value 'Punctual selection'.</msg>
<status status="PASS" starttime="20200626 02:23:44.009" endtime="20200626 02:23:44.035"></status>
</kw>
<status status="PASS" starttime="20200626 02:23:44.009" endtime="20200626 02:23:44.035"></status>
</kw>
<status status="PASS" starttime="20200626 02:23:43.961" endtime="20200626 02:23:44.035"></status>
</kw>
<kw name="Verify That Text Of Linear Selection Icon Is" library="CommonWeb">
<doc>Check the links of the Linear Selection tool</doc>
<arguments>
<arg>${expected2}</arg>
</arguments>
<kw name="Wait Until Element Is Enabled" library="SeleniumLibrary">
<doc>Waits until the element ``locator`` is enabled.</doc>
<arguments>
<arg>//div[@id='linestring_SelectionTrigger']</arg>
<arg>5s</arg>
</arguments>
<status status="PASS" starttime="20200626 02:23:44.037" endtime="20200626 02:23:44.076"></status>
</kw>
<kw name="Run Keyword And Continue On Failure" library="BuiltIn">
<doc>Runs the keyword and continues execution even if a failure occurs.</doc>
<arguments>
<arg>Element Attribute Value Should Be</arg>
<arg>//div[@id='linestring_SelectionTrigger']</arg>
<arg>data-original-title</arg>
<arg>${iconText}</arg>
</arguments>
<kw name="Element Attribute Value Should Be" library="SeleniumLibrary">
<doc>Verifies element identified by ``locator`` contains expected attribute value.</doc>
<arguments>
<arg>//div[@id='linestring_SelectionTrigger']</arg>
<arg>data-original-title</arg>
<arg>${iconText}</arg>
</arguments>
<msg timestamp="20200626 02:23:44.098" level="INFO">Element '//div[@id='linestring_SelectionTrigger']' attribute 'data-original-title' contains value 'Linear selection'.</msg>
<status status="PASS" starttime="20200626 02:23:44.077" endtime="20200626 02:23:44.098"></status>
</kw>
<status status="PASS" starttime="20200626 02:23:44.076" endtime="20200626 02:23:44.099"></status>
</kw>
<status status="PASS" starttime="20200626 02:23:44.036" endtime="20200626 02:23:44.099"></status>
</kw>
<kw name="Verify That Text Of Rectangular Selection Icon Is" library="CommonWeb">
<doc>Check the links of the Rentangular Selection tool</doc>
<arguments>
<arg>${expected3}</arg>
</arguments>
<kw name="Wait Until Element Is Enabled" library="SeleniumLibrary">
<doc>Waits until the element ``locator`` is enabled.</doc>
<arguments>
<arg>//div[@id='rectangle_SelectionTrigger']</arg>
<arg>5s</arg>
</arguments>
<status status="PASS" starttime="20200626 02:23:44.100" endtime="20200626 02:23:44.144"></status>
</kw>
<kw name="Run Keyword And Continue On Failure" library="BuiltIn">
<doc>Runs the keyword and continues execution even if a failure occurs.</doc>
<arguments>
<arg>Element Attribute Value Should Be</arg>
<arg>//div[@id='rectangle_SelectionTrigger']</arg>
<arg>data-original-title</arg>
<arg>${iconText}</arg>
</arguments>
<kw name="Element Attribute Value Should Be" library="SeleniumLibrary">
<doc>Verifies element identified by ``locator`` contains expected attribute value.</doc>
<arguments>
<arg>//div[@id='rectangle_SelectionTrigger']</arg>
<arg>data-original-title</arg>
<arg>${iconText}</arg>
</arguments>
<msg timestamp="20200626 02:23:44.157" level="INFO">Element '//div[@id='rectangle_SelectionTrigger']' attribute 'data-original-title' contains value 'Rectangular selection'.</msg>
<status status="PASS" starttime="20200626 02:23:44.145" endtime="20200626 02:23:44.157"></status>
</kw>
<status status="PASS" starttime="20200626 02:23:44.144" endtime="20200626 02:23:44.158"></status>
</kw>
<status status="PASS" starttime="20200626 02:23:44.099" endtime="20200626 02:23:44.158"></status>
</kw>
<kw name="Verify That Text Of Polygonal Selection Icon Is" library="CommonWeb">
<doc>Check the links of the Polygonal Selection tool</doc>
<arguments>
<arg>${expected4}</arg>
</arguments>
<kw name="Wait Until Element Is Enabled" library="SeleniumLibrary">
<doc>Waits until the element ``locator`` is enabled.</doc>
<arguments>
<arg>//div[@id='polygon_SelectionTrigger']</arg>
<arg>5s</arg>
</arguments>
<status status="PASS" starttime="20200626 02:23:44.159" endtime="20200626 02:23:44.186"></status>
</kw>
<kw name="Run Keyword And Continue On Failure" library="BuiltIn">
<doc>Runs the keyword and continues execution even if a failure occurs.</doc>
<arguments>
<arg>Element Attribute Value Should Be</arg>
<arg>//div[@id='polygon_SelectionTrigger']</arg>
<arg>data-original-title</arg>
<arg>${iconText}</arg>
</arguments>
<kw name="Element Attribute Value Should Be" library="SeleniumLibrary">
<doc>Verifies element identified by ``locator`` contains expected attribute value.</doc>
<arguments>
<arg>//div[@id='polygon_SelectionTrigger']</arg>
<arg>data-original-title</arg>
<arg>${iconText}</arg>
</arguments>
<msg timestamp="20200626 02:23:44.202" level="INFO">Element '//div[@id='polygon_SelectionTrigger']' attribute 'data-original-title' contains value 'Polygonal selection'.</msg>
<status status="PASS" starttime="20200626 02:23:44.187" endtime="20200626 02:23:44.202"></status>
</kw>
<status status="PASS" starttime="20200626 02:23:44.186" endtime="20200626 02:23:44.202"></status>
</kw>
<status status="PASS" starttime="20200626 02:23:44.159" endtime="20200626 02:23:44.203"></status>
</kw>
<kw name="Verify That Text Of Circular Selection Icon Is" library="CommonWeb">
<doc>Check the links of the Circular Selection tool</doc>
<arguments>
<arg>${expected5}</arg>
</arguments>
<kw name="Wait Until Element Is Enabled" library="SeleniumLibrary">
<doc>Waits until the element ``locator`` is enabled.</doc>
<arguments>
<arg>//div[@id='circle_SelectionTrigger']</arg>
<arg>5s</arg>
</arguments>
[...]
<status status="PASS" starttime="20200626 02:23:50.805" endtime="20200626 02:23:55.980"></status>
</kw>
<kw name="Sleep" library="BuiltIn">
<doc>Pauses the test executed for the given time.</doc>
<arguments>
<arg>1s</arg>
</arguments>
<msg timestamp="20200626 02:23:56.982" level="INFO">Slept 1 second</msg>
<status status="PASS" starttime="20200626 02:23:55.981" endtime="20200626 02:23:56.984"></status>
</kw>
<status status="PASS" starttime="20200626 02:23:50.755" endtime="20200626 02:23:56.985"></status>
</kw>
<kw name="Wait Until Element Is Enabled" library="SeleniumLibrary">
<doc>Waits until the element ``locator`` is enabled.</doc>
<arguments>
<arg>xpath://div[@class='headerContainer']//li[4]</arg>
<arg>timeout=10s</arg>
</arguments>
<status status="PASS" starttime="20200626 02:23:56.986" endtime="20200626 02:23:57.054"></status>
</kw>
<kw name="Click Element" library="SeleniumLibrary">
<doc>Click the element identified by ``locator``.</doc>
<arguments>
<arg>xpath://div[@class='headerContainer']//li[4]</arg>
</arguments>
<msg timestamp="20200626 02:23:57.056" level="INFO">Clicking element 'xpath://div[@class='headerContainer']//li[4]'.</msg>
<status status="PASS" starttime="20200626 02:23:57.056" endtime="20200626 02:23:57.319"></status>
</kw>
<kw name="Sleep" library="BuiltIn">
<doc>Pauses the test executed for the given time.</doc>
<arguments>
<arg>2s</arg>
</arguments>
<msg timestamp="20200626 02:23:59.321" level="INFO">Slept 2 seconds</msg>
<status status="PASS" starttime="20200626 02:23:57.319" endtime="20200626 02:23:59.322"></status>
</kw>
<status status="PASS" starttime="20200626 02:23:50.755" endtime="20200626 02:23:59.323"></status>
</kw>
<kw name="Close JMap Web" library="CommonKeywords" type="teardown">
<kw name="Close Browser" library="SeleniumLibrary">
<doc>Closes the current browser.</doc>
<status status="PASS" starttime="20200626 02:23:59.325" endtime="20200626 02:24:01.450"></status>
</kw>
<kw name="Check Metrics" library="CommonKeywords">
<doc>This Keyword used to check the elapsed time, and display it in the console.</doc>
<assign>
<var>${ElapsedTime}</var>
</assign>
<kw name="End Metrics" library="CommonKeywords">
<doc>This Keyword give the end time when the execution of the test case starts.
And it account elapsed time for the execution</doc>
<assign>
<var>${duration}</var>
</assign>
<kw name="Get Current Date" library="DateTime">
<doc>Returns current local or UTC time with an optional increment.</doc>
<arguments>
<arg>result_format=epoch</arg>
</arguments>
<assign>
<var>${tc_end}</var>
</assign>
<msg timestamp="20200626 02:24:01.455" level="INFO">${tc_end} = 1593152641.454546</msg>
<status status="PASS" starttime="20200626 02:24:01.454" endtime="20200626 02:24:01.456"></status>
</kw>
<kw name="Subtract Time From Time" library="DateTime">
<doc>Subtracts time from another time and returns the resulting time.</doc>
<arguments>
<arg>${tc_end}</arg>
<arg>${tc_start}</arg>
</arguments>
<assign>
<var>${tc_duration}</var>
</assign>
<msg timestamp="20200626 02:24:01.458" level="INFO">${tc_duration} = 39.0093150138855</msg>
<status status="PASS" starttime="20200626 02:24:01.457" endtime="20200626 02:24:01.458"></status>
</kw>
<kw name="Evaluate" library="BuiltIn">
<doc>Evaluates the given expression in Python and returns the results.</doc>
<arguments>
<arg>${tc_duration}/60</arg>
</arguments>
<assign>
<var>${tc_duration}</var>
</assign>
<msg timestamp="20200626 02:24:01.460" level="INFO">${tc_duration} = 0.650155250231425</msg>
<status status="PASS" starttime="20200626 02:24:01.459" endtime="20200626 02:24:01.461"></status>
</kw>
<msg timestamp="20200626 02:24:01.461" level="INFO">${duration} = 0.650155250231425</msg>
<status status="PASS" starttime="20200626 02:24:01.453" endtime="20200626 02:24:01.462"></status>
</kw>
<kw name="Set Tags" library="BuiltIn">
<doc>Adds given ``tags`` for the current test or all tests in a suite.</doc>
<arguments>
<arg>Time Out</arg>
</arguments>
<msg timestamp="20200626 02:24:01.464" level="INFO">Set tag 'Time Out'.</msg>
<status status="PASS" starttime="20200626 02:24:01.463" endtime="20200626 02:24:01.464"></status>
</kw>
<msg timestamp="20200626 02:24:01.465" level="INFO">${ElapsedTime} = 0.650155250231425</msg>
<status status="PASS" starttime="20200626 02:24:01.451" endtime="20200626 02:24:01.465"></status>
</kw>
<kw name="Log" library="BuiltIn">
<doc>Logs the given message with the given level.</doc>
<arguments>
<arg>================================================</arg>
</arguments>
<msg timestamp="20200626 02:24:01.467" level="INFO">================================================</msg>
<status status="PASS" starttime="20200626 02:24:01.466" endtime="20200626 02:24:01.467"></status>
</kw>
<kw name="Log" library="BuiltIn">
<doc>Logs the given message with the given level.</doc>
<arguments>
<arg>${SUITE_NAME}</arg>
</arguments>
<msg timestamp="20200626 02:24:01.467" level="INFO">JMapJenkinsTests.Tests.Jmap 7.0.jmapWeb.CheckLanguageTests</msg>
<status status="PASS" starttime="20200626 02:24:01.467" endtime="20200626 02:24:01.467"></status>
</kw>
<kw name="Split String" library="String">
<doc>Splits the ``string`` using ``separator`` as a delimiter string.</doc>
<arguments>
<arg>${SUITE_NAME}</arg>
<arg>.</arg>
</arguments>
<assign>
<var>@{listeSuiteName}</var>
</assign>
<msg timestamp="20200626 02:24:01.469" level="INFO">@{listeSuiteName} = [ JMapJenkinsTests | Tests | Jmap 7 | 0 | jmapWeb | CheckLanguageTests ]</msg>
<status status="PASS" starttime="20200626 02:24:01.469" endtime="20200626 02:24:01.469"></status>
</kw>
<kw name="Get Length" library="BuiltIn">
<doc>Returns and logs the length of the given item as an integer.</doc>
<arguments>
<arg>${listeSuiteName}</arg>
</arguments>
<assign>
<var>${LengthSuiteName}</var>
</assign>
<msg timestamp="20200626 02:24:01.469" level="INFO">Length is 6</msg>
<msg timestamp="20200626 02:24:01.469" level="INFO">${LengthSuiteName} = 6</msg>
<status status="PASS" starttime="20200626 02:24:01.469" endtime="20200626 02:24:01.469"></status>
</kw>
<kw name="Set Variable" library="BuiltIn">
<doc>Returns the given values which can then be assigned to a variables.</doc>
<arguments>
<arg>${listeSuiteName[${LengthSuiteName}-1]}</arg>
</arguments>
<assign>
<var>${suiteName}</var>
</assign>
<msg timestamp="20200626 02:24:01.471" level="INFO">${suiteName} = CheckLanguageTests</msg>
<status status="PASS" starttime="20200626 02:24:01.469" endtime="20200626 02:24:01.471"></status>
</kw>
<kw name="Split String" library="String">
<doc>Splits the ``string`` using ``separator`` as a delimiter string.</doc>
<arguments>
<arg>${suiteName}</arg>
<arg>Tests</arg>
</arguments>
<assign>
<var>@{suiteName}</var>
</assign>
<msg timestamp="20200626 02:24:01.472" level="INFO">@{suiteName} = [ CheckLanguage |  ]</msg>
<status status="PASS" starttime="20200626 02:24:01.471" endtime="20200626 02:24:01.472"></status>
</kw>
<kw name="Set Variable" library="BuiltIn">
<doc>Returns the given values which can then be assigned to a variables.</doc>
<arguments>
<arg>${suiteName[0]}</arg>
</arguments>
<assign>
<var>${suiteName}</var>
</assign>
<msg timestamp="20200626 02:24:01.473" level="INFO">${suiteName} = CheckLanguage</msg>
<status status="PASS" starttime="20200626 02:24:01.473" endtime="20200626 02:24:01.473"></status>
</kw>
<kw name="Log" library="BuiltIn">
<doc>Logs the given message with the given level.</doc>
<arguments>
<arg>${suiteName}</arg>
</arguments>
<msg timestamp="20200626 02:24:01.474" level="INFO">CheckLanguage</msg>
<status status="PASS" starttime="20200626 02:24:01.474" endtime="20200626 02:24:01.476"></status>
</kw>
<kw name="Log" library="BuiltIn">
<doc>Logs the given message with the given level.</doc>
<arguments>
<arg>================================================</arg>
</arguments>
<msg timestamp="20200626 02:24:01.476" level="INFO">================================================</msg>
<status status="PASS" starttime="20200626 02:24:01.476" endtime="20200626 02:24:01.476"></status>
</kw>
<kw name="Log" library="BuiltIn">
<doc>Logs the given message with the given level.</doc>
<arguments>
<arg>${TEST_NAME}</arg>
</arguments>
<msg timestamp="20200626 02:24:01.478" level="INFO">JM70-930:Verify text With english language</msg>
<status status="PASS" starttime="20200626 02:24:01.476" endtime="20200626 02:24:01.478"></status>
</kw>
<kw name="Split String" library="String">
<doc>Splits the ``string`` using ``separator`` as a delimiter string.</doc>
<arguments>
<arg>${TEST_NAME}</arg>
<arg>:</arg>
</arguments>
<assign>
<var>@{listeTestName}</var>
</assign>
<msg timestamp="20200626 02:24:01.478" level="INFO">@{listeTestName} = [ JM70-930 | Verify text With english language ]</msg>
<status status="PASS" starttime="20200626 02:24:01.478" endtime="20200626 02:24:01.479"></status>
</kw>
<kw name="Get Length" library="BuiltIn">
<doc>Returns and logs the length of the given item as an integer.</doc>
<arguments>
<arg>${listeTestName}</arg>
</arguments>
<assign>
<var>${LengthTest}</var>
</assign>
<msg timestamp="20200626 02:24:01.480" level="INFO">Length is 2</msg>
<msg timestamp="20200626 02:24:01.480" level="INFO">${LengthTest} = 2</msg>
<status status="PASS" starttime="20200626 02:24:01.480" endtime="20200626 02:24:01.480"></status>
</kw>
<kw name="Set Variable" library="BuiltIn">
<doc>Returns the given values which can then be assigned to a variables.</doc>
<arguments>
<arg>${listeTestName[${LengthTest}-1]}</arg>
</arguments>
<assign>
<var>${tesCaseName}</var>
</assign>
<msg timestamp="20200626 02:24:01.481" level="INFO">${tesCaseName} = Verify text With english language</msg>
<status status="PASS" starttime="20200626 02:24:01.480" endtime="20200626 02:24:01.482"></status>
</kw>
<kw name="Log" library="BuiltIn">
<doc>Logs the given message with the given level.</doc>
<arguments>
<arg>${tesCaseName}</arg>
</arguments>
<msg timestamp="20200626 02:24:01.483" level="INFO">Verify text With english language</msg>
<status status="PASS" starttime="20200626 02:24:01.482" endtime="20200626 02:24:01.483"></status>
</kw>
<kw name="Log" library="BuiltIn">
<doc>Logs the given message with the given level.</doc>
<arguments>
<arg>================================================</arg>
</arguments>
<msg timestamp="20200626 02:24:01.484" level="INFO">================================================</msg>
<status status="PASS" starttime="20200626 02:24:01.483" endtime="20200626 02:24:01.484"></status>
</kw>
<kw name="Open New Session" library="CommonKeywords">
<doc>Open new session for the given username, password and application type
The session id generated is stored in a global variable called SESSIONID.
Use ${SESSIONID} wherever you want to access to the variable's value</doc>
<arguments>
<arg>${UserName}</arg>
<arg>${Password}</arg>
<arg>${TYPE}</arg>
</arguments>
<assign>
<var>${BODY}</var>
</assign>
<kw name="Post" library="REST">
<tags>
<tag>http</tag>
</tags>
<doc>*Sends a POST request to the endpoint.*</doc>
<arguments>
<arg>http://${localhost}:${internPort}/services/rest/v2.0/session</arg>
<arg>body={"username": "${pUsername}","password": "${pPassword}","type": "${pType}"}</arg>
<arg>allow_redirects=true</arg>
<arg>headers={"Content-Type":"application/json"}</arg>
</arguments>
<status status="PASS" starttime="20200626 02:24:01.488" endtime="20200626 02:24:03.590"></status>
</kw>
<kw name="Integer" library="REST">
<tags>
<tag>assertions</tag>
</tags>
<doc>*Asserts the field as JSON integer.*</doc>
<arguments>
<arg>response status</arg>
<arg>200</arg>
</arguments>
<status status="PASS" starttime="20200626 02:24:03.591" endtime="20200626 02:24:03.592"></status>
</kw>
<kw name="String" library="REST">
<tags>
<tag>assertions</tag>
</tags>
<doc>*Asserts the field as JSON string.*</doc>
<arguments>
<arg>$.status</arg>
<arg>OK</arg>
</arguments>
<status status="PASS" starttime="20200626 02:24:03.592" endtime="20200626 02:24:03.635"></status>
</kw>
<kw name="Object" library="REST">
<tags>
<tag>assertions</tag>
</tags>
<doc>*Asserts the field as JSON object.*</doc>
<arguments>
<arg>$.result</arg>
</arguments>
<assign>
<var>${RESULT}</var>
</assign>
<msg timestamp="20200626 02:24:03.684" level="INFO">${RESULT} = [{'sessionExceed': False, 'sessionId': 264470429, 'serverVersion': '7.0 Istanbul build 157', 'userEmailAddress': '', 'userFullName': 'userTest1'}]</msg>
<status status="PASS" starttime="20200626 02:24:03.636" endtime="20200626 02:24:03.684"></status>
</kw>
<kw name="Set Variable" library="BuiltIn">
<doc>Returns the given values which can then be assigned to a variables.</doc>
<arguments>
<arg>${RESULT[0]}</arg>
</arguments>
<assign>
<var>${RESULT}</var>
</assign>
<msg timestamp="20200626 02:24:03.684" level="INFO">${RESULT} = {'sessionExceed': False, 'sessionId': 264470429, 'serverVersion': '7.0 Istanbul build 157', 'userEmailAddress': '', 'userFullName': 'userTest1'}</msg>
<status status="PASS" starttime="20200626 02:24:03.684" endtime="20200626 02:24:03.684"></status>
</kw>
<msg timestamp="20200626 02:24:03.685" level="INFO">${BODY} = {'sessionExceed': False, 'sessionId': 264470429, 'serverVersion': '7.0 Istanbul build 157', 'userEmailAddress': '', 'userFullName': 'userTest1'}</msg>
<status status="PASS" starttime="20200626 02:24:01.486" endtime="20200626 02:24:03.685"></status>
</kw>
<kw name="GET Current Session ID" library="CommonKeywords">
<doc>Get the session ID for the current session</doc>
<arguments>
<arg>${BODY}</arg>
</arguments>
<assign>
<var>${SESSIONID}</var>
</assign>
<kw name="Set Variable" library="BuiltIn">
<doc>Returns the given values which can then be assigned to a variables.</doc>
<arguments>
<arg>${pResult['sessionId']}</arg>
</arguments>
<assign>
<var>${getSessionID}</var>
</assign>
<msg timestamp="20200626 02:24:03.686" level="INFO">${getSessionID} = 264470429</msg>
<status status="PASS" starttime="20200626 02:24:03.685" endtime="20200626 02:24:03.686"></status>
</kw>
<msg timestamp="20200626 02:24:03.686" level="INFO">${SESSIONID} = 264470429</msg>
<status status="PASS" starttime="20200626 02:24:03.685" endtime="20200626 02:24:03.686"></status>
</kw>
<kw name="GET Current Server Version" library="CommonKeywords">
<doc>Get the server version (Build) for the current session</doc>
<arguments>
<arg>${BODY}</arg>
</arguments>
<assign>
<var>${buildName}</var>
</assign>
<kw name="Set Variable" library="BuiltIn">
<doc>Returns the given values which can then be assigned to a variables.</doc>
<arguments>
<arg>${pResult['serverVersion']}</arg>
</arguments>
<assign>
<var>${getBuild}</var>
</assign>
<msg timestamp="20200626 02:24:03.687" level="INFO">${getBuild} = 7.0 Istanbul build 157</msg>
<status status="PASS" starttime="20200626 02:24:03.687" endtime="20200626 02:24:03.687"></status>
</kw>
<msg timestamp="20200626 02:24:03.687" level="INFO">${buildName} = 7.0 Istanbul build 157</msg>
<status status="PASS" starttime="20200626 02:24:03.686" endtime="20200626 02:24:03.687"></status>
</kw>
<kw name="Set Variable" library="BuiltIn">
<doc>Returns the given values which can then be assigned to a variables.</doc>
<arguments>
<arg>JMap ${buildName}</arg>
</arguments>
<assign>
<var>${buildName}</var>
</assign>
<msg timestamp="20200626 02:24:03.688" level="INFO">${buildName} = JMap 7.0 Istanbul build 157</msg>
<status status="PASS" starttime="20200626 02:24:03.688" endtime="20200626 02:24:03.688"></status>
</kw>
<kw name="Close The Current Session" library="CommonKeywords">
<doc>Close REST API session by given session id</doc>
<arguments>
<arg>${SESSIONID}</arg>
</arguments>
<kw name="Delete" library="REST">
<tags>
<tag>http</tag>
</tags>
<doc>*Sends a DELETE request to the endpoint.*</doc>
<arguments>
<arg>http://${localhost}:${internPort}/services/rest/v2.0/session?sessionId=${SESSION}</arg>
</arguments>
<status status="PASS" starttime="20200626 02:24:03.689" endtime="20200626 02:24:05.708"></status>
</kw>
<kw name="String" library="REST">
<tags>
<tag>assertions</tag>
</tags>
<doc>*Asserts the field as JSON string.*</doc>
<arguments>
<arg>$.message</arg>
<arg>Session has been closed</arg>
</arguments>
<status status="PASS" starttime="20200626 02:24:05.708" endtime="20200626 02:24:05.755"></status>
</kw>
<kw name="String" library="REST">
<tags>
<tag>assertions</tag>
</tags>
<doc>*Asserts the field as JSON string.*</doc>
<arguments>
<arg>$.status</arg>
<arg>OK</arg>
</arguments>
<status status="PASS" starttime="20200626 02:24:05.756" endtime="20200626 02:24:05.777"></status>
</kw>
<status status="PASS" starttime="20200626 02:24:03.688" endtime="20200626 02:24:05.777"></status>
</kw>
<kw name="Log" library="BuiltIn">
<doc>Logs the given message with the given level.</doc>
<arguments>
<arg>================================================================================</arg>
</arguments>
<msg timestamp="20200626 02:24:05.778" level="INFO">================================================================================</msg>
<status status="PASS" starttime="20200626 02:24:05.778" endtime="20200626 02:24:05.778"></status>
</kw>
<kw name="Run Keyword If" library="BuiltIn" type="teardown">
<doc>Runs the given keyword with the given arguments, if ``condition`` is true.</doc>
<arguments>
<arg>"${useTL}"=="true"</arg>
<arg>Go To Testlink To Update Test Case</arg>
<arg>${projectNum}</arg>
<arg>${testPlan}</arg>
<arg>${buildName}</arg>
<arg>${suiteName}</arg>
<arg>${tesCaseName}</arg>
<arg>${ElapsedTime}</arg>
</arguments>
<status status="PASS" starttime="20200626 02:24:05.779" endtime="20200626 02:24:05.779"></status>
</kw>
<status status="PASS" starttime="20200626 02:23:59.324" endtime="20200626 02:24:05.779"></status>
</kw>
<tags>
<tag>Time Out</tag>
</tags>
<status status="PASS" starttime="20200626 02:23:22.444" endtime="20200626 02:24:05.779" critical="yes"></status>
</test>
<doc>Check language Test in JMap Web</doc>
<metadata>
<item name="author">Mordjane Boussad</item>
</metadata>
<status status="PASS" starttime="20200626 02:23:21.805" endtime="20200626 02:24:05.780"></status>
</suite>
<status status="PASS" starttime="20200626 02:23:21.803" endtime="20200626 02:24:05.782"></status>
</suite>
<status status="PASS" starttime="20200626 02:23:21.801" endtime="20200626 02:24:05.783"></status>
</suite>
<status status="PASS" starttime="20200626 02:23:21.799" endtime="20200626 02:24:05.784"></status>
</suite>
<status status="PASS" starttime="20200626 02:23:21.778" endtime="20200626 02:24:05.785"></status>
</suite>
<statistics>
<total>
<stat pass="1" fail="0">Critical Tests</stat>
<stat pass="1" fail="0">All Tests</stat>
</total>
<tag>
<stat pass="1" fail="0">Time Out</stat>
</tag>
<suite>
<stat pass="1" fail="0" id="s1" name="JMapJenkinsTests">JMapJenkinsTests</stat>
<stat pass="1" fail="0" id="s1-s1" name="Tests">JMapJenkinsTests.Tests</stat>
<stat pass="1" fail="0" id="s1-s1-s1" name="Jmap 7.0">JMapJenkinsTests.Tests.Jmap 7.0</stat>
<stat pass="1" fail="0" id="s1-s1-s1-s1" name="jmapWeb">JMapJenkinsTests.Tests.Jmap 7.0.jmapWeb</stat>
<stat pass="1" fail="0" id="s1-s1-s1-s1-s1" name="CheckLanguageTests">JMapJenkinsTests.Tests.Jmap 7.0.jmapWeb.CheckLanguageTests</stat>
</suite>
</statistics>
<errors>
<msg timestamp="20200626 02:23:22.003" level="WARN">Error in file 'C:\Users\mbous\eclipse-workspace\JMapJenkinsTests\common\admin\CommonKeywords.robot': Escaping empty cells with '\' before line continuation marker '...' is deprecated. Remove escaping before Robot Framework 3.2.</msg>
<msg timestamp="20200626 02:23:22.003" level="WARN">Error in file 'C:\Users\mbous\eclipse-workspace\JMapJenkinsTests\common\admin\CommonKeywords.robot': Escaping empty cells with '\' before line continuation marker '...' is deprecated. Remove escaping before Robot Framework 3.2.</msg>
<msg timestamp="20200626 02:23:22.003" level="WARN">Error in file 'C:\Users\mbous\eclipse-workspace\JMapJenkinsTests\common\admin\CommonKeywords.robot': Escaping empty cells with '\' before line continuation marker '...' is deprecated. Remove escaping before Robot Framework 3.2.</msg>
</errors>
</robot>
