<?xml version="1.0" encoding="UTF-8"?>
<robot generator="Robot 3.1.2 (Python 3.7.3 on win32)" generated="20200626 17:46:36.876" rpa="false">
<suite id="s1" name="JMapJenkinsTests" source="C:\Users\mbous\eclipse-workspace\JMapJenkinsTests">
<suite id="s1-s1" name="Tests" source="C:\Users\mbous\eclipse-workspace\JMapJenkinsTests\tests">
<suite id="s1-s1-s1" name="Jmap 7.0" source="C:\Users\mbous\eclipse-workspace\JMapJenkinsTests\tests\jmap_7.0">
<suite id="s1-s1-s1-s1" name="jmapWeb" source="C:\Users\mbous\eclipse-workspace\JMapJenkinsTests\tests\jmap_7.0\jmapWeb">
<suite id="s1-s1-s1-s1-s1" name="Manage Contexts" source="C:\Users\mbous\eclipse-workspace\JMapJenkinsTests\tests\jmap_7.0\jmapWeb\Manage_Contexts">
<suite id="s1-s1-s1-s1-s1-s1" name="ManageContextsTests" source="C:\Users\mbous\eclipse-workspace\JMapJenkinsTests\tests\jmap_7.0\jmapWeb\Manage_Contexts\ManageContextsTests.robot">
<test id="s1-s1-s1-s1-s1-s1-t1" name="JM70-1028:Update Context">
<kw name="Run Keywords" library="BuiltIn" type="setup">
<doc>Executes all the given keywords in a sequence.</doc>
<arguments>
<arg>Open Browser On JMap Web</arg>
<arg>${URLWebApp}</arg>
<arg>${RESOLUTION_X}</arg>
<arg>${RESOLUTION_Y}</arg>
<arg>AND</arg>
<arg>Login To JMap Web</arg>
<arg>${UserName}</arg>
<arg>${Password}</arg>
<arg>AND</arg>
<arg>Get Formated Current Date And Time</arg>
</arguments>
<kw name="Open Browser On JMap Web" library="CommonLogin">
<doc>Open Browser with the given URL and maximize the window to the resolution</doc>
<arguments>
<arg>${URLWebApp}</arg>
<arg>${RESOLUTION_X}</arg>
<arg>${RESOLUTION_Y}</arg>
</arguments>
<kw name="Setup Metrics" library="CommonKeywords">
<doc>This Keyword give the start time when the execution of the test case starts.</doc>
<kw name="Get Current Date" library="DateTime">
<doc>Returns current local or UTC time with an optional increment.</doc>
<arguments>
<arg>result_format=epoch</arg>
</arguments>
<assign>
<var>${tc_start}</var>
</assign>
<msg timestamp="20200626 17:46:37.631" level="INFO">${tc_start} = 1593207997.630612</msg>
<status status="PASS" starttime="20200626 17:46:37.630" endtime="20200626 17:46:37.631"></status>
</kw>
<kw name="Set Test Variable" library="BuiltIn">
<doc>Makes a variable available everywhere within the scope of the current test.</doc>
<arguments>
<arg>${tc_start}</arg>
<arg>${tc_start}</arg>
</arguments>
<msg timestamp="20200626 17:46:37.631" level="INFO">${tc_start} = 1593207997.630612</msg>
<status status="PASS" starttime="20200626 17:46:37.631" endtime="20200626 17:46:37.631"></status>
</kw>
<status status="PASS" starttime="20200626 17:46:37.629" endtime="20200626 17:46:37.632"></status>
</kw>
<kw name="Run Keyword If" library="BuiltIn">
<doc>Runs the given keyword with the given arguments, if ``condition`` is true.</doc>
<arguments>
<arg>'${Browser}'=='Chrome'</arg>
<arg>Open Chrome</arg>
<arg>ELSE IF</arg>
<arg>'${Browser}'=='Firefox'</arg>
<arg>Open Firefox</arg>
<arg>ELSE</arg>
<arg>Open Edge</arg>
</arguments>
<kw name="Open Chrome" library="CommonLogin">
<kw name="Evaluate" library="BuiltIn">
<doc>Evaluates the given expression in Python and returns the results.</doc>
<arguments>
<arg>sys.modules['selenium.webdriver'].ChromeOptions()</arg>
<arg>sys, selenium.webdriver</arg>
</arguments>
<assign>
<var>${chrome_options}</var>
</assign>
<msg timestamp="20200626 17:46:37.633" level="INFO">${chrome_options} = &lt;selenium.webdriver.chrome.options.Options object at 0x0000025D329E0B00&gt;</msg>
<status status="PASS" starttime="20200626 17:46:37.632" endtime="20200626 17:46:37.633"></status>
</kw>
<kw name="Call Method" library="BuiltIn">
<doc>Calls the named method of the given object with the provided arguments.</doc>
<arguments>
<arg>${chrome_options}</arg>
<arg>add_argument</arg>
<arg>--ignore-certificate-errors</arg>
</arguments>
<status status="PASS" starttime="20200626 17:46:37.633" endtime="20200626 17:46:37.633"></status>
</kw>
<kw name="Create Webdriver" library="SeleniumLibrary">
<doc>Creates an instance of Selenium WebDriver.</doc>
<arguments>
<arg>${Browser}</arg>
<arg>alias=JMap Web</arg>
<arg>chrome_options=${chrome_options}</arg>
</arguments>
<msg timestamp="20200626 17:46:37.634" level="INFO">Creating an instance of the Chrome WebDriver.</msg>
<status status="PASS" starttime="20200626 17:46:37.634" endtime="20200626 17:46:41.431"></status>
</kw>
<status status="PASS" starttime="20200626 17:46:37.632" endtime="20200626 17:46:41.431"></status>
</kw>
<status status="PASS" starttime="20200626 17:46:37.632" endtime="20200626 17:46:41.433"></status>
</kw>
<kw name="Go To" library="SeleniumLibrary">
<doc>Navigates the current browser window to the provided ``url``.</doc>
<arguments>
<arg>${vURL}</arg>
</arguments>
<msg timestamp="20200626 17:46:41.433" level="INFO">Opening url 'https://localhost:8443/JMap_Web_SDK_HTTPS5'</msg>
<status status="PASS" starttime="20200626 17:46:41.433" endtime="20200626 17:46:42.439"></status>
</kw>
<kw name="Set Window Size" library="SeleniumLibrary">
<doc>Sets current windows size to given ``width`` and ``height``.</doc>
<arguments>
<arg>${RESOLUTION_X}</arg>
<arg>${RESOLUTION_Y}</arg>
</arguments>
<status status="PASS" starttime="20200626 17:46:42.440" endtime="20200626 17:46:44.575"></status>
</kw>
<kw name="Maximize Browser Window" library="SeleniumLibrary">
<doc>Maximizes current browser window.</doc>
<status status="PASS" starttime="20200626 17:46:44.576" endtime="20200626 17:46:44.771"></status>
</kw>
<status status="PASS" starttime="20200626 17:46:37.629" endtime="20200626 17:46:44.772"></status>
</kw>
<kw name="Login To JMap Web" library="CommonLogin">
<arguments>
<arg>${UserName}</arg>
<arg>${Password}</arg>
</arguments>
<kw name="Wait Until Element Is Visible" library="SeleniumLibrary">
<doc>Waits until the element ``locator`` is visible.</doc>
<arguments>
<arg>id=username</arg>
<arg>10s</arg>
</arguments>
<status status="PASS" starttime="20200626 17:46:44.772" endtime="20200626 17:46:44.806"></status>
</kw>
<kw name="Clear Element Text" library="SeleniumLibrary">
<doc>Clears the value of the text-input-element identified by ``locator``.</doc>
<arguments>
<arg>id=username</arg>
</arguments>
<status status="PASS" starttime="20200626 17:46:44.807" endtime="20200626 17:46:44.842"></status>
</kw>
<kw name="Clear Element Text" library="SeleniumLibrary">
<doc>Clears the value of the text-input-element identified by ``locator``.</doc>
<arguments>
<arg>id=password</arg>
</arguments>
<status status="PASS" starttime="20200626 17:46:44.843" endtime="20200626 17:46:44.884"></status>
</kw>
<kw name="Type" library="CommonWeb">
<doc>Type the value in the locator after been clean</doc>
<arguments>
<arg>id=username</arg>
<arg>${pUsername}</arg>
</arguments>
<kw name="Set Selenium Timeout" library="SeleniumLibrary">
<doc>Sets the timeout that is used by various keywords.</doc>
<arguments>
<arg>0.1s</arg>
</arguments>
<status status="PASS" starttime="20200626 17:46:44.885" endtime="20200626 17:46:44.886"></status>
</kw>
<kw name="Wait Until Keyword Succeeds" library="BuiltIn">
<doc>Runs the specified keyword and retries if it fails.</doc>
<arguments>
<arg>10s</arg>
<arg>1s</arg>
<arg>Wait Until Element Is Enabled</arg>
<arg>${locator}</arg>
<arg>2s</arg>
</arguments>
<kw name="Wait Until Element Is Enabled" library="SeleniumLibrary">
<doc>Waits until the element ``locator`` is enabled.</doc>
<arguments>
<arg>${locator}</arg>
<arg>2s</arg>
</arguments>
<status status="PASS" starttime="20200626 17:46:44.887" endtime="20200626 17:46:44.910"></status>
</kw>
<status status="PASS" starttime="20200626 17:46:44.886" endtime="20200626 17:46:44.911"></status>
</kw>
<kw name="Clear Element Text" library="SeleniumLibrary">
<doc>Clears the value of the text-input-element identified by ``locator``.</doc>
<arguments>
<arg>${locator}</arg>
</arguments>
<status status="PASS" starttime="20200626 17:46:44.911" endtime="20200626 17:46:44.955"></status>
</kw>
<kw name="Input Text" library="SeleniumLibrary">
<doc>Types the given ``text`` into the text field identified by ``locator``.</doc>
<arguments>
<arg>${locator}</arg>
<arg>${value}</arg>
</arguments>
<msg timestamp="20200626 17:46:44.957" level="INFO">Typing text 'userTest1' into text field 'id=username'.</msg>
<status status="PASS" starttime="20200626 17:46:44.956" endtime="20200626 17:46:45.100"></status>
</kw>
<kw name="Sleep" library="BuiltIn">
<doc>Pauses the test executed for the given time.</doc>
<arguments>
<arg>1s</arg>
</arguments>
<msg timestamp="20200626 17:46:46.103" level="INFO">Slept 1 second</msg>
<status status="PASS" starttime="20200626 17:46:45.101" endtime="20200626 17:46:46.104"></status>
</kw>
<status status="PASS" starttime="20200626 17:46:44.884" endtime="20200626 17:46:46.105"></status>
</kw>
<kw name="Type" library="CommonWeb">
<doc>Type the value in the locator after been clean</doc>
<arguments>
<arg>id=password</arg>
<arg>${pPassword}</arg>
</arguments>
<kw name="Set Selenium Timeout" library="SeleniumLibrary">
<doc>Sets the timeout that is used by various keywords.</doc>
<arguments>
<arg>0.1s</arg>
</arguments>
<status status="PASS" starttime="20200626 17:46:46.107" endtime="20200626 17:46:46.112"></status>
</kw>
<kw name="Wait Until Keyword Succeeds" library="BuiltIn">
<doc>Runs the specified keyword and retries if it fails.</doc>
<arguments>
<arg>10s</arg>
<arg>1s</arg>
<arg>Wait Until Element Is Enabled</arg>
<arg>${locator}</arg>
<arg>2s</arg>
</arguments>
<kw name="Wait Until Element Is Enabled" library="SeleniumLibrary">
<doc>Waits until the element ``locator`` is enabled.</doc>
<arguments>
<arg>${locator}</arg>
<arg>2s</arg>
</arguments>
<status status="PASS" starttime="20200626 17:46:46.115" endtime="20200626 17:46:46.180"></status>
</kw>
<status status="PASS" starttime="20200626 17:46:46.113" endtime="20200626 17:46:46.181"></status>
</kw>
<kw name="Clear Element Text" library="SeleniumLibrary">
<doc>Clears the value of the text-input-element identified by ``locator``.</doc>
<arguments>
<arg>${locator}</arg>
</arguments>
<status status="PASS" starttime="20200626 17:46:46.181" endtime="20200626 17:46:46.233"></status>
</kw>
<kw name="Input Text" library="SeleniumLibrary">
<doc>Types the given ``text`` into the text field identified by ``locator``.</doc>
<arguments>
<arg>${locator}</arg>
<arg>${value}</arg>
</arguments>
<msg timestamp="20200626 17:46:46.234" level="INFO">Typing text 'userTest1' into text field 'id=password'.</msg>
<status status="PASS" starttime="20200626 17:46:46.233" endtime="20200626 17:46:46.389"></status>
</kw>
<kw name="Sleep" library="BuiltIn">
<doc>Pauses the test executed for the given time.</doc>
<arguments>
<arg>1s</arg>
</arguments>
<msg timestamp="20200626 17:46:47.392" level="INFO">Slept 1 second</msg>
<status status="PASS" starttime="20200626 17:46:46.390" endtime="20200626 17:46:47.392"></status>
</kw>
<status status="PASS" starttime="20200626 17:46:46.106" endtime="20200626 17:46:47.392"></status>
</kw>
<kw name="Click Element" library="SeleniumLibrary">
<doc>Click the element identified by ``locator``.</doc>
<arguments>
<arg>id=submit</arg>
</arguments>
<msg timestamp="20200626 17:46:47.393" level="INFO">Clicking element 'id=submit'.</msg>
<status status="PASS" starttime="20200626 17:46:47.393" endtime="20200626 17:46:48.081"></status>
</kw>
<kw name="Sleep" library="BuiltIn">
<doc>Pauses the test executed for the given time.</doc>
<arguments>
<arg>1s</arg>
</arguments>
<msg timestamp="20200626 17:46:49.083" level="INFO">Slept 1 second</msg>
<status status="PASS" starttime="20200626 17:46:48.082" endtime="20200626 17:46:49.083"></status>
</kw>
<status status="PASS" starttime="20200626 17:46:44.772" endtime="20200626 17:46:49.083"></status>
</kw>
<kw name="Get Formated Current Date And Time" library="CommonKeywords">
<kw name="Get Current Date" library="DateTime">
<doc>Returns current local or UTC time with an optional increment.</doc>
<arguments>
<arg>result_format=%Y%m%d%H%M%S</arg>
</arguments>
<assign>
<var>${FORMATED_DATE}</var>
</assign>
<msg timestamp="20200626 17:46:49.084" level="INFO">${FORMATED_DATE} = 20200626174649</msg>
<status status="PASS" starttime="20200626 17:46:49.084" endtime="20200626 17:46:49.084"></status>
</kw>
<kw name="Set Suite Variable" library="BuiltIn">
<doc>Makes a variable available everywhere within the scope of the current suite.</doc>
<arguments>
<arg>${FORMATED_DATE}</arg>
</arguments>
<msg timestamp="20200626 17:46:49.085" level="INFO">${FORMATED_DATE} = 20200626174649</msg>
<status status="PASS" starttime="20200626 17:46:49.085" endtime="20200626 17:46:49.085"></status>
</kw>
<status status="PASS" starttime="20200626 17:46:49.084" endtime="20200626 17:46:49.085"></status>
</kw>
<status status="PASS" starttime="20200626 17:46:37.628" endtime="20200626 17:46:49.086"></status>
</kw>
<kw name="Get Length" library="BuiltIn">
<doc>Returns and logs the length of the given item as an integer.</doc>
<arguments>
<arg>${VALID_CONTEXTS}</arg>
</arguments>
<assign>
<var>${contextCount}</var>
</assign>
<msg timestamp="20200626 17:46:49.086" level="INFO">Length is 8</msg>
<msg timestamp="20200626 17:46:49.086" level="INFO">${contextCount} = 8</msg>
<status status="PASS" starttime="20200626 17:46:49.086" endtime="20200626 17:46:49.086"></status>
</kw>
<kw name="${i} IN RANGE [ 0 | ${contextCount} ]" type="for">
<kw name="${i} = 0" type="foritem">
<kw name="Create New Context" library="CommonContextWeb">
<doc>Create new context with the given name and description</doc>
<arguments>
<arg>Context-${FORMATED_DATE}</arg>
<arg>Description of update a Context</arg>
</arguments>
<kw name="Open Inner Tab Menu Panel" library="CommonWeb">
<doc>This keyword for JMap Web, allows to check if the "Inner Tab Menu Panel" is already opened or not. If not, we will click on "Sidebar" Icon</doc>
<kw name="Log" library="BuiltIn">
<doc>Logs the given message with the given level.</doc>
<arguments>
<arg>\n====================== Go to open "Inner Tab Menu Panel" =======================</arg>
<arg>console=yes</arg>
</arguments>
<msg timestamp="20200626 17:46:49.088" level="INFO">
====================== Go to open "Inner Tab Menu Panel" =======================</msg>
<status status="PASS" starttime="20200626 17:46:49.088" endtime="20200626 17:46:49.088"></status>
</kw>
<kw name="Run Keyword And Return Status" library="BuiltIn">
<doc>Runs the given keyword with given arguments and returns the status as a Boolean value.</doc>
<arguments>
<arg>Wait Until Page Does Not Contain Element</arg>
<arg>//div[@class='TabMenuPanel jmap_active_panel']</arg>
<arg>3s</arg>
</arguments>
<assign>
<var>${isClosedMenuPanal}</var>
</assign>
<kw name="Wait Until Page Does Not Contain Element" library="SeleniumLibrary">
<doc>Waits until the element ``locator`` disappears from the current page.</doc>
<arguments>
<arg>//div[@class='TabMenuPanel jmap_active_panel']</arg>
<arg>3s</arg>
</arguments>
<status status="PASS" starttime="20200626 17:46:49.089" endtime="20200626 17:46:49.104"></status>
</kw>
<msg timestamp="20200626 17:46:49.105" level="INFO">${isClosedMenuPanal} = True</msg>
<status status="PASS" starttime="20200626 17:46:49.088" endtime="20200626 17:46:49.105"></status>
</kw>
<kw name="Run Keyword If" library="BuiltIn">
<doc>Runs the given keyword with the given arguments, if ``condition`` is true.</doc>
<arguments>
<arg>${isClosedMenuPanal}</arg>
<arg>Click On Show Sidebar Icon</arg>
<arg>ELSE</arg>
<arg>Log</arg>
<arg>-----&gt; The "Inner Tab Menu Panel" is ALREADY OPENED.</arg>
<arg>console=yes</arg>
</arguments>
<kw name="Click On Show Sidebar Icon" library="CommonWeb">
<doc>Click on the menu to open layer list</doc>
<kw name="Wait Until Element Is Enabled" library="SeleniumLibrary">
<doc>Waits until the element ``locator`` is enabled.</doc>
<arguments>
<arg>xpath://div[@id='TabMenuControlTrigger']</arg>
<arg>timeout=10s</arg>
</arguments>
<status status="PASS" starttime="20200626 17:46:49.106" endtime="20200626 17:46:49.131"></status>
</kw>
<kw name="Click Element" library="SeleniumLibrary">
<doc>Click the element identified by ``locator``.</doc>
<arguments>
<arg>xpath://div[@id='TabMenuControlTrigger']</arg>
</arguments>
<msg timestamp="20200626 17:46:49.132" level="INFO">Clicking element 'xpath://div[@id='TabMenuControlTrigger']'.</msg>
<status status="PASS" starttime="20200626 17:46:49.131" endtime="20200626 17:46:49.176"></status>
</kw>
<kw name="Sleep" library="BuiltIn">
<doc>Pauses the test executed for the given time.</doc>
<arguments>
<arg>1s</arg>
</arguments>
<msg timestamp="20200626 17:46:50.177" level="INFO">Slept 1 second</msg>
<status status="PASS" starttime="20200626 17:46:49.176" endtime="20200626 17:46:50.178"></status>
</kw>
<status status="PASS" starttime="20200626 17:46:49.105" endtime="20200626 17:46:50.178"></status>
</kw>
<status status="PASS" starttime="20200626 17:46:49.105" endtime="20200626 17:46:50.179"></status>
</kw>
<status status="PASS" starttime="20200626 17:46:49.087" endtime="20200626 17:46:50.179"></status>
</kw>
<kw name="Go To My Maps Tab" library="CommonWeb">
<doc>Go to context tab in the layer list</doc>
<kw name="Log" library="BuiltIn">
<doc>Logs the given message with the given level.</doc>
<arguments>
<arg>\n====================== Go to "My Maps Tab" =======================</arg>
<arg>console=yes</arg>
</arguments>
<msg timestamp="20200626 17:46:50.181" level="INFO">
====================== Go to "My Maps Tab" =======================</msg>
<status status="PASS" starttime="20200626 17:46:50.181" endtime="20200626 17:46:50.182"></status>
</kw>
<kw name="Wait Until Element Is Enabled" library="SeleniumLibrary">
<doc>Waits until the element ``locator`` is enabled.</doc>
<arguments>
<arg>xpath://div[@class='ulList']//li[3]</arg>
<arg>timeout=10s</arg>
</arguments>
<status status="PASS" starttime="20200626 17:46:50.182" endtime="20200626 17:46:50.253"></status>
</kw>
<kw name="Click Element" library="SeleniumLibrary">
<doc>Click the element identified by ``locator``.</doc>
<arguments>
<arg>xpath://div[@class='ulList']//li[3]</arg>
</arguments>
<msg timestamp="20200626 17:46:50.254" level="INFO">Clicking element 'xpath://div[@class='ulList']//li[3]'.</msg>
<status status="PASS" starttime="20200626 17:46:50.253" endtime="20200626 17:46:50.341"></status>
</kw>
<kw name="Sleep" library="BuiltIn">
<doc>Pauses the test executed for the given time.</doc>
<arguments>
<arg>2s</arg>
</arguments>
<msg timestamp="20200626 17:46:52.343" level="INFO">Slept 2 seconds</msg>
<status status="PASS" starttime="20200626 17:46:50.341" endtime="20200626 17:46:52.343"></status>
</kw>
<kw name="Log" library="BuiltIn">
<doc>Logs the given message with the given level.</doc>
<arguments>
<arg>-----&gt; The "My Maps Tab" IS OPENED.</arg>
<arg>console=yes</arg>
</arguments>
<msg timestamp="20200626 17:46:52.345" level="INFO">-----&gt; The "My Maps Tab" IS OPENED.</msg>
<status status="PASS" starttime="20200626 17:46:52.344" endtime="20200626 17:46:52.345"></status>
</kw>
<status status="PASS" starttime="20200626 17:46:50.180" endtime="20200626 17:46:52.345"></status>
</kw>
<kw name="Click On &quot;Save New Map&quot; Icon" library="CommonContextWeb">
<doc>This keyword for JMap Web, allows to click on the (+) button to add a new context</doc>
<kw name="Log" library="BuiltIn">
<doc>Logs the given message with the given level.</doc>
<arguments>
<arg>\n====================== Open a new context's form =======================</arg>
<arg>console=yes</arg>
</arguments>
<msg timestamp="20200626 17:46:52.347" level="INFO">
====================== Open a new context's form =======================</msg>
<status status="PASS" starttime="20200626 17:46:52.347" endtime="20200626 17:46:52.347"></status>
</kw>
<kw name="Wait Until Element Is Enabled" library="SeleniumLibrary">
<doc>Waits until the element ``locator`` is enabled.</doc>
<arguments>
<arg>//a[@id='saveButton']</arg>
<arg>timeout=10s</arg>
</arguments>
<status status="PASS" starttime="20200626 17:46:52.348" endtime="20200626 17:46:52.381"></status>
</kw>
<kw name="Click Element" library="SeleniumLibrary">
<doc>Click the element identified by ``locator``.</doc>
<arguments>
<arg>//a[@id='saveButton']</arg>
</arguments>
<msg timestamp="20200626 17:46:52.382" level="INFO">Clicking element '//a[@id='saveButton']'.</msg>
<status status="PASS" starttime="20200626 17:46:52.382" endtime="20200626 17:46:52.433"></status>
</kw>
<kw name="Sleep" library="BuiltIn">
<doc>Pauses the test executed for the given time.</doc>
<arguments>
<arg>1s</arg>
</arguments>
<msg timestamp="20200626 17:46:53.434" level="INFO">Slept 1 second</msg>
<status status="PASS" starttime="20200626 17:46:52.433" endtime="20200626 17:46:53.435"></status>
</kw>
<kw name="Log" library="BuiltIn">
<doc>Logs the given message with the given level.</doc>
<arguments>
<arg>-----&gt; The Context's form IS OPENED.</arg>
<arg>console=yes</arg>
</arguments>
<msg timestamp="20200626 17:46:53.437" level="INFO">-----&gt; The Context's form IS OPENED.</msg>
<status status="PASS" starttime="20200626 17:46:53.436" endtime="20200626 17:46:53.437"></status>
</kw>
<status status="PASS" starttime="20200626 17:46:52.346" endtime="20200626 17:46:53.438"></status>
</kw>
<kw name="Verify That Modal Dialog Title Is" library="CommonContextWeb">
<doc>This keyword for JMap Web, allows to verify the title (text) of the context's form</doc>
<arguments>
<arg>My maps</arg>
</arguments>
<kw name="Wait Until Element Is Enabled" library="SeleniumLibrary">
<doc>Waits until the element ``locator`` is enabled.</doc>
<arguments>
<arg>//h4[@class='modal-title']</arg>
<arg>timeout=10s</arg>
</arguments>
<status status="PASS" starttime="20200626 17:46:53.440" endtime="20200626 17:46:53.518"></status>
</kw>
<kw name="Get Text" library="SeleniumLibrary">
<doc>Returns the text value of the element identified by ``locator``.</doc>
<arguments>
<arg>//h4[@class='modal-title']</arg>
</arguments>
<assign>
<var>${getTitleForm}</var>
</assign>
<msg timestamp="20200626 17:46:53.574" level="INFO">${getTitleForm} = My maps</msg>
<status status="PASS" starttime="20200626 17:46:53.519" endtime="20200626 17:46:53.574"></status>
</kw>
<kw name="Run Keyword And Continue On Failure" library="BuiltIn">
<doc>Runs the keyword and continues execution even if a failure occurs.</doc>
<arguments>
<arg>Should Be Equal As Strings</arg>
<arg>${getTitleForm}</arg>
<arg>${texte}</arg>
<arg>message=The Modal Dialog Title is "${getTitleForm}". However, it should be "${texte}".</arg>
</arguments>
<kw name="Should Be Equal As Strings" library="BuiltIn">
<doc>Fails if objects are unequal after converting them to strings.</doc>
<arguments>
<arg>${getTitleForm}</arg>
<arg>${texte}</arg>
<arg>message=The Modal Dialog Title is "${getTitleForm}". However, it should be "${texte}".</arg>
</arguments>
<status status="PASS" starttime="20200626 17:46:53.576" endtime="20200626 17:46:53.576"></status>
</kw>
<status status="PASS" starttime="20200626 17:46:53.575" endtime="20200626 17:46:53.577"></status>
</kw>
<kw name="Run Keyword If" library="BuiltIn">
<doc>Runs the given keyword with the given arguments, if ``condition`` is true.</doc>
<arguments>
<arg>"${getTitleForm}"=="${texte}"</arg>
<arg>Log</arg>
<arg>-----&gt; The title of the current Modal Dialog IS REALLY: "${texte}".</arg>
<arg>console=yes</arg>
</arguments>
<kw name="Log" library="BuiltIn">
<doc>Logs the given message with the given level.</doc>
<arguments>
<arg>-----&gt; The title of the current Modal Dialog IS REALLY: "${texte}".</arg>
<arg>console=yes</arg>
</arguments>
<msg timestamp="20200626 17:46:53.579" level="INFO">-----&gt; The title of the current Modal Dialog IS REALLY: "My maps".</msg>
<status status="PASS" starttime="20200626 17:46:53.578" endtime="20200626 17:46:53.579"></status>
</kw>
<status status="PASS" starttime="20200626 17:46:53.578" endtime="20200626 17:46:53.579"></status>
</kw>
<status status="PASS" starttime="20200626 17:46:53.439" endtime="20200626 17:46:53.580"></status>
</kw>
<kw name="Enter Value &quot;${CONTEXT_NAME}&quot; In &quot;Title&quot; Field" library="CommonContextWeb">
<doc>This keyword for JMap Web, allows to enter a value in the "Title" field of the context's form</doc>
<kw name="Log" library="BuiltIn">
<doc>Logs the given message with the given level.</doc>
<arguments>
<arg>\n====================== Go to fill the field "${fieldName}" with: "${value}" =======================</arg>
<arg>console=yes</arg>
</arguments>
<msg timestamp="20200626 17:46:53.582" level="INFO">
====================== Go to fill the field "Title" with: "Context-20200626174649" =======================</msg>
<status status="PASS" starttime="20200626 17:46:53.581" endtime="20200626 17:46:53.582"></status>
</kw>
<kw name="Set Locator Of Context Field" library="CommonContextWeb">
<doc>This keyword for JMap Web, allows to set the locator of the "Title" or "Description" fields of the context's form</doc>
<arguments>
<arg>${fieldName}</arg>
</arguments>
<assign>
<var>${locator}</var>
</assign>
<kw name="Set Variable If" library="BuiltIn">
<doc>Sets variable based on the given condition.</doc>
<arguments>
<arg>'${fieldName}'=='Title'</arg>
<arg>xpath=//input[@placeholder='${fieldName}']</arg>
<arg>'${fieldName}'=='Description'</arg>
<arg>xpath=//textarea[@placeholder='${fieldName}']</arg>
</arguments>
<assign>
<var>${locator}</var>
</assign>
<msg timestamp="20200626 17:46:53.584" level="INFO">${locator} = xpath=//input[@placeholder='Title']</msg>
<status status="PASS" starttime="20200626 17:46:53.583" endtime="20200626 17:46:53.584"></status>
</kw>
<msg timestamp="20200626 17:46:53.585" level="INFO">${locator} = xpath=//input[@placeholder='Title']</msg>
<status status="PASS" starttime="20200626 17:46:53.583" endtime="20200626 17:46:53.585"></status>
</kw>
<kw name="Set Selenium Speed" library="SeleniumLibrary">
<doc>Sets the delay that is waited after each Selenium command.</doc>
<arguments>
<arg>0.01 seconds</arg>
</arguments>
<status status="PASS" starttime="20200626 17:46:53.585" endtime="20200626 17:46:53.586"></status>
</kw>
<kw name="Wait Until Element Is Enabled" library="SeleniumLibrary">
<doc>Waits until the element ``locator`` is enabled.</doc>
<arguments>
<arg>${locator}</arg>
<arg>timeout=10s</arg>
</arguments>
<status status="PASS" starttime="20200626 17:46:53.587" endtime="20200626 17:46:53.662"></status>
</kw>
<kw name="Clear Element Text" library="SeleniumLibrary">
<doc>Clears the value of the text-input-element identified by ``locator``.</doc>
<arguments>
<arg>${locator}</arg>
</arguments>
<status status="PASS" starttime="20200626 17:46:53.663" endtime="20200626 17:46:53.763"></status>
</kw>
<kw name="Run Keyword If" library="BuiltIn">
<doc>Runs the given keyword with the given arguments, if ``condition`` is true.</doc>
<arguments>
<arg>"${value}"!="${EMPTY}"</arg>
<arg>Input Text</arg>
<arg>${locator}</arg>
<arg>${value}</arg>
</arguments>
<kw name="Input Text" library="SeleniumLibrary">
<doc>Types the given ``text`` into the text field identified by ``locator``.</doc>
<arguments>
<arg>${locator}</arg>
<arg>${value}</arg>
</arguments>
<msg timestamp="20200626 17:46:53.764" level="INFO">Typing text 'Context-20200626174649' into text field 'xpath=//input[@placeholder='Title']'.</msg>
<status status="PASS" starttime="20200626 17:46:53.764" endtime="20200626 17:46:54.078"></status>
</kw>
<status status="PASS" starttime="20200626 17:46:53.763" endtime="20200626 17:46:54.078"></status>
</kw>
<kw name="Sleep" library="BuiltIn">
<doc>Pauses the test executed for the given time.</doc>
<arguments>
<arg>1s</arg>
<arg>reason=Wait in order to verify the values</arg>
</arguments>
<msg timestamp="20200626 17:46:55.081" level="INFO">Slept 1 second</msg>
<msg timestamp="20200626 17:46:55.081" level="INFO">Wait in order to verify the values</msg>
<status status="PASS" starttime="20200626 17:46:54.079" endtime="20200626 17:46:55.082"></status>
</kw>
<kw name="Verify That The Value Of &quot;${fieldName}&quot; Field In Context Form Is &quot;${value}&quot;" library="CommonContextWeb">
<doc>This keyword for JMap Web, allows to verify the value of the "Title" and "Description" fields of the context's form</doc>
<kw name="Set Locator Of Context Field" library="CommonContextWeb">
<doc>This keyword for JMap Web, allows to set the locator of the "Title" or "Description" fields of the context's form</doc>
<arguments>
<arg>${fieldName}</arg>
</arguments>
<assign>
<var>${locator}</var>
</assign>
<kw name="Set Variable If" library="BuiltIn">
<doc>Sets variable based on the given condition.</doc>
<arguments>
<arg>'${fieldName}'=='Title'</arg>
<arg>xpath=//input[@placeholder='${fieldName}']</arg>
<arg>'${fieldName}'=='Description'</arg>
<arg>xpath=//textarea[@placeholder='${fieldName}']</arg>
</arguments>
<assign>
<var>${locator}</var>
</assign>
<msg timestamp="20200626 17:46:55.089" level="INFO">${locator} = xpath=//input[@placeholder='Title']</msg>
<status status="PASS" starttime="20200626 17:46:55.087" endtime="20200626 17:46:55.089"></status>
</kw>
<msg timestamp="20200626 17:46:55.090" level="INFO">${locator} = xpath=//input[@placeholder='Title']</msg>
<status status="PASS" starttime="20200626 17:46:55.086" endtime="20200626 17:46:55.091"></status>
</kw>
<kw name="Wait Until Element Is Enabled" library="SeleniumLibrary">
<doc>Waits until the element ``locator`` is enabled.</doc>
<arguments>
<arg>${locator}</arg>
<arg>7s</arg>
</arguments>
<status status="PASS" starttime="20200626 17:46:55.092" endtime="20200626 17:46:55.176"></status>
</kw>
<kw name="Get Value" library="SeleniumLibrary">
<doc>Returns the value attribute of the element identified by ``locator``.</doc>
<arguments>
<arg>${locator}</arg>
</arguments>
<assign>
<var>${curValue}</var>
</assign>
<msg timestamp="20200626 17:46:55.235" level="INFO">${curValue} = Context-20200626174649</msg>
<status status="PASS" starttime="20200626 17:46:55.177" endtime="20200626 17:46:55.235"></status>
</kw>
<kw name="Run Keyword And Continue On Failure" library="BuiltIn">
<doc>Runs the keyword and continues execution even if a failure occurs.</doc>
<arguments>
<arg>Should Be Equal As Strings</arg>
<arg>${curValue}</arg>
<arg>${value}</arg>
<arg>msg=The Value Of "${fieldName}" Field Is "${curValue}". However, it should be "${value}"</arg>
</arguments>
<kw name="Should Be Equal As Strings" library="BuiltIn">
<doc>Fails if objects are unequal after converting them to strings.</doc>
<arguments>
<arg>${curValue}</arg>
<arg>${value}</arg>
<arg>msg=The Value Of "${fieldName}" Field Is "${curValue}". However, it should be "${value}"</arg>
</arguments>
<status status="PASS" starttime="20200626 17:46:55.239" endtime="20200626 17:46:55.239"></status>
</kw>
<status status="PASS" starttime="20200626 17:46:55.236" endtime="20200626 17:46:55.240"></status>
</kw>
<kw name="Run Keyword If" library="BuiltIn">
<doc>Runs the given keyword with the given arguments, if ``condition`` is true.</doc>
<arguments>
<arg>"${curValue}"=="${value}"</arg>
<arg>Log</arg>
<arg>-----&gt; The Field "${fieldName}" IS REALLY CONTAINS the value: "${value}" =======================</arg>
<arg>console=yes</arg>
</arguments>
<kw name="Log" library="BuiltIn">
<doc>Logs the given message with the given level.</doc>
<arguments>
<arg>-----&gt; The Field "${fieldName}" IS REALLY CONTAINS the value: "${value}" =======================</arg>
<arg>console=yes</arg>
</arguments>
<msg timestamp="20200626 17:46:55.244" level="INFO">-----&gt; The Field "Title" IS REALLY CONTAINS the value: "Context-20200626174649" =======================</msg>
<status status="PASS" starttime="20200626 17:46:55.242" endtime="20200626 17:46:55.244"></status>
</kw>
<status status="PASS" starttime="20200626 17:46:55.241" endtime="20200626 17:46:55.246"></status>
</kw>
<status status="PASS" starttime="20200626 17:46:55.084" endtime="20200626 17:46:55.246"></status>
</kw>
<status status="PASS" starttime="20200626 17:46:53.580" endtime="20200626 17:46:55.247"></status>
</kw>
<kw name="Enter Value &quot;${CONTEXT_DESCRIPTION}&quot; In &quot;Description&quot; Field" library="CommonContextWeb">
<doc>This keyword for JMap Web, allows to enter a value in the "Title" field of the context's form</doc>
<kw name="Log" library="BuiltIn">
<doc>Logs the given message with the given level.</doc>
<arguments>
<arg>\n====================== Go to fill the field "${fieldName}" with: "${value}" =======================</arg>
<arg>console=yes</arg>
</arguments>
<msg timestamp="20200626 17:46:55.250" level="INFO">
====================== Go to fill the field "Description" with: "Description of update a Context" =======================</msg>
<status status="PASS" starttime="20200626 17:46:55.249" endtime="20200626 17:46:55.251"></status>
</kw>
<kw name="Set Locator Of Context Field" library="CommonContextWeb">
<doc>This keyword for JMap Web, allows to set the locator of the "Title" or "Description" fields of the context's form</doc>
<arguments>
<arg>${fieldName}</arg>
</arguments>
<assign>
<var>${locator}</var>
</assign>
<kw name="Set Variable If" library="BuiltIn">
<doc>Sets variable based on the given condition.</doc>
<arguments>
<arg>'${fieldName}'=='Title'</arg>
<arg>xpath=//input[@placeholder='${fieldName}']</arg>
<arg>'${fieldName}'=='Description'</arg>
<arg>xpath=//textarea[@placeholder='${fieldName}']</arg>
</arguments>
<assign>
<var>${locator}</var>
</assign>
<kw name="Set Variable If" library="BuiltIn">
<doc>Sets variable based on the given condition.</doc>
<arguments>
<arg>'${fieldName}'=='Description'</arg>
<arg>xpath=//textarea[@placeholder='${fieldName}']</arg>
</arguments>
<status status="PASS" starttime="20200626 17:46:55.256" endtime="20200626 17:46:55.256"></status>
</kw>
<msg timestamp="20200626 17:46:55.258" level="INFO">${locator} = xpath=//textarea[@placeholder='Description']</msg>
<status status="PASS" starttime="20200626 17:46:55.254" endtime="20200626 17:46:55.258"></status>
</kw>
<msg timestamp="20200626 17:46:55.258" level="INFO">${locator} = xpath=//textarea[@placeholder='Description']</msg>
<status status="PASS" starttime="20200626 17:46:55.252" endtime="20200626 17:46:55.258"></status>
</kw>
<kw name="Set Selenium Speed" library="SeleniumLibrary">
<doc>Sets the delay that is waited after each Selenium command.</doc>
<arguments>
<arg>0.01 seconds</arg>
</arguments>
<status status="PASS" starttime="20200626 17:46:55.259" endtime="20200626 17:46:55.260"></status>
</kw>
<kw name="Wait Until Element Is Enabled" library="SeleniumLibrary">
<doc>Waits until the element ``locator`` is enabled.</doc>
<arguments>
<arg>${locator}</arg>
<arg>timeout=10s</arg>
</arguments>
<status status="PASS" starttime="20200626 17:46:55.260" endtime="20200626 17:46:55.341"></status>
</kw>
<kw name="Clear Element Text" library="SeleniumLibrary">
<doc>Clears the value of the text-input-element identified by ``locator``.</doc>
<arguments>
<arg>${locator}</arg>
</arguments>
<status status="PASS" starttime="20200626 17:46:55.342" endtime="20200626 17:46:55.429"></status>
</kw>
<kw name="Run Keyword If" library="BuiltIn">
<doc>Runs the given keyword with the given arguments, if ``condition`` is true.</doc>
<arguments>
<arg>"${value}"!="${EMPTY}"</arg>
<arg>Input Text</arg>
<arg>${locator}</arg>
<arg>${value}</arg>
</arguments>
<kw name="Input Text" library="SeleniumLibrary">
<doc>Types the given ``text`` into the text field identified by ``locator``.</doc>
<arguments>
<arg>${locator}</arg>
<arg>${value}</arg>
</arguments>
<msg timestamp="20200626 17:46:55.431" level="INFO">Typing text 'Description of update a Context' into text field 'xpath=//textarea[@placeholder='Description']'.</msg>
<status status="PASS" starttime="20200626 17:46:55.431" endtime="20200626 17:46:55.764"></status>
</kw>
<status status="PASS" starttime="20200626 17:46:55.430" endtime="20200626 17:46:55.765"></status>
</kw>
<kw name="Sleep" library="BuiltIn">
<doc>Pauses the test executed for the given time.</doc>
<arguments>
<arg>1s</arg>
<arg>reason=Wait in order to verify the values</arg>
</arguments>
<msg timestamp="20200626 17:46:56.767" level="INFO">Slept 1 second</msg>
<msg timestamp="20200626 17:46:56.768" level="INFO">Wait in order to verify the values</msg>
<status status="PASS" starttime="20200626 17:46:55.765" endtime="20200626 17:46:56.768"></status>
</kw>
<kw name="Verify That The Value Of &quot;${fieldName}&quot; Field In Context Form Is &quot;${value}&quot;" library="CommonContextWeb">
<doc>This keyword for JMap Web, allows to verify the value of the "Title" and "Description" fields of the context's form</doc>
<kw name="Set Locator Of Context Field" library="CommonContextWeb">
<doc>This keyword for JMap Web, allows to set the locator of the "Title" or "Description" fields of the context's form</doc>
<arguments>
<arg>${fieldName}</arg>
</arguments>
<assign>
<var>${locator}</var>
</assign>
<kw name="Set Variable If" library="BuiltIn">
<doc>Sets variable based on the given condition.</doc>
<arguments>
<arg>'${fieldName}'=='Title'</arg>
<arg>xpath=//input[@placeholder='${fieldName}']</arg>
<arg>'${fieldName}'=='Description'</arg>
<arg>xpath=//textarea[@placeholder='${fieldName}']</arg>
</arguments>
<assign>
<var>${locator}</var>
</assign>
<kw name="Set Variable If" library="BuiltIn">
<doc>Sets variable based on the given condition.</doc>
<arguments>
<arg>'${fieldName}'=='Description'</arg>
<arg>xpath=//textarea[@placeholder='${fieldName}']</arg>
</arguments>
<status status="PASS" starttime="20200626 17:46:56.774" endtime="20200626 17:46:56.776"></status>
</kw>
<msg timestamp="20200626 17:46:56.776" level="INFO">${locator} = xpath=//textarea[@placeholder='Description']</msg>
<status status="PASS" starttime="20200626 17:46:56.773" endtime="20200626 17:46:56.777"></status>
</kw>
<msg timestamp="20200626 17:46:56.778" level="INFO">${locator} = xpath=//textarea[@placeholder='Description']</msg>
<status status="PASS" starttime="20200626 17:46:56.771" endtime="20200626 17:46:56.778"></status>
</kw>
<kw name="Wait Until Element Is Enabled" library="SeleniumLibrary">
<doc>Waits until the element ``locator`` is enabled.</doc>
<arguments>
<arg>${locator}</arg>
<arg>7s</arg>
</arguments>
<status status="PASS" starttime="20200626 17:46:56.779" endtime="20200626 17:46:56.864"></status>
</kw>
<kw name="Get Value" library="SeleniumLibrary">
<doc>Returns the value attribute of the element identified by ``locator``.</doc>
<arguments>
<arg>${locator}</arg>
</arguments>
<assign>
<var>${curValue}</var>
</assign>
<msg timestamp="20200626 17:46:56.924" level="INFO">${curValue} = Description of update a Context</msg>
<status status="PASS" starttime="20200626 17:46:56.864" endtime="20200626 17:46:56.924"></status>
</kw>
<kw name="Run Keyword And Continue On Failure" library="BuiltIn">
<doc>Runs the keyword and continues execution even if a failure occurs.</doc>
<arguments>
<arg>Should Be Equal As Strings</arg>
<arg>${curValue}</arg>
<arg>${value}</arg>
<arg>msg=The Value Of "${fieldName}" Field Is "${curValue}". However, it should be "${value}"</arg>
</arguments>
<kw name="Should Be Equal As Strings" library="BuiltIn">
<doc>Fails if objects are unequal after converting them to strings.</doc>
<arguments>
<arg>${curValue}</arg>
<arg>${value}</arg>
<arg>msg=The Value Of "${fieldName}" Field Is "${curValue}". However, it should be "${value}"</arg>
</arguments>
<status status="PASS" starttime="20200626 17:46:56.926" endtime="20200626 17:46:56.927"></status>
</kw>
<status status="PASS" starttime="20200626 17:46:56.925" endtime="20200626 17:46:56.928"></status>
</kw>
<kw name="Run Keyword If" library="BuiltIn">
<doc>Runs the given keyword with the given arguments, if ``condition`` is true.</doc>
<arguments>
<arg>"${curValue}"=="${value}"</arg>
<arg>Log</arg>
<arg>-----&gt; The Field "${fieldName}" IS REALLY CONTAINS the value: "${value}" =======================</arg>
<arg>console=yes</arg>
</arguments>
<kw name="Log" library="BuiltIn">
<doc>Logs the given message with the given level.</doc>
<arguments>
<arg>-----&gt; The Field "${fieldName}" IS REALLY CONTAINS the value: "${value}" =======================</arg>
<arg>console=yes</arg>
</arguments>
<msg timestamp="20200626 17:46:56.930" level="INFO">-----&gt; The Field "Description" IS REALLY CONTAINS the value: "Description of update a Context" =======================</msg>
<status status="PASS" starttime="20200626 17:46:56.929" endtime="20200626 17:46:56.931"></status>
</kw>
<status status="PASS" starttime="20200626 17:46:56.928" endtime="20200626 17:46:56.931"></status>
</kw>
<status status="PASS" starttime="20200626 17:46:56.769" endtime="20200626 17:46:56.932"></status>
</kw>
<status status="PASS" starttime="20200626 17:46:55.248" endtime="20200626 17:46:56.932"></status>
</kw>
<kw name="Save Context" library="CommonContextWeb">
<doc>This keyword for JMap Web, allows to click on the "SAVE" button of the context's form</doc>
<kw name="Log" library="BuiltIn">
<doc>Logs the given message with the given level.</doc>
<arguments>
<arg>\n====================== Save The Context's Form =======================</arg>
<arg>console=yes</arg>
</arguments>
<msg timestamp="20200626 17:46:56.934" level="INFO">
====================== Save The Context's Form =======================</msg>
<status status="PASS" starttime="20200626 17:46:56.934" endtime="20200626 17:46:56.935"></status>
</kw>
<kw name="Run Keyword And Continue On Failure" library="BuiltIn">
<doc>Runs the keyword and continues execution even if a failure occurs.</doc>
<arguments>
<arg>Wait Until Element Is Enabled</arg>
<arg>xpath://a[@class='btn btn-default btn-primary']</arg>
<arg>timeout=10s</arg>
</arguments>
<kw name="Wait Until Element Is Enabled" library="SeleniumLibrary">
<doc>Waits until the element ``locator`` is enabled.</doc>
<arguments>
<arg>xpath://a[@class='btn btn-default btn-primary']</arg>
<arg>timeout=10s</arg>
</arguments>
<status status="PASS" starttime="20200626 17:46:56.936" endtime="20200626 17:46:57.018"></status>
</kw>
<status status="PASS" starttime="20200626 17:46:56.935" endtime="20200626 17:46:57.018"></status>
</kw>
<kw name="Run Keyword And Continue On Failure" library="BuiltIn">
<doc>Runs the keyword and continues execution even if a failure occurs.</doc>
<arguments>
<arg>Click Element</arg>
<arg>xpath://a[@class='btn btn-default btn-primary']</arg>
</arguments>
<kw name="Click Element" library="SeleniumLibrary">
<doc>Click the element identified by ``locator``.</doc>
<arguments>
<arg>xpath://a[@class='btn btn-default btn-primary']</arg>
</arguments>
<msg timestamp="20200626 17:46:57.020" level="INFO">Clicking element 'xpath://a[@class='btn btn-default btn-primary']'.</msg>
<status status="PASS" starttime="20200626 17:46:57.020" endtime="20200626 17:46:57.264"></status>
</kw>
<status status="PASS" starttime="20200626 17:46:57.019" endtime="20200626 17:46:57.264"></status>
</kw>
<kw name="Sleep" library="BuiltIn">
<doc>Pauses the test executed for the given time.</doc>
<arguments>
<arg>1s</arg>
</arguments>
<msg timestamp="20200626 17:46:58.265" level="INFO">Slept 1 second</msg>
<status status="PASS" starttime="20200626 17:46:57.265" endtime="20200626 17:46:58.265"></status>
</kw>
<status status="PASS" starttime="20200626 17:46:56.933" endtime="20200626 17:46:58.266"></status>
</kw>
<status status="PASS" starttime="20200626 17:46:49.087" endtime="20200626 17:46:58.267"></status>
</kw>
<kw name="Update The Context &quot;Context-${FORMATED_DATE}&quot; And &quot;Description of update a Context&quot; With The Values &quot;${VALID_CONTEXTS[${i}]}&quot; And &quot;${VALID_DESCRIPTION[${i}]}&quot;" library="CommonContextWeb">
<doc>This keyword for JMap Web, allows to update an existing context</doc>
<kw name="Click On Update Icon Of The Context" library="CommonContextWeb">
<doc>This keyword for JMap Web, allows to open the form of the desired context</doc>
<arguments>
<arg>${CONTEXT_NAME}</arg>
</arguments>
<kw name="Log" library="BuiltIn">
<doc>Logs the given message with the given level.</doc>
<arguments>
<arg>\n====================== Go To Update The Context: ${CONTEXT_NAME} =======================</arg>
<arg>console=yes</arg>
</arguments>
<msg timestamp="20200626 17:46:58.273" level="INFO">
====================== Go To Update The Context: Context-20200626174649 =======================</msg>
<status status="PASS" starttime="20200626 17:46:58.272" endtime="20200626 17:46:58.273"></status>
</kw>
<kw name="Get Context" library="CommonContextWeb">
<doc>This keyword for JMap Web, allows</doc>
<arguments>
<arg>${CONTEXT_NAME}</arg>
</arguments>
<assign>
<var>@{contextInfos}</var>
</assign>
<kw name="Log" library="BuiltIn">
<doc>Logs the given message with the given level.</doc>
<arguments>
<arg>-----&gt; Go to search the Context: "${titleText}"</arg>
<arg>console=yes</arg>
</arguments>
<msg timestamp="20200626 17:46:58.277" level="INFO">-----&gt; Go to search the Context: "Context-20200626174649"</msg>
<status status="PASS" starttime="20200626 17:46:58.276" endtime="20200626 17:46:58.277"></status>
</kw>
<kw name="Get JMap Web Component Element Count" library="CommonWeb">
<doc>This keyword for JMap Web, allows to get the count of elements in a table or tab. Receive the xpath of the table and return count number</doc>
<arguments>
<arg>//div[@class='contextList']/div</arg>
</arguments>
<assign>
<var>${contextCount}</var>
</assign>
<kw name="Run Keyword And Ignore Error" library="BuiltIn">
<doc>Runs the given keyword with the given arguments and ignores possible error.</doc>
<arguments>
<arg>Wait Until Element Is Enabled</arg>
<arg>${xPath}</arg>
<arg>7s</arg>
</arguments>
<kw name="Wait Until Element Is Enabled" library="SeleniumLibrary">
<doc>Waits until the element ``locator`` is enabled.</doc>
<arguments>
<arg>${xPath}</arg>
<arg>7s</arg>
</arguments>
<status status="PASS" starttime="20200626 17:46:58.280" endtime="20200626 17:46:58.378"></status>
</kw>
<status status="PASS" starttime="20200626 17:46:58.279" endtime="20200626 17:46:58.378"></status>
</kw>
<kw name="Get Element Count" library="SeleniumLibrary">
<doc>Returns the number of elements matching ``locator``.</doc>
<arguments>
<arg>${xPath}</arg>
</arguments>
<assign>
<var>${COUNT}</var>
</assign>
<msg timestamp="20200626 17:46:58.406" level="INFO">${COUNT} = 2</msg>
<status status="PASS" starttime="20200626 17:46:58.379" endtime="20200626 17:46:58.407"></status>
</kw>
<msg timestamp="20200626 17:46:58.407" level="INFO">${contextCount} = 2</msg>
<status status="PASS" starttime="20200626 17:46:58.278" endtime="20200626 17:46:58.408"></status>
</kw>
<kw name="Set Variable If" library="BuiltIn">
<doc>Sets variable based on the given condition.</doc>
<arguments>
<arg>${contextCount} == 0</arg>
<arg>No Title</arg>
</arguments>
<assign>
<var>${curTitleContext}</var>
</assign>
<msg timestamp="20200626 17:46:58.409" level="INFO">${curTitleContext} = None</msg>
<status status="PASS" starttime="20200626 17:46:58.408" endtime="20200626 17:46:58.409"></status>
</kw>
<kw name="${i} IN RANGE [ 0 | ${contextCount} ]" type="for">
<kw name="${i} = 0" type="foritem">
<kw name="Get Text" library="SeleniumLibrary">
<doc>Returns the text value of the element identified by ``locator``.</doc>
<arguments>
<arg>//div[@class='contextList']/div[${i+1}]//div[@class='contextTitle']</arg>
</arguments>
<assign>
<var>${curTitleContext}</var>
</assign>
<msg timestamp="20200626 17:46:58.484" level="INFO">${curTitleContext} = Context-20200626174649</msg>
<status status="PASS" starttime="20200626 17:46:58.411" endtime="20200626 17:46:58.484"></status>
</kw>
<kw name="Exit For Loop If" library="BuiltIn">
<doc>Stops executing the enclosing for loop if the ``condition`` is true.</doc>
<arguments>
<arg>"${curTitleContext}"=="${titleText}"</arg>
</arguments>
<msg timestamp="20200626 17:46:58.486" level="INFO">Exiting for loop altogether.</msg>
<status status="PASS" starttime="20200626 17:46:58.485" endtime="20200626 17:46:58.486"></status>
</kw>
<status status="PASS" starttime="20200626 17:46:58.410" endtime="20200626 17:46:58.487"></status>
</kw>
<status status="PASS" starttime="20200626 17:46:58.410" endtime="20200626 17:46:58.487"></status>
</kw>
<kw name="Run Keyword If" library="BuiltIn">
<doc>Runs the given keyword with the given arguments, if ``condition`` is true.</doc>
<arguments>
<arg>${contextCount} &gt; 0</arg>
<arg>Get Text</arg>
<arg>//div[@class='contextList']/div[${i+1}]//div[@class='contextDescription']</arg>
</arguments>
<assign>
<var>${curDescContext}</var>
</assign>
<kw name="Get Text" library="SeleniumLibrary">
<doc>Returns the text value of the element identified by ``locator``.</doc>
<arguments>
<arg>//div[@class='contextList']/div[${i+1}]//div[@class='contextDescription']</arg>
</arguments>
<status status="PASS" starttime="20200626 17:46:58.489" endtime="20200626 17:46:58.561"></status>
</kw>
<msg timestamp="20200626 17:46:58.562" level="INFO">${curDescContext} = Description of update a Context</msg>
<status status="PASS" starttime="20200626 17:46:58.488" endtime="20200626 17:46:58.562"></status>
</kw>
<kw name="Run Keyword If" library="BuiltIn">
<doc>Runs the given keyword with the given arguments, if ``condition`` is true.</doc>
<arguments>
<arg>"${curTitleContext}"=="${titleText}"</arg>
<arg>Create List</arg>
<arg>${i+1}</arg>
<arg>${curTitleContext}</arg>
<arg>${curDescContext}</arg>
<arg>ELSE</arg>
<arg>Create List</arg>
<arg>No Context</arg>
</arguments>
<assign>
<var>@{contextInfos}</var>
</assign>
<kw name="Create List" library="BuiltIn">
<doc>Returns a list containing given items.</doc>
<arguments>
<arg>${i+1}</arg>
<arg>${curTitleContext}</arg>
<arg>${curDescContext}</arg>
</arguments>
<status status="PASS" starttime="20200626 17:46:58.563" endtime="20200626 17:46:58.564"></status>
</kw>
<msg timestamp="20200626 17:46:58.565" level="INFO">@{contextInfos} = [ 1 | Context-20200626174649 | Description of update a Context ]</msg>
<status status="PASS" starttime="20200626 17:46:58.562" endtime="20200626 17:46:58.565"></status>
</kw>
<kw name="Log" library="BuiltIn">
<doc>Logs the given message with the given level.</doc>
<arguments>
<arg>-----&gt; Context Infos : @{contextInfos}</arg>
<arg>console=yes</arg>
</arguments>
<msg timestamp="20200626 17:46:58.565" level="INFO">-----&gt; Context Infos : [1, 'Context-20200626174649', 'Description of update a Context']</msg>
<status status="PASS" starttime="20200626 17:46:58.565" endtime="20200626 17:46:58.567"></status>
</kw>
<msg timestamp="20200626 17:46:58.567" level="INFO">@{contextInfos} = [ 1 | Context-20200626174649 | Description of update a Context ]</msg>
<status status="PASS" starttime="20200626 17:46:58.274" endtime="20200626 17:46:58.567"></status>
</kw>
<kw name="Run Keyword And Continue On Failure" library="BuiltIn">
<doc>Runs the keyword and continues execution even if a failure occurs.</doc>
<arguments>
<arg>Click Element</arg>
<arg>xpath=//div[@class='contextList']/div[${contextInfos[0]}]//div[@class='updateContextButton']</arg>
</arguments>
<kw name="Click Element" library="SeleniumLibrary">
<doc>Click the element identified by ``locator``.</doc>
<arguments>
<arg>xpath=//div[@class='contextList']/div[${contextInfos[0]}]//div[@class='updateContextButton']</arg>
</arguments>
<msg timestamp="20200626 17:46:58.569" level="INFO">Clicking element 'xpath=//div[@class='contextList']/div[1]//div[@class='updateContextButton']'.</msg>
<status status="PASS" starttime="20200626 17:46:58.568" endtime="20200626 17:46:58.687"></status>
</kw>
<status status="PASS" starttime="20200626 17:46:58.568" endtime="20200626 17:46:58.687"></status>
</kw>
<kw name="Sleep" library="BuiltIn">
<doc>Pauses the test executed for the given time.</doc>
<arguments>
<arg>1s</arg>
<arg>reason=Wait for the context form to open</arg>
</arguments>
<msg timestamp="20200626 17:46:59.690" level="INFO">Slept 1 second</msg>
<msg timestamp="20200626 17:46:59.691" level="INFO">Wait for the context form to open</msg>
<status status="PASS" starttime="20200626 17:46:58.687" endtime="20200626 17:46:59.691"></status>
</kw>
<status status="PASS" starttime="20200626 17:46:58.270" endtime="20200626 17:46:59.692"></status>
</kw>
<kw name="Verify That Modal Dialog Title Is" library="CommonContextWeb">
<doc>This keyword for JMap Web, allows to verify the title (text) of the context's form</doc>
<arguments>
<arg>My maps</arg>
</arguments>
<kw name="Wait Until Element Is Enabled" library="SeleniumLibrary">
<doc>Waits until the element ``locator`` is enabled.</doc>
<arguments>
<arg>//h4[@class='modal-title']</arg>
<arg>timeout=10s</arg>
</arguments>
<status status="PASS" starttime="20200626 17:46:59.695" endtime="20200626 17:46:59.794"></status>
</kw>
<kw name="Get Text" library="SeleniumLibrary">
<doc>Returns the text value of the element identified by ``locator``.</doc>
<arguments>
<arg>//h4[@class='modal-title']</arg>
</arguments>
<assign>
<var>${getTitleForm}</var>
</assign>
<msg timestamp="20200626 17:46:59.848" level="INFO">${getTitleForm} = My maps</msg>
<status status="PASS" starttime="20200626 17:46:59.794" endtime="20200626 17:46:59.848"></status>
</kw>
<kw name="Run Keyword And Continue On Failure" library="BuiltIn">
<doc>Runs the keyword and continues execution even if a failure occurs.</doc>
<arguments>
<arg>Should Be Equal As Strings</arg>
<arg>${getTitleForm}</arg>
<arg>${texte}</arg>
<arg>message=The Modal Dialog Title is "${getTitleForm}". However, it should be "${texte}".</arg>
</arguments>
<kw name="Should Be Equal As Strings" library="BuiltIn">
<doc>Fails if objects are unequal after converting them to strings.</doc>
<arguments>
<arg>${getTitleForm}</arg>
<arg>${texte}</arg>
<arg>message=The Modal Dialog Title is "${getTitleForm}". However, it should be "${texte}".</arg>
</arguments>
<status status="PASS" starttime="20200626 17:46:59.850" endtime="20200626 17:46:59.851"></status>
</kw>
<status status="PASS" starttime="20200626 17:46:59.849" endtime="20200626 17:46:59.851"></status>
</kw>
<kw name="Run Keyword If" library="BuiltIn">
<doc>Runs the given keyword with the given arguments, if ``condition`` is true.</doc>
<arguments>
<arg>"${getTitleForm}"=="${texte}"</arg>
<arg>Log</arg>
<arg>-----&gt; The title of the current Modal Dialog IS REALLY: "${texte}".</arg>
<arg>console=yes</arg>
</arguments>
<kw name="Log" library="BuiltIn">
<doc>Logs the given message with the given level.</doc>
<arguments>
<arg>-----&gt; The title of the current Modal Dialog IS REALLY: "${texte}".</arg>
<arg>console=yes</arg>
</arguments>
<msg timestamp="20200626 17:46:59.853" level="INFO">-----&gt; The title of the current Modal Dialog IS REALLY: "My maps".</msg>
<status status="PASS" starttime="20200626 17:46:59.853" endtime="20200626 17:46:59.854"></status>
</kw>
<status status="PASS" starttime="20200626 17:46:59.852" endtime="20200626 17:46:59.854"></status>
</kw>
<status status="PASS" starttime="20200626 17:46:59.693" endtime="20200626 17:46:59.854"></status>
</kw>
<kw name="Verify That The Value Of &quot;Title&quot; Field In Context Form Is &quot;${CONTEXT_NAME}&quot;" library="CommonContextWeb">
<doc>This keyword for JMap Web, allows to verify the value of the "Title" and "Description" fields of the context's form</doc>
<kw name="Set Locator Of Context Field" library="CommonContextWeb">
<doc>This keyword for JMap Web, allows to set the locator of the "Title" or "Description" fields of the context's form</doc>
<arguments>
<arg>${fieldName}</arg>
</arguments>
<assign>
<var>${locator}</var>
</assign>
<kw name="Set Variable If" library="BuiltIn">
<doc>Sets variable based on the given condition.</doc>
<arguments>
<arg>'${fieldName}'=='Title'</arg>
<arg>xpath=//input[@placeholder='${fieldName}']</arg>
<arg>'${fieldName}'=='Description'</arg>
<arg>xpath=//textarea[@placeholder='${fieldName}']</arg>
</arguments>
<assign>
<var>${locator}</var>
</assign>
<msg timestamp="20200626 17:46:59.857" level="INFO">${locator} = xpath=//input[@placeholder='Title']</msg>
<status status="PASS" starttime="20200626 17:46:59.857" endtime="20200626 17:46:59.858"></status>
</kw>
<msg timestamp="20200626 17:46:59.858" level="INFO">${locator} = xpath=//input[@placeholder='Title']</msg>
<status status="PASS" starttime="20200626 17:46:59.856" endtime="20200626 17:46:59.858"></status>
</kw>
<kw name="Wait Until Element Is Enabled" library="SeleniumLibrary">
<doc>Waits until the element ``locator`` is enabled.</doc>
<arguments>
<arg>${locator}</arg>
<arg>7s</arg>
</arguments>
<status status="PASS" starttime="20200626 17:46:59.859" endtime="20200626 17:46:59.934"></status>
</kw>
<kw name="Get Value" library="SeleniumLibrary">
<doc>Returns the value attribute of the element identified by ``locator``.</doc>
<arguments>
<arg>${locator}</arg>
</arguments>
<assign>
<var>${curValue}</var>
</assign>
<msg timestamp="20200626 17:47:00.001" level="INFO">${curValue} = Context-20200626174649</msg>
<status status="PASS" starttime="20200626 17:46:59.934" endtime="20200626 17:47:00.002"></status>
</kw>
<kw name="Run Keyword And Continue On Failure" library="BuiltIn">
<doc>Runs the keyword and continues execution even if a failure occurs.</doc>
<arguments>
<arg>Should Be Equal As Strings</arg>
<arg>${curValue}</arg>
<arg>${value}</arg>
<arg>msg=The Value Of "${fieldName}" Field Is "${curValue}". However, it should be "${value}"</arg>
</arguments>
<kw name="Should Be Equal As Strings" library="BuiltIn">
<doc>Fails if objects are unequal after converting them to strings.</doc>
<arguments>
<arg>${curValue}</arg>
<arg>${value}</arg>
<arg>msg=The Value Of "${fieldName}" Field Is "${curValue}". However, it should be "${value}"</arg>
</arguments>
<status status="PASS" starttime="20200626 17:47:00.005" endtime="20200626 17:47:00.007"></status>
</kw>
<status status="PASS" starttime="20200626 17:47:00.004" endtime="20200626 17:47:00.008"></status>
</kw>
<kw name="Run Keyword If" library="BuiltIn">
<doc>Runs the given keyword with the given arguments, if ``condition`` is true.</doc>
<arguments>
<arg>"${curValue}"=="${value}"</arg>
<arg>Log</arg>
<arg>-----&gt; The Field "${fieldName}" IS REALLY CONTAINS the value: "${value}" =======================</arg>
<arg>console=yes</arg>
</arguments>
<kw name="Log" library="BuiltIn">
<doc>Logs the given message with the given level.</doc>
<arguments>
<arg>-----&gt; The Field "${fieldName}" IS REALLY CONTAINS the value: "${value}" =======================</arg>
<arg>console=yes</arg>
</arguments>
<msg timestamp="20200626 17:47:00.013" level="INFO">-----&gt; The Field "Title" IS REALLY CONTAINS the value: "Context-20200626174649" =======================</msg>
<status status="PASS" starttime="20200626 17:47:00.011" endtime="20200626 17:47:00.013"></status>
</kw>
<status status="PASS" starttime="20200626 17:47:00.009" endtime="20200626 17:47:00.013"></status>
</kw>
<status status="PASS" starttime="20200626 17:46:59.855" endtime="20200626 17:47:00.015"></status>
</kw>
<kw name="Verify That The Value Of &quot;Description&quot; Field In Context Form Is &quot;${CONTEXT_DESCRIPTION}&quot;" library="CommonContextWeb">
<doc>This keyword for JMap Web, allows to verify the value of the "Title" and "Description" fields of the context's form</doc>
<kw name="Set Locator Of Context Field" library="CommonContextWeb">
<doc>This keyword for JMap Web, allows to set the locator of the "Title" or "Description" fields of the context's form</doc>
<arguments>
<arg>${fieldName}</arg>
</arguments>
<assign>
<var>${locator}</var>
</assign>
<kw name="Set Variable If" library="BuiltIn">
<doc>Sets variable based on the given condition.</doc>
<arguments>
<arg>'${fieldName}'=='Title'</arg>
<arg>xpath=//input[@placeholder='${fieldName}']</arg>
<arg>'${fieldName}'=='Description'</arg>
<arg>xpath=//textarea[@placeholder='${fieldName}']</arg>
</arguments>
<assign>
<var>${locator}</var>
</assign>
<kw name="Set Variable If" library="BuiltIn">
<doc>Sets variable based on the given condition.</doc>
<arguments>
<arg>'${fieldName}'=='Description'</arg>
<arg>xpath=//textarea[@placeholder='${fieldName}']</arg>
</arguments>
<status status="PASS" starttime="20200626 17:47:00.018" endtime="20200626 17:47:00.020"></status>
</kw>
<msg timestamp="20200626 17:47:00.020" level="INFO">${locator} = xpath=//textarea[@placeholder='Description']</msg>
<status status="PASS" starttime="20200626 17:47:00.018" endtime="20200626 17:47:00.020"></status>
</kw>
<msg timestamp="20200626 17:47:00.021" level="INFO">${locator} = xpath=//textarea[@placeholder='Description']</msg>
<status status="PASS" starttime="20200626 17:47:00.016" endtime="20200626 17:47:00.021"></status>
</kw>
<kw name="Wait Until Element Is Enabled" library="SeleniumLibrary">
<doc>Waits until the element ``locator`` is enabled.</doc>
<arguments>
<arg>${locator}</arg>
<arg>7s</arg>
</arguments>
<status status="PASS" starttime="20200626 17:47:00.022" endtime="20200626 17:47:00.092"></status>
</kw>
<kw name="Get Value" library="SeleniumLibrary">
<doc>Returns the value attribute of the element identified by ``locator``.</doc>
<arguments>
<arg>${locator}</arg>
</arguments>
<assign>
<var>${curValue}</var>
</assign>
<msg timestamp="20200626 17:47:00.137" level="INFO">${curValue} = Description of update a Context</msg>
<status status="PASS" starttime="20200626 17:47:00.092" endtime="20200626 17:47:00.137"></status>
</kw>
<kw name="Run Keyword And Continue On Failure" library="BuiltIn">
<doc>Runs the keyword and continues execution even if a failure occurs.</doc>
<arguments>
<arg>Should Be Equal As Strings</arg>
<arg>${curValue}</arg>
<arg>${value}</arg>
<arg>msg=The Value Of "${fieldName}" Field Is "${curValue}". However, it should be "${value}"</arg>
</arguments>
<kw name="Should Be Equal As Strings" library="BuiltIn">
<doc>Fails if objects are unequal after converting them to strings.</doc>
<arguments>
<arg>${curValue}</arg>
<arg>${value}</arg>
<arg>msg=The Value Of "${fieldName}" Field Is "${curValue}". However, it should be "${value}"</arg>
</arguments>
<status status="PASS" starttime="20200626 17:47:00.139" endtime="20200626 17:47:00.140"></status>
</kw>
<status status="PASS" starttime="20200626 17:47:00.138" endtime="20200626 17:47:00.140"></status>
</kw>
<kw name="Run Keyword If" library="BuiltIn">
<doc>Runs the given keyword with the given arguments, if ``condition`` is true.</doc>
<arguments>
<arg>"${curValue}"=="${value}"</arg>
<arg>Log</arg>
<arg>-----&gt; The Field "${fieldName}" IS REALLY CONTAINS the value: "${value}" =======================</arg>
<arg>console=yes</arg>
</arguments>
<kw name="Log" library="BuiltIn">
<doc>Logs the given message with the given level.</doc>
<arguments>
<arg>-----&gt; The Field "${fieldName}" IS REALLY CONTAINS the value: "${value}" =======================</arg>
<arg>console=yes</arg>
</arguments>
<msg timestamp="20200626 17:47:00.142" level="INFO">-----&gt; The Field "Description" IS REALLY CONTAINS the value: "Description of update a Context" =======================</msg>
<status status="PASS" starttime="20200626 17:47:00.141" endtime="20200626 17:47:00.143"></status>
</kw>
<status status="PASS" starttime="20200626 17:47:00.140" endtime="20200626 17:47:00.143"></status>
</kw>
<status status="PASS" starttime="20200626 17:47:00.015" endtime="20200626 17:47:00.143"></status>
</kw>
<kw name="Enter Value &quot;${NEW_CONTEXT_NAME}&quot; In &quot;Title&quot; Field" library="CommonContextWeb">
<doc>This keyword for JMap Web, allows to enter a value in the "Title" field of the context's form</doc>
<kw name="Log" library="BuiltIn">
<doc>Logs the given message with the given level.</doc>
<arguments>
<arg>\n====================== Go to fill the field "${fieldName}" with: "${value}" =======================</arg>
<arg>console=yes</arg>
</arguments>
<msg timestamp="20200626 17:47:00.174" level="INFO">
====================== Go to fill the field "Title" with: "c" =======================</msg>
<status status="PASS" starttime="20200626 17:47:00.145" endtime="20200626 17:47:00.174"></status>
</kw>
<kw name="Set Locator Of Context Field" library="CommonContextWeb">
<doc>This keyword for JMap Web, allows to set the locator of the "Title" or "Description" fields of the context's form</doc>
<arguments>
<arg>${fieldName}</arg>
</arguments>
<assign>
<var>${locator}</var>
</assign>
<kw name="Set Variable If" library="BuiltIn">
<doc>Sets variable based on the given condition.</doc>
<arguments>
<arg>'${fieldName}'=='Title'</arg>
<arg>xpath=//input[@placeholder='${fieldName}']</arg>
<arg>'${fieldName}'=='Description'</arg>
<arg>xpath=//textarea[@placeholder='${fieldName}']</arg>
</arguments>
<assign>
<var>${locator}</var>
</assign>
<msg timestamp="20200626 17:47:00.176" level="INFO">${locator} = xpath=//input[@placeholder='Title']</msg>
<status status="PASS" starttime="20200626 17:47:00.175" endtime="20200626 17:47:00.176"></status>
</kw>
<msg timestamp="20200626 17:47:00.176" level="INFO">${locator} = xpath=//input[@placeholder='Title']</msg>
<status status="PASS" starttime="20200626 17:47:00.175" endtime="20200626 17:47:00.176"></status>
</kw>
<kw name="Set Selenium Speed" library="SeleniumLibrary">
<doc>Sets the delay that is waited after each Selenium command.</doc>
<arguments>
<arg>0.01 seconds</arg>
</arguments>
<status status="PASS" starttime="20200626 17:47:00.177" endtime="20200626 17:47:00.177"></status>
</kw>
<kw name="Wait Until Element Is Enabled" library="SeleniumLibrary">
<doc>Waits until the element ``locator`` is enabled.</doc>
<arguments>
<arg>${locator}</arg>
<arg>timeout=10s</arg>
</arguments>
<status status="PASS" starttime="20200626 17:47:00.177" endtime="20200626 17:47:00.233"></status>
</kw>
<kw name="Clear Element Text" library="SeleniumLibrary">
<doc>Clears the value of the text-input-element identified by ``locator``.</doc>
<arguments>
<arg>${locator}</arg>
</arguments>
<status status="PASS" starttime="20200626 17:47:00.233" endtime="20200626 17:47:00.305"></status>
</kw>
<kw name="Run Keyword If" library="BuiltIn">
<doc>Runs the given keyword with the given arguments, if ``condition`` is true.</doc>
<arguments>
<arg>"${value}"!="${EMPTY}"</arg>
<arg>Input Text</arg>
<arg>${locator}</arg>
<arg>${value}</arg>
</arguments>
<kw name="Input Text" library="SeleniumLibrary">
<doc>Types the given ``text`` into the text field identified by ``locator``.</doc>
<arguments>
<arg>${locator}</arg>
<arg>${value}</arg>
</arguments>
<msg timestamp="20200626 17:47:00.309" level="INFO">Typing text 'c' into text field 'xpath=//input[@placeholder='Title']'.</msg>
<status status="PASS" starttime="20200626 17:47:00.308" endtime="20200626 17:47:00.527"></status>
</kw>
<status status="PASS" starttime="20200626 17:47:00.306" endtime="20200626 17:47:00.528"></status>
</kw>
<kw name="Sleep" library="BuiltIn">
<doc>Pauses the test executed for the given time.</doc>
<arguments>
<arg>1s</arg>
<arg>reason=Wait in order to verify the values</arg>
</arguments>
<msg timestamp="20200626 17:47:01.529" level="INFO">Slept 1 second</msg>
<msg timestamp="20200626 17:47:01.529" level="INFO">Wait in order to verify the values</msg>
<status status="PASS" starttime="20200626 17:47:00.528" endtime="20200626 17:47:01.530"></status>
</kw>
<kw name="Verify That The Value Of &quot;${fieldName}&quot; Field In Context Form Is &quot;${value}&quot;" library="CommonContextWeb">
<doc>This keyword for JMap Web, allows to verify the value of the "Title" and "Description" fields of the context's form</doc>
<kw name="Set Locator Of Context Field" library="CommonContextWeb">
<doc>This keyword for JMap Web, allows to set the locator of the "Title" or "Description" fields of the context's form</doc>
<arguments>
<arg>${fieldName}</arg>
</arguments>
<assign>
<var>${locator}</var>
</assign>
<kw name="Set Variable If" library="BuiltIn">
<doc>Sets variable based on the given condition.</doc>
<arguments>
<arg>'${fieldName}'=='Title'</arg>
<arg>xpath=//input[@placeholder='${fieldName}']</arg>
<arg>'${fieldName}'=='Description'</arg>
<arg>xpath=//textarea[@placeholder='${fieldName}']</arg>
</arguments>
<assign>
<var>${locator}</var>
</assign>
<msg timestamp="20200626 17:47:01.535" level="INFO">${locator} = xpath=//input[@placeholder='Title']</msg>
<status status="PASS" starttime="20200626 17:47:01.534" endtime="20200626 17:47:01.536"></status>
</kw>
<msg timestamp="20200626 17:47:01.536" level="INFO">${locator} = xpath=//input[@placeholder='Title']</msg>
<status status="PASS" starttime="20200626 17:47:01.532" endtime="20200626 17:47:01.537"></status>
</kw>
<kw name="Wait Until Element Is Enabled" library="SeleniumLibrary">
<doc>Waits until the element ``locator`` is enabled.</doc>
<arguments>
<arg>${locator}</arg>
<arg>7s</arg>
</arguments>
<status status="PASS" starttime="20200626 17:47:01.538" endtime="20200626 17:47:01.624"></status>
</kw>
<kw name="Get Value" library="SeleniumLibrary">
<doc>Returns the value attribute of the element identified by ``locator``.</doc>
<arguments>
<arg>${locator}</arg>
</arguments>
<assign>
<var>${curValue}</var>
</assign>
<msg timestamp="20200626 17:47:01.681" level="INFO">${curValue} = c</msg>
<status status="PASS" starttime="20200626 17:47:01.625" endtime="20200626 17:47:01.681"></status>
</kw>
<kw name="Run Keyword And Continue On Failure" library="BuiltIn">
<doc>Runs the keyword and continues execution even if a failure occurs.</doc>
<arguments>
<arg>Should Be Equal As Strings</arg>
<arg>${curValue}</arg>
<arg>${value}</arg>
<arg>msg=The Value Of "${fieldName}" Field Is "${curValue}". However, it should be "${value}"</arg>
</arguments>
<kw name="Should Be Equal As Strings" library="BuiltIn">
<doc>Fails if objects are unequal after converting them to strings.</doc>
<arguments>
<arg>${curValue}</arg>
<arg>${value}</arg>
<arg>msg=The Value Of "${fieldName}" Field Is "${curValue}". However, it should be "${value}"</arg>
</arguments>
<status status="PASS" starttime="20200626 17:47:01.684" endtime="20200626 17:47:01.685"></status>
</kw>
<status status="PASS" starttime="20200626 17:47:01.682" endtime="20200626 17:47:01.686"></status>
</kw>
<kw name="Run Keyword If" library="BuiltIn">
<doc>Runs the given keyword with the given arguments, if ``condition`` is true.</doc>
<arguments>
<arg>"${curValue}"=="${value}"</arg>
<arg>Log</arg>
<arg>-----&gt; The Field "${fieldName}" IS REALLY CONTAINS the value: "${value}" =======================</arg>
<arg>console=yes</arg>
</arguments>
<kw name="Log" library="BuiltIn">
<doc>Logs the given message with the given level.</doc>
<arguments>
<arg>-----&gt; The Field "${fieldName}" IS REALLY CONTAINS the value: "${value}" =======================</arg>
<arg>console=yes</arg>
</arguments>
<msg timestamp="20200626 17:47:01.690" level="INFO">-----&gt; The Field "Title" IS REALLY CONTAINS the value: "c" =======================</msg>
<status status="PASS" starttime="20200626 17:47:01.688" endtime="20200626 17:47:01.690"></status>
</kw>
<status status="PASS" starttime="20200626 17:47:01.687" endtime="20200626 17:47:01.690"></status>
</kw>
<status status="PASS" starttime="20200626 17:47:01.531" endtime="20200626 17:47:01.692"></status>
</kw>
<status status="PASS" starttime="20200626 17:47:00.144" endtime="20200626 17:47:01.692"></status>
</kw>
<kw name="Enter Value &quot;${NEW_CONTEXT_DESCRIPTION}&quot; In &quot;Description&quot; Field" library="CommonContextWeb">
<doc>This keyword for JMap Web, allows to enter a value in the "Title" field of the context's form</doc>
<kw name="Log" library="BuiltIn">
<doc>Logs the given message with the given level.</doc>
<arguments>
<arg>\n====================== Go to fill the field "${fieldName}" with: "${value}" =======================</arg>
<arg>console=yes</arg>
</arguments>
<msg timestamp="20200626 17:47:01.696" level="INFO">
====================== Go to fill the field "Description" with: "" =======================</msg>
<status status="PASS" starttime="20200626 17:47:01.695" endtime="20200626 17:47:01.697"></status>
</kw>
<kw name="Set Locator Of Context Field" library="CommonContextWeb">
<doc>This keyword for JMap Web, allows to set the locator of the "Title" or "Description" fields of the context's form</doc>
<arguments>
<arg>${fieldName}</arg>
</arguments>
<assign>
<var>${locator}</var>
</assign>
<kw name="Set Variable If" library="BuiltIn">
<doc>Sets variable based on the given condition.</doc>
<arguments>
<arg>'${fieldName}'=='Title'</arg>
<arg>xpath=//input[@placeholder='${fieldName}']</arg>
<arg>'${fieldName}'=='Description'</arg>
<arg>xpath=//textarea[@placeholder='${fieldName}']</arg>
</arguments>
<assign>
<var>${locator}</var>
</assign>
<kw name="Set Variable If" library="BuiltIn">
<doc>Sets variable based on the given condition.</doc>
<arguments>
<arg>'${fieldName}'=='Description'</arg>
<arg>xpath=//textarea[@placeholder='${fieldName}']</arg>
</arguments>
<status status="PASS" starttime="20200626 17:47:01.701" endtime="20200626 17:47:01.702"></status>
</kw>
<msg timestamp="20200626 17:47:01.703" level="INFO">${locator} = xpath=//textarea[@placeholder='Description']</msg>
<status status="PASS" starttime="20200626 17:47:01.699" endtime="20200626 17:47:01.703"></status>
</kw>
<msg timestamp="20200626 17:47:01.704" level="INFO">${locator} = xpath=//textarea[@placeholder='Description']</msg>
<status status="PASS" starttime="20200626 17:47:01.698" endtime="20200626 17:47:01.705"></status>
</kw>
<kw name="Set Selenium Speed" library="SeleniumLibrary">
<doc>Sets the delay that is waited after each Selenium command.</doc>
<arguments>
<arg>0.01 seconds</arg>
</arguments>
<status status="PASS" starttime="20200626 17:47:01.705" endtime="20200626 17:47:01.706"></status>
</kw>
<kw name="Wait Until Element Is Enabled" library="SeleniumLibrary">
<doc>Waits until the element ``locator`` is enabled.</doc>
<arguments>
<arg>${locator}</arg>
<arg>timeout=10s</arg>
</arguments>
<status status="PASS" starttime="20200626 17:47:01.707" endtime="20200626 17:47:01.771"></status>
</kw>
<kw name="Clear Element Text" library="SeleniumLibrary">
<doc>Clears the value of the text-input-element identified by ``locator``.</doc>
<arguments>
<arg>${locator}</arg>
</arguments>
<status status="PASS" starttime="20200626 17:47:01.772" endtime="20200626 17:47:01.872"></status>
</kw>
<kw name="Run Keyword If" library="BuiltIn">
<doc>Runs the given keyword with the given arguments, if ``condition`` is true.</doc>
<arguments>
<arg>"${value}"!="${EMPTY}"</arg>
<arg>Input Text</arg>
<arg>${locator}</arg>
<arg>${value}</arg>
</arguments>
<status status="PASS" starttime="20200626 17:47:01.872" endtime="20200626 17:47:01.873"></status>
</kw>
<kw name="Sleep" library="BuiltIn">
<doc>Pauses the test executed for the given time.</doc>
<arguments>
<arg>1s</arg>
<arg>reason=Wait in order to verify the values</arg>
</arguments>
<msg timestamp="20200626 17:47:02.874" level="INFO">Slept 1 second</msg>
<msg timestamp="20200626 17:47:02.875" level="INFO">Wait in order to verify the values</msg>
<status status="PASS" starttime="20200626 17:47:01.873" endtime="20200626 17:47:02.875"></status>
</kw>
<kw name="Verify That The Value Of &quot;${fieldName}&quot; Field In Context Form Is &quot;${value}&quot;" library="CommonContextWeb">
<doc>This keyword for JMap Web, allows to verify the value of the "Title" and "Description" fields of the context's form</doc>
<kw name="Set Locator Of Context Field" library="CommonContextWeb">
<doc>This keyword for JMap Web, allows to set the locator of the "Title" or "Description" fields of the context's form</doc>
<arguments>
<arg>${fieldName}</arg>
</arguments>
<assign>
<var>${locator}</var>
</assign>
<kw name="Set Variable If" library="BuiltIn">
<doc>Sets variable based on the given condition.</doc>
<arguments>
<arg>'${fieldName}'=='Title'</arg>
<arg>xpath=//input[@placeholder='${fieldName}']</arg>
<arg>'${fieldName}'=='Description'</arg>
<arg>xpath=//textarea[@placeholder='${fieldName}']</arg>
</arguments>
<assign>
<var>${locator}</var>
</assign>
<kw name="Set Variable If" library="BuiltIn">
<doc>Sets variable based on the given condition.</doc>
<arguments>
<arg>'${fieldName}'=='Description'</arg>
<arg>xpath=//textarea[@placeholder='${fieldName}']</arg>
</arguments>
<status status="PASS" starttime="20200626 17:47:02.881" endtime="20200626 17:47:02.882"></status>
</kw>
<msg timestamp="20200626 17:47:02.883" level="INFO">${locator} = xpath=//textarea[@placeholder='Description']</msg>
<status status="PASS" starttime="20200626 17:47:02.879" endtime="20200626 17:47:02.883"></status>
</kw>
<msg timestamp="20200626 17:47:02.884" level="INFO">${locator} = xpath=//textarea[@placeholder='Description']</msg>
<status status="PASS" starttime="20200626 17:47:02.878" endtime="20200626 17:47:02.884"></status>
</kw>
<kw name="Wait Until Element Is Enabled" library="SeleniumLibrary">
<doc>Waits until the element ``locator`` is enabled.</doc>
<arguments>
<arg>${locator}</arg>
<arg>7s</arg>
</arguments>
<status status="PASS" starttime="20200626 17:47:02.885" endtime="20200626 17:47:02.968"></status>
</kw>
<kw name="Get Value" library="SeleniumLibrary">
<doc>Returns the value attribute of the element identified by ``locator``.</doc>
<arguments>
<arg>${locator}</arg>
</arguments>
<assign>
<var>${curValue}</var>
</assign>
<msg timestamp="20200626 17:47:03.007" level="INFO">${curValue} = </msg>
<status status="PASS" starttime="20200626 17:47:02.968" endtime="20200626 17:47:03.007"></status>
</kw>
<kw name="Run Keyword And Continue On Failure" library="BuiltIn">
<doc>Runs the keyword and continues execution even if a failure occurs.</doc>
<arguments>
<arg>Should Be Equal As Strings</arg>
<arg>${curValue}</arg>
<arg>${value}</arg>
<arg>msg=The Value Of "${fieldName}" Field Is "${curValue}". However, it should be "${value}"</arg>
</arguments>
<kw name="Should Be Equal As Strings" library="BuiltIn">
<doc>Fails if objects are unequal after converting them to strings.</doc>
<arguments>
<arg>${curValue}</arg>
<arg>${value}</arg>
<arg>msg=The Value Of "${fieldName}" Field Is "${curValue}". However, it should be "${value}"</arg>
</arguments>
<status status="PASS" starttime="20200626 17:47:03.009" endtime="20200626 17:47:03.009"></status>
</kw>
<status status="PASS" starttime="20200626 17:47:03.007" endtime="20200626 17:47:03.009"></status>
</kw>
<kw name="Run Keyword If" library="BuiltIn">
<doc>Runs the given keyword with the given arguments, if ``condition`` is true.</doc>
<arguments>
<arg>"${curValue}"=="${value}"</arg>
<arg>Log</arg>
<arg>-----&gt; The Field "${fieldName}" IS REALLY CONTAINS the value: "${value}" =======================</arg>
<arg>console=yes</arg>
</arguments>
<kw name="Log" library="BuiltIn">
<doc>Logs the given message with the given level.</doc>
<arguments>
<arg>-----&gt; The Field "${fieldName}" IS REALLY CONTAINS the value: "${value}" =======================</arg>
<arg>console=yes</arg>
</arguments>
<msg timestamp="20200626 17:47:03.012" level="INFO">-----&gt; The Field "Description" IS REALLY CONTAINS the value: "" =======================</msg>
<status status="PASS" starttime="20200626 17:47:03.011" endtime="20200626 17:47:03.012"></status>
</kw>
<status status="PASS" starttime="20200626 17:47:03.010" endtime="20200626 17:47:03.012"></status>
</kw>
<status status="PASS" starttime="20200626 17:47:02.876" endtime="20200626 17:47:03.013"></status>
</kw>
<status status="PASS" starttime="20200626 17:47:01.693" endtime="20200626 17:47:03.013"></status>
</kw>
<kw name="Save Context" library="CommonContextWeb">
<doc>This keyword for JMap Web, allows to click on the "SAVE" button of the context's form</doc>
<kw name="Log" library="BuiltIn">
<doc>Logs the given message with the given level.</doc>
<arguments>
<arg>\n====================== Save The Context's Form =======================</arg>
<arg>console=yes</arg>
</arguments>
<msg timestamp="20200626 17:47:03.015" level="INFO">
====================== Save The Context's Form =======================</msg>
<status status="PASS" starttime="20200626 17:47:03.014" endtime="20200626 17:47:03.015"></status>
</kw>
<kw name="Run Keyword And Continue On Failure" library="BuiltIn">
[...]
</kw>
<status status="PASS" starttime="20200626 17:50:32.402" endtime="20200626 17:50:32.719"></status>
</kw>
<status status="PASS" starttime="20200626 17:50:32.402" endtime="20200626 17:50:32.719"></status>
</kw>
<kw name="Get Length" library="BuiltIn">
<doc>Returns and logs the length of the given item as an integer.</doc>
<arguments>
<arg>${lastExecution}</arg>
</arguments>
<assign>
<var>${Length1}</var>
</assign>
<msg timestamp="20200626 17:50:32.719" level="INFO">Length is 1</msg>
<msg timestamp="20200626 17:50:32.720" level="INFO">${Length1} = 1</msg>
<status status="PASS" starttime="20200626 17:50:32.719" endtime="20200626 17:50:32.720"></status>
</kw>
<kw name="Set Variable" library="BuiltIn">
<doc>Returns the given values which can then be assigned to a variables.</doc>
<arguments>
<arg>${lastExecution[0]}</arg>
</arguments>
<assign>
<var>${lastExecution}</var>
</assign>
<msg timestamp="20200626 17:50:32.720" level="INFO">${lastExecution} = {'id': '347322', 'build_id': '881', 'tester_id': '9', 'execution_ts': '2020-06-23 20:46:47', 'status': 'p', 'testplan_id': '6381', 'tcversion_id': '8832', 'tcversion_number': '1', 'platform_id': '0', ...</msg>
<status status="PASS" starttime="20200626 17:50:32.720" endtime="20200626 17:50:32.720"></status>
</kw>
<kw name="Log" library="BuiltIn">
<doc>Logs the given message with the given level.</doc>
<arguments>
<arg>-----&gt; Last execution : ${lastExecution}</arg>
<arg>console=yes</arg>
</arguments>
<msg timestamp="20200626 17:50:32.721" level="INFO">-----&gt; Last execution : {'id': '347322', 'build_id': '881', 'tester_id': '9', 'execution_ts': '2020-06-23 20:46:47', 'status': 'p', 'testplan_id': '6381', 'tcversion_id': '8832', 'tcversion_number': '1', 'platform_id': '0', 'execution_type': '2', 'execution_duration': '3.82', 'notes': 'AUTOMATED TEST PASSED AND LAST EXECUTION TEST PASSED'}</msg>
<status status="PASS" starttime="20200626 17:50:32.721" endtime="20200626 17:50:32.721"></status>
</kw>
<kw name="Set Variable" library="BuiltIn">
<doc>Returns the given values which can then be assigned to a variables.</doc>
<arguments>
<arg>${lastExecution['id']}</arg>
</arguments>
<assign>
<var>${lastExecutionID}</var>
</assign>
<msg timestamp="20200626 17:50:32.722" level="INFO">${lastExecutionID} = 347322</msg>
<status status="PASS" starttime="20200626 17:50:32.721" endtime="20200626 17:50:32.722"></status>
</kw>
<kw name="Run Keyword If Test Passed" library="BuiltIn">
<doc>Runs the given keyword with the given arguments, if the test passed.</doc>
<arguments>
<arg>Update Test Case In Testlink With Passed</arg>
<arg>${lastExecutionID}</arg>
<arg>${lastExecution}</arg>
<arg>${testCaseID}</arg>
<arg>${testPlanID}</arg>
<arg>${latestBuildNAME}</arg>
<arg>${Elapsed}</arg>
</arguments>
<kw name="Update Test Case In Testlink With Passed" library="CommonKeywords">
<arguments>
<arg>${lastExecutionID}</arg>
<arg>${lastExecution}</arg>
<arg>${testCaseID}</arg>
<arg>${testPlanID}</arg>
<arg>${latestBuildNAME}</arg>
<arg>${Elapsed}</arg>
</arguments>
<kw name="Run Keyword If" library="BuiltIn">
<doc>Runs the given keyword with the given arguments, if ``condition`` is true.</doc>
<arguments>
<arg>'${lastExecutionID}'=='-1'</arg>
<arg>The First Execution Passed</arg>
<arg>${testCaseID}</arg>
<arg>${testPlanID}</arg>
<arg>${latestBuildNAME}</arg>
<arg>${Elapsed}</arg>
</arguments>
<status status="PASS" starttime="20200626 17:50:32.723" endtime="20200626 17:50:32.723"></status>
</kw>
<kw name="Run Keyword If" library="BuiltIn">
<doc>Runs the given keyword with the given arguments, if ``condition`` is true.</doc>
<arguments>
<arg>'${lastExecutionID}'!='-1'</arg>
<arg>The Next Execution Passed</arg>
<arg>${lastExecution}</arg>
<arg>${testCaseID}</arg>
<arg>${testPlanID}</arg>
<arg>${latestBuildNAME}</arg>
<arg>${Elapsed}</arg>
</arguments>
<kw name="The Next Execution Passed" library="CommonKeywords">
<doc>Get the attributes of the previous execution and update the test case.</doc>
<arguments>
<arg>${lastExecution}</arg>
<arg>${testCaseID}</arg>
<arg>${testPlanID}</arg>
<arg>${latestBuildNAME}</arg>
<arg>${Elapsed}</arg>
</arguments>
<kw name="Set Variable" library="BuiltIn">
<doc>Returns the given values which can then be assigned to a variables.</doc>
<arguments>
<arg>${lastExecution['notes']}</arg>
</arguments>
<assign>
<var>${lastExecutionNotes}</var>
</assign>
<msg timestamp="20200626 17:50:32.725" level="INFO">${lastExecutionNotes} = AUTOMATED TEST PASSED AND LAST EXECUTION TEST PASSED</msg>
<status status="PASS" starttime="20200626 17:50:32.725" endtime="20200626 17:50:32.725"></status>
</kw>
<kw name="Set Variable" library="BuiltIn">
<doc>Returns the given values which can then be assigned to a variables.</doc>
<arguments>
<arg>${lastExecution['status']}</arg>
</arguments>
<assign>
<var>${status}</var>
</assign>
<msg timestamp="20200626 17:50:32.726" level="INFO">${status} = p</msg>
<status status="PASS" starttime="20200626 17:50:32.726" endtime="20200626 17:50:32.726"></status>
</kw>
<kw name="Set Variable" library="BuiltIn">
<doc>Returns the given values which can then be assigned to a variables.</doc>
<arguments>
<arg>${lastExecution['tester_id']}</arg>
</arguments>
<assign>
<var>${testerid}</var>
</assign>
<msg timestamp="20200626 17:50:32.728" level="INFO">${testerid} = 9</msg>
<status status="PASS" starttime="20200626 17:50:32.727" endtime="20200626 17:50:32.728"></status>
</kw>
<kw name="Get Length" library="BuiltIn">
<doc>Returns and logs the length of the given item as an integer.</doc>
<arguments>
<arg>${issuesPrefix}</arg>
</arguments>
<assign>
<var>${lengthIssuesPrefix}</var>
</assign>
<msg timestamp="20200626 17:50:32.729" level="INFO">Length is 2</msg>
<msg timestamp="20200626 17:50:32.729" level="INFO">${lengthIssuesPrefix} = 2</msg>
<status status="PASS" starttime="20200626 17:50:32.728" endtime="20200626 17:50:32.730"></status>
</kw>
<kw name="Create List" library="BuiltIn">
<doc>Returns a list containing given items.</doc>
<assign>
<var>@{isIssuesPrefix}</var>
</assign>
<msg timestamp="20200626 17:50:32.731" level="INFO">@{isIssuesPrefix} = [ ]</msg>
<status status="PASS" starttime="20200626 17:50:32.730" endtime="20200626 17:50:32.731"></status>
</kw>
<kw name="${issue} IN [ @{issuesPrefix} ]" type="for">
<kw name="${issue} = TFIFT" type="foritem">
<kw name="Run Keyword And Return Status" library="BuiltIn">
<doc>Runs the given keyword with given arguments and returns the status as a Boolean value.</doc>
<arguments>
<arg>Should Contain</arg>
<arg>${lastExecutionNotes}</arg>
<arg>${issue}</arg>
</arguments>
<assign>
<var>${isIssue}</var>
</assign>
<kw name="Should Contain" library="BuiltIn">
<doc>Fails if ``container`` does not contain ``item`` one or more times.</doc>
<arguments>
<arg>${lastExecutionNotes}</arg>
<arg>${issue}</arg>
</arguments>
<msg timestamp="20200626 17:50:32.734" level="FAIL">'AUTOMATED TEST PASSED AND LAST EXECUTION TEST PASSED' does not contain 'TFIFT'</msg>
<status status="FAIL" starttime="20200626 17:50:32.733" endtime="20200626 17:50:32.734"></status>
</kw>
<msg timestamp="20200626 17:50:32.735" level="INFO">${isIssue} = False</msg>
<status status="PASS" starttime="20200626 17:50:32.732" endtime="20200626 17:50:32.735"></status>
</kw>
<kw name="Convert To String" library="BuiltIn">
<doc>Converts the given item to a Unicode string.</doc>
<arguments>
<arg>${isIssue}</arg>
</arguments>
<assign>
<var>${isIssue}</var>
</assign>
<msg timestamp="20200626 17:50:32.736" level="INFO">${isIssue} = False</msg>
<status status="PASS" starttime="20200626 17:50:32.735" endtime="20200626 17:50:32.736"></status>
</kw>
<kw name="Append To List" library="Collections">
<doc>Adds ``values`` to the end of ``list``.</doc>
<arguments>
<arg>${isIssuesPrefix}</arg>
<arg>${isIssue}</arg>
</arguments>
<status status="PASS" starttime="20200626 17:50:32.737" endtime="20200626 17:50:32.737"></status>
</kw>
<status status="PASS" starttime="20200626 17:50:32.732" endtime="20200626 17:50:32.738"></status>
</kw>
<kw name="${issue} = JMNG" type="foritem">
<kw name="Run Keyword And Return Status" library="BuiltIn">
<doc>Runs the given keyword with given arguments and returns the status as a Boolean value.</doc>
<arguments>
<arg>Should Contain</arg>
<arg>${lastExecutionNotes}</arg>
<arg>${issue}</arg>
</arguments>
<assign>
<var>${isIssue}</var>
</assign>
<kw name="Should Contain" library="BuiltIn">
<doc>Fails if ``container`` does not contain ``item`` one or more times.</doc>
<arguments>
<arg>${lastExecutionNotes}</arg>
<arg>${issue}</arg>
</arguments>
<msg timestamp="20200626 17:50:32.740" level="FAIL">'AUTOMATED TEST PASSED AND LAST EXECUTION TEST PASSED' does not contain 'JMNG'</msg>
<status status="FAIL" starttime="20200626 17:50:32.740" endtime="20200626 17:50:32.740"></status>
</kw>
<msg timestamp="20200626 17:50:32.741" level="INFO">${isIssue} = False</msg>
<status status="PASS" starttime="20200626 17:50:32.738" endtime="20200626 17:50:32.741"></status>
</kw>
<kw name="Convert To String" library="BuiltIn">
<doc>Converts the given item to a Unicode string.</doc>
<arguments>
<arg>${isIssue}</arg>
</arguments>
<assign>
<var>${isIssue}</var>
</assign>
<msg timestamp="20200626 17:50:32.742" level="INFO">${isIssue} = False</msg>
<status status="PASS" starttime="20200626 17:50:32.741" endtime="20200626 17:50:32.742"></status>
</kw>
<kw name="Append To List" library="Collections">
<doc>Adds ``values`` to the end of ``list``.</doc>
<arguments>
<arg>${isIssuesPrefix}</arg>
<arg>${isIssue}</arg>
</arguments>
<status status="PASS" starttime="20200626 17:50:32.743" endtime="20200626 17:50:32.743"></status>
</kw>
<status status="PASS" starttime="20200626 17:50:32.738" endtime="20200626 17:50:32.744"></status>
</kw>
<status status="PASS" starttime="20200626 17:50:32.731" endtime="20200626 17:50:32.744"></status>
</kw>
<kw name="Log" library="BuiltIn">
<doc>Logs the given message with the given level.</doc>
<arguments>
<arg>${isIssuesPrefix}</arg>
</arguments>
<msg timestamp="20200626 17:50:32.745" level="INFO">['False', 'False']</msg>
<status status="PASS" starttime="20200626 17:50:32.744" endtime="20200626 17:50:32.745"></status>
</kw>
<kw name="Run Keyword And Return Status" library="BuiltIn">
<doc>Runs the given keyword with given arguments and returns the status as a Boolean value.</doc>
<arguments>
<arg>List Should Contain Value</arg>
<arg>${isIssuesPrefix}</arg>
<arg>True</arg>
</arguments>
<assign>
<var>${isIssueInList}</var>
</assign>
<kw name="List Should Contain Value" library="Collections">
<doc>Fails if the ``value`` is not found from ``list``.</doc>
<arguments>
<arg>${isIssuesPrefix}</arg>
<arg>True</arg>
</arguments>
<msg timestamp="20200626 17:50:32.747" level="FAIL">[ False | False ] does not contain value 'True'.</msg>
<status status="FAIL" starttime="20200626 17:50:32.746" endtime="20200626 17:50:32.748"></status>
</kw>
<msg timestamp="20200626 17:50:32.748" level="INFO">${isIssueInList} = False</msg>
<status status="PASS" starttime="20200626 17:50:32.746" endtime="20200626 17:50:32.748"></status>
</kw>
<kw name="Run Keyword If" library="BuiltIn">
<doc>Runs the given keyword with the given arguments, if ``condition`` is true.</doc>
<arguments>
<arg>'${isIssueInList}' == '${True}'</arg>
<arg>Get All Ticket Keys Of The Last Execution Notes</arg>
<arg>${lastExecutionNotes}</arg>
<arg>${issuesPrefix}</arg>
<arg>${JiraUser}</arg>
<arg>${JiraToken}</arg>
<arg>ELSE</arg>
<arg>Set Variable</arg>
<arg>${EMPTY}</arg>
</arguments>
<assign>
<var>${lastExecutionNotes}</var>
</assign>
<kw name="Set Variable" library="BuiltIn">
<doc>Returns the given values which can then be assigned to a variables.</doc>
<arguments>
<arg>${EMPTY}</arg>
</arguments>
<status status="PASS" starttime="20200626 17:50:32.750" endtime="20200626 17:50:32.751"></status>
</kw>
<msg timestamp="20200626 17:50:32.751" level="INFO">${lastExecutionNotes} = </msg>
<status status="PASS" starttime="20200626 17:50:32.749" endtime="20200626 17:50:32.751"></status>
</kw>
<kw name="Run Keyword And Return Status" library="BuiltIn">
<doc>Runs the given keyword with given arguments and returns the status as a Boolean value.</doc>
<arguments>
<arg>Should Be Equal</arg>
<arg>${lastExecutionNotes}</arg>
<arg>${EMPTY}</arg>
</arguments>
<assign>
<var>${isEmpty}</var>
</assign>
<kw name="Should Be Equal" library="BuiltIn">
<doc>Fails if the given objects are unequal.</doc>
<arguments>
<arg>${lastExecutionNotes}</arg>
<arg>${EMPTY}</arg>
</arguments>
<status status="PASS" starttime="20200626 17:50:32.753" endtime="20200626 17:50:32.753"></status>
</kw>
<msg timestamp="20200626 17:50:32.754" level="INFO">${isEmpty} = True</msg>
<status status="PASS" starttime="20200626 17:50:32.752" endtime="20200626 17:50:32.754"></status>
</kw>
<kw name="Set Variable" library="BuiltIn">
<doc>Returns the given values which can then be assigned to a variables.</doc>
<arguments>
<arg>AUTOMATED TEST PASSED AND LAST EXECUTION TEST</arg>
</arguments>
<assign>
<var>${notesFinal}</var>
</assign>
<msg timestamp="20200626 17:50:32.755" level="INFO">${notesFinal} = AUTOMATED TEST PASSED AND LAST EXECUTION TEST</msg>
<status status="PASS" starttime="20200626 17:50:32.755" endtime="20200626 17:50:32.755"></status>
</kw>
<kw name="Run Keyword If" library="BuiltIn">
<doc>Runs the given keyword with the given arguments, if ``condition`` is true.</doc>
<arguments>
<arg>'${status}'=='p'</arg>
<arg>Set Variable</arg>
<arg>${notesFinal} PASSED</arg>
<arg>ELSE</arg>
<arg>Set Variable</arg>
<arg>${notesFinal} FAILED</arg>
</arguments>
<assign>
<var>${notesFinal}</var>
</assign>
<kw name="Set Variable" library="BuiltIn">
<doc>Returns the given values which can then be assigned to a variables.</doc>
<arguments>
<arg>${notesFinal} PASSED</arg>
</arguments>
<status status="PASS" starttime="20200626 17:50:32.757" endtime="20200626 17:50:32.757"></status>
</kw>
<msg timestamp="20200626 17:50:32.758" level="INFO">${notesFinal} = AUTOMATED TEST PASSED AND LAST EXECUTION TEST PASSED</msg>
<status status="PASS" starttime="20200626 17:50:32.755" endtime="20200626 17:50:32.758"></status>
</kw>
<kw name="Set Variable If" library="BuiltIn">
<doc>Sets variable based on the given condition.</doc>
<arguments>
<arg>'${isIssueInList}'=='${False}' or '${isEmpty}' == '${True}'</arg>
<arg>${notesFinal}</arg>
<arg>'${isIssueInList}'=='${True}' and '${isEmpty}' != '${True}'</arg>
<arg>${notesFinal}\nKnown Associated Issues:\n${lastExecutionNotes}</arg>
</arguments>
<assign>
<var>${notesFinal}</var>
</assign>
<msg timestamp="20200626 17:50:32.759" level="INFO">${notesFinal} = AUTOMATED TEST PASSED AND LAST EXECUTION TEST PASSED</msg>
<status status="PASS" starttime="20200626 17:50:32.758" endtime="20200626 17:50:32.759"></status>
</kw>
<kw name="Run Keyword If" library="BuiltIn">
<doc>Runs the given keyword with the given arguments, if ``condition`` is true.</doc>
<arguments>
<arg>'${status}'=='p' and '${isEmpty}' == '${True}' or '${status}'=='f' and '${isEmpty}' == '${True}'</arg>
<arg>Call Api Method</arg>
<arg>reportTCResult</arg>
<arg>${testCaseID}</arg>
<arg>${testPlanID}</arg>
<arg>${latestBuildNAME}</arg>
<arg>p</arg>
<arg>${notesFinal}</arg>
<arg>execduration=${Elapsed}</arg>
<arg>ELSE</arg>
<arg>Call Api Method</arg>
<arg>reportTCResult</arg>
<arg>${testCaseID}</arg>
<arg>${testPlanID}</arg>
<arg>${latestBuildNAME}</arg>
<arg>f</arg>
<arg>${notesFinal}</arg>
<arg>execduration=${Elapsed}</arg>
</arguments>
<kw name="Call Api Method" library="TestlinkAPILibrary">
<doc>Calls a TestLink API method and returns TestLinks server response.</doc>
<arguments>
<arg>reportTCResult</arg>
<arg>${testCaseID}</arg>
<arg>${testPlanID}</arg>
<arg>${latestBuildNAME}</arg>
<arg>p</arg>
<arg>${notesFinal}</arg>
<arg>execduration=${Elapsed}</arg>
</arguments>
<status status="PASS" starttime="20200626 17:50:32.762" endtime="20200626 17:50:33.166"></status>
</kw>
<status status="PASS" starttime="20200626 17:50:32.760" endtime="20200626 17:50:33.166"></status>
</kw>
<status status="PASS" starttime="20200626 17:50:32.724" endtime="20200626 17:50:33.166"></status>
</kw>
<status status="PASS" starttime="20200626 17:50:32.724" endtime="20200626 17:50:33.166"></status>
</kw>
<status status="PASS" starttime="20200626 17:50:32.722" endtime="20200626 17:50:33.166"></status>
</kw>
<status status="PASS" starttime="20200626 17:50:32.722" endtime="20200626 17:50:33.167"></status>
</kw>
<kw name="Run Keyword If Test Failed" library="BuiltIn">
<doc>Runs the given keyword with the given arguments, if the test failed.</doc>
<arguments>
<arg>Update Test Case In Testlink With Failed</arg>
<arg>${lastExecutionID}</arg>
<arg>${lastExecution}</arg>
<arg>${testCaseID}</arg>
<arg>${testPlanID}</arg>
<arg>${latestBuildNAME}</arg>
<arg>${Elapsed}</arg>
</arguments>
<status status="PASS" starttime="20200626 17:50:33.167" endtime="20200626 17:50:33.167"></status>
</kw>
<status status="PASS" starttime="20200626 17:50:29.486" endtime="20200626 17:50:33.167"></status>
</kw>
<status status="PASS" starttime="20200626 17:50:29.485" endtime="20200626 17:50:33.167"></status>
</kw>
<status status="PASS" starttime="20200626 17:50:22.676" endtime="20200626 17:50:33.168"></status>
</kw>
<status status="PASS" starttime="20200626 17:50:19.036" endtime="20200626 17:50:33.168"></status>
</kw>
<tags>
<tag>Time Out</tag>
</tags>
<status status="PASS" starttime="20200626 17:46:37.628" endtime="20200626 17:50:33.168" critical="yes"></status>
</test>
<doc>Manage Context Test cases</doc>
<metadata>
<item name="author">Mordjane Boussad</item>
</metadata>
<status status="PASS" starttime="20200626 17:46:36.929" endtime="20200626 17:50:33.168"></status>
</suite>
<status status="PASS" starttime="20200626 17:46:36.928" endtime="20200626 17:50:33.170"></status>
</suite>
<status status="PASS" starttime="20200626 17:46:36.926" endtime="20200626 17:50:33.172"></status>
</suite>
<status status="PASS" starttime="20200626 17:46:36.924" endtime="20200626 17:50:33.173"></status>
</suite>
<status status="PASS" starttime="20200626 17:46:36.922" endtime="20200626 17:50:33.174"></status>
</suite>
<status status="PASS" starttime="20200626 17:46:36.903" endtime="20200626 17:50:33.176"></status>
</suite>
<statistics>
<total>
<stat pass="1" fail="0">Critical Tests</stat>
<stat pass="1" fail="0">All Tests</stat>
</total>
<tag>
<stat pass="1" fail="0">Time Out</stat>
</tag>
<suite>
<stat pass="1" fail="0" id="s1" name="JMapJenkinsTests">JMapJenkinsTests</stat>
<stat pass="1" fail="0" id="s1-s1" name="Tests">JMapJenkinsTests.Tests</stat>
<stat pass="1" fail="0" id="s1-s1-s1" name="Jmap 7.0">JMapJenkinsTests.Tests.Jmap 7.0</stat>
<stat pass="1" fail="0" id="s1-s1-s1-s1" name="jmapWeb">JMapJenkinsTests.Tests.Jmap 7.0.jmapWeb</stat>
<stat pass="1" fail="0" id="s1-s1-s1-s1-s1" name="Manage Contexts">JMapJenkinsTests.Tests.Jmap 7.0.jmapWeb.Manage Contexts</stat>
<stat pass="1" fail="0" id="s1-s1-s1-s1-s1-s1" name="ManageContextsTests">JMapJenkinsTests.Tests.Jmap 7.0.jmapWeb.Manage Contexts.ManageContextsTests</stat>
</suite>
</statistics>
<errors>
<msg timestamp="20200626 17:46:37.181" level="WARN">Error in file 'C:\Users\mbous\eclipse-workspace\JMapJenkinsTests\common\admin\CommonKeywords.robot': Escaping empty cells with '\' before line continuation marker '...' is deprecated. Remove escaping before Robot Framework 3.2.</msg>
<msg timestamp="20200626 17:46:37.181" level="WARN">Error in file 'C:\Users\mbous\eclipse-workspace\JMapJenkinsTests\common\admin\CommonKeywords.robot': Escaping empty cells with '\' before line continuation marker '...' is deprecated. Remove escaping before Robot Framework 3.2.</msg>
<msg timestamp="20200626 17:46:37.181" level="WARN">Error in file 'C:\Users\mbous\eclipse-workspace\JMapJenkinsTests\common\admin\CommonKeywords.robot': Escaping empty cells with '\' before line continuation marker '...' is deprecated. Remove escaping before Robot Framework 3.2.</msg>
</errors>
</robot>
