<?xml version="1.0" encoding="UTF-8"?>
<robot generator="Robot 3.1.2 (Python 3.7.3 on win32)" generated="20200224 12:04:43.676" rpa="false">
<suite id="s1" name="CheckLanguageTests &amp; LoginAndLogoutTests">
<suite id="s1-s1" name="CheckLanguageTests" source="C:\Users\mbous\eclipse-workspace\JMapJenkinsTests\tests\jmap_7.0\jmapWeb\CheckLanguageTests.robot">
<test id="s1-s1-t1" name="JM70-930:Verify text With english language">
<kw name="Open Browser On JMap Web" library="CommonLogin" type="setup">
<doc>Open Browser with the given URL and maximize the window to the resolution</doc>
<arguments>
<arg>${URLWebApp}</arg>
<arg>${RESOLUTION_X}</arg>
<arg>${RESOLUTION_Y}</arg>
</arguments>
<kw name="Setup Metrics" library="CommonKeywords">
<doc>This Keyword give the start time when the execution of the test case starts.</doc>
<kw name="Get Current Date" library="DateTime">
<doc>Returns current local or UTC time with an optional increment.</doc>
<arguments>
<arg>result_format=epoch</arg>
</arguments>
<assign>
<var>${tc_start}</var>
</assign>
<msg timestamp="20200224 12:04:44.230" level="INFO">${tc_start} = 1582563884.22968</msg>
<status status="PASS" starttime="20200224 12:04:44.230" endtime="20200224 12:04:44.230"></status>
</kw>
<kw name="Set Test Variable" library="BuiltIn">
<doc>Makes a variable available everywhere within the scope of the current test.</doc>
<arguments>
<arg>${tc_start}</arg>
<arg>${tc_start}</arg>
</arguments>
<msg timestamp="20200224 12:04:44.231" level="INFO">${tc_start} = 1582563884.22968</msg>
<status status="PASS" starttime="20200224 12:04:44.231" endtime="20200224 12:04:44.231"></status>
</kw>
<status status="PASS" starttime="20200224 12:04:44.230" endtime="20200224 12:04:44.232"></status>
</kw>
<kw name="Open Browser" library="SeleniumLibrary">
<doc>Opens a new browser instance to the optional ``url``.</doc>
<arguments>
<arg>${vURL}</arg>
<arg>${Browser}</arg>
</arguments>
<msg timestamp="20200224 12:04:44.233" level="INFO">Opening browser 'Chrome' to base url 'http://192.168.0.33:8080/JMap_Web_WorldTest'.</msg>
<kw name="No Operation" library="BuiltIn">
<doc>Does absolutely nothing.</doc>
<status status="FAIL" starttime="20200224 12:04:54.143" endtime="20200224 12:04:54.144"></status>
</kw>
<msg timestamp="20200224 12:04:54.145" level="WARN">Keyword 'No Operation' could not be run on failure: Execution terminated by signal</msg>
<status status="FAIL" starttime="20200224 12:04:44.232" endtime="20200224 12:04:57.334"></status>
</kw>
<status status="FAIL" starttime="20200224 12:04:44.229" endtime="20200224 12:04:57.337"></status>
</kw>
<kw name="Close JMap Web" library="CommonKeywords" type="teardown">
<kw name="Close Browser" library="SeleniumLibrary">
<doc>Closes the current browser.</doc>
<status status="PASS" starttime="20200224 12:04:57.340" endtime="20200224 12:04:57.340"></status>
</kw>
<kw name="Check Metrics" library="CommonKeywords">
<doc>This Keyword used to check the elapsed time, and display it in the console.</doc>
<assign>
<var>${ElapsedTime}</var>
</assign>
<kw name="End Metrics" library="CommonKeywords">
<doc>This Keyword give the end time when the execution of the test case starts.
And it account elapsed time for the execution</doc>
<assign>
<var>${duration}</var>
</assign>
<kw name="Get Current Date" library="DateTime">
<doc>Returns current local or UTC time with an optional increment.</doc>
<arguments>
<arg>result_format=epoch</arg>
</arguments>
<assign>
<var>${tc_end}</var>
</assign>
<msg timestamp="20200224 12:04:57.342" level="INFO">${tc_end} = 1582563897.34153</msg>
<status status="PASS" starttime="20200224 12:04:57.342" endtime="20200224 12:04:57.342"></status>
</kw>
<kw name="Subtract Time From Time" library="DateTime">
<doc>Subtracts time from another time and returns the resulting time.</doc>
<arguments>
<arg>${tc_end}</arg>
<arg>${tc_start}</arg>
</arguments>
<assign>
<var>${tc_duration}</var>
</assign>
<msg timestamp="20200224 12:04:57.344" level="INFO">${tc_duration} = 13.111850023269653</msg>
<status status="PASS" starttime="20200224 12:04:57.343" endtime="20200224 12:04:57.344"></status>
</kw>
<kw name="Evaluate" library="BuiltIn">
<doc>Evaluates the given expression in Python and returns the results.</doc>
<arguments>
<arg>${tc_duration}/60</arg>
</arguments>
<assign>
<var>${tc_duration}</var>
</assign>
<msg timestamp="20200224 12:04:57.344" level="INFO">${tc_duration} = 0.2185308337211609</msg>
<status status="PASS" starttime="20200224 12:04:57.344" endtime="20200224 12:04:57.344"></status>
</kw>
<msg timestamp="20200224 12:04:57.346" level="INFO">${duration} = 0.2185308337211609</msg>
<status status="PASS" starttime="20200224 12:04:57.341" endtime="20200224 12:04:57.346"></status>
</kw>
<kw name="Set Tags" library="BuiltIn">
<doc>Adds given ``tags`` for the current test or all tests in a suite.</doc>
<arguments>
<arg>Time Out</arg>
</arguments>
<msg timestamp="20200224 12:04:57.348" level="INFO">Set tag 'Time Out'.</msg>
<status status="PASS" starttime="20200224 12:04:57.347" endtime="20200224 12:04:57.348"></status>
</kw>
<msg timestamp="20200224 12:04:57.348" level="INFO">${ElapsedTime} = 0.2185308337211609</msg>
<status status="PASS" starttime="20200224 12:04:57.341" endtime="20200224 12:04:57.348"></status>
</kw>
<kw name="Log" library="BuiltIn">
<doc>Logs the given message with the given level.</doc>
<arguments>
<arg>================================================</arg>
</arguments>
<msg timestamp="20200224 12:04:57.349" level="INFO">================================================</msg>
<status status="PASS" starttime="20200224 12:04:57.349" endtime="20200224 12:04:57.349"></status>
</kw>
<kw name="Log" library="BuiltIn">
<doc>Logs the given message with the given level.</doc>
<arguments>
<arg>${SUITE_NAME}</arg>
</arguments>
<msg timestamp="20200224 12:04:57.351" level="INFO">CheckLanguageTests &amp; LoginAndLogoutTests.CheckLanguageTests</msg>
<status status="PASS" starttime="20200224 12:04:57.351" endtime="20200224 12:04:57.351"></status>
</kw>
<kw name="Split String" library="String">
<doc>Splits the ``string`` using ``separator`` as a delimiter string.</doc>
<arguments>
<arg>${SUITE_NAME}</arg>
<arg>.</arg>
</arguments>
<assign>
<var>@{listeSuiteName}</var>
</assign>
<msg timestamp="20200224 12:04:57.352" level="INFO">@{listeSuiteName} = [ CheckLanguageTests &amp; LoginAndLogoutTests | CheckLanguageTests ]</msg>
<status status="PASS" starttime="20200224 12:04:57.352" endtime="20200224 12:04:57.352"></status>
</kw>
<kw name="Get Length" library="BuiltIn">
<doc>Returns and logs the length of the given item as an integer.</doc>
<arguments>
<arg>${listeSuiteName}</arg>
</arguments>
<assign>
<var>${LengthSuiteName}</var>
</assign>
<msg timestamp="20200224 12:04:57.354" level="INFO">Length is 2</msg>
<msg timestamp="20200224 12:04:57.354" level="INFO">${LengthSuiteName} = 2</msg>
<status status="PASS" starttime="20200224 12:04:57.353" endtime="20200224 12:04:57.354"></status>
</kw>
<kw name="Set Variable" library="BuiltIn">
<doc>Returns the given values which can then be assigned to a variables.</doc>
<arguments>
<arg>${listeSuiteName[${LengthSuiteName}-1]}</arg>
</arguments>
<assign>
<var>${suiteName}</var>
</assign>
<msg timestamp="20200224 12:04:57.355" level="INFO">${suiteName} = CheckLanguageTests</msg>
<status status="PASS" starttime="20200224 12:04:57.355" endtime="20200224 12:04:57.355"></status>
</kw>
<kw name="Split String" library="String">
<doc>Splits the ``string`` using ``separator`` as a delimiter string.</doc>
<arguments>
<arg>${suiteName}</arg>
<arg>Tests</arg>
</arguments>
<assign>
<var>@{suiteName}</var>
</assign>
<msg timestamp="20200224 12:04:57.358" level="INFO">@{suiteName} = [ CheckLanguage |  ]</msg>
<status status="PASS" starttime="20200224 12:04:57.358" endtime="20200224 12:04:57.358"></status>
</kw>
<kw name="Set Variable" library="BuiltIn">
<doc>Returns the given values which can then be assigned to a variables.</doc>
<arguments>
<arg>${suiteName[0]}</arg>
</arguments>
<assign>
<var>${suiteName}</var>
</assign>
<msg timestamp="20200224 12:04:57.359" level="INFO">${suiteName} = CheckLanguage</msg>
<status status="PASS" starttime="20200224 12:04:57.359" endtime="20200224 12:04:57.359"></status>
</kw>
<kw name="Log" library="BuiltIn">
<doc>Logs the given message with the given level.</doc>
<arguments>
<arg>${suiteName}</arg>
</arguments>
<msg timestamp="20200224 12:04:57.361" level="INFO">CheckLanguage</msg>
<status status="PASS" starttime="20200224 12:04:57.361" endtime="20200224 12:04:57.361"></status>
</kw>
<kw name="Log" library="BuiltIn">
<doc>Logs the given message with the given level.</doc>
<arguments>
<arg>================================================</arg>
</arguments>
<msg timestamp="20200224 12:04:57.362" level="INFO">================================================</msg>
<status status="PASS" starttime="20200224 12:04:57.362" endtime="20200224 12:04:57.362"></status>
</kw>
<kw name="Log" library="BuiltIn">
<doc>Logs the given message with the given level.</doc>
<arguments>
<arg>${TEST_NAME}</arg>
</arguments>
<msg timestamp="20200224 12:04:57.364" level="INFO">JM70-930:Verify text With english language</msg>
<status status="PASS" starttime="20200224 12:04:57.363" endtime="20200224 12:04:57.364"></status>
</kw>
<kw name="Split String" library="String">
<doc>Splits the ``string`` using ``separator`` as a delimiter string.</doc>
<arguments>
<arg>${TEST_NAME}</arg>
<arg>:</arg>
</arguments>
<assign>
<var>@{listeTestName}</var>
</assign>
<msg timestamp="20200224 12:04:57.365" level="INFO">@{listeTestName} = [ JM70-930 | Verify text With english language ]</msg>
<status status="PASS" starttime="20200224 12:04:57.365" endtime="20200224 12:04:57.365"></status>
</kw>
<kw name="Get Length" library="BuiltIn">
<doc>Returns and logs the length of the given item as an integer.</doc>
<arguments>
<arg>${listeTestName}</arg>
</arguments>
<assign>
<var>${LengthTest}</var>
</assign>
<msg timestamp="20200224 12:04:57.367" level="INFO">Length is 2</msg>
<msg timestamp="20200224 12:04:57.367" level="INFO">${LengthTest} = 2</msg>
<status status="PASS" starttime="20200224 12:04:57.366" endtime="20200224 12:04:57.367"></status>
</kw>
<kw name="Set Variable" library="BuiltIn">
<doc>Returns the given values which can then be assigned to a variables.</doc>
<arguments>
<arg>${listeTestName[${LengthTest}-1]}</arg>
</arguments>
<assign>
<var>${tesCaseName}</var>
</assign>
<msg timestamp="20200224 12:04:57.368" level="INFO">${tesCaseName} = Verify text With english language</msg>
<status status="PASS" starttime="20200224 12:04:57.368" endtime="20200224 12:04:57.368"></status>
</kw>
<kw name="Log" library="BuiltIn">
<doc>Logs the given message with the given level.</doc>
<arguments>
<arg>${tesCaseName}</arg>
</arguments>
<msg timestamp="20200224 12:04:57.370" level="INFO">Verify text With english language</msg>
<status status="PASS" starttime="20200224 12:04:57.369" endtime="20200224 12:04:57.370"></status>
</kw>
<kw name="Log" library="BuiltIn">
<doc>Logs the given message with the given level.</doc>
<arguments>
<arg>================================================</arg>
</arguments>
<msg timestamp="20200224 12:04:57.371" level="INFO">================================================</msg>
<status status="PASS" starttime="20200224 12:04:57.371" endtime="20200224 12:04:57.371"></status>
</kw>
<kw name="Open New Session" library="CommonKeywords">
<doc>Open new session for the given username, password and application type
The session id generated is stored in a global variable called SESSIONID.
Use ${SESSIONID} wherever you want to access to the variable's value</doc>
<arguments>
<arg>${UserName}</arg>
<arg>${Password}</arg>
<arg>${TYPE}</arg>
</arguments>
<assign>
<var>${BODY}</var>
</assign>
<kw name="Post" library="REST">
<tags>
<tag>http</tag>
</tags>
<doc>*Sends a POST request to the endpoint.*</doc>
<arguments>
<arg>http://${localhost}:${internPort}/services/rest/v2.0/session</arg>
<arg>body={"username": "${pUsername}","password": "${pPassword}","type": "${pType}"}</arg>
<arg>allow_redirects=true</arg>
<arg>headers={"Content-Type":"application/json"}</arg>
</arguments>
<status status="PASS" starttime="20200224 12:04:57.374" endtime="20200224 12:04:57.480"></status>
</kw>
<kw name="Integer" library="REST">
<tags>
<tag>assertions</tag>
</tags>
<doc>*Asserts the field as JSON integer.*</doc>
<arguments>
<arg>response status</arg>
<arg>200</arg>
</arguments>
<status status="PASS" starttime="20200224 12:04:57.481" endtime="20200224 12:04:57.481"></status>
</kw>
<kw name="String" library="REST">
<tags>
<tag>assertions</tag>
</tags>
<doc>*Asserts the field as JSON string.*</doc>
<arguments>
<arg>$.status</arg>
<arg>OK</arg>
</arguments>
<status status="PASS" starttime="20200224 12:04:57.482" endtime="20200224 12:04:57.506"></status>
</kw>
<kw name="Object" library="REST">
<tags>
<tag>assertions</tag>
</tags>
<doc>*Asserts the field as JSON object.*</doc>
<arguments>
<arg>$.result</arg>
</arguments>
<assign>
<var>${RESULT}</var>
</assign>
<msg timestamp="20200224 12:04:57.527" level="INFO">${RESULT} = [{'userFullName': 'userTest1', 'sessionId': 1042453246, 'serverVersion': '7.0 Istanbul build 133', 'userEmailAddress': '', 'sessionExceed': False}]</msg>
<status status="PASS" starttime="20200224 12:04:57.507" endtime="20200224 12:04:57.527"></status>
</kw>
<kw name="Set Variable" library="BuiltIn">
<doc>Returns the given values which can then be assigned to a variables.</doc>
<arguments>
<arg>${RESULT[0]}</arg>
</arguments>
<assign>
<var>${RESULT}</var>
</assign>
<msg timestamp="20200224 12:04:57.528" level="INFO">${RESULT} = {'userFullName': 'userTest1', 'sessionId': 1042453246, 'serverVersion': '7.0 Istanbul build 133', 'userEmailAddress': '', 'sessionExceed': False}</msg>
<status status="PASS" starttime="20200224 12:04:57.528" endtime="20200224 12:04:57.528"></status>
</kw>
<msg timestamp="20200224 12:04:57.531" level="INFO">${BODY} = {'userFullName': 'userTest1', 'sessionId': 1042453246, 'serverVersion': '7.0 Istanbul build 133', 'userEmailAddress': '', 'sessionExceed': False}</msg>
<status status="PASS" starttime="20200224 12:04:57.373" endtime="20200224 12:04:57.531"></status>
</kw>
<kw name="GET Current Session ID" library="CommonKeywords">
<doc>Get the session ID for the current session</doc>
<arguments>
<arg>${BODY}</arg>
</arguments>
<assign>
<var>${SESSIONID}</var>
</assign>
<kw name="Set Variable" library="BuiltIn">
<doc>Returns the given values which can then be assigned to a variables.</doc>
<arguments>
<arg>${pResult['sessionId']}</arg>
</arguments>
<assign>
<var>${getSessionID}</var>
</assign>
<msg timestamp="20200224 12:04:57.532" level="INFO">${getSessionID} = 1042453246</msg>
<status status="PASS" starttime="20200224 12:04:57.532" endtime="20200224 12:04:57.532"></status>
</kw>
<msg timestamp="20200224 12:04:57.534" level="INFO">${SESSIONID} = 1042453246</msg>
<status status="PASS" starttime="20200224 12:04:57.532" endtime="20200224 12:04:57.534"></status>
</kw>
<kw name="GET Current Server Version" library="CommonKeywords">
<doc>Get the server version (Build) for the current session</doc>
<arguments>
<arg>${BODY}</arg>
</arguments>
<assign>
<var>${buildName}</var>
</assign>
<kw name="Set Variable" library="BuiltIn">
<doc>Returns the given values which can then be assigned to a variables.</doc>
<arguments>
<arg>${pResult['serverVersion']}</arg>
</arguments>
<assign>
<var>${getBuild}</var>
</assign>
<msg timestamp="20200224 12:04:57.536" level="INFO">${getBuild} = 7.0 Istanbul build 133</msg>
<status status="PASS" starttime="20200224 12:04:57.536" endtime="20200224 12:04:57.536"></status>
</kw>
<msg timestamp="20200224 12:04:57.537" level="INFO">${buildName} = 7.0 Istanbul build 133</msg>
<status status="PASS" starttime="20200224 12:04:57.535" endtime="20200224 12:04:57.537"></status>
</kw>
<kw name="Set Variable" library="BuiltIn">
<doc>Returns the given values which can then be assigned to a variables.</doc>
<arguments>
<arg>JMap ${buildName}</arg>
</arguments>
<assign>
<var>${buildName}</var>
</assign>
<msg timestamp="20200224 12:04:57.539" level="INFO">${buildName} = JMap 7.0 Istanbul build 133</msg>
<status status="PASS" starttime="20200224 12:04:57.538" endtime="20200224 12:04:57.539"></status>
</kw>
<kw name="Close The Current Session" library="CommonKeywords">
<doc>Close REST API session by given session id</doc>
<arguments>
<arg>${SESSIONID}</arg>
</arguments>
<kw name="Delete" library="REST">
<tags>
<tag>http</tag>
</tags>
<doc>*Sends a DELETE request to the endpoint.*</doc>
<arguments>
<arg>http://${localhost}:${internPort}/services/rest/v2.0/session?sessionId=${SESSION}</arg>
</arguments>
<status status="PASS" starttime="20200224 12:04:57.540" endtime="20200224 12:04:57.567"></status>
</kw>
<kw name="String" library="REST">
<tags>
<tag>assertions</tag>
</tags>
<doc>*Asserts the field as JSON string.*</doc>
<arguments>
<arg>$.message</arg>
<arg>Session has been closed</arg>
</arguments>
<status status="PASS" starttime="20200224 12:04:57.568" endtime="20200224 12:04:57.611"></status>
</kw>
<kw name="String" library="REST">
<tags>
<tag>assertions</tag>
</tags>
<doc>*Asserts the field as JSON string.*</doc>
<arguments>
<arg>$.status</arg>
<arg>OK</arg>
</arguments>
<status status="PASS" starttime="20200224 12:04:57.611" endtime="20200224 12:04:57.635"></status>
</kw>
<status status="PASS" starttime="20200224 12:04:57.540" endtime="20200224 12:04:57.635"></status>
</kw>
<kw name="Log" library="BuiltIn">
<doc>Logs the given message with the given level.</doc>
<arguments>
<arg>================================================================================</arg>
</arguments>
<msg timestamp="20200224 12:04:57.635" level="INFO">================================================================================</msg>
<status status="PASS" starttime="20200224 12:04:57.635" endtime="20200224 12:04:57.635"></status>
</kw>
<kw name="Run Keyword If" library="BuiltIn" type="teardown">
<doc>Runs the given keyword with the given arguments, if ``condition`` is true.</doc>
<arguments>
<arg>"${useTL}"=="true"</arg>
<arg>Go To Testlink To Update Test Case</arg>
<arg>${projectNum}</arg>
<arg>${testPlan}</arg>
<arg>${buildName}</arg>
<arg>${suiteName}</arg>
<arg>${tesCaseName}</arg>
<arg>${ElapsedTime}</arg>
</arguments>
<kw name="Go To Testlink To Update Test Case" library="CommonKeywords">
<arguments>
<arg>${projectNum}</arg>
<arg>${testPlan}</arg>
<arg>${buildName}</arg>
<arg>${suiteName}</arg>
<arg>${tesCaseName}</arg>
<arg>${ElapsedTime}</arg>
</arguments>
<kw name="Init Api Class TestLinkAPIClient" library="CommonKeywords">
<arguments>
<arg>${TL_URL}</arg>
<arg>${DEV_KEY}</arg>
</arguments>
<kw name="Log" library="BuiltIn">
<doc>Logs the given message with the given level.</doc>
<arguments>
<arg>\n=================== Go To Connect To Testlink ===================</arg>
<arg>console=yes</arg>
</arguments>
<msg timestamp="20200224 12:04:57.638" level="INFO">
=================== Go To Connect To Testlink ===================</msg>
<status status="PASS" starttime="20200224 12:04:57.638" endtime="20200224 12:04:57.638"></status>
</kw>
<kw name="Create Api Client" library="TestlinkAPILibrary">
<doc>Creates a new TestLink-API-Python-client (XMLRPC), using Python class 
TestlinkAPIClient or TestlinkAPIGeneric.</doc>
<arguments>
<arg>TestlinkAPIClient</arg>
<arg>server_url=${URL}</arg>
<arg>devkey=${API_KEY}</arg>
</arguments>
<assign>
<var>${tlapi_client}</var>
</assign>
<msg timestamp="20200224 12:04:58.038" level="INFO">${tlapi_client} = 
TestLink API - class TestlinkAPIClient - version 0.8.1 (PY 3.7.3)
@authors: Luiko Czub, Olivier Renault, James Stock, TestLink-API-Python-client developers

Current connection settings
 Server URL: h...</msg>
<status status="PASS" starttime="20200224 12:04:57.639" endtime="20200224 12:04:58.039"></status>
</kw>
<kw name="Log To Console" library="BuiltIn">
<doc>Logs the given message to the console.</doc>
<arguments>
<arg>${tlapi_client}</arg>
</arguments>
<status status="PASS" starttime="20200224 12:04:58.043" endtime="20200224 12:04:58.228"></status>
</kw>
<kw name="Log" library="BuiltIn">
<doc>Logs the given message with the given level.</doc>
<arguments>
<arg>-----&gt; Testlink is connected successfully</arg>
<arg>console=yes</arg>
</arguments>
<msg timestamp="20200224 12:04:58.229" level="INFO">-----&gt; Testlink is connected successfully</msg>
<status status="PASS" starttime="20200224 12:04:58.229" endtime="20200224 12:04:58.232"></status>
</kw>
<kw name="Log" library="BuiltIn">
<doc>Logs the given message with the given level.</doc>
<arguments>
<arg>=================================================================================</arg>
</arguments>
<msg timestamp="20200224 12:04:58.235" level="INFO">=================================================================================</msg>
<status status="PASS" starttime="20200224 12:04:58.234" endtime="20200224 12:04:58.235"></status>
</kw>
<status status="PASS" starttime="20200224 12:04:57.637" endtime="20200224 12:04:58.238"></status>
</kw>
<kw name="Call Api Method" library="TestlinkAPILibrary">
<doc>Calls a TestLink API method and returns TestLinks server response.</doc>
<arguments>
<arg>getProjects</arg>
</arguments>
<assign>
<var>@{projects}</var>
</assign>
<msg timestamp="20200224 12:04:58.348" level="INFO">@{projects} = [ {'id': '1964', 'notes': '', 'color': '', 'active': '1', 'option_reqs': '0', 'option_priority': '0', 'option_automation': '0', 'options': 'O:8:"stdClass":4:{s:19:"requirementsEnabled";i:0;s:19:"testP...</msg>
<status status="PASS" starttime="20200224 12:04:58.239" endtime="20200224 12:04:58.348"></status>
</kw>
<kw name="Get Length" library="BuiltIn">
<doc>Returns and logs the length of the given item as an integer.</doc>
<arguments>
<arg>${projects}</arg>
</arguments>
<assign>
<var>${length}</var>
</assign>
<msg timestamp="20200224 12:04:58.352" level="INFO">Length is 11</msg>
<msg timestamp="20200224 12:04:58.353" level="INFO">${length} = 11</msg>
<status status="PASS" starttime="20200224 12:04:58.351" endtime="20200224 12:04:58.353"></status>
</kw>
<kw name="Set Variable" library="BuiltIn">
<doc>Returns the given values which can then be assigned to a variables.</doc>
<arguments>
<arg>${projects[${projectNum}]}</arg>
</arguments>
<assign>
<var>${project}</var>
</assign>
<msg timestamp="20200224 12:04:58.357" level="INFO">${project} = {'id': '4960', 'notes': '', 'color': '', 'active': '1', 'option_reqs': '0', 'option_priority': '0', 'option_automation': '0', 'options': 'O:8:"stdClass":4:{s:19:"requirementsEnabled";i:1;s:19:"testPri...</msg>
<status status="PASS" starttime="20200224 12:04:58.355" endtime="20200224 12:04:58.357"></status>
</kw>
<kw name="Log" library="BuiltIn">
<doc>Logs the given message with the given level.</doc>
<arguments>
<arg>${project}</arg>
</arguments>
<msg timestamp="20200224 12:04:58.360" level="INFO">{'id': '4960', 'notes': '', 'color': '', 'active': '1', 'option_reqs': '0', 'option_priority': '0', 'option_automation': '0', 'options': 'O:8:"stdClass":4:{s:19:"requirementsEnabled";i:1;s:19:"testPriorityEnabled";i:1;s:17:"automationEnabled";i:1;s:16:"inventoryEnabled";i:0;}', 'prefix': 'JM70', 'tc_counter': '1112', 'is_public': '1', 'issue_tracker_enabled': '0', 'reqmgr_integration_enabled': '0', 'api_key': '5bad96bc97c7a43833402dd65e468024f00370e7535d8438fa11163c66b2d0a9', 'name': 'Jmap 7.0', 'opt': {'requirementsEnabled': 1, 'testPriorityEnabled': 1, 'automationEnabled': 1, 'inventoryEnabled': 0}}</msg>
<status status="PASS" starttime="20200224 12:04:58.359" endtime="20200224 12:04:58.360"></status>
</kw>
<kw name="Set Variable" library="BuiltIn">
<doc>Returns the given values which can then be assigned to a variables.</doc>
<arguments>
<arg>${project['name']}</arg>
</arguments>
<assign>
<var>${projectNAME}</var>
</assign>
<msg timestamp="20200224 12:04:58.363" level="INFO">${projectNAME} = Jmap 7.0</msg>
<status status="PASS" starttime="20200224 12:04:58.362" endtime="20200224 12:04:58.363"></status>
</kw>
<kw name="Set Variable" library="BuiltIn">
<doc>Returns the given values which can then be assigned to a variables.</doc>
<arguments>
<arg>${project['id']}</arg>
</arguments>
<assign>
<var>${projectID}</var>
</assign>
<msg timestamp="20200224 12:04:58.365" level="INFO">${projectID} = 4960</msg>
<status status="PASS" starttime="20200224 12:04:58.365" endtime="20200224 12:04:58.366"></status>
</kw>
<kw name="Log" library="BuiltIn">
<doc>Logs the given message with the given level.</doc>
<arguments>
<arg>=================================================================================</arg>
</arguments>
<msg timestamp="20200224 12:04:58.368" level="INFO">=================================================================================</msg>
<status status="PASS" starttime="20200224 12:04:58.367" endtime="20200224 12:04:58.368"></status>
</kw>
<kw name="Call Api Method" library="TestlinkAPILibrary">
<doc>Calls a TestLink API method and returns TestLinks server response.</doc>
<arguments>
<arg>getTestPlanByName</arg>
<arg>testprojectname=${projectNAME}</arg>
<arg>testplanname=${CurrentTestPlan}</arg>
</arguments>
<assign>
<var>@{testPlans}</var>
</assign>
<msg timestamp="20200224 12:04:58.522" level="INFO">@{testPlans} = [ {'id': '6381', 'testproject_id': '4960', 'notes': '', 'active': '1', 'is_open': '1', 'is_public': '1', 'api_key': 'd51e9fc5cf182e4821adcc1ef29ea5af29ca0bb64de6f11c3a6c82acfaea7002', 'name': 'Full te...</msg>
<status status="PASS" starttime="20200224 12:04:58.370" endtime="20200224 12:04:58.522"></status>
</kw>
<kw name="Get Length" library="BuiltIn">
<doc>Returns and logs the length of the given item as an integer.</doc>
<arguments>
<arg>${testPlans}</arg>
</arguments>
<assign>
<var>${length}</var>
</assign>
<msg timestamp="20200224 12:04:58.524" level="INFO">Length is 1</msg>
<msg timestamp="20200224 12:04:58.524" level="INFO">${length} = 1</msg>
<status status="PASS" starttime="20200224 12:04:58.523" endtime="20200224 12:04:58.524"></status>
</kw>
<kw name="Set Variable" library="BuiltIn">
<doc>Returns the given values which can then be assigned to a variables.</doc>
<arguments>
<arg>${testPlans}[${length-1}]</arg>
</arguments>
<assign>
<var>${testPlan}</var>
</assign>
<msg timestamp="20200224 12:04:58.526" level="INFO">${testPlan} = {'id': '6381', 'testproject_id': '4960', 'notes': '', 'active': '1', 'is_open': '1', 'is_public': '1', 'api_key': 'd51e9fc5cf182e4821adcc1ef29ea5af29ca0bb64de6f11c3a6c82acfaea7002', 'name': 'Full test...</msg>
<status status="PASS" starttime="20200224 12:04:58.525" endtime="20200224 12:04:58.526"></status>
</kw>
<kw name="Log" library="BuiltIn">
<doc>Logs the given message with the given level.</doc>
<arguments>
<arg>${testPlan}</arg>
</arguments>
<msg timestamp="20200224 12:04:58.528" level="INFO">{'id': '6381', 'testproject_id': '4960', 'notes': '', 'active': '1', 'is_open': '1', 'is_public': '1', 'api_key': 'd51e9fc5cf182e4821adcc1ef29ea5af29ca0bb64de6f11c3a6c82acfaea7002', 'name': 'Full test'}</msg>
<status status="PASS" starttime="20200224 12:04:58.527" endtime="20200224 12:04:58.528"></status>
</kw>
<kw name="Set Variable" library="BuiltIn">
<doc>Returns the given values which can then be assigned to a variables.</doc>
<arguments>
<arg>${testPlan['name']}</arg>
</arguments>
<assign>
<var>${testPlanNAME}</var>
</assign>
<msg timestamp="20200224 12:04:58.530" level="INFO">${testPlanNAME} = Full test</msg>
<status status="PASS" starttime="20200224 12:04:58.529" endtime="20200224 12:04:58.530"></status>
</kw>
<kw name="Set Variable" library="BuiltIn">
<doc>Returns the given values which can then be assigned to a variables.</doc>
<arguments>
<arg>${testPlan['id']}</arg>
</arguments>
<assign>
<var>${testPlanID}</var>
</assign>
<msg timestamp="20200224 12:04:58.532" level="INFO">${testPlanID} = 6381</msg>
<status status="PASS" starttime="20200224 12:04:58.532" endtime="20200224 12:04:58.532"></status>
</kw>
<kw name="Log" library="BuiltIn">
<doc>Logs the given message with the given level.</doc>
<arguments>
<arg>=================================================================================</arg>
</arguments>
<msg timestamp="20200224 12:04:58.534" level="INFO">=================================================================================</msg>
<status status="PASS" starttime="20200224 12:04:58.534" endtime="20200224 12:04:58.535"></status>
</kw>
<kw name="Call Api Method" library="TestlinkAPILibrary">
<doc>Calls a TestLink API method and returns TestLinks server response.</doc>
<arguments>
<arg>getLatestBuildForTestPlan</arg>
<arg>${testPlanID}</arg>
</arguments>
<assign>
<var>${latestBuild}</var>
</assign>
<msg timestamp="20200224 12:04:58.726" level="INFO">${latestBuild} = {'id': '825', 'testplan_id': '6381', 'name': 'JMap 7.0 Jakarta build 038', 'notes': '&lt;p&gt;\n\t[Tested] TFIFT-9650 JMap Web : \\&amp;quot;Rotate right\\&amp;quot; and \\&amp;quot;rotate_left\\&amp;quot; icons appear wit...</msg>
<status status="PASS" starttime="20200224 12:04:58.536" endtime="20200224 12:04:58.727"></status>
</kw>
<kw name="Get Length" library="BuiltIn">
<doc>Returns and logs the length of the given item as an integer.</doc>
<arguments>
<arg>${latestBuild}</arg>
</arguments>
<assign>
<var>${length}</var>
</assign>
<msg timestamp="20200224 12:04:58.729" level="INFO">Length is 9</msg>
<msg timestamp="20200224 12:04:58.730" level="INFO">${length} = 9</msg>
<status status="PASS" starttime="20200224 12:04:58.729" endtime="20200224 12:04:58.730"></status>
</kw>
<kw name="Set Variable" library="BuiltIn">
<doc>Returns the given values which can then be assigned to a variables.</doc>
<arguments>
<arg>${latestBuild['id']}</arg>
</arguments>
<assign>
<var>${latestBuildID}</var>
</assign>
<msg timestamp="20200224 12:04:58.732" level="INFO">${latestBuildID} = 825</msg>
<status status="PASS" starttime="20200224 12:04:58.732" endtime="20200224 12:04:58.732"></status>
</kw>
<kw name="Set Variable" library="BuiltIn">
<doc>Returns the given values which can then be assigned to a variables.</doc>
<arguments>
<arg>${latestBuild['name']}</arg>
</arguments>
<assign>
<var>${latestBuildNAME}</var>
</assign>
<msg timestamp="20200224 12:04:58.735" level="INFO">${latestBuildNAME} = JMap 7.0 Jakarta build 038</msg>
<status status="PASS" starttime="20200224 12:04:58.733" endtime="20200224 12:04:58.735"></status>
</kw>
<kw name="Run Keyword If" library="BuiltIn">
<doc>Runs the given keyword with the given arguments, if ``condition`` is true.</doc>
<arguments>
<arg>'${latestBuildNAME}' != '${CurrentBuildName}'</arg>
<arg>Set Variable</arg>
<arg>${CurrentBuildName}</arg>
<arg>ELSE</arg>
<arg>Set Variable</arg>
<arg>${latestBuildNAME}</arg>
</arguments>
<assign>
<var>${latestBuildNAME}</var>
</assign>
<kw name="Set Variable" library="BuiltIn">
<doc>Returns the given values which can then be assigned to a variables.</doc>
<arguments>
<arg>${CurrentBuildName}</arg>
</arguments>
<status status="PASS" starttime="20200224 12:04:58.737" endtime="20200224 12:04:58.738"></status>
</kw>
<msg timestamp="20200224 12:04:58.739" level="INFO">${latestBuildNAME} = JMap 7.0 Istanbul build 133</msg>
<status status="PASS" starttime="20200224 12:04:58.736" endtime="20200224 12:04:58.739"></status>
</kw>
<kw name="Log" library="BuiltIn">
<doc>Logs the given message with the given level.</doc>
<arguments>
<arg>${latestBuildNAME}</arg>
</arguments>
<msg timestamp="20200224 12:04:58.742" level="INFO">JMap 7.0 Istanbul build 133</msg>
<status status="PASS" starttime="20200224 12:04:58.741" endtime="20200224 12:04:58.742"></status>
</kw>
<kw name="Log" library="BuiltIn">
<doc>Logs the given message with the given level.</doc>
<arguments>
<arg>=================================================================================</arg>
</arguments>
<msg timestamp="20200224 12:04:58.745" level="INFO">=================================================================================</msg>
<status status="PASS" starttime="20200224 12:04:58.744" endtime="20200224 12:04:58.745"></status>
</kw>
<kw name="Call Api Method" library="TestlinkAPILibrary">
<doc>Calls a TestLink API method and returns TestLinks server response.</doc>
<arguments>
<arg>getTestCaseIDByName</arg>
<arg>testcasename=${caseName}</arg>
<arg>testsuitname=${suitName}</arg>
<arg>testprojectname=${projectNAME}</arg>
</arguments>
<assign>
<var>@{testCases}</var>
</assign>
<msg timestamp="20200224 12:04:59.035" level="INFO">@{testCases} = [ {'id': '8604', 'name': 'Verify text With english language', 'parent_id': '8603', 'tsuite_name': 'CheckLanguage', 'tc_external_id': '930'} ]</msg>
<status status="PASS" starttime="20200224 12:04:58.747" endtime="20200224 12:04:59.035"></status>
</kw>
<kw name="Get Length" library="BuiltIn">
<doc>Returns and logs the length of the given item as an integer.</doc>
<arguments>
<arg>${testCases}</arg>
</arguments>
<assign>
<var>${length}</var>
</assign>
<msg timestamp="20200224 12:04:59.038" level="INFO">Length is 1</msg>
<msg timestamp="20200224 12:04:59.038" level="INFO">${length} = 1</msg>
<status status="PASS" starttime="20200224 12:04:59.037" endtime="20200224 12:04:59.038"></status>
</kw>
<kw name="${i} IN RANGE [ ${length} ]" type="for">
<kw name="${i} = 0" type="foritem">
<kw name="Log" library="BuiltIn">
<doc>Logs the given message with the given level.</doc>
<arguments>
<arg>${testCases[${i}]}</arg>
</arguments>
<msg timestamp="20200224 12:04:59.043" level="INFO">{'id': '8604', 'name': 'Verify text With english language', 'parent_id': '8603', 'tsuite_name': 'CheckLanguage', 'tc_external_id': '930'}</msg>
<status status="PASS" starttime="20200224 12:04:59.042" endtime="20200224 12:04:59.044"></status>
</kw>
<kw name="Run Keyword If" library="BuiltIn">
<doc>Runs the given keyword with the given arguments, if ``condition`` is true.</doc>
<arguments>
<arg>'${testCases[${i}]['tsuite_name']}'=='${suitName}'</arg>
<arg>Set Variable</arg>
<arg>${testCases}[${i}]</arg>
</arguments>
<assign>
<var>${testCase}</var>
</assign>
<kw name="Set Variable" library="BuiltIn">
<doc>Returns the given values which can then be assigned to a variables.</doc>
<arguments>
<arg>${testCases}[${i}]</arg>
</arguments>
<status status="PASS" starttime="20200224 12:04:59.047" endtime="20200224 12:04:59.048"></status>
</kw>
<msg timestamp="20200224 12:04:59.049" level="INFO">${testCase} = {'id': '8604', 'name': 'Verify text With english language', 'parent_id': '8603', 'tsuite_name': 'CheckLanguage', 'tc_external_id': '930'}</msg>
<status status="PASS" starttime="20200224 12:04:59.046" endtime="20200224 12:04:59.049"></status>
</kw>
<kw name="Exit For Loop If" library="BuiltIn">
<doc>Stops executing the enclosing for loop if the ``condition`` is true.</doc>
<arguments>
<arg>'${testCases[${i}]['tsuite_name']}'=='${suitName}'</arg>
</arguments>
<msg timestamp="20200224 12:04:59.052" level="INFO">Exiting for loop altogether.</msg>
<status status="PASS" starttime="20200224 12:04:59.051" endtime="20200224 12:04:59.052"></status>
</kw>
<status status="PASS" starttime="20200224 12:04:59.042" endtime="20200224 12:04:59.055"></status>
</kw>
<status status="PASS" starttime="20200224 12:04:59.041" endtime="20200224 12:04:59.055"></status>
</kw>
<kw name="Log" library="BuiltIn">
<doc>Logs the given message with the given level.</doc>
<arguments>
<arg>${testCase}</arg>
</arguments>
<msg timestamp="20200224 12:04:59.057" level="INFO">{'id': '8604', 'name': 'Verify text With english language', 'parent_id': '8603', 'tsuite_name': 'CheckLanguage', 'tc_external_id': '930'}</msg>
<status status="PASS" starttime="20200224 12:04:59.056" endtime="20200224 12:04:59.057"></status>
</kw>
<kw name="Set Variable" library="BuiltIn">
<doc>Returns the given values which can then be assigned to a variables.</doc>
<arguments>
<arg>${testCase['name']}</arg>
</arguments>
<assign>
<var>${testCaseNAME}</var>
</assign>
<msg timestamp="20200224 12:04:59.060" level="INFO">${testCaseNAME} = Verify text With english language</msg>
<status status="PASS" starttime="20200224 12:04:59.059" endtime="20200224 12:04:59.060"></status>
</kw>
<kw name="Set Variable" library="BuiltIn">
<doc>Returns the given values which can then be assigned to a variables.</doc>
<arguments>
<arg>${testCase['id']}</arg>
</arguments>
<assign>
<var>${testCaseID}</var>
</assign>
<msg timestamp="20200224 12:04:59.063" level="INFO">${testCaseID} = 8604</msg>
<status status="PASS" starttime="20200224 12:04:59.062" endtime="20200224 12:04:59.063"></status>
</kw>
<kw name="Set Variable" library="BuiltIn">
<doc>Returns the given values which can then be assigned to a variables.</doc>
<arguments>
<arg>${testCase['tc_external_id']}</arg>
</arguments>
<assign>
<var>${testCaseExternalID}</var>
</assign>
<msg timestamp="20200224 12:04:59.066" level="INFO">${testCaseExternalID} = 930</msg>
<status status="PASS" starttime="20200224 12:04:59.065" endtime="20200224 12:04:59.066"></status>
</kw>
<kw name="Log" library="BuiltIn">
<doc>Logs the given message with the given level.</doc>
<arguments>
<arg>=================================================================================</arg>
</arguments>
<msg timestamp="20200224 12:04:59.069" level="INFO">=================================================================================</msg>
<status status="PASS" starttime="20200224 12:04:59.068" endtime="20200224 12:04:59.069"></status>
</kw>
<kw name="Call Api Method" library="TestlinkAPILibrary">
<doc>Calls a TestLink API method and returns TestLinks server response.</doc>
<arguments>
<arg>getLastExecutionResult</arg>
<arg>testplanid=${testPlanID}</arg>
<arg>testcaseid=${testCaseID}</arg>
<arg>testCaseexternaid=${testCaseExternalID}</arg>
</arguments>
<assign>
<var>@{lastExecution}</var>
</assign>
<msg timestamp="20200224 12:04:59.342" level="INFO">@{lastExecution} = [ {'id': '329472', 'build_id': '820', 'tester_id': '1', 'execution_ts': '2020-02-18 14:06:31', 'status': 'p', 'testplan_id': '6381', 'tcversion_id': '8605', 'tcversion_number': '1', 'platform_id': '0'...</msg>
<status status="PASS" starttime="20200224 12:04:59.070" endtime="20200224 12:04:59.342"></status>
</kw>
<kw name="Get Length" library="BuiltIn">
<doc>Returns and logs the length of the given item as an integer.</doc>
<arguments>
<arg>${lastExecution}</arg>
</arguments>
<assign>
<var>${Length1}</var>
</assign>
<msg timestamp="20200224 12:04:59.347" level="INFO">Length is 1</msg>
<msg timestamp="20200224 12:04:59.347" level="INFO">${Length1} = 1</msg>
<status status="PASS" starttime="20200224 12:04:59.346" endtime="20200224 12:04:59.348"></status>
</kw>
<kw name="Set Variable" library="BuiltIn">
<doc>Returns the given values which can then be assigned to a variables.</doc>
<arguments>
<arg>${lastExecution[0]}</arg>
</arguments>
<assign>
<var>${lastExecution}</var>
</assign>
<msg timestamp="20200224 12:04:59.353" level="INFO">${lastExecution} = {'id': '329472', 'build_id': '820', 'tester_id': '1', 'execution_ts': '2020-02-18 14:06:31', 'status': 'p', 'testplan_id': '6381', 'tcversion_id': '8605', 'tcversion_number': '1', 'platform_id': '0', ...</msg>
<status status="PASS" starttime="20200224 12:04:59.352" endtime="20200224 12:04:59.354"></status>
</kw>
<kw name="Log" library="BuiltIn">
<doc>Logs the given message with the given level.</doc>
<arguments>
<arg>${lastExecution}</arg>
</arguments>
<msg timestamp="20200224 12:04:59.358" level="INFO">{'id': '329472', 'build_id': '820', 'tester_id': '1', 'execution_ts': '2020-02-18 14:06:31', 'status': 'p', 'testplan_id': '6381', 'tcversion_id': '8605', 'tcversion_number': '1', 'platform_id': '0', 'execution_type': '2', 'execution_duration': '0.33', 'notes': 'AUTOMATED TEST PASSED AND LAST EXECUTION TEST PASSED'}</msg>
<status status="PASS" starttime="20200224 12:04:59.357" endtime="20200224 12:04:59.359"></status>
</kw>
<kw name="Set Variable" library="BuiltIn">
<doc>Returns the given values which can then be assigned to a variables.</doc>
<arguments>
<arg>${lastExecution['id']}</arg>
</arguments>
<assign>
<var>${lastExecutionID}</var>
</assign>
<msg timestamp="20200224 12:04:59.363" level="INFO">${lastExecutionID} = 329472</msg>
<status status="PASS" starttime="20200224 12:04:59.362" endtime="20200224 12:04:59.363"></status>
</kw>
<kw name="Run Keyword If Test Passed" library="BuiltIn">
<doc>Runs the given keyword with the given arguments, if the test passed.</doc>
<arguments>
<arg>Update Test Case In Testlink With Passed</arg>
<arg>${lastExecutionID}</arg>
<arg>${lastExecution}</arg>
<arg>${testCaseID}</arg>
<arg>${testPlanID}</arg>
<arg>${latestBuildNAME}</arg>
<arg>${Elapsed}</arg>
</arguments>
<status status="PASS" starttime="20200224 12:04:59.366" endtime="20200224 12:04:59.367"></status>
</kw>
<kw name="Run Keyword If Test Failed" library="BuiltIn">
<doc>Runs the given keyword with the given arguments, if the test failed.</doc>
<arguments>
<arg>Update Test Case In Testlink With Failed</arg>
<arg>${lastExecutionID}</arg>
<arg>${lastExecution}</arg>
<arg>${testCaseID}</arg>
<arg>${testPlanID}</arg>
<arg>${latestBuildNAME}</arg>
<arg>${Elapsed}</arg>
</arguments>
<kw name="Update Test Case In Testlink With Failed" library="CommonKeywords">
<arguments>
<arg>${lastExecutionID}</arg>
<arg>${lastExecution}</arg>
<arg>${testCaseID}</arg>
<arg>${testPlanID}</arg>
<arg>${latestBuildNAME}</arg>
<arg>${Elapsed}</arg>
</arguments>
<kw name="Run Keyword If" library="BuiltIn">
<doc>Runs the given keyword with the given arguments, if ``condition`` is true.</doc>
<arguments>
<arg>'${lastExecutionID}'=='-1'</arg>
<arg>The First Execution Failed</arg>
<arg>${testCaseID}</arg>
<arg>${testPlanID}</arg>
<arg>${latestBuildNAME}</arg>
<arg>${Elapsed}</arg>
</arguments>
<status status="PASS" starttime="20200224 12:04:59.372" endtime="20200224 12:04:59.373"></status>
</kw>
<kw name="Run Keyword If" library="BuiltIn">
<doc>Runs the given keyword with the given arguments, if ``condition`` is true.</doc>
<arguments>
<arg>'${lastExecutionID}'!='-1'</arg>
<arg>The Next Execution Failed</arg>
<arg>${lastExecution}</arg>
<arg>${testCaseID}</arg>
<arg>${testPlanID}</arg>
<arg>${latestBuildNAME}</arg>
<arg>${Elapsed}</arg>
</arguments>
<kw name="The Next Execution Failed" library="CommonKeywords">
<doc>Get the attributes of the previous execution and update the test case.</doc>
<arguments>
<arg>${lastExecution}</arg>
<arg>${testCaseID}</arg>
<arg>${testPlanID}</arg>
<arg>${latestBuildNAME}</arg>
<arg>${Elapsed}</arg>
</arguments>
<kw name="Set Variable" library="BuiltIn">
<doc>Returns the given values which can then be assigned to a variables.</doc>
<arguments>
<arg>${lastExecution['notes']}</arg>
</arguments>
<assign>
<var>${lastExecutionNotes}</var>
</assign>
<msg timestamp="20200224 12:04:59.379" level="INFO">${lastExecutionNotes} = AUTOMATED TEST PASSED AND LAST EXECUTION TEST PASSED</msg>
<status status="PASS" starttime="20200224 12:04:59.377" endtime="20200224 12:04:59.379"></status>
</kw>
<kw name="Set Variable" library="BuiltIn">
<doc>Returns the given values which can then be assigned to a variables.</doc>
<arguments>
<arg>${lastExecution['status']}</arg>
</arguments>
<assign>
<var>${status}</var>
</assign>
<msg timestamp="20200224 12:04:59.382" level="INFO">${status} = p</msg>
<status status="PASS" starttime="20200224 12:04:59.381" endtime="20200224 12:04:59.382"></status>
</kw>
<kw name="Set Variable" library="BuiltIn">
<doc>Returns the given values which can then be assigned to a variables.</doc>
<arguments>
<arg>${lastExecution['tester_id']}</arg>
</arguments>
<assign>
<var>${testerid}</var>
</assign>
<msg timestamp="20200224 12:04:59.385" level="INFO">${testerid} = 1</msg>
<status status="PASS" starttime="20200224 12:04:59.384" endtime="20200224 12:04:59.385"></status>
</kw>
<kw name="Get Length" library="BuiltIn">
<doc>Returns and logs the length of the given item as an integer.</doc>
<arguments>
<arg>${issuesPrefix}</arg>
</arguments>
<assign>
<var>${lengthIssuesPrefix}</var>
</assign>
<msg timestamp="20200224 12:04:59.387" level="INFO">Length is 2</msg>
<msg timestamp="20200224 12:04:59.387" level="INFO">${lengthIssuesPrefix} = 2</msg>
<status status="PASS" starttime="20200224 12:04:59.387" endtime="20200224 12:04:59.388"></status>
</kw>
<kw name="Create List" library="BuiltIn">
<doc>Returns a list containing given items.</doc>
<assign>
<var>@{isIssuesPrefix}</var>
</assign>
<msg timestamp="20200224 12:04:59.389" level="INFO">@{isIssuesPrefix} = [ ]</msg>
<status status="PASS" starttime="20200224 12:04:59.389" endtime="20200224 12:04:59.390"></status>
</kw>
<kw name="${issue} IN [ @{issuesPrefix} ]" type="for">
<kw name="${issue} = TFIFT" type="foritem">
<kw name="Run Keyword And Return Status" library="BuiltIn">
<doc>Runs the given keyword with given arguments and returns the status as a Boolean value.</doc>
<arguments>
<arg>Should Contain</arg>
<arg>${lastExecutionNotes}</arg>
<arg>${issue}</arg>
</arguments>
<assign>
<var>${isIssue}</var>
</assign>
<kw name="Should Contain" library="BuiltIn">
<doc>Fails if ``container`` does not contain ``item`` one or more times.</doc>
<arguments>
<arg>${lastExecutionNotes}</arg>
<arg>${issue}</arg>
</arguments>
<msg timestamp="20200224 12:04:59.393" level="FAIL">'AUTOMATED TEST PASSED AND LAST EXECUTION TEST PASSED' does not contain 'TFIFT'</msg>
<status status="FAIL" starttime="20200224 12:04:59.392" endtime="20200224 12:04:59.393"></status>
</kw>
<msg timestamp="20200224 12:04:59.394" level="INFO">${isIssue} = False</msg>
<status status="PASS" starttime="20200224 12:04:59.392" endtime="20200224 12:04:59.395"></status>
</kw>
<kw name="Convert To String" library="BuiltIn">
<doc>Converts the given item to a Unicode string.</doc>
<arguments>
<arg>${isIssue}</arg>
</arguments>
<assign>
<var>${isIssue}</var>
</assign>
<msg timestamp="20200224 12:04:59.396" level="INFO">${isIssue} = False</msg>
<status status="PASS" starttime="20200224 12:04:59.396" endtime="20200224 12:04:59.396"></status>
</kw>
<kw name="Append To List" library="Collections">
<doc>Adds ``values`` to the end of ``list``.</doc>
<arguments>
<arg>${isIssuesPrefix}</arg>
<arg>${isIssue}</arg>
</arguments>
<status status="PASS" starttime="20200224 12:04:59.397" endtime="20200224 12:04:59.398"></status>
</kw>
<status status="PASS" starttime="20200224 12:04:59.391" endtime="20200224 12:04:59.398"></status>
</kw>
<kw name="${issue} = JMNG" type="foritem">
<kw name="Run Keyword And Return Status" library="BuiltIn">
<doc>Runs the given keyword with given arguments and returns the status as a Boolean value.</doc>
<arguments>
<arg>Should Contain</arg>
<arg>${lastExecutionNotes}</arg>
<arg>${issue}</arg>
</arguments>
<assign>
<var>${isIssue}</var>
</assign>
<kw name="Should Contain" library="BuiltIn">
<doc>Fails if ``container`` does not contain ``item`` one or more times.</doc>
<arguments>
<arg>${lastExecutionNotes}</arg>
<arg>${issue}</arg>
</arguments>
<msg timestamp="20200224 12:04:59.399" level="FAIL">'AUTOMATED TEST PASSED AND LAST EXECUTION TEST PASSED' does not contain 'JMNG'</msg>
<status status="FAIL" starttime="20200224 12:04:59.399" endtime="20200224 12:04:59.399"></status>
</kw>
<msg timestamp="20200224 12:04:59.400" level="INFO">${isIssue} = False</msg>
<status status="PASS" starttime="20200224 12:04:59.398" endtime="20200224 12:04:59.400"></status>
</kw>
<kw name="Convert To String" library="BuiltIn">
<doc>Converts the given item to a Unicode string.</doc>
<arguments>
<arg>${isIssue}</arg>
</arguments>
<assign>
<var>${isIssue}</var>
</assign>
<msg timestamp="20200224 12:04:59.402" level="INFO">${isIssue} = False</msg>
<status status="PASS" starttime="20200224 12:04:59.401" endtime="20200224 12:04:59.402"></status>
</kw>
<kw name="Append To List" library="Collections">
<doc>Adds ``values`` to the end of ``list``.</doc>
<arguments>
<arg>${isIssuesPrefix}</arg>
<arg>${isIssue}</arg>
</arguments>
<status status="PASS" starttime="20200224 12:04:59.403" endtime="20200224 12:04:59.403"></status>
</kw>
<status status="PASS" starttime="20200224 12:04:59.398" endtime="20200224 12:04:59.403"></status>
</kw>
<status status="PASS" starttime="20200224 12:04:59.391" endtime="20200224 12:04:59.403"></status>
</kw>
<kw name="Log To Console" library="BuiltIn">
<doc>Logs the given message to the console.</doc>
<arguments>
<arg>${isIssuesPrefix}</arg>
</arguments>
<status status="PASS" starttime="20200224 12:04:59.404" endtime="20200224 12:04:59.404"></status>
</kw>
<kw name="Run Keyword And Return Status" library="BuiltIn">
<doc>Runs the given keyword with given arguments and returns the status as a Boolean value.</doc>
<arguments>
<arg>List Should Contain Value</arg>
<arg>${isIssuesPrefix}</arg>
<arg>True</arg>
</arguments>
<assign>
<var>${isIssueInList}</var>
</assign>
<kw name="List Should Contain Value" library="Collections">
<doc>Fails if the ``value`` is not found from ``list``.</doc>
<arguments>
<arg>${isIssuesPrefix}</arg>
<arg>True</arg>
</arguments>
<msg timestamp="20200224 12:04:59.405" level="FAIL">[ False | False ] does not contain value 'True'.</msg>
<status status="FAIL" starttime="20200224 12:04:59.405" endtime="20200224 12:04:59.405"></status>
</kw>
<msg timestamp="20200224 12:04:59.406" level="INFO">${isIssueInList} = False</msg>
<status status="PASS" starttime="20200224 12:04:59.405" endtime="20200224 12:04:59.407"></status>
</kw>
<kw name="Run Keyword If" library="BuiltIn">
<doc>Runs the given keyword with the given arguments, if ``condition`` is true.</doc>
<arguments>
<arg>'${isIssueInList}' == '${True}'</arg>
<arg>Get All Ticket Keys Of The Last Execution Notes</arg>
<arg>${lastExecutionNotes}</arg>
<arg>${issuesPrefix}</arg>
<arg>${JiraUser}</arg>
<arg>${JiraToken}</arg>
<arg>ELSE</arg>
<arg>Set Variable</arg>
<arg>${EMPTY}</arg>
</arguments>
<assign>
<var>${lastExecutionNotes}</var>
</assign>
<kw name="Set Variable" library="BuiltIn">
<doc>Returns the given values which can then be assigned to a variables.</doc>
<arguments>
<arg>${EMPTY}</arg>
</arguments>
<status status="PASS" starttime="20200224 12:04:59.409" endtime="20200224 12:04:59.409"></status>
</kw>
<msg timestamp="20200224 12:04:59.409" level="INFO">${lastExecutionNotes} = </msg>
<status status="PASS" starttime="20200224 12:04:59.408" endtime="20200224 12:04:59.410"></status>
</kw>
<kw name="Run Keyword And Return Status" library="BuiltIn">
<doc>Runs the given keyword with given arguments and returns the status as a Boolean value.</doc>
<arguments>
<arg>Should Be Equal</arg>
<arg>${lastExecutionNotes}</arg>
<arg>${EMPTY}</arg>
</arguments>
<assign>
<var>${isEmpty}</var>
</assign>
<kw name="Should Be Equal" library="BuiltIn">
<doc>Fails if the given objects are unequal.</doc>
<arguments>
<arg>${lastExecutionNotes}</arg>
<arg>${EMPTY}</arg>
</arguments>
<status status="PASS" starttime="20200224 12:04:59.411" endtime="20200224 12:04:59.412"></status>
</kw>
<msg timestamp="20200224 12:04:59.412" level="INFO">${isEmpty} = True</msg>
<status status="PASS" starttime="20200224 12:04:59.411" endtime="20200224 12:04:59.412"></status>
</kw>
<kw name="Set Variable" library="BuiltIn">
<doc>Returns the given values which can then be assigned to a variables.</doc>
<arguments>
<arg>AUTOMATED TEST FAILED AND LAST EXECUTION TEST</arg>
</arguments>
<assign>
<var>${notesFinal}</var>
</assign>
<msg timestamp="20200224 12:04:59.413" level="INFO">${notesFinal} = AUTOMATED TEST FAILED AND LAST EXECUTION TEST</msg>
<status status="PASS" starttime="20200224 12:04:59.413" endtime="20200224 12:04:59.414"></status>
</kw>
<kw name="Run Keyword If" library="BuiltIn">
<doc>Runs the given keyword with the given arguments, if ``condition`` is true.</doc>
<arguments>
<arg>'${status}'=='p'</arg>
<arg>Set Variable</arg>
<arg>${notesFinal} PASSED</arg>
<arg>ELSE</arg>
<arg>Set Variable</arg>
<arg>${notesFinal} FAILED</arg>
</arguments>
<assign>
<var>${notesFinal}</var>
</assign>
<kw name="Set Variable" library="BuiltIn">
<doc>Returns the given values which can then be assigned to a variables.</doc>
<arguments>
<arg>${notesFinal} PASSED</arg>
</arguments>
<status status="PASS" starttime="20200224 12:04:59.415" endtime="20200224 12:04:59.415"></status>
</kw>
<msg timestamp="20200224 12:04:59.416" level="INFO">${notesFinal} = AUTOMATED TEST FAILED AND LAST EXECUTION TEST PASSED</msg>
<status status="PASS" starttime="20200224 12:04:59.415" endtime="20200224 12:04:59.416"></status>
</kw>
<kw name="Set Variable If" library="BuiltIn">
<doc>Sets variable based on the given condition.</doc>
<arguments>
<arg>'${isIssueInList}'=='${False}' or '${isEmpty}' == '${True}'</arg>
<arg>${notesFinal}</arg>
<arg>'${isIssueInList}'=='${True}' and '${isEmpty}' != '${True}'</arg>
<arg>${notesFinal}\nKnown Associated Issues:\n${lastExecutionNotes}</arg>
</arguments>
<assign>
<var>${notesFinal}</var>
</assign>
<msg timestamp="20200224 12:04:59.420" level="INFO">${notesFinal} = AUTOMATED TEST FAILED AND LAST EXECUTION TEST PASSED</msg>
<status status="PASS" starttime="20200224 12:04:59.419" endtime="20200224 12:04:59.421"></status>
</kw>
<kw name="Call Api Method" library="TestlinkAPILibrary">
<doc>Calls a TestLink API method and returns TestLinks server response.</doc>
<arguments>
<arg>reportTCResult</arg>
<arg>${testCaseID}</arg>
<arg>${testPlanID}</arg>
<arg>${latestBuildNAME}</arg>
<arg>f</arg>
<arg>${notesFinal}</arg>
<arg>execduration=${Elapsed}</arg>
</arguments>
<status status="PASS" starttime="20200224 12:04:59.422" endtime="20200224 12:04:59.649"></status>
</kw>
<status status="PASS" starttime="20200224 12:04:59.375" endtime="20200224 12:04:59.650"></status>
</kw>
<status status="PASS" starttime="20200224 12:04:59.374" endtime="20200224 12:04:59.650"></status>
</kw>
<status status="PASS" starttime="20200224 12:04:59.369" endtime="20200224 12:04:59.651"></status>
</kw>
<status status="PASS" starttime="20200224 12:04:59.368" endtime="20200224 12:04:59.652"></status>
</kw>
<status status="PASS" starttime="20200224 12:04:57.637" endtime="20200224 12:04:59.653"></status>
</kw>
<status status="PASS" starttime="20200224 12:04:57.636" endtime="20200224 12:04:59.654"></status>
</kw>
<status status="PASS" starttime="20200224 12:04:57.339" endtime="20200224 12:04:59.655"></status>
</kw>
<tags>
<tag>Time Out</tag>
</tags>
<status status="FAIL" starttime="20200224 12:04:44.229" endtime="20200224 12:04:59.657" critical="yes">Setup failed:
Execution terminated by signal</status>
</test>
<test id="s1-s1-t2" name="JM70-931:Verify text With french language">
<tags>
<tag>robot:exit</tag>
</tags>
<status status="FAIL" starttime="20200224 12:04:59.697" endtime="20200224 12:04:59.698" critical="yes">Test execution stopped due to a fatal error.</status>
</test>
<test id="s1-s1-t3" name="JM70-932:Verify text With spanish language">
<tags>
<tag>robot:exit</tag>
</tags>
<status status="FAIL" starttime="20200224 12:04:59.705" endtime="20200224 12:04:59.706" critical="yes">Test execution stopped due to a fatal error.</status>
</test>
<doc>Check language Test in JMap Web</doc>
<metadata>
<item name="author">Mordjane Boussad</item>
</metadata>
<status status="FAIL" starttime="20200224 12:04:43.742" endtime="20200224 12:04:59.712"></status>
</suite>
<suite id="s1-s2" name="LoginAndLogoutTests" source="C:\Users\mbous\eclipse-workspace\JMapJenkinsTests\tests\jmap_7.0\jmapWeb\LoginAndLogoutTests.robot">
<test id="s1-s2-t1" name="JM70-922:Login to JMap with valid data">
<tags>
<tag>robot:exit</tag>
</tags>
<status status="FAIL" starttime="20200224 12:04:59.721" endtime="20200224 12:04:59.722" critical="yes">Test execution stopped due to a fatal error.</status>
</test>
<test id="s1-s2-t2" name="JM70-923:Login with invalid data in english language">
<tags>
<tag>robot:exit</tag>
</tags>
<status status="FAIL" starttime="20200224 12:04:59.726" endtime="20200224 12:04:59.727" critical="yes">Test execution stopped due to a fatal error.</status>
</test>
<test id="s1-s2-t3" name="JM70-924:Login with invalid data in french language">
<tags>
<tag>robot:exit</tag>
</tags>
<status status="FAIL" starttime="20200224 12:04:59.730" endtime="20200224 12:04:59.730" critical="yes">Test execution stopped due to a fatal error.</status>
</test>
<test id="s1-s2-t4" name="JM70-925:Login with invalid data in spanish language">
<tags>
<tag>robot:exit</tag>
</tags>
<status status="FAIL" starttime="20200224 12:04:59.734" endtime="20200224 12:04:59.735" critical="yes">Test execution stopped due to a fatal error.</status>
</test>
<test id="s1-s2-t5" name="JM70-926:Login With The Lack of Data in english language">
<tags>
<tag>robot:exit</tag>
</tags>
<status status="FAIL" starttime="20200224 12:04:59.738" endtime="20200224 12:04:59.739" critical="yes">Test execution stopped due to a fatal error.</status>
</test>
<test id="s1-s2-t6" name="JM70-927:Login With The Lack of Data in french language">
<tags>
<tag>robot:exit</tag>
</tags>
<status status="FAIL" starttime="20200224 12:04:59.742" endtime="20200224 12:04:59.742" critical="yes">Test execution stopped due to a fatal error.</status>
</test>
<test id="s1-s2-t7" name="JM70-928:Login With The Lack of Data in spanish language">
<tags>
<tag>robot:exit</tag>
</tags>
<status status="FAIL" starttime="20200224 12:04:59.745" endtime="20200224 12:04:59.745" critical="yes">Test execution stopped due to a fatal error.</status>
</test>
<test id="s1-s2-t8" name="JM70-929:Logout From JMap">
<tags>
<tag>robot:exit</tag>
</tags>
<status status="FAIL" starttime="20200224 12:04:59.748" endtime="20200224 12:04:59.748" critical="yes">Test execution stopped due to a fatal error.</status>
</test>
<doc>Test Cases for Log in and log out</doc>
<status status="FAIL" starttime="20200224 12:04:59.719" endtime="20200224 12:04:59.751"></status>
</suite>
<status status="FAIL" starttime="20200224 12:04:43.725" endtime="20200224 12:04:59.760"></status>
</suite>
<statistics>
<total>
<stat pass="0" fail="11">Critical Tests</stat>
<stat pass="0" fail="11">All Tests</stat>
</total>
<tag>
<stat pass="0" fail="1" info="combined" combined="NOT robot:exit">NOT robot:exit</stat>
<stat pass="0" fail="10">robot:exit</stat>
<stat pass="0" fail="1">Time Out</stat>
</tag>
<suite>
<stat pass="0" fail="11" id="s1" name="CheckLanguageTests &amp; LoginAndLogoutTests">CheckLanguageTests &amp; LoginAndLogoutTests</stat>
<stat pass="0" fail="3" id="s1-s1" name="CheckLanguageTests">CheckLanguageTests &amp; LoginAndLogoutTests.CheckLanguageTests</stat>
<stat pass="0" fail="8" id="s1-s2" name="LoginAndLogoutTests">CheckLanguageTests &amp; LoginAndLogoutTests.LoginAndLogoutTests</stat>
</suite>
</statistics>
<errors>
<msg timestamp="20200224 12:04:43.923" level="WARN">Error in file 'C:\Users\mbous\eclipse-workspace\JMapJenkinsTests\common\admin\CommonKeywords.robot': Escaping empty cells with '\' before line continuation marker '...' is deprecated. Remove escaping before Robot Framework 3.2.</msg>
<msg timestamp="20200224 12:04:54.145" level="WARN">Keyword 'No Operation' could not be run on failure: Execution terminated by signal</msg>
</errors>
</robot>
