<?xml version="1.0" encoding="UTF-8"?>
<robot generator="Robot 3.1.2 (Python 3.7.3 on win32)" generated="20200706 13:36:20.857" rpa="false">
<suite id="s1" name="JMapJenkinsTests" source="C:\Users\mbous\eclipse-workspace\JMapJenkinsTests">
<suite id="s1-s1" name="Tests" source="C:\Users\mbous\eclipse-workspace\JMapJenkinsTests\tests">
<suite id="s1-s1-s1" name="Jmap 7.0" source="C:\Users\mbous\eclipse-workspace\JMapJenkinsTests\tests\jmap_7.0">
<suite id="s1-s1-s1-s1" name="jmapWeb" source="C:\Users\mbous\eclipse-workspace\JMapJenkinsTests\tests\jmap_7.0\jmapWeb">
<suite id="s1-s1-s1-s1-s1" name="CheckLanguageTests" source="C:\Users\mbous\eclipse-workspace\JMapJenkinsTests\tests\jmap_7.0\jmapWeb\CheckLanguageTests.robot">
<test id="s1-s1-s1-s1-s1-t1" name="JM70-930:Verify text With english language">
<kw name="Open Browser On JMap Web" library="CommonLogin" type="setup">
<doc>Open Browser with the given URL and maximize the window to the resolution</doc>
<arguments>
<arg>${URLWebApp}</arg>
<arg>${RESOLUTION_X}</arg>
<arg>${RESOLUTION_Y}</arg>
</arguments>
<kw name="Setup Metrics" library="CommonKeywords">
<doc>This Keyword give the start time when the execution of the test case starts.</doc>
<kw name="Get Current Date" library="DateTime">
<doc>Returns current local or UTC time with an optional increment.</doc>
<arguments>
<arg>result_format=epoch</arg>
</arguments>
<assign>
<var>${tc_start}</var>
</assign>
<msg timestamp="20200706 13:36:21.763" level="INFO">${tc_start} = 1594056981.763246</msg>
<status status="PASS" starttime="20200706 13:36:21.762" endtime="20200706 13:36:21.763"></status>
</kw>
<kw name="Set Test Variable" library="BuiltIn">
<doc>Makes a variable available everywhere within the scope of the current test.</doc>
<arguments>
<arg>${tc_start}</arg>
<arg>${tc_start}</arg>
</arguments>
<msg timestamp="20200706 13:36:21.763" level="INFO">${tc_start} = 1594056981.763246</msg>
<status status="PASS" starttime="20200706 13:36:21.763" endtime="20200706 13:36:21.764"></status>
</kw>
<status status="PASS" starttime="20200706 13:36:21.762" endtime="20200706 13:36:21.764"></status>
</kw>
<kw name="Run Keyword If" library="BuiltIn">
<doc>Runs the given keyword with the given arguments, if ``condition`` is true.</doc>
<arguments>
<arg>'${Browser}'=='Chrome'</arg>
<arg>Open Chrome</arg>
<arg>ELSE IF</arg>
<arg>'${Browser}'=='Firefox'</arg>
<arg>Open Firefox</arg>
<arg>ELSE</arg>
<arg>Open Edge</arg>
</arguments>
<kw name="Open Chrome" library="CommonLogin">
<kw name="Evaluate" library="BuiltIn">
<doc>Evaluates the given expression in Python and returns the results.</doc>
<arguments>
<arg>sys.modules['selenium.webdriver'].ChromeOptions()</arg>
<arg>sys, selenium.webdriver</arg>
</arguments>
<assign>
<var>${chrome_options}</var>
</assign>
<msg timestamp="20200706 13:36:21.765" level="INFO">${chrome_options} = &lt;selenium.webdriver.chrome.options.Options object at 0x00000262708B1438&gt;</msg>
<status status="PASS" starttime="20200706 13:36:21.765" endtime="20200706 13:36:21.765"></status>
</kw>
<kw name="Call Method" library="BuiltIn">
<doc>Calls the named method of the given object with the provided arguments.</doc>
<arguments>
<arg>${chrome_options}</arg>
<arg>add_argument</arg>
<arg>--ignore-certificate-errors</arg>
</arguments>
<status status="PASS" starttime="20200706 13:36:21.765" endtime="20200706 13:36:21.766"></status>
</kw>
<kw name="Create Webdriver" library="SeleniumLibrary">
<doc>Creates an instance of Selenium WebDriver.</doc>
<arguments>
<arg>${Browser}</arg>
<arg>alias=JMap Web</arg>
<arg>chrome_options=${chrome_options}</arg>
</arguments>
<msg timestamp="20200706 13:36:21.766" level="INFO">Creating an instance of the Chrome WebDriver.</msg>
<status status="PASS" starttime="20200706 13:36:21.766" endtime="20200706 13:36:28.203"></status>
</kw>
<status status="PASS" starttime="20200706 13:36:21.764" endtime="20200706 13:36:28.204"></status>
</kw>
<status status="PASS" starttime="20200706 13:36:21.764" endtime="20200706 13:36:28.204"></status>
</kw>
<kw name="Go To" library="SeleniumLibrary">
<doc>Navigates the current browser window to the provided ``url``.</doc>
<arguments>
<arg>${vURL}</arg>
</arguments>
<msg timestamp="20200706 13:36:28.214" level="INFO">Opening url 'https://localhost:8443/JMap_Web_WorldTest_HTTPS'</msg>
<status status="PASS" starttime="20200706 13:36:28.205" endtime="20200706 13:36:29.334"></status>
</kw>
<kw name="Set Window Size" library="SeleniumLibrary">
<doc>Sets current windows size to given ``width`` and ``height``.</doc>
<arguments>
<arg>${RESOLUTION_X}</arg>
<arg>${RESOLUTION_Y}</arg>
</arguments>
<status status="PASS" starttime="20200706 13:36:29.335" endtime="20200706 13:36:31.472"></status>
</kw>
<kw name="Maximize Browser Window" library="SeleniumLibrary">
<doc>Maximizes current browser window.</doc>
<status status="PASS" starttime="20200706 13:36:31.473" endtime="20200706 13:36:31.601"></status>
</kw>
<status status="PASS" starttime="20200706 13:36:21.762" endtime="20200706 13:36:31.601"></status>
</kw>
<kw name="Login JMap Web With Check Language" library="CommonLogin">
<doc>Login in JMap Web with the language provided</doc>
<arguments>
<arg>${Title}</arg>
<arg>en</arg>
<arg>LOGIN</arg>
<arg>userTest1</arg>
<arg>userTest1</arg>
</arguments>
<kw name="Verify That Text Of The Cover Page Is" library="CommonWeb">
<doc>Check for the text of the cover page</doc>
<arguments>
<arg>${pTitle}</arg>
</arguments>
<kw name="Wait Until Element Is Enabled" library="SeleniumLibrary">
<doc>Waits until the element ``locator`` is enabled.</doc>
<arguments>
<arg>xpath://h4[@id='jmap-title']</arg>
<arg>timeout=10s</arg>
</arguments>
<status status="PASS" starttime="20200706 13:36:31.604" endtime="20200706 13:36:31.669"></status>
</kw>
<kw name="Verify Text" library="CommonWeb">
<doc>Check for the text existence on the locator</doc>
<arguments>
<arg>//h4[@id='jmap-title']</arg>
<arg>${text}</arg>
</arguments>
<kw name="Wait Until Keyword Succeeds" library="BuiltIn">
<doc>Runs the specified keyword and retries if it fails.</doc>
<arguments>
<arg>10s</arg>
<arg>1s</arg>
<arg>Wait Until Element Is Visible</arg>
<arg>${locator}</arg>
<arg>2s</arg>
</arguments>
<kw name="Wait Until Element Is Visible" library="SeleniumLibrary">
<doc>Waits until the element ``locator`` is visible.</doc>
<arguments>
<arg>${locator}</arg>
<arg>2s</arg>
</arguments>
<status status="PASS" starttime="20200706 13:36:31.672" endtime="20200706 13:36:31.714"></status>
</kw>
<status status="PASS" starttime="20200706 13:36:31.671" endtime="20200706 13:36:31.715"></status>
</kw>
<kw name="Run Keyword And Continue On Failure" library="BuiltIn">
<doc>Runs the keyword and continues execution even if a failure occurs.</doc>
<arguments>
<arg>Element Text Should Be</arg>
<arg>${locator}</arg>
<arg>${text}</arg>
</arguments>
<kw name="Element Text Should Be" library="SeleniumLibrary">
<doc>Verifies that element ``locator`` contains exact the text ``expected``.</doc>
<arguments>
<arg>${locator}</arg>
<arg>${text}</arg>
</arguments>
<msg timestamp="20200706 13:36:31.717" level="INFO">Verifying element '//h4[@id='jmap-title']' contains exact text 'JMap_Web_WorldTest_HTTPS'.</msg>
<status status="PASS" starttime="20200706 13:36:31.716" endtime="20200706 13:36:31.758"></status>
</kw>
<status status="PASS" starttime="20200706 13:36:31.715" endtime="20200706 13:36:31.759"></status>
</kw>
<status status="PASS" starttime="20200706 13:36:31.670" endtime="20200706 13:36:31.759"></status>
</kw>
<status status="PASS" starttime="20200706 13:36:31.603" endtime="20200706 13:36:31.760"></status>
</kw>
<kw name="Verify That Title Of The Cover Page Is" library="CommonWeb">
<doc>Check for the title of the cover page</doc>
<arguments>
<arg>${pTitle}</arg>
</arguments>
<kw name="Verify Title" library="CommonWeb">
<doc>Check for the title existence</doc>
<arguments>
<arg>${text}</arg>
</arguments>
<kw name="Set Browser Implicit Wait" library="SeleniumLibrary">
<doc>Sets the implicit wait value used by Selenium.</doc>
<arguments>
<arg>5s</arg>
</arguments>
<status status="PASS" starttime="20200706 13:36:31.762" endtime="20200706 13:36:31.765"></status>
</kw>
<kw name="Run Keyword And Continue On Failure" library="BuiltIn">
<doc>Runs the keyword and continues execution even if a failure occurs.</doc>
<arguments>
<arg>Title Should Be</arg>
<arg>${text}</arg>
</arguments>
<kw name="Title Should Be" library="SeleniumLibrary">
<doc>Verifies that the current page title equals ``title``.</doc>
<arguments>
<arg>${text}</arg>
</arguments>
<msg timestamp="20200706 13:36:31.776" level="INFO">Page title is 'JMap_Web_WorldTest_HTTPS'.</msg>
<status status="PASS" starttime="20200706 13:36:31.767" endtime="20200706 13:36:31.777"></status>
</kw>
<status status="PASS" starttime="20200706 13:36:31.766" endtime="20200706 13:36:31.777"></status>
</kw>
<status status="PASS" starttime="20200706 13:36:31.761" endtime="20200706 13:36:31.778"></status>
</kw>
<status status="PASS" starttime="20200706 13:36:31.760" endtime="20200706 13:36:31.778"></status>
</kw>
<kw name="Select Language Of JMap Web" library="CommonLogin">
<doc>Select Language of JMap Web app</doc>
<arguments>
<arg>${pLanguage}</arg>
</arguments>
<kw name="Wait Until Element Is Enabled" library="SeleniumLibrary">
<doc>Waits until the element ``locator`` is enabled.</doc>
<arguments>
<arg>xpath://a[@id='${language}']</arg>
<arg>timeout=10s</arg>
</arguments>
<status status="PASS" starttime="20200706 13:36:31.780" endtime="20200706 13:36:31.832"></status>
</kw>
<kw name="Run Keyword And Return Status" library="BuiltIn">
<doc>Runs the given keyword with given arguments and returns the status as a Boolean value.</doc>
<arguments>
<arg>Element Attribute Value Should Be</arg>
<arg>//a[@id='${language}']</arg>
<arg>class</arg>
<arg>${EMPTY}</arg>
</arguments>
<assign>
<var>${IslanguageSelected}</var>
</assign>
<kw name="Element Attribute Value Should Be" library="SeleniumLibrary">
<doc>Verifies element identified by ``locator`` contains expected attribute value.</doc>
<arguments>
<arg>//a[@id='${language}']</arg>
<arg>class</arg>
<arg>${EMPTY}</arg>
</arguments>
<kw name="No Operation" library="BuiltIn">
<doc>Does absolutely nothing.</doc>
<status status="PASS" starttime="20200706 13:36:31.863" endtime="20200706 13:36:31.864"></status>
</kw>
<msg timestamp="20200706 13:36:31.870" level="FAIL">Element '//a[@id='en']' attribute should have value '' but its value was 'selected'.</msg>
<status status="FAIL" starttime="20200706 13:36:31.834" endtime="20200706 13:36:31.871"></status>
</kw>
<msg timestamp="20200706 13:36:31.871" level="INFO">${IslanguageSelected} = False</msg>
<status status="PASS" starttime="20200706 13:36:31.833" endtime="20200706 13:36:31.871"></status>
</kw>
<kw name="Run Keyword If" library="BuiltIn">
<doc>Runs the given keyword with the given arguments, if ``condition`` is true.</doc>
<arguments>
<arg>${IslanguageSelected}</arg>
<arg>Click Element</arg>
<arg>xpath://a[@id='${language}']</arg>
</arguments>
<status status="PASS" starttime="20200706 13:36:31.872" endtime="20200706 13:36:31.873"></status>
</kw>
<status status="PASS" starttime="20200706 13:36:31.778" endtime="20200706 13:36:31.873"></status>
</kw>
<kw name="Verify That Selected JMap Web Language Is" library="CommonLogin">
<doc>Check the language in JMap Web</doc>
<arguments>
<arg>${pLanguage}</arg>
</arguments>
<kw name="Sleep" library="BuiltIn">
<doc>Pauses the test executed for the given time.</doc>
<arguments>
<arg>1s</arg>
</arguments>
<msg timestamp="20200706 13:36:32.876" level="INFO">Slept 1 second</msg>
<status status="PASS" starttime="20200706 13:36:31.874" endtime="20200706 13:36:32.876"></status>
</kw>
<kw name="Wait Until Element Is Enabled" library="SeleniumLibrary">
<doc>Waits until the element ``locator`` is enabled.</doc>
<arguments>
<arg>xpath://a[@id='${expected}']</arg>
<arg>timeout=10s</arg>
</arguments>
<status status="PASS" starttime="20200706 13:36:32.877" endtime="20200706 13:36:32.912"></status>
</kw>
<kw name="Run Keyword And Continue On Failure" library="BuiltIn">
<doc>Runs the keyword and continues execution even if a failure occurs.</doc>
<arguments>
<arg>Element Attribute Value Should Be</arg>
<arg>//a[@id='${expected}']</arg>
<arg>class</arg>
<arg>selected</arg>
</arguments>
<kw name="Element Attribute Value Should Be" library="SeleniumLibrary">
<doc>Verifies element identified by ``locator`` contains expected attribute value.</doc>
<arguments>
<arg>//a[@id='${expected}']</arg>
<arg>class</arg>
<arg>selected</arg>
</arguments>
<msg timestamp="20200706 13:36:32.938" level="INFO">Element '//a[@id='en']' attribute 'class' contains value 'selected'.</msg>
<status status="PASS" starttime="20200706 13:36:32.915" endtime="20200706 13:36:32.938"></status>
</kw>
<status status="PASS" starttime="20200706 13:36:32.914" endtime="20200706 13:36:32.939"></status>
</kw>
<status status="PASS" starttime="20200706 13:36:31.874" endtime="20200706 13:36:32.939"></status>
</kw>
<kw name="Verify That Text of Login Button Is" library="CommonLogin">
<doc>Check the text for loggin button</doc>
<arguments>
<arg>${ptextButton}</arg>
</arguments>
<kw name="Wait Until Element Is Enabled" library="SeleniumLibrary">
<doc>Waits until the element ``locator`` is enabled.</doc>
<arguments>
<arg>xpath://button[@id='submit']</arg>
<arg>timeout=10s</arg>
</arguments>
<status status="PASS" starttime="20200706 13:36:32.940" endtime="20200706 13:36:32.970"></status>
</kw>
<kw name="Verify Text" library="CommonWeb">
<doc>Check for the text existence on the locator</doc>
<arguments>
<arg>//button[@id='submit']</arg>
<arg>${text}</arg>
</arguments>
<kw name="Wait Until Keyword Succeeds" library="BuiltIn">
<doc>Runs the specified keyword and retries if it fails.</doc>
<arguments>
<arg>10s</arg>
<arg>1s</arg>
<arg>Wait Until Element Is Visible</arg>
<arg>${locator}</arg>
<arg>2s</arg>
</arguments>
<kw name="Wait Until Element Is Visible" library="SeleniumLibrary">
<doc>Waits until the element ``locator`` is visible.</doc>
<arguments>
<arg>${locator}</arg>
<arg>2s</arg>
</arguments>
<status status="PASS" starttime="20200706 13:36:32.972" endtime="20200706 13:36:33.012"></status>
</kw>
<status status="PASS" starttime="20200706 13:36:32.971" endtime="20200706 13:36:33.012"></status>
</kw>
<kw name="Run Keyword And Continue On Failure" library="BuiltIn">
<doc>Runs the keyword and continues execution even if a failure occurs.</doc>
<arguments>
<arg>Element Text Should Be</arg>
<arg>${locator}</arg>
<arg>${text}</arg>
</arguments>
<kw name="Element Text Should Be" library="SeleniumLibrary">
<doc>Verifies that element ``locator`` contains exact the text ``expected``.</doc>
<arguments>
<arg>${locator}</arg>
<arg>${text}</arg>
</arguments>
<msg timestamp="20200706 13:36:33.014" level="INFO">Verifying element '//button[@id='submit']' contains exact text 'LOGIN'.</msg>
<status status="PASS" starttime="20200706 13:36:33.014" endtime="20200706 13:36:33.054"></status>
</kw>
<status status="PASS" starttime="20200706 13:36:33.013" endtime="20200706 13:36:33.054"></status>
</kw>
<status status="PASS" starttime="20200706 13:36:32.971" endtime="20200706 13:36:33.055"></status>
</kw>
<status status="PASS" starttime="20200706 13:36:32.939" endtime="20200706 13:36:33.055"></status>
</kw>
<kw name="Enter JMap Web credentials" library="CommonLogin">
<doc>Enter username and password in JMap Web login page</doc>
<arguments>
<arg>${pUserName}</arg>
<arg>${pPassword}</arg>
</arguments>
<kw name="Wait Until Element Is Enabled" library="SeleniumLibrary">
<doc>Waits until the element ``locator`` is enabled.</doc>
<arguments>
<arg>id:username</arg>
<arg>timeout=10s</arg>
</arguments>
<status status="PASS" starttime="20200706 13:36:33.057" endtime="20200706 13:36:33.104"></status>
</kw>
<kw name="Input Text" library="SeleniumLibrary">
<doc>Types the given ``text`` into the text field identified by ``locator``.</doc>
<arguments>
<arg>id:username</arg>
<arg>${USERNAME}</arg>
</arguments>
<msg timestamp="20200706 13:36:33.107" level="INFO">Typing text 'userTest1' into text field 'id:username'.</msg>
<status status="PASS" starttime="20200706 13:36:33.105" endtime="20200706 13:36:33.273"></status>
</kw>
<kw name="Wait Until Element Is Enabled" library="SeleniumLibrary">
<doc>Waits until the element ``locator`` is enabled.</doc>
<arguments>
<arg>id:password</arg>
<arg>timeout=10s</arg>
</arguments>
<status status="PASS" starttime="20200706 13:36:33.275" endtime="20200706 13:36:33.325"></status>
</kw>
<kw name="Input Text" library="SeleniumLibrary">
<doc>Types the given ``text`` into the text field identified by ``locator``.</doc>
<arguments>
<arg>id:password</arg>
<arg>${PASSWORD}</arg>
</arguments>
<msg timestamp="20200706 13:36:33.326" level="INFO">Typing text 'userTest1' into text field 'id:password'.</msg>
<status status="PASS" starttime="20200706 13:36:33.326" endtime="20200706 13:36:33.532"></status>
</kw>
<status status="PASS" starttime="20200706 13:36:33.056" endtime="20200706 13:36:33.533"></status>
</kw>
<kw name="Verify That Values of Username And Password Fields Are" library="CommonLogin">
<doc>Check the values of the user and password fields</doc>
<arguments>
<arg>${pUserName}</arg>
<arg>${pPassword}</arg>
</arguments>
<kw name="Wait Until Element Is Enabled" library="SeleniumLibrary">
<doc>Waits until the element ``locator`` is enabled.</doc>
<arguments>
<arg>xpath://input[@id='username']</arg>
<arg>timeout=10s</arg>
</arguments>
<status status="PASS" starttime="20200706 13:36:33.535" endtime="20200706 13:36:33.580"></status>
</kw>
<kw name="Verify Value" library="CommonWeb">
<doc>Check for the value existence on the locator</doc>
<arguments>
<arg>//input[@id='username']</arg>
<arg>${username}</arg>
</arguments>
<kw name="Wait Until Keyword Succeeds" library="BuiltIn">
<doc>Runs the specified keyword and retries if it fails.</doc>
<arguments>
<arg>10s</arg>
<arg>1s</arg>
<arg>Wait Until Element Is Enabled</arg>
<arg>${locator}</arg>
</arguments>
<kw name="Wait Until Element Is Enabled" library="SeleniumLibrary">
<doc>Waits until the element ``locator`` is enabled.</doc>
<arguments>
<arg>${locator}</arg>
</arguments>
<status status="PASS" starttime="20200706 13:36:33.583" endtime="20200706 13:36:33.618"></status>
</kw>
<status status="PASS" starttime="20200706 13:36:33.582" endtime="20200706 13:36:33.619"></status>
</kw>
<kw name="Run Keyword And Continue On Failure" library="BuiltIn">
<doc>Runs the keyword and continues execution even if a failure occurs.</doc>
<arguments>
<arg>Element Attribute Value Should Be</arg>
<arg>${locator}</arg>
<arg>value</arg>
<arg>${value}</arg>
</arguments>
<kw name="Element Attribute Value Should Be" library="SeleniumLibrary">
<doc>Verifies element identified by ``locator`` contains expected attribute value.</doc>
<arguments>
<arg>${locator}</arg>
<arg>value</arg>
<arg>${value}</arg>
</arguments>
<msg timestamp="20200706 13:36:33.641" level="INFO">Element '//input[@id='username']' attribute 'value' contains value 'userTest1'.</msg>
<status status="PASS" starttime="20200706 13:36:33.620" endtime="20200706 13:36:33.643"></status>
</kw>
<status status="PASS" starttime="20200706 13:36:33.619" endtime="20200706 13:36:33.643"></status>
</kw>
<status status="PASS" starttime="20200706 13:36:33.581" endtime="20200706 13:36:33.643"></status>
</kw>
<kw name="Wait Until Element Is Enabled" library="SeleniumLibrary">
<doc>Waits until the element ``locator`` is enabled.</doc>
<arguments>
<arg>xpath://input[@id='password']</arg>
<arg>timeout=10s</arg>
</arguments>
<status status="PASS" starttime="20200706 13:36:33.643" endtime="20200706 13:36:33.682"></status>
</kw>
<kw name="Verify Value" library="CommonWeb">
<doc>Check for the value existence on the locator</doc>
<arguments>
<arg>//input[@id='password']</arg>
<arg>${password}</arg>
</arguments>
<kw name="Wait Until Keyword Succeeds" library="BuiltIn">
<doc>Runs the specified keyword and retries if it fails.</doc>
<arguments>
<arg>10s</arg>
<arg>1s</arg>
<arg>Wait Until Element Is Enabled</arg>
<arg>${locator}</arg>
</arguments>
<kw name="Wait Until Element Is Enabled" library="SeleniumLibrary">
<doc>Waits until the element ``locator`` is enabled.</doc>
<arguments>
<arg>${locator}</arg>
</arguments>
<status status="PASS" starttime="20200706 13:36:33.684" endtime="20200706 13:36:33.719"></status>
</kw>
<status status="PASS" starttime="20200706 13:36:33.683" endtime="20200706 13:36:33.720"></status>
</kw>
<kw name="Run Keyword And Continue On Failure" library="BuiltIn">
<doc>Runs the keyword and continues execution even if a failure occurs.</doc>
<arguments>
<arg>Element Attribute Value Should Be</arg>
<arg>${locator}</arg>
<arg>value</arg>
<arg>${value}</arg>
</arguments>
<kw name="Element Attribute Value Should Be" library="SeleniumLibrary">
<doc>Verifies element identified by ``locator`` contains expected attribute value.</doc>
<arguments>
<arg>${locator}</arg>
<arg>value</arg>
<arg>${value}</arg>
</arguments>
<msg timestamp="20200706 13:36:33.744" level="INFO">Element '//input[@id='password']' attribute 'value' contains value 'userTest1'.</msg>
<status status="PASS" starttime="20200706 13:36:33.721" endtime="20200706 13:36:33.745"></status>
</kw>
<status status="PASS" starttime="20200706 13:36:33.720" endtime="20200706 13:36:33.745"></status>
</kw>
<status status="PASS" starttime="20200706 13:36:33.682" endtime="20200706 13:36:33.746"></status>
</kw>
<status status="PASS" starttime="20200706 13:36:33.533" endtime="20200706 13:36:33.746"></status>
</kw>
<kw name="Click Login JMap Web" library="CommonLogin">
<doc>Click login button in JMap Web login page</doc>
<kw name="Wait Until Element Is Enabled" library="SeleniumLibrary">
<doc>Waits until the element ``locator`` is enabled.</doc>
<arguments>
<arg>id:submit</arg>
<arg>timeout=10s</arg>
</arguments>
<status status="PASS" starttime="20200706 13:36:33.748" endtime="20200706 13:36:33.790"></status>
</kw>
<kw name="Click Button" library="SeleniumLibrary">
<doc>Clicks the button identified by ``locator``.</doc>
<arguments>
<arg>id:submit</arg>
</arguments>
<msg timestamp="20200706 13:36:33.792" level="INFO">Clicking button 'id:submit'.</msg>
<status status="PASS" starttime="20200706 13:36:33.791" endtime="20200706 13:36:39.548"></status>
</kw>
<kw name="Sleep" library="BuiltIn">
<doc>Pauses the test executed for the given time.</doc>
<arguments>
<arg>1s</arg>
</arguments>
<msg timestamp="20200706 13:36:40.551" level="INFO">Slept 1 second</msg>
<status status="PASS" starttime="20200706 13:36:39.548" endtime="20200706 13:36:40.551"></status>
</kw>
<status status="PASS" starttime="20200706 13:36:33.746" endtime="20200706 13:36:40.552"></status>
</kw>
<status status="PASS" starttime="20200706 13:36:31.602" endtime="20200706 13:36:40.552"></status>
</kw>
<kw name="Click On Options Icon" library="CommonWeb">
<doc>Go to Option menu</doc>
<kw name="Wait Until Element Is Enabled" library="SeleniumLibrary">
<doc>Waits until the element ``locator`` is enabled.</doc>
<arguments>
<arg>xpath://i[@class='configMenuIcon']</arg>
<arg>timeout=10s</arg>
</arguments>
<status status="PASS" starttime="20200706 13:36:40.554" endtime="20200706 13:36:41.761"></status>
</kw>
<kw name="Click Element" library="SeleniumLibrary">
<doc>Click the element identified by ``locator``.</doc>
<arguments>
<arg>xpath://i[@class='configMenuIcon']</arg>
</arguments>
<msg timestamp="20200706 13:36:41.763" level="INFO">Clicking element 'xpath://i[@class='configMenuIcon']'.</msg>
<status status="PASS" starttime="20200706 13:36:41.762" endtime="20200706 13:36:41.857"></status>
</kw>
<kw name="Sleep" library="BuiltIn">
<doc>Pauses the test executed for the given time.</doc>
<arguments>
<arg>1s</arg>
</arguments>
<msg timestamp="20200706 13:36:42.860" level="INFO">Slept 1 second</msg>
<status status="PASS" starttime="20200706 13:36:41.858" endtime="20200706 13:36:42.860"></status>
</kw>
<status status="PASS" starttime="20200706 13:36:40.553" endtime="20200706 13:36:42.861"></status>
</kw>
<kw name="Verify That Texts Of Options Icon Are" library="CommonWeb">
<doc>Check the links of the Option Menu</doc>
<arguments>
<arg>Options</arg>
<arg>Preferences</arg>
<arg>Help</arg>
<arg>Change Password</arg>
<arg>Logout (${UserName})</arg>
</arguments>
<kw name="Wait Until Element Is Visible" library="SeleniumLibrary">
<doc>Waits until the element ``locator`` is visible.</doc>
<arguments>
<arg>//button[@class='configMenu btn btn-default']</arg>
<arg>5s</arg>
</arguments>
<status status="PASS" starttime="20200706 13:36:42.863" endtime="20200706 13:36:42.906"></status>
</kw>
<kw name="Element Attribute Value Should Be" library="SeleniumLibrary">
<doc>Verifies element identified by ``locator`` contains expected attribute value.</doc>
<arguments>
<arg>//button[@class='configMenu btn btn-default']</arg>
<arg>data-original-title</arg>
<arg>${iconText}</arg>
</arguments>
<msg timestamp="20200706 13:36:42.928" level="INFO">Element '//button[@class='configMenu btn btn-default']' attribute 'data-original-title' contains value 'Options'.</msg>
<status status="PASS" starttime="20200706 13:36:42.906" endtime="20200706 13:36:42.929"></status>
</kw>
<kw name="Verify Text" library="CommonWeb">
<doc>Check for the text existence on the locator</doc>
<arguments>
<arg>//a[contains(text(),'${text1}')]</arg>
<arg>${text1}</arg>
</arguments>
<kw name="Wait Until Keyword Succeeds" library="BuiltIn">
<doc>Runs the specified keyword and retries if it fails.</doc>
<arguments>
<arg>10s</arg>
<arg>1s</arg>
<arg>Wait Until Element Is Visible</arg>
<arg>${locator}</arg>
<arg>2s</arg>
</arguments>
<kw name="Wait Until Element Is Visible" library="SeleniumLibrary">
<doc>Waits until the element ``locator`` is visible.</doc>
<arguments>
<arg>${locator}</arg>
<arg>2s</arg>
</arguments>
<status status="PASS" starttime="20200706 13:36:42.931" endtime="20200706 13:36:42.954"></status>
</kw>
<status status="PASS" starttime="20200706 13:36:42.930" endtime="20200706 13:36:42.954"></status>
</kw>
<kw name="Run Keyword And Continue On Failure" library="BuiltIn">
<doc>Runs the keyword and continues execution even if a failure occurs.</doc>
<arguments>
<arg>Element Text Should Be</arg>
<arg>${locator}</arg>
<arg>${text}</arg>
</arguments>
<kw name="Element Text Should Be" library="SeleniumLibrary">
<doc>Verifies that element ``locator`` contains exact the text ``expected``.</doc>
<arguments>
<arg>${locator}</arg>
<arg>${text}</arg>
</arguments>
<msg timestamp="20200706 13:36:42.955" level="INFO">Verifying element '//a[contains(text(),'Preferences')]' contains exact text 'Preferences'.</msg>
<status status="PASS" starttime="20200706 13:36:42.955" endtime="20200706 13:36:42.981"></status>
</kw>
<status status="PASS" starttime="20200706 13:36:42.954" endtime="20200706 13:36:42.981"></status>
</kw>
<status status="PASS" starttime="20200706 13:36:42.929" endtime="20200706 13:36:42.981"></status>
</kw>
<kw name="Verify Text" library="CommonWeb">
<doc>Check for the text existence on the locator</doc>
<arguments>
<arg>//a[contains(text(),'${text2}')]</arg>
<arg>${text2}</arg>
</arguments>
<kw name="Wait Until Keyword Succeeds" library="BuiltIn">
<doc>Runs the specified keyword and retries if it fails.</doc>
<arguments>
<arg>10s</arg>
<arg>1s</arg>
<arg>Wait Until Element Is Visible</arg>
<arg>${locator}</arg>
<arg>2s</arg>
</arguments>
<kw name="Wait Until Element Is Visible" library="SeleniumLibrary">
<doc>Waits until the element ``locator`` is visible.</doc>
<arguments>
<arg>${locator}</arg>
<arg>2s</arg>
</arguments>
<status status="PASS" starttime="20200706 13:36:42.983" endtime="20200706 13:36:43.008"></status>
</kw>
<status status="PASS" starttime="20200706 13:36:42.982" endtime="20200706 13:36:43.008"></status>
</kw>
<kw name="Run Keyword And Continue On Failure" library="BuiltIn">
<doc>Runs the keyword and continues execution even if a failure occurs.</doc>
<arguments>
<arg>Element Text Should Be</arg>
<arg>${locator}</arg>
<arg>${text}</arg>
</arguments>
<kw name="Element Text Should Be" library="SeleniumLibrary">
<doc>Verifies that element ``locator`` contains exact the text ``expected``.</doc>
<arguments>
<arg>${locator}</arg>
<arg>${text}</arg>
</arguments>
<msg timestamp="20200706 13:36:43.009" level="INFO">Verifying element '//a[contains(text(),'Help')]' contains exact text 'Help'.</msg>
<status status="PASS" starttime="20200706 13:36:43.009" endtime="20200706 13:36:43.030"></status>
</kw>
<status status="PASS" starttime="20200706 13:36:43.008" endtime="20200706 13:36:43.030"></status>
</kw>
<status status="PASS" starttime="20200706 13:36:42.982" endtime="20200706 13:36:43.031"></status>
</kw>
<kw name="Verify Text" library="CommonWeb">
<doc>Check for the text existence on the locator</doc>
<arguments>
<arg>//a[contains(text(),'${text3}')]</arg>
<arg>${text3}</arg>
</arguments>
<kw name="Wait Until Keyword Succeeds" library="BuiltIn">
<doc>Runs the specified keyword and retries if it fails.</doc>
<arguments>
<arg>10s</arg>
<arg>1s</arg>
<arg>Wait Until Element Is Visible</arg>
<arg>${locator}</arg>
<arg>2s</arg>
</arguments>
<kw name="Wait Until Element Is Visible" library="SeleniumLibrary">
<doc>Waits until the element ``locator`` is visible.</doc>
<arguments>
<arg>${locator}</arg>
<arg>2s</arg>
</arguments>
<status status="PASS" starttime="20200706 13:36:43.033" endtime="20200706 13:36:43.053"></status>
</kw>
<status status="PASS" starttime="20200706 13:36:43.032" endtime="20200706 13:36:43.053"></status>
</kw>
<kw name="Run Keyword And Continue On Failure" library="BuiltIn">
<doc>Runs the keyword and continues execution even if a failure occurs.</doc>
<arguments>
<arg>Element Text Should Be</arg>
<arg>${locator}</arg>
<arg>${text}</arg>
</arguments>
<kw name="Element Text Should Be" library="SeleniumLibrary">
<doc>Verifies that element ``locator`` contains exact the text ``expected``.</doc>
<arguments>
<arg>${locator}</arg>
<arg>${text}</arg>
</arguments>
<msg timestamp="20200706 13:36:43.054" level="INFO">Verifying element '//a[contains(text(),'Change Password')]' contains exact text 'Change Password'.</msg>
<status status="PASS" starttime="20200706 13:36:43.054" endtime="20200706 13:36:43.084"></status>
</kw>
<status status="PASS" starttime="20200706 13:36:43.054" endtime="20200706 13:36:43.085"></status>
</kw>
<status status="PASS" starttime="20200706 13:36:43.031" endtime="20200706 13:36:43.085"></status>
</kw>
<kw name="Verify Text" library="CommonWeb">
<doc>Check for the text existence on the locator</doc>
<arguments>
<arg>//a[contains(text(),'${text4}')]</arg>
<arg>${text4}</arg>
</arguments>
<kw name="Wait Until Keyword Succeeds" library="BuiltIn">
<doc>Runs the specified keyword and retries if it fails.</doc>
<arguments>
<arg>10s</arg>
<arg>1s</arg>
<arg>Wait Until Element Is Visible</arg>
<arg>${locator}</arg>
<arg>2s</arg>
</arguments>
<kw name="Wait Until Element Is Visible" library="SeleniumLibrary">
<doc>Waits until the element ``locator`` is visible.</doc>
<arguments>
<arg>${locator}</arg>
<arg>2s</arg>
</arguments>
<status status="PASS" starttime="20200706 13:36:43.088" endtime="20200706 13:36:43.212"></status>
</kw>
<status status="PASS" starttime="20200706 13:36:43.087" endtime="20200706 13:36:43.212"></status>
</kw>
<kw name="Run Keyword And Continue On Failure" library="BuiltIn">
<doc>Runs the keyword and continues execution even if a failure occurs.</doc>
<arguments>
<arg>Element Text Should Be</arg>
<arg>${locator}</arg>
<arg>${text}</arg>
</arguments>
<kw name="Element Text Should Be" library="SeleniumLibrary">
<doc>Verifies that element ``locator`` contains exact the text ``expected``.</doc>
<arguments>
<arg>${locator}</arg>
<arg>${text}</arg>
</arguments>
<msg timestamp="20200706 13:36:43.214" level="INFO">Verifying element '//a[contains(text(),'Logout (userTest1)')]' contains exact text 'Logout (userTest1)'.</msg>
<status status="PASS" starttime="20200706 13:36:43.214" endtime="20200706 13:36:43.251"></status>
</kw>
<status status="PASS" starttime="20200706 13:36:43.213" endtime="20200706 13:36:43.251"></status>
</kw>
<status status="PASS" starttime="20200706 13:36:43.086" endtime="20200706 13:36:43.251"></status>
</kw>
<status status="PASS" starttime="20200706 13:36:42.862" endtime="20200706 13:36:43.252"></status>
</kw>
<kw name="Click On Share features Icon" library="CommonWeb">
<doc>Go to Share features menu</doc>
<kw name="Wait Until Element Is Enabled" library="SeleniumLibrary">
<doc>Waits until the element ``locator`` is enabled.</doc>
<arguments>
<arg>xpath://button[@class='glyphicon jmap_share btn btn-default']</arg>
<arg>timeout=10s</arg>
</arguments>
<status status="PASS" starttime="20200706 13:36:43.253" endtime="20200706 13:36:43.299"></status>
</kw>
<kw name="Click Element" library="SeleniumLibrary">
<doc>Click the element identified by ``locator``.</doc>
<arguments>
<arg>xpath://button[@class='glyphicon jmap_share btn btn-default']</arg>
</arguments>
<msg timestamp="20200706 13:36:43.300" level="INFO">Clicking element 'xpath://button[@class='glyphicon jmap_share btn btn-default']'.</msg>
<status status="PASS" starttime="20200706 13:36:43.299" endtime="20200706 13:36:43.392"></status>
</kw>
<status status="PASS" starttime="20200706 13:36:43.252" endtime="20200706 13:36:43.393"></status>
</kw>
<kw name="Verify That Texts Of Share Features Icon Are" library="CommonWeb">
<doc>Check the links of the Share Features Menu</doc>
<arguments>
<arg>Share features</arg>
<arg>Link to this map</arg>
<arg>Embed Map</arg>
<arg>Create Image</arg>
</arguments>
<kw name="Wait Until Element Is Visible" library="SeleniumLibrary">
<doc>Waits until the element ``locator`` is visible.</doc>
<arguments>
<arg>//button[@class='glyphicon jmap_share btn btn-default']</arg>
<arg>5s</arg>
</arguments>
<status status="PASS" starttime="20200706 13:36:43.395" endtime="20200706 13:36:43.453"></status>
</kw>
<kw name="Element Attribute Value Should Be" library="SeleniumLibrary">
<doc>Verifies element identified by ``locator`` contains expected attribute value.</doc>
<arguments>
<arg>//button[@class='glyphicon jmap_share btn btn-default']</arg>
<arg>data-original-title</arg>
<arg>${iconText}</arg>
</arguments>
<msg timestamp="20200706 13:36:43.479" level="INFO">Element '//button[@class='glyphicon jmap_share btn btn-default']' attribute 'data-original-title' contains value 'Share features'.</msg>
<status status="PASS" starttime="20200706 13:36:43.454" endtime="20200706 13:36:43.479"></status>
</kw>
<kw name="Verify Text" library="CommonWeb">
<doc>Check for the text existence on the locator</doc>
<arguments>
<arg>//a[contains(text(),'${text1}')]</arg>
<arg>${text1}</arg>
</arguments>
<kw name="Wait Until Keyword Succeeds" library="BuiltIn">
<doc>Runs the specified keyword and retries if it fails.</doc>
<arguments>
<arg>10s</arg>
<arg>1s</arg>
<arg>Wait Until Element Is Visible</arg>
<arg>${locator}</arg>
<arg>2s</arg>
</arguments>
<kw name="Wait Until Element Is Visible" library="SeleniumLibrary">
<doc>Waits until the element ``locator`` is visible.</doc>
<arguments>
<arg>${locator}</arg>
<arg>2s</arg>
</arguments>
<status status="PASS" starttime="20200706 13:36:43.481" endtime="20200706 13:36:43.519"></status>
</kw>
<status status="PASS" starttime="20200706 13:36:43.480" endtime="20200706 13:36:43.519"></status>
</kw>
<kw name="Run Keyword And Continue On Failure" library="BuiltIn">
<doc>Runs the keyword and continues execution even if a failure occurs.</doc>
<arguments>
<arg>Element Text Should Be</arg>
<arg>${locator}</arg>
<arg>${text}</arg>
</arguments>
<kw name="Element Text Should Be" library="SeleniumLibrary">
<doc>Verifies that element ``locator`` contains exact the text ``expected``.</doc>
<arguments>
<arg>${locator}</arg>
<arg>${text}</arg>
</arguments>
<msg timestamp="20200706 13:36:43.521" level="INFO">Verifying element '//a[contains(text(),'Link to this map')]' contains exact text 'Link to this map'.</msg>
<status status="PASS" starttime="20200706 13:36:43.521" endtime="20200706 13:36:43.554"></status>
</kw>
<status status="PASS" starttime="20200706 13:36:43.520" endtime="20200706 13:36:43.555"></status>
</kw>
<status status="PASS" starttime="20200706 13:36:43.479" endtime="20200706 13:36:43.555"></status>
</kw>
<kw name="Verify Text" library="CommonWeb">
<doc>Check for the text existence on the locator</doc>
<arguments>
<arg>//a[contains(text(),'${text2}')]</arg>
<arg>${text2}</arg>
</arguments>
<kw name="Wait Until Keyword Succeeds" library="BuiltIn">
<doc>Runs the specified keyword and retries if it fails.</doc>
<arguments>
<arg>10s</arg>
<arg>1s</arg>
<arg>Wait Until Element Is Visible</arg>
<arg>${locator}</arg>
<arg>2s</arg>
</arguments>
<kw name="Wait Until Element Is Visible" library="SeleniumLibrary">
<doc>Waits until the element ``locator`` is visible.</doc>
<arguments>
<arg>${locator}</arg>
<arg>2s</arg>
</arguments>
<status status="PASS" starttime="20200706 13:36:43.557" endtime="20200706 13:36:43.601"></status>
</kw>
<status status="PASS" starttime="20200706 13:36:43.557" endtime="20200706 13:36:43.601"></status>
</kw>
<kw name="Run Keyword And Continue On Failure" library="BuiltIn">
<doc>Runs the keyword and continues execution even if a failure occurs.</doc>
<arguments>
<arg>Element Text Should Be</arg>
<arg>${locator}</arg>
<arg>${text}</arg>
</arguments>
<kw name="Element Text Should Be" library="SeleniumLibrary">
<doc>Verifies that element ``locator`` contains exact the text ``expected``.</doc>
<arguments>
<arg>${locator}</arg>
<arg>${text}</arg>
</arguments>
<msg timestamp="20200706 13:36:43.603" level="INFO">Verifying element '//a[contains(text(),'Embed Map')]' contains exact text 'Embed Map'.</msg>
<status status="PASS" starttime="20200706 13:36:43.603" endtime="20200706 13:36:43.640"></status>
</kw>
<status status="PASS" starttime="20200706 13:36:43.602" endtime="20200706 13:36:43.640"></status>
</kw>
<status status="PASS" starttime="20200706 13:36:43.556" endtime="20200706 13:36:43.641"></status>
</kw>
<kw name="Verify Text" library="CommonWeb">
<doc>Check for the text existence on the locator</doc>
<arguments>
<arg>//a[contains(text(),'${text3}')]</arg>
<arg>${text3}</arg>
</arguments>
<kw name="Wait Until Keyword Succeeds" library="BuiltIn">
<doc>Runs the specified keyword and retries if it fails.</doc>
<arguments>
<arg>10s</arg>
<arg>1s</arg>
<arg>Wait Until Element Is Visible</arg>
<arg>${locator}</arg>
<arg>2s</arg>
</arguments>
<kw name="Wait Until Element Is Visible" library="SeleniumLibrary">
<doc>Waits until the element ``locator`` is visible.</doc>
<arguments>
<arg>${locator}</arg>
<arg>2s</arg>
</arguments>
<status status="PASS" starttime="20200706 13:36:43.643" endtime="20200706 13:36:43.684"></status>
</kw>
<status status="PASS" starttime="20200706 13:36:43.642" endtime="20200706 13:36:43.685"></status>
</kw>
<kw name="Run Keyword And Continue On Failure" library="BuiltIn">
<doc>Runs the keyword and continues execution even if a failure occurs.</doc>
<arguments>
<arg>Element Text Should Be</arg>
<arg>${locator}</arg>
<arg>${text}</arg>
</arguments>
<kw name="Element Text Should Be" library="SeleniumLibrary">
<doc>Verifies that element ``locator`` contains exact the text ``expected``.</doc>
<arguments>
<arg>${locator}</arg>
<arg>${text}</arg>
</arguments>
<msg timestamp="20200706 13:36:43.686" level="INFO">Verifying element '//a[contains(text(),'Create Image')]' contains exact text 'Create Image'.</msg>
<status status="PASS" starttime="20200706 13:36:43.685" endtime="20200706 13:36:43.714"></status>
</kw>
<status status="PASS" starttime="20200706 13:36:43.685" endtime="20200706 13:36:43.714"></status>
</kw>
<status status="PASS" starttime="20200706 13:36:43.641" endtime="20200706 13:36:43.714"></status>
</kw>
<status status="PASS" starttime="20200706 13:36:43.394" endtime="20200706 13:36:43.715"></status>
</kw>
<kw name="Verify That Text Of Full Screen Icon Is" library="CommonWeb">
<doc>Check the links of the Full Screen tool</doc>
<arguments>
<arg>Full screen</arg>
</arguments>
<kw name="Wait Until Element Is Visible" library="SeleniumLibrary">
<doc>Waits until the element ``locator`` is visible.</doc>
<arguments>
<arg>//button[@class='btn btn-default ol-full-screen-false']</arg>
<arg>5s</arg>
</arguments>
<status status="PASS" starttime="20200706 13:36:43.716" endtime="20200706 13:36:43.747"></status>
</kw>
<kw name="Run Keyword And Continue On Failure" library="BuiltIn">
<doc>Runs the keyword and continues execution even if a failure occurs.</doc>
<arguments>
<arg>Element Attribute Value Should Be</arg>
<arg>//button[@class='btn btn-default ol-full-screen-false']</arg>
<arg>data-original-title</arg>
<arg>${iconText}</arg>
</arguments>
<kw name="Element Attribute Value Should Be" library="SeleniumLibrary">
<doc>Verifies element identified by ``locator`` contains expected attribute value.</doc>
<arguments>
<arg>//button[@class='btn btn-default ol-full-screen-false']</arg>
<arg>data-original-title</arg>
<arg>${iconText}</arg>
</arguments>
<msg timestamp="20200706 13:36:43.774" level="INFO">Element '//button[@class='btn btn-default ol-full-screen-false']' attribute 'data-original-title' contains value 'Full screen'.</msg>
<status status="PASS" starttime="20200706 13:36:43.749" endtime="20200706 13:36:43.774"></status>
</kw>
<status status="PASS" starttime="20200706 13:36:43.748" endtime="20200706 13:36:43.775"></status>
</kw>
<status status="PASS" starttime="20200706 13:36:43.715" endtime="20200706 13:36:43.775"></status>
</kw>
<kw name="Verify That Text Of Overview Map Icon Is" library="CommonWeb">
<doc>Check the links of the Overview Map tool</doc>
<arguments>
<arg>Overview map</arg>
</arguments>
<kw name="Wait Until Element Is Visible" library="SeleniumLibrary">
<doc>Waits until the element ``locator`` is visible.</doc>
<arguments>
<arg>//div[@id='OverViewTrigger']</arg>
<arg>5s</arg>
</arguments>
<status status="PASS" starttime="20200706 13:36:43.777" endtime="20200706 13:36:43.817"></status>
</kw>
<kw name="Run Keyword And Continue On Failure" library="BuiltIn">
<doc>Runs the keyword and continues execution even if a failure occurs.</doc>
<arguments>
<arg>Element Attribute Value Should Be</arg>
<arg>//div[@id='OverViewTrigger']</arg>
<arg>data-original-title</arg>
<arg>${iconText}</arg>
</arguments>
<kw name="Element Attribute Value Should Be" library="SeleniumLibrary">
<doc>Verifies element identified by ``locator`` contains expected attribute value.</doc>
<arguments>
<arg>//div[@id='OverViewTrigger']</arg>
<arg>data-original-title</arg>
<arg>${iconText}</arg>
</arguments>
<msg timestamp="20200706 13:36:43.843" level="INFO">Element '//div[@id='OverViewTrigger']' attribute 'data-original-title' contains value 'Overview map'.</msg>
<status status="PASS" starttime="20200706 13:36:43.819" endtime="20200706 13:36:43.844"></status>
</kw>
<status status="PASS" starttime="20200706 13:36:43.818" endtime="20200706 13:36:43.844"></status>
</kw>
<status status="PASS" starttime="20200706 13:36:43.776" endtime="20200706 13:36:43.845"></status>
</kw>
<kw name="Verify That Text Of Print Map Icon Is" library="CommonWeb">
<doc>Check the links of the Print Map tool</doc>
<arguments>
<arg>Print map</arg>
</arguments>
<kw name="Wait Until Element Is Visible" library="SeleniumLibrary">
<doc>Waits until the element ``locator`` is visible.</doc>
<arguments>
<arg>//div[@id='printTrigger']</arg>
<arg>5s</arg>
</arguments>
<status status="PASS" starttime="20200706 13:36:43.846" endtime="20200706 13:36:43.888"></status>
</kw>
<kw name="Run Keyword And Continue On Failure" library="BuiltIn">
<doc>Runs the keyword and continues execution even if a failure occurs.</doc>
<arguments>
<arg>Element Attribute Value Should Be</arg>
<arg>//div[@id='printTrigger']</arg>
<arg>data-original-title</arg>
<arg>${iconText}</arg>
</arguments>
<kw name="Element Attribute Value Should Be" library="SeleniumLibrary">
<doc>Verifies element identified by ``locator`` contains expected attribute value.</doc>
<arguments>
<arg>//div[@id='printTrigger']</arg>
<arg>data-original-title</arg>
<arg>${iconText}</arg>
</arguments>
<msg timestamp="20200706 13:36:43.908" level="INFO">Element '//div[@id='printTrigger']' attribute 'data-original-title' contains value 'Print map'.</msg>
<status status="PASS" starttime="20200706 13:36:43.889" endtime="20200706 13:36:43.908"></status>
</kw>
<status status="PASS" starttime="20200706 13:36:43.888" endtime="20200706 13:36:43.909"></status>
</kw>
<status status="PASS" starttime="20200706 13:36:43.845" endtime="20200706 13:36:43.909"></status>
</kw>
<kw name="Click On Annotation Down List Arrow" library="CommonAnnotationWeb">
<doc>Click on annotation tool</doc>
<kw name="Wait Until Keyword Succeeds" library="BuiltIn">
<doc>Runs the specified keyword and retries if it fails.</doc>
<arguments>
<arg>10s</arg>
<arg>1s</arg>
<arg>Wait Until Element Is Enabled</arg>
<arg>xpath://div[@id='smallTrigger_freehandSet']</arg>
<arg>timeout=2s</arg>
</arguments>
<kw name="Wait Until Element Is Enabled" library="SeleniumLibrary">
<doc>Waits until the element ``locator`` is enabled.</doc>
<arguments>
<arg>xpath://div[@id='smallTrigger_freehandSet']</arg>
<arg>timeout=2s</arg>
</arguments>
<status status="PASS" starttime="20200706 13:36:43.910" endtime="20200706 13:36:43.954"></status>
</kw>
<status status="PASS" starttime="20200706 13:36:43.909" endtime="20200706 13:36:43.954"></status>
</kw>
<kw name="Click Element" library="SeleniumLibrary">
<doc>Click the element identified by ``locator``.</doc>
<arguments>
<arg>xpath://div[@id='smallTrigger_freehandSet']</arg>
</arguments>
<msg timestamp="20200706 13:36:43.955" level="INFO">Clicking element 'xpath://div[@id='smallTrigger_freehandSet']'.</msg>
<status status="PASS" starttime="20200706 13:36:43.955" endtime="20200706 13:36:44.040"></status>
</kw>
<status status="PASS" starttime="20200706 13:36:43.909" endtime="20200706 13:36:44.041"></status>
</kw>
<kw name="Verify That Texts Of Annotations Icon Are">
<arguments>
<arg>Freehand</arg>
<arg>Text</arg>
<arg>Point</arg>
<arg>Line</arg>
<arg>Rectangle</arg>
<arg>Polygon</arg>
<arg>Circle</arg>
</arguments>
<kw name="Verify That Text Of Freehand Annotation Icon Is" library="CommonAnnotationWeb">
<doc>Check freehand annotation is enable</doc>
<arguments>
<arg>${expected1}</arg>
</arguments>
<kw name="Wait Until Keyword Succeeds" library="BuiltIn">
<doc>Runs the specified keyword and retries if it fails.</doc>
<arguments>
<arg>10s</arg>
<arg>1s</arg>
<arg>Wait Until Element Is Visible</arg>
<arg>xpath://div[@id='dropdownPanel_freehandSet']//div[@class='freelinestringDrawing CustomButtons btn btn-default']</arg>
<arg>2s</arg>
</arguments>
<kw name="Wait Until Element Is Visible" library="SeleniumLibrary">
<doc>Waits until the element ``locator`` is visible.</doc>
<arguments>
<arg>xpath://div[@id='dropdownPanel_freehandSet']//div[@class='freelinestringDrawing CustomButtons btn btn-default']</arg>
<arg>2s</arg>
</arguments>
<status status="PASS" starttime="20200706 13:36:44.044" endtime="20200706 13:36:44.080"></status>
</kw>
<status status="PASS" starttime="20200706 13:36:44.043" endtime="20200706 13:36:44.081"></status>
</kw>
<kw name="Run Keyword And Continue On Failure" library="BuiltIn">
<doc>Runs the keyword and continues execution even if a failure occurs.</doc>
<arguments>
<arg>Element Attribute Value Should Be</arg>
<arg>//div[@id='dropdownPanel_freehandSet']//div[@class='freelinestringDrawing CustomButtons btn btn-default']</arg>
<arg>data-original-title</arg>
<arg>${iconText}</arg>
</arguments>
<kw name="Element Attribute Value Should Be" library="SeleniumLibrary">
<doc>Verifies element identified by ``locator`` contains expected attribute value.</doc>
<arguments>
<arg>//div[@id='dropdownPanel_freehandSet']//div[@class='freelinestringDrawing CustomButtons btn btn-default']</arg>
<arg>data-original-title</arg>
<arg>${iconText}</arg>
</arguments>
<msg timestamp="20200706 13:36:44.107" level="INFO">Element '//div[@id='dropdownPanel_freehandSet']//div[@class='freelinestringDrawing CustomButtons btn btn-default']' attribute 'data-original-title' contains value 'Freehand'.</msg>
<status status="PASS" starttime="20200706 13:36:44.082" endtime="20200706 13:36:44.108"></status>
</kw>
<status status="PASS" starttime="20200706 13:36:44.081" endtime="20200706 13:36:44.108"></status>
</kw>
<kw name="Sleep" library="BuiltIn">
<doc>Pauses the test executed for the given time.</doc>
<arguments>
<arg>1</arg>
</arguments>
<msg timestamp="20200706 13:36:45.109" level="INFO">Slept 1 second</msg>
<status status="PASS" starttime="20200706 13:36:44.109" endtime="20200706 13:36:45.110"></status>
</kw>
<status status="PASS" starttime="20200706 13:36:44.042" endtime="20200706 13:36:45.111"></status>
</kw>
<kw name="Verify That Text Of Text Annotation Icon Is" library="CommonAnnotationWeb">
<doc>Check text annotation is enable</doc>
<arguments>
<arg>${expected2}</arg>
</arguments>
<kw name="Wait Until Keyword Succeeds" library="BuiltIn">
<doc>Runs the specified keyword and retries if it fails.</doc>
<arguments>
<arg>10s</arg>
<arg>1s</arg>
<arg>Wait Until Element Is Visible</arg>
<arg>xpath://div[@class='textAnnotation CustomButtons btn btn-default']</arg>
<arg>timeout=2s</arg>
</arguments>
<kw name="Wait Until Element Is Visible" library="SeleniumLibrary">
<doc>Waits until the element ``locator`` is visible.</doc>
<arguments>
<arg>xpath://div[@class='textAnnotation CustomButtons btn btn-default']</arg>
<arg>timeout=2s</arg>
</arguments>
<status status="PASS" starttime="20200706 13:36:45.114" endtime="20200706 13:36:45.177"></status>
</kw>
<status status="PASS" starttime="20200706 13:36:45.113" endtime="20200706 13:36:45.178"></status>
</kw>
<kw name="Run Keyword And Continue On Failure" library="BuiltIn">
<doc>Runs the keyword and continues execution even if a failure occurs.</doc>
<arguments>
<arg>Element Attribute Value Should Be</arg>
<arg>//div[@class='textAnnotation CustomButtons btn btn-default']</arg>
<arg>data-original-title</arg>
<arg>${iconText}</arg>
</arguments>
<kw name="Element Attribute Value Should Be" library="SeleniumLibrary">
<doc>Verifies element identified by ``locator`` contains expected attribute value.</doc>
<arguments>
<arg>//div[@class='textAnnotation CustomButtons btn btn-default']</arg>
<arg>data-original-title</arg>
<arg>${iconText}</arg>
</arguments>
<msg timestamp="20200706 13:36:45.216" level="INFO">Element '//div[@class='textAnnotation CustomButtons btn btn-default']' attribute 'data-original-title' contains value 'Text'.</msg>
<status status="PASS" starttime="20200706 13:36:45.180" endtime="20200706 13:36:45.216"></status>
</kw>
<status status="PASS" starttime="20200706 13:36:45.179" endtime="20200706 13:36:45.217"></status>
</kw>
<status status="PASS" starttime="20200706 13:36:45.112" endtime="20200706 13:36:45.217"></status>
</kw>
<kw name="Verify That Text Of Point Annotation Icon Is" library="CommonAnnotationWeb">
<doc>Check point annotation is enable</doc>
<arguments>
<arg>${expected3}</arg>
</arguments>
<kw name="Wait Until Keyword Succeeds" library="BuiltIn">
<doc>Runs the specified keyword and retries if it fails.</doc>
<arguments>
<arg>10s</arg>
<arg>1s</arg>
<arg>Wait Until Element Is Visible</arg>
<arg>xpath://div[@id='point_FreeDrawingTrigger']</arg>
<arg>timeout=2s</arg>
</arguments>
<kw name="Wait Until Element Is Visible" library="SeleniumLibrary">
<doc>Waits until the element ``locator`` is visible.</doc>
<arguments>
<arg>xpath://div[@id='point_FreeDrawingTrigger']</arg>
<arg>timeout=2s</arg>
</arguments>
<status status="PASS" starttime="20200706 13:36:45.220" endtime="20200706 13:36:45.260"></status>
</kw>
<status status="PASS" starttime="20200706 13:36:45.219" endtime="20200706 13:36:45.261"></status>
</kw>
<kw name="Run Keyword And Continue On Failure" library="BuiltIn">
<doc>Runs the keyword and continues execution even if a failure occurs.</doc>
<arguments>
<arg>Element Attribute Value Should Be</arg>
<arg>//div[@id='point_FreeDrawingTrigger']</arg>
<arg>data-original-title</arg>
<arg>${iconText}</arg>
</arguments>
<kw name="Element Attribute Value Should Be" library="SeleniumLibrary">
<doc>Verifies element identified by ``locator`` contains expected attribute value.</doc>
<arguments>
<arg>//div[@id='point_FreeDrawingTrigger']</arg>
<arg>data-original-title</arg>
<arg>${iconText}</arg>
</arguments>
<msg timestamp="20200706 13:36:45.286" level="INFO">Element '//div[@id='point_FreeDrawingTrigger']' attribute 'data-original-title' contains value 'Point'.</msg>
<status status="PASS" starttime="20200706 13:36:45.262" endtime="20200706 13:36:45.287"></status>
</kw>
<status status="PASS" starttime="20200706 13:36:45.261" endtime="20200706 13:36:45.287"></status>
</kw>
<status status="PASS" starttime="20200706 13:36:45.218" endtime="20200706 13:36:45.287"></status>
</kw>
<kw name="Verify That Text Of Line Annotation Icon Is" library="CommonAnnotationWeb">
<doc>Check line annotation is enable</doc>
<arguments>
<arg>${expected4}</arg>
</arguments>
<kw name="Wait Until Keyword Succeeds" library="BuiltIn">
<doc>Runs the specified keyword and retries if it fails.</doc>
<arguments>
<arg>10s</arg>
<arg>1s</arg>
<arg>Wait Until Element Is Visible</arg>
<arg>xpath://div[@id='linestring_FreeDrawingTrigger']</arg>
<arg>timeout=2s</arg>
</arguments>
<kw name="Wait Until Element Is Visible" library="SeleniumLibrary">
<doc>Waits until the element ``locator`` is visible.</doc>
<arguments>
<arg>xpath://div[@id='linestring_FreeDrawingTrigger']</arg>
<arg>timeout=2s</arg>
</arguments>
<status status="PASS" starttime="20200706 13:36:45.290" endtime="20200706 13:36:45.330"></status>
</kw>
<status status="PASS" starttime="20200706 13:36:45.289" endtime="20200706 13:36:45.331"></status>
</kw>
<kw name="Run Keyword And Continue On Failure" library="BuiltIn">
<doc>Runs the keyword and continues execution even if a failure occurs.</doc>
<arguments>
<arg>Element Attribute Value Should Be</arg>
<arg>//div[@id='linestring_FreeDrawingTrigger']</arg>
<arg>data-original-title</arg>
<arg>${iconText}</arg>
</arguments>
<kw name="Element Attribute Value Should Be" library="SeleniumLibrary">
<doc>Verifies element identified by ``locator`` contains expected attribute value.</doc>
<arguments>
<arg>//div[@id='linestring_FreeDrawingTrigger']</arg>
<arg>data-original-title</arg>
<arg>${iconText}</arg>
</arguments>
<msg timestamp="20200706 13:36:45.358" level="INFO">Element '//div[@id='linestring_FreeDrawingTrigger']' attribute 'data-original-title' contains value 'Line'.</msg>
<status status="PASS" starttime="20200706 13:36:45.332" endtime="20200706 13:36:45.359"></status>
</kw>
<status status="PASS" starttime="20200706 13:36:45.332" endtime="20200706 13:36:45.359"></status>
</kw>
<status status="PASS" starttime="20200706 13:36:45.288" endtime="20200706 13:36:45.359"></status>
</kw>
<kw name="Verify That Text Of Rectangle Annotation Icon Is" library="CommonAnnotationWeb">
<doc>Check rectangle annotation is enable</doc>
<arguments>
<arg>${expected5}</arg>
</arguments>
<kw name="Wait Until Keyword Succeeds" library="BuiltIn">
<doc>Runs the specified keyword and retries if it fails.</doc>
<arguments>
<arg>10s</arg>
<arg>1s</arg>
<arg>Wait Until Element Is Visible</arg>
<arg>xpath://div[@id='rectangle_FreeDrawingTrigger']</arg>
<arg>timeout=2s</arg>
</arguments>
<kw name="Wait Until Element Is Visible" library="SeleniumLibrary">
<doc>Waits until the element ``locator`` is visible.</doc>
<arguments>
<arg>xpath://div[@id='rectangle_FreeDrawingTrigger']</arg>
<arg>timeout=2s</arg>
</arguments>
<status status="PASS" starttime="20200706 13:36:45.362" endtime="20200706 13:36:45.402"></status>
</kw>
<status status="PASS" starttime="20200706 13:36:45.361" endtime="20200706 13:36:45.403"></status>
</kw>
<kw name="Run Keyword And Continue On Failure" library="BuiltIn">
<doc>Runs the keyword and continues execution even if a failure occurs.</doc>
<arguments>
<arg>Element Attribute Value Should Be</arg>
<arg>//div[@id='rectangle_FreeDrawingTrigger']</arg>
<arg>data-original-title</arg>
<arg>${iconText}</arg>
</arguments>
<kw name="Element Attribute Value Should Be" library="SeleniumLibrary">
<doc>Verifies element identified by ``locator`` contains expected attribute value.</doc>
<arguments>
<arg>//div[@id='rectangle_FreeDrawingTrigger']</arg>
<arg>data-original-title</arg>
<arg>${iconText}</arg>
</arguments>
<msg timestamp="20200706 13:36:45.429" level="INFO">Element '//div[@id='rectangle_FreeDrawingTrigger']' attribute 'data-original-title' contains value 'Rectangle'.</msg>
<status status="PASS" starttime="20200706 13:36:45.404" endtime="20200706 13:36:45.429"></status>
</kw>
<status status="PASS" starttime="20200706 13:36:45.403" endtime="20200706 13:36:45.429"></status>
</kw>
<status status="PASS" starttime="20200706 13:36:45.360" endtime="20200706 13:36:45.430"></status>
</kw>
<kw name="Verify That Text Of Polygon Annotation Icon Is" library="CommonAnnotationWeb">
<doc>Check polygon annotation is enable</doc>
<arguments>
<arg>${expected6}</arg>
</arguments>
<kw name="Wait Until Keyword Succeeds" library="BuiltIn">
<doc>Runs the specified keyword and retries if it fails.</doc>
<arguments>
<arg>10s</arg>
<arg>1s</arg>
<arg>Wait Until Element Is Visible</arg>
<arg>xpath://div[@id='polygon_FreeDrawingTrigger']</arg>
<arg>timeout=2s</arg>
</arguments>
<kw name="Wait Until Element Is Visible" library="SeleniumLibrary">
<doc>Waits until the element ``locator`` is visible.</doc>
<arguments>
<arg>xpath://div[@id='polygon_FreeDrawingTrigger']</arg>
<arg>timeout=2s</arg>
</arguments>
<status status="PASS" starttime="20200706 13:36:45.432" endtime="20200706 13:36:45.473"></status>
</kw>
<status status="PASS" starttime="20200706 13:36:45.431" endtime="20200706 13:36:45.474"></status>
</kw>
<kw name="Run Keyword And Continue On Failure" library="BuiltIn">
<doc>Runs the keyword and continues execution even if a failure occurs.</doc>
<arguments>
<arg>Element Attribute Value Should Be</arg>
<arg>//div[@id='polygon_FreeDrawingTrigger']</arg>
<arg>data-original-title</arg>
<arg>${iconText}</arg>
</arguments>
<kw name="Element Attribute Value Should Be" library="SeleniumLibrary">
<doc>Verifies element identified by ``locator`` contains expected attribute value.</doc>
<arguments>
<arg>//div[@id='polygon_FreeDrawingTrigger']</arg>
<arg>data-original-title</arg>
<arg>${iconText}</arg>
</arguments>
<msg timestamp="20200706 13:36:45.500" level="INFO">Element '//div[@id='polygon_FreeDrawingTrigger']' attribute 'data-original-title' contains value 'Polygon'.</msg>
<status status="PASS" starttime="20200706 13:36:45.475" endtime="20200706 13:36:45.501"></status>
</kw>
<status status="PASS" starttime="20200706 13:36:45.474" endtime="20200706 13:36:45.501"></status>
</kw>
<status status="PASS" starttime="20200706 13:36:45.430" endtime="20200706 13:36:45.502"></status>
</kw>
<kw name="Verify That Text Of Circle Annotation Icon Is" library="CommonAnnotationWeb">
<doc>Check circle annotation is enable</doc>
<arguments>
<arg>${expected7}</arg>
</arguments>
<kw name="Wait Until Element Is Visible" library="SeleniumLibrary">
<doc>Waits until the element ``locator`` is visible.</doc>
<arguments>
<arg>xpath://div[@id='circle_FreeDrawingTrigger']</arg>
<arg>timeout=2s</arg>
</arguments>
<status status="PASS" starttime="20200706 13:36:45.503" endtime="20200706 13:36:45.544"></status>
</kw>
<kw name="Run Keyword And Continue On Failure" library="BuiltIn">
<doc>Runs the keyword and continues execution even if a failure occurs.</doc>
<arguments>
<arg>Element Attribute Value Should Be</arg>
<arg>//div[@id='circle_FreeDrawingTrigger']</arg>
<arg>data-original-title</arg>
<arg>${iconText}</arg>
</arguments>
<kw name="Element Attribute Value Should Be" library="SeleniumLibrary">
<doc>Verifies element identified by ``locator`` contains expected attribute value.</doc>
<arguments>
<arg>//div[@id='circle_FreeDrawingTrigger']</arg>
<arg>data-original-title</arg>
<arg>${iconText}</arg>
</arguments>
<msg timestamp="20200706 13:36:45.571" level="INFO">Element '//div[@id='circle_FreeDrawingTrigger']' attribute 'data-original-title' contains value 'Circle'.</msg>
<status status="PASS" starttime="20200706 13:36:45.546" endtime="20200706 13:36:45.571"></status>
</kw>
<status status="PASS" starttime="20200706 13:36:45.545" endtime="20200706 13:36:45.572"></status>
</kw>
<status status="PASS" starttime="20200706 13:36:45.502" endtime="20200706 13:36:45.572"></status>
</kw>
<status status="PASS" starttime="20200706 13:36:44.042" endtime="20200706 13:36:45.572"></status>
</kw>
<kw name="Verify That Text Of Google Directions Icon Is" library="CommonWeb">
<doc>Check the links of the Google Directions tool</doc>
<arguments>
<arg>Google Directions</arg>
</arguments>
<kw name="Wait Until Element Is Visible" library="SeleniumLibrary">
<doc>Waits until the element ``locator`` is visible.</doc>
<arguments>
<arg>//div[@id='GoogleDirectionTrigger']</arg>
<arg>5s</arg>
</arguments>
<status status="PASS" starttime="20200706 13:36:45.574" endtime="20200706 13:36:45.614"></status>
</kw>
<kw name="Run Keyword And Continue On Failure" library="BuiltIn">
<doc>Runs the keyword and continues execution even if a failure occurs.</doc>
<arguments>
<arg>Element Attribute Value Should Be</arg>
<arg>//div[@id='GoogleDirectionTrigger']</arg>
<arg>data-original-title</arg>
<arg>${iconText}</arg>
</arguments>
<kw name="Element Attribute Value Should Be" library="SeleniumLibrary">
<doc>Verifies element identified by ``locator`` contains expected attribute value.</doc>
<arguments>
<arg>//div[@id='GoogleDirectionTrigger']</arg>
<arg>data-original-title</arg>
<arg>${iconText}</arg>
</arguments>
<msg timestamp="20200706 13:36:45.641" level="INFO">Element '//div[@id='GoogleDirectionTrigger']' attribute 'data-original-title' contains value 'Google Directions'.</msg>
<status status="PASS" starttime="20200706 13:36:45.615" endtime="20200706 13:36:45.642"></status>
</kw>
<status status="PASS" starttime="20200706 13:36:45.615" endtime="20200706 13:36:45.642"></status>
</kw>
<status status="PASS" starttime="20200706 13:36:45.573" endtime="20200706 13:36:45.643"></status>
</kw>
<kw name="Verify That Text Of Google Street View Icon Is" library="CommonWeb">
<doc>Check the links of the Google Street View tool</doc>
<arguments>
<arg>Google Street View</arg>
</arguments>
<kw name="Wait Until Element Is Visible" library="SeleniumLibrary">
<doc>Waits until the element ``locator`` is visible.</doc>
<arguments>
<arg>//div[@id='streetTrigger']</arg>
<arg>5s</arg>
</arguments>
<status status="PASS" starttime="20200706 13:36:45.644" endtime="20200706 13:36:45.683"></status>
</kw>
<kw name="Run Keyword And Continue On Failure" library="BuiltIn">
<doc>Runs the keyword and continues execution even if a failure occurs.</doc>
<arguments>
<arg>Element Attribute Value Should Be</arg>
<arg>//div[@id='streetTrigger']</arg>
<arg>data-original-title</arg>
<arg>${iconText}</arg>
</arguments>
<kw name="Element Attribute Value Should Be" library="SeleniumLibrary">
<doc>Verifies element identified by ``locator`` contains expected attribute value.</doc>
<arguments>
<arg>//div[@id='streetTrigger']</arg>
<arg>data-original-title</arg>
<arg>${iconText}</arg>
</arguments>
<msg timestamp="20200706 13:36:45.700" level="INFO">Element '//div[@id='streetTrigger']' attribute 'data-original-title' contains value 'Google Street View'.</msg>
<status status="PASS" starttime="20200706 13:36:45.683" endtime="20200706 13:36:45.700"></status>
</kw>
<status status="PASS" starttime="20200706 13:36:45.683" endtime="20200706 13:36:45.701"></status>
</kw>
<status status="PASS" starttime="20200706 13:36:45.643" endtime="20200706 13:36:45.701"></status>
</kw>
<kw name="Verify That Text Of Information Report Icon Is" library="CommonWeb">
<doc>Check the links of the Information Report tool</doc>
<arguments>
<arg>Information report</arg>
</arguments>
<kw name="Wait Until Element Is Enabled" library="SeleniumLibrary">
<doc>Waits until the element ``locator`` is enabled.</doc>
<arguments>
<arg>//div[@id='infoReportTrigger']</arg>
<arg>5s</arg>
</arguments>
<status status="PASS" starttime="20200706 13:36:45.702" endtime="20200706 13:36:45.728"></status>
</kw>
<kw name="Run Keyword And Continue On Failure" library="BuiltIn">
<doc>Runs the keyword and continues execution even if a failure occurs.</doc>
<arguments>
<arg>Element Attribute Value Should Be</arg>
<arg>//div[@id='infoReportTrigger']</arg>
<arg>data-original-title</arg>
<arg>${iconText}</arg>
</arguments>
<kw name="Element Attribute Value Should Be" library="SeleniumLibrary">
<doc>Verifies element identified by ``locator`` contains expected attribute value.</doc>
<arguments>
<arg>//div[@id='infoReportTrigger']</arg>
<arg>data-original-title</arg>
<arg>${iconText}</arg>
</arguments>
<msg timestamp="20200706 13:36:45.742" level="INFO">Element '//div[@id='infoReportTrigger']' attribute 'data-original-title' contains value 'Information report'.</msg>
<status status="PASS" starttime="20200706 13:36:45.729" endtime="20200706 13:36:45.742"></status>
</kw>
<status status="PASS" starttime="20200706 13:36:45.729" endtime="20200706 13:36:45.742"></status>
</kw>
<status status="PASS" starttime="20200706 13:36:45.701" endtime="20200706 13:36:45.742"></status>
</kw>
<kw name="Click On Measurement Down List Arrow" library="CommonWeb">
<doc>Go to Measurement menu</doc>
<kw name="Wait Until Element Is Enabled" library="SeleniumLibrary">
<doc>Waits until the element ``locator`` is enabled.</doc>
<arguments>
<arg>xpath://div[@id='smallTrigger_measureSet']</arg>
<arg>timeout=10s</arg>
</arguments>
<status status="PASS" starttime="20200706 13:36:45.743" endtime="20200706 13:36:45.783"></status>
</kw>
<kw name="Click Element" library="SeleniumLibrary">
<doc>Click the element identified by ``locator``.</doc>
<arguments>
<arg>xpath://div[@id='smallTrigger_measureSet']</arg>
</arguments>
<msg timestamp="20200706 13:36:45.785" level="INFO">Clicking element 'xpath://div[@id='smallTrigger_measureSet']'.</msg>
<status status="PASS" starttime="20200706 13:36:45.784" endtime="20200706 13:36:45.872"></status>
</kw>
<kw name="Sleep" library="BuiltIn">
<doc>Pauses the test executed for the given time.</doc>
<arguments>
<arg>1s</arg>
</arguments>
<msg timestamp="20200706 13:36:46.874" level="INFO">Slept 1 second</msg>
<status status="PASS" starttime="20200706 13:36:45.873" endtime="20200706 13:36:46.874"></status>
</kw>
<status status="PASS" starttime="20200706 13:36:45.743" endtime="20200706 13:36:46.875"></status>
</kw>
<kw name="Verify That Texts Of Measures Icon Are">
<arguments>
<arg>Distance measurement</arg>
<arg>Surface measurement</arg>
<arg>Circular surface measurement</arg>
</arguments>
<kw name="Verify That Text Of Distance Measurement Icon Is" library="CommonWeb">
<doc>Check the links of the Distance Measurement tool</doc>
<arguments>
<arg>${expected1}</arg>
</arguments>
<kw name="Wait Until Element Is Enabled" library="SeleniumLibrary">
<doc>Waits until the element ``locator`` is enabled.</doc>
<arguments>
<arg>//div[@id='measureLineTrigger']</arg>
<arg>5s</arg>
</arguments>
<status status="PASS" starttime="20200706 13:36:46.878" endtime="20200706 13:36:46.943"></status>
</kw>
<kw name="Run Keyword And Continue On Failure" library="BuiltIn">
<doc>Runs the keyword and continues execution even if a failure occurs.</doc>
<arguments>
<arg>Element Attribute Value Should Be</arg>
<arg>//div[@id='measureLineTrigger']</arg>
<arg>data-original-title</arg>
<arg>${iconText}</arg>
</arguments>
<kw name="Element Attribute Value Should Be" library="SeleniumLibrary">
<doc>Verifies element identified by ``locator`` contains expected attribute value.</doc>
<arguments>
<arg>//div[@id='measureLineTrigger']</arg>
<arg>data-original-title</arg>
<arg>${iconText}</arg>
</arguments>
<msg timestamp="20200706 13:36:46.960" level="INFO">Element '//div[@id='measureLineTrigger']' attribute 'data-original-title' contains value 'Distance measurement'.</msg>
<status status="PASS" starttime="20200706 13:36:46.944" endtime="20200706 13:36:46.960"></status>
</kw>
<status status="PASS" starttime="20200706 13:36:46.944" endtime="20200706 13:36:46.961"></status>
</kw>
<status status="PASS" starttime="20200706 13:36:46.877" endtime="20200706 13:36:46.961"></status>
</kw>
<kw name="Verify That Text Of Surface Measurement Icon Is" library="CommonWeb">
<doc>Check the links of the Surface Measurement tool</doc>
<arguments>
<arg>${expected2}</arg>
</arguments>
<kw name="Wait Until Element Is Enabled" library="SeleniumLibrary">
<doc>Waits until the element ``locator`` is enabled.</doc>
<arguments>
<arg>//div[@id='measureAreaTrigger']</arg>
<arg>5s</arg>
</arguments>
<status status="PASS" starttime="20200706 13:36:46.961" endtime="20200706 13:36:47.002"></status>
</kw>
<kw name="Run Keyword And Continue On Failure" library="BuiltIn">
<doc>Runs the keyword and continues execution even if a failure occurs.</doc>
<arguments>
<arg>Element Attribute Value Should Be</arg>
<arg>//div[@id='measureAreaTrigger']</arg>
<arg>data-original-title</arg>
<arg>${iconText}</arg>
</arguments>
<kw name="Element Attribute Value Should Be" library="SeleniumLibrary">
<doc>Verifies element identified by ``locator`` contains expected attribute value.</doc>
<arguments>
<arg>//div[@id='measureAreaTrigger']</arg>
<arg>data-original-title</arg>
<arg>${iconText}</arg>
</arguments>
<msg timestamp="20200706 13:36:47.034" level="INFO">Element '//div[@id='measureAreaTrigger']' attribute 'data-original-title' contains value 'Surface measurement'.</msg>
<status status="PASS" starttime="20200706 13:36:47.004" endtime="20200706 13:36:47.034"></status>
</kw>
<status status="PASS" starttime="20200706 13:36:47.003" endtime="20200706 13:36:47.035"></status>
</kw>
<status status="PASS" starttime="20200706 13:36:46.961" endtime="20200706 13:36:47.035"></status>
</kw>
<kw name="Verify That Text Of Circular Surface Measurement Icon Is" library="CommonWeb">
<doc>Check the links of the Circular Measurement tool</doc>
<arguments>
<arg>${expected3}</arg>
</arguments>
<kw name="Wait Until Element Is Enabled" library="SeleniumLibrary">
<doc>Waits until the element ``locator`` is enabled.</doc>
<arguments>
<arg>//div[@id='measureCircleTrigger']</arg>
<arg>5s</arg>
</arguments>
<status status="PASS" starttime="20200706 13:36:47.037" endtime="20200706 13:36:47.086"></status>
</kw>
<kw name="Run Keyword And Continue On Failure" library="BuiltIn">
<doc>Runs the keyword and continues execution even if a failure occurs.</doc>
<arguments>
<arg>Element Attribute Value Should Be</arg>
<arg>//div[@id='measureCircleTrigger']</arg>
<arg>data-original-title</arg>
<arg>${iconText}</arg>
</arguments>
<kw name="Element Attribute Value Should Be" library="SeleniumLibrary">
<doc>Verifies element identified by ``locator`` contains expected attribute value.</doc>
<arguments>
<arg>//div[@id='measureCircleTrigger']</arg>
<arg>data-original-title</arg>
<arg>${iconText}</arg>
</arguments>
<msg timestamp="20200706 13:36:47.104" level="INFO">Element '//div[@id='measureCircleTrigger']' attribute 'data-original-title' contains value 'Circular surface measurement'.</msg>
<status status="PASS" starttime="20200706 13:36:47.087" endtime="20200706 13:36:47.105"></status>
</kw>
<status status="PASS" starttime="20200706 13:36:47.087" endtime="20200706 13:36:47.105"></status>
</kw>
<status status="PASS" starttime="20200706 13:36:47.035" endtime="20200706 13:36:47.106"></status>
</kw>
<status status="PASS" starttime="20200706 13:36:46.875" endtime="20200706 13:36:47.106"></status>
</kw>
<kw name="Click On Selection Down List Arrow" library="CommonWeb">
<doc>Go to Selection menu</doc>
<kw name="Wait Until Element Is Enabled" library="SeleniumLibrary">
<doc>Waits until the element ``locator`` is enabled.</doc>
<arguments>
<arg>xpath://div[@id='smallTrigger_selectionSet']</arg>
<arg>timeout=10s</arg>
</arguments>
<status status="PASS" starttime="20200706 13:36:47.107" endtime="20200706 13:36:47.157"></status>
</kw>
<kw name="Click Element" library="SeleniumLibrary">
<doc>Click the element identified by ``locator``.</doc>
<arguments>
<arg>xpath://div[@id='smallTrigger_selectionSet']</arg>
</arguments>
<msg timestamp="20200706 13:36:47.159" level="INFO">Clicking element 'xpath://div[@id='smallTrigger_selectionSet']'.</msg>
<status status="PASS" starttime="20200706 13:36:47.158" endtime="20200706 13:36:47.249"></status>
</kw>
<kw name="Sleep" library="BuiltIn">
<doc>Pauses the test executed for the given time.</doc>
<arguments>
<arg>1s</arg>
</arguments>
<msg timestamp="20200706 13:36:48.250" level="INFO">Slept 1 second</msg>
<status status="PASS" starttime="20200706 13:36:47.250" endtime="20200706 13:36:48.251"></status>
</kw>
<status status="PASS" starttime="20200706 13:36:47.107" endtime="20200706 13:36:48.252"></status>
</kw>
<kw name="Verify That Texts Of Selections Icon Are">
<arguments>
<arg>Punctual selection</arg>
<arg>Linear selection</arg>
<arg>Rectangular selection</arg>
<arg>Polygonal selection</arg>
<arg>Circular selection</arg>
</arguments>
<kw name="Verify That Text Of Punctual Selection Icon Is" library="CommonWeb">
<doc>Check the links of the Punctual Selection tool</doc>
<arguments>
<arg>${expected1}</arg>
</arguments>
<kw name="Wait Until Element Is Enabled" library="SeleniumLibrary">
<doc>Waits until the element ``locator`` is enabled.</doc>
<arguments>
<arg>//div[@id='point_SelectionTrigger']</arg>
<arg>5s</arg>
</arguments>
<status status="PASS" starttime="20200706 13:36:48.256" endtime="20200706 13:36:48.330"></status>
</kw>
<kw name="Run Keyword And Continue On Failure" library="BuiltIn">
<doc>Runs the keyword and continues execution even if a failure occurs.</doc>
<arguments>
<arg>Element Attribute Value Should Be</arg>
<arg>//div[@id='point_SelectionTrigger']</arg>
<arg>data-original-title</arg>
<arg>${iconText}</arg>
</arguments>
<kw name="Element Attribute Value Should Be" library="SeleniumLibrary">
<doc>Verifies element identified by ``locator`` contains expected attribute value.</doc>
<arguments>
<arg>//div[@id='point_SelectionTrigger']</arg>
<arg>data-original-title</arg>
<arg>${iconText}</arg>
</arguments>
<msg timestamp="20200706 13:36:48.367" level="INFO">Element '//div[@id='point_SelectionTrigger']' attribute 'data-original-title' contains value 'Punctual selection'.</msg>
<status status="PASS" starttime="20200706 13:36:48.332" endtime="20200706 13:36:48.367"></status>
</kw>
<status status="PASS" starttime="20200706 13:36:48.331" endtime="20200706 13:36:48.367"></status>
</kw>
<status status="PASS" starttime="20200706 13:36:48.255" endtime="20200706 13:36:48.368"></status>
</kw>
<kw name="Verify That Text Of Linear Selection Icon Is" library="CommonWeb">
<doc>Check the links of the Linear Selection tool</doc>
<arguments>
<arg>${expected2}</arg>
</arguments>
<kw name="Wait Until Element Is Enabled" library="SeleniumLibrary">
<doc>Waits until the element ``locator`` is enabled.</doc>
<arguments>
<arg>//div[@id='linestring_SelectionTrigger']</arg>
<arg>5s</arg>
</arguments>
<status status="PASS" starttime="20200706 13:36:48.371" endtime="20200706 13:36:48.421"></status>
</kw>
<kw name="Run Keyword And Continue On Failure" library="BuiltIn">
<doc>Runs the keyword and continues execution even if a failure occurs.</doc>
<arguments>
<arg>Element Attribute Value Should Be</arg>
<arg>//div[@id='linestring_SelectionTrigger']</arg>
<arg>data-original-title</arg>
<arg>${iconText}</arg>
</arguments>
<kw name="Element Attribute Value Should Be" library="SeleniumLibrary">
<doc>Verifies element identified by ``locator`` contains expected attribute value.</doc>
<arguments>
<arg>//div[@id='linestring_SelectionTrigger']</arg>
<arg>data-original-title</arg>
<arg>${iconText}</arg>
</arguments>
<msg timestamp="20200706 13:36:48.447" level="INFO">Element '//div[@id='linestring_SelectionTrigger']' attribute 'data-original-title' contains value 'Linear selection'.</msg>
<status status="PASS" starttime="20200706 13:36:48.422" endtime="20200706 13:36:48.447"></status>
</kw>
<status status="PASS" starttime="20200706 13:36:48.421" endtime="20200706 13:36:48.448"></status>
</kw>
<status status="PASS" starttime="20200706 13:36:48.368" endtime="20200706 13:36:48.448"></status>
</kw>
<kw name="Verify That Text Of Rectangular Selection Icon Is" library="CommonWeb">
<doc>Check the links of the Rentangular Selection tool</doc>
<arguments>
<arg>${expected3}</arg>
</arguments>
<kw name="Wait Until Element Is Enabled" library="SeleniumLibrary">
<doc>Waits until the element ``locator`` is enabled.</doc>
<arguments>
<arg>//div[@id='rectangle_SelectionTrigger']</arg>
<arg>5s</arg>
</arguments>
<status status="PASS" starttime="20200706 13:36:48.450" endtime="20200706 13:36:48.498"></status>
</kw>
<kw name="Run Keyword And Continue On Failure" library="BuiltIn">
<doc>Runs the keyword and continues execution even if a failure occurs.</doc>
<arguments>
<arg>Element Attribute Value Should Be</arg>
<arg>//div[@id='rectangle_SelectionTrigger']</arg>
<arg>data-original-title</arg>
<arg>${iconText}</arg>
</arguments>
<kw name="Element Attribute Value Should Be" library="SeleniumLibrary">
<doc>Verifies element identified by ``locator`` contains expected attribute value.</doc>
<arguments>
<arg>//div[@id='rectangle_SelectionTrigger']</arg>
<arg>data-original-title</arg>
<arg>${iconText}</arg>
</arguments>
<msg timestamp="20200706 13:36:48.524" level="INFO">Element '//div[@id='rectangle_SelectionTrigger']' attribute 'data-original-title' contains value 'Rectangular selection'.</msg>
<status status="PASS" starttime="20200706 13:36:48.499" endtime="20200706 13:36:48.525"></status>
</kw>
<status status="PASS" starttime="20200706 13:36:48.499" endtime="20200706 13:36:48.525"></status>
</kw>
<status status="PASS" starttime="20200706 13:36:48.449" endtime="20200706 13:36:48.525"></status>
</kw>
<kw name="Verify That Text Of Polygonal Selection Icon Is" library="CommonWeb">
<doc>Check the links of the Polygonal Selection tool</doc>
<arguments>
<arg>${expected4}</arg>
</arguments>
<kw name="Wait Until Element Is Enabled" library="SeleniumLibrary">
<doc>Waits until the element ``locator`` is enabled.</doc>
<arguments>
<arg>//div[@id='polygon_SelectionTrigger']</arg>
<arg>5s</arg>
</arguments>
<status status="PASS" starttime="20200706 13:36:48.527" endtime="20200706 13:36:48.575"></status>
</kw>
<kw name="Run Keyword And Continue On Failure" library="BuiltIn">
<doc>Runs the keyword and continues execution even if a failure occurs.</doc>
<arguments>
<arg>Element Attribute Value Should Be</arg>
<arg>//div[@id='polygon_SelectionTrigger']</arg>
<arg>data-original-title</arg>
<arg>${iconText}</arg>
</arguments>
<kw name="Element Attribute Value Should Be" library="SeleniumLibrary">
<doc>Verifies element identified by ``locator`` contains expected attribute value.</doc>
<arguments>
<arg>//div[@id='polygon_SelectionTrigger']</arg>
<arg>data-original-title</arg>
<arg>${iconText}</arg>
</arguments>
<msg timestamp="20200706 13:36:48.602" level="INFO">Element '//div[@id='polygon_SelectionTrigger']' attribute 'data-original-title' contains value 'Polygonal selection'.</msg>
<status status="PASS" starttime="20200706 13:36:48.577" endtime="20200706 13:36:48.603"></status>
</kw>
<status status="PASS" starttime="20200706 13:36:48.576" endtime="20200706 13:36:48.603"></status>
</kw>
<status status="PASS" starttime="20200706 13:36:48.526" endtime="20200706 13:36:48.603"></status>
</kw>
<kw name="Verify That Text Of Circular Selection Icon Is" library="CommonWeb">
<doc>Check the links of the Circular Selection tool</doc>
<arguments>
<arg>${expected5}</arg>
</arguments>
<kw name="Wait Until Element Is Enabled" library="SeleniumLibrary">
<doc>Waits until the element ``locator`` is enabled.</doc>
<arguments>
<arg>//div[@id='circle_SelectionTrigger']</arg>
<arg>5s</arg>
</arguments>
[...]
<kw name="Exit For Loop If" library="BuiltIn">
<doc>Stops executing the enclosing for loop if the ``condition`` is true.</doc>
<arguments>
<arg>'${getExecution[0]}' == 'PASS' and '${idBuild}' != '-1' or '${numVersion}' == '001'</arg>
</arguments>
<msg timestamp="20200706 13:37:06.457" level="INFO">Exiting for loop altogether.</msg>
<status status="PASS" starttime="20200706 13:37:06.456" endtime="20200706 13:37:06.457"></status>
</kw>
<status status="PASS" starttime="20200706 13:37:05.869" endtime="20200706 13:37:06.458"></status>
</kw>
<status status="PASS" starttime="20200706 13:37:05.868" endtime="20200706 13:37:06.458"></status>
</kw>
<kw name="Get Length" library="BuiltIn">
<doc>Returns and logs the length of the given item as an integer.</doc>
<arguments>
<arg>${lastExecution}</arg>
</arguments>
<assign>
<var>${Length1}</var>
</assign>
<msg timestamp="20200706 13:37:06.459" level="INFO">Length is 1</msg>
<msg timestamp="20200706 13:37:06.460" level="INFO">${Length1} = 1</msg>
<status status="PASS" starttime="20200706 13:37:06.459" endtime="20200706 13:37:06.460"></status>
</kw>
<kw name="Set Variable" library="BuiltIn">
<doc>Returns the given values which can then be assigned to a variables.</doc>
<arguments>
<arg>${lastExecution[0]}</arg>
</arguments>
<assign>
<var>${lastExecution}</var>
</assign>
<msg timestamp="20200706 13:37:06.461" level="INFO">${lastExecution} = {'id': '348899', 'build_id': '890', 'tester_id': '9', 'execution_ts': '2020-07-02 20:06:26', 'status': 'p', 'testplan_id': '6381', 'tcversion_id': '8605', 'tcversion_number': '1', 'platform_id': '0', ...</msg>
<status status="PASS" starttime="20200706 13:37:06.460" endtime="20200706 13:37:06.461"></status>
</kw>
<kw name="Log" library="BuiltIn">
<doc>Logs the given message with the given level.</doc>
<arguments>
<arg>-----&gt; Last execution : ${lastExecution}</arg>
<arg>console=yes</arg>
</arguments>
<msg timestamp="20200706 13:37:06.462" level="INFO">-----&gt; Last execution : {'id': '348899', 'build_id': '890', 'tester_id': '9', 'execution_ts': '2020-07-02 20:06:26', 'status': 'p', 'testplan_id': '6381', 'tcversion_id': '8605', 'tcversion_number': '1', 'platform_id': '0', 'execution_type': '2', 'execution_duration': '0.34', 'notes': 'AUTOMATED TEST PASSED AND LAST EXECUTION TEST PASSED'}</msg>
<status status="PASS" starttime="20200706 13:37:06.462" endtime="20200706 13:37:06.464"></status>
</kw>
<kw name="Set Variable" library="BuiltIn">
<doc>Returns the given values which can then be assigned to a variables.</doc>
<arguments>
<arg>${lastExecution['id']}</arg>
</arguments>
<assign>
<var>${lastExecutionID}</var>
</assign>
<msg timestamp="20200706 13:37:06.465" level="INFO">${lastExecutionID} = 348899</msg>
<status status="PASS" starttime="20200706 13:37:06.465" endtime="20200706 13:37:06.466"></status>
</kw>
<kw name="Run Keyword If Test Passed" library="BuiltIn">
<doc>Runs the given keyword with the given arguments, if the test passed.</doc>
<arguments>
<arg>Update Test Case In Testlink With Passed</arg>
<arg>${lastExecutionID}</arg>
<arg>${lastExecution}</arg>
<arg>${testCaseID}</arg>
<arg>${testPlanID}</arg>
<arg>${latestBuildNAME}</arg>
<arg>${Elapsed}</arg>
</arguments>
<kw name="Update Test Case In Testlink With Passed" library="CommonKeywords">
<arguments>
<arg>${lastExecutionID}</arg>
<arg>${lastExecution}</arg>
<arg>${testCaseID}</arg>
<arg>${testPlanID}</arg>
<arg>${latestBuildNAME}</arg>
<arg>${Elapsed}</arg>
</arguments>
<kw name="Run Keyword If" library="BuiltIn">
<doc>Runs the given keyword with the given arguments, if ``condition`` is true.</doc>
<arguments>
<arg>'${lastExecutionID}'=='-1'</arg>
<arg>The First Execution Passed</arg>
<arg>${testCaseID}</arg>
<arg>${testPlanID}</arg>
<arg>${latestBuildNAME}</arg>
<arg>${Elapsed}</arg>
</arguments>
<status status="PASS" starttime="20200706 13:37:06.468" endtime="20200706 13:37:06.469"></status>
</kw>
<kw name="Run Keyword If" library="BuiltIn">
<doc>Runs the given keyword with the given arguments, if ``condition`` is true.</doc>
<arguments>
<arg>'${lastExecutionID}'!='-1'</arg>
<arg>The Next Execution Passed</arg>
<arg>${lastExecution}</arg>
<arg>${testCaseID}</arg>
<arg>${testPlanID}</arg>
<arg>${latestBuildNAME}</arg>
<arg>${Elapsed}</arg>
</arguments>
<kw name="The Next Execution Passed" library="CommonKeywords">
<doc>Get the attributes of the previous execution and update the test case.</doc>
<arguments>
<arg>${lastExecution}</arg>
<arg>${testCaseID}</arg>
<arg>${testPlanID}</arg>
<arg>${latestBuildNAME}</arg>
<arg>${Elapsed}</arg>
</arguments>
<kw name="Set Variable" library="BuiltIn">
<doc>Returns the given values which can then be assigned to a variables.</doc>
<arguments>
<arg>${lastExecution['notes']}</arg>
</arguments>
<assign>
<var>${lastExecutionNotes}</var>
</assign>
<msg timestamp="20200706 13:37:06.473" level="INFO">${lastExecutionNotes} = AUTOMATED TEST PASSED AND LAST EXECUTION TEST PASSED</msg>
<status status="PASS" starttime="20200706 13:37:06.472" endtime="20200706 13:37:06.473"></status>
</kw>
<kw name="Set Variable" library="BuiltIn">
<doc>Returns the given values which can then be assigned to a variables.</doc>
<arguments>
<arg>${lastExecution['status']}</arg>
</arguments>
<assign>
<var>${status}</var>
</assign>
<msg timestamp="20200706 13:37:06.474" level="INFO">${status} = p</msg>
<status status="PASS" starttime="20200706 13:37:06.473" endtime="20200706 13:37:06.474"></status>
</kw>
<kw name="Set Variable" library="BuiltIn">
<doc>Returns the given values which can then be assigned to a variables.</doc>
<arguments>
<arg>${lastExecution['tester_id']}</arg>
</arguments>
<assign>
<var>${testerid}</var>
</assign>
<msg timestamp="20200706 13:37:06.476" level="INFO">${testerid} = 9</msg>
<status status="PASS" starttime="20200706 13:37:06.475" endtime="20200706 13:37:06.476"></status>
</kw>
<kw name="Get Length" library="BuiltIn">
<doc>Returns and logs the length of the given item as an integer.</doc>
<arguments>
<arg>${issuesPrefix}</arg>
</arguments>
<assign>
<var>${lengthIssuesPrefix}</var>
</assign>
<msg timestamp="20200706 13:37:06.477" level="INFO">Length is 2</msg>
<msg timestamp="20200706 13:37:06.477" level="INFO">${lengthIssuesPrefix} = 2</msg>
<status status="PASS" starttime="20200706 13:37:06.476" endtime="20200706 13:37:06.478"></status>
</kw>
<kw name="Create List" library="BuiltIn">
<doc>Returns a list containing given items.</doc>
<assign>
<var>@{isIssuesPrefix}</var>
</assign>
<msg timestamp="20200706 13:37:06.479" level="INFO">@{isIssuesPrefix} = [ ]</msg>
<status status="PASS" starttime="20200706 13:37:06.478" endtime="20200706 13:37:06.479"></status>
</kw>
<kw name="${issue} IN [ @{issuesPrefix} ]" type="for">
<kw name="${issue} = TFIFT" type="foritem">
<kw name="Run Keyword And Return Status" library="BuiltIn">
<doc>Runs the given keyword with given arguments and returns the status as a Boolean value.</doc>
<arguments>
<arg>Should Contain</arg>
<arg>${lastExecutionNotes}</arg>
<arg>${issue}</arg>
</arguments>
<assign>
<var>${isIssue}</var>
</assign>
<kw name="Should Contain" library="BuiltIn">
<doc>Fails if ``container`` does not contain ``item`` one or more times.</doc>
<arguments>
<arg>${lastExecutionNotes}</arg>
<arg>${issue}</arg>
</arguments>
<msg timestamp="20200706 13:37:06.482" level="FAIL">'AUTOMATED TEST PASSED AND LAST EXECUTION TEST PASSED' does not contain 'TFIFT'</msg>
<status status="FAIL" starttime="20200706 13:37:06.481" endtime="20200706 13:37:06.482"></status>
</kw>
<msg timestamp="20200706 13:37:06.483" level="INFO">${isIssue} = False</msg>
<status status="PASS" starttime="20200706 13:37:06.480" endtime="20200706 13:37:06.483"></status>
</kw>
<kw name="Convert To String" library="BuiltIn">
<doc>Converts the given item to a Unicode string.</doc>
<arguments>
<arg>${isIssue}</arg>
</arguments>
<assign>
<var>${isIssue}</var>
</assign>
<msg timestamp="20200706 13:37:06.484" level="INFO">${isIssue} = False</msg>
<status status="PASS" starttime="20200706 13:37:06.483" endtime="20200706 13:37:06.484"></status>
</kw>
<kw name="Append To List" library="Collections">
<doc>Adds ``values`` to the end of ``list``.</doc>
<arguments>
<arg>${isIssuesPrefix}</arg>
<arg>${isIssue}</arg>
</arguments>
<status status="PASS" starttime="20200706 13:37:06.485" endtime="20200706 13:37:06.485"></status>
</kw>
<status status="PASS" starttime="20200706 13:37:06.480" endtime="20200706 13:37:06.486"></status>
</kw>
<kw name="${issue} = JMNG" type="foritem">
<kw name="Run Keyword And Return Status" library="BuiltIn">
<doc>Runs the given keyword with given arguments and returns the status as a Boolean value.</doc>
<arguments>
<arg>Should Contain</arg>
<arg>${lastExecutionNotes}</arg>
<arg>${issue}</arg>
</arguments>
<assign>
<var>${isIssue}</var>
</assign>
<kw name="Should Contain" library="BuiltIn">
<doc>Fails if ``container`` does not contain ``item`` one or more times.</doc>
<arguments>
<arg>${lastExecutionNotes}</arg>
<arg>${issue}</arg>
</arguments>
<msg timestamp="20200706 13:37:06.488" level="FAIL">'AUTOMATED TEST PASSED AND LAST EXECUTION TEST PASSED' does not contain 'JMNG'</msg>
<status status="FAIL" starttime="20200706 13:37:06.487" endtime="20200706 13:37:06.488"></status>
</kw>
<msg timestamp="20200706 13:37:06.489" level="INFO">${isIssue} = False</msg>
<status status="PASS" starttime="20200706 13:37:06.487" endtime="20200706 13:37:06.489"></status>
</kw>
<kw name="Convert To String" library="BuiltIn">
<doc>Converts the given item to a Unicode string.</doc>
<arguments>
<arg>${isIssue}</arg>
</arguments>
<assign>
<var>${isIssue}</var>
</assign>
<msg timestamp="20200706 13:37:06.490" level="INFO">${isIssue} = False</msg>
<status status="PASS" starttime="20200706 13:37:06.490" endtime="20200706 13:37:06.491"></status>
</kw>
<kw name="Append To List" library="Collections">
<doc>Adds ``values`` to the end of ``list``.</doc>
<arguments>
<arg>${isIssuesPrefix}</arg>
<arg>${isIssue}</arg>
</arguments>
<status status="PASS" starttime="20200706 13:37:06.491" endtime="20200706 13:37:06.492"></status>
</kw>
<status status="PASS" starttime="20200706 13:37:06.486" endtime="20200706 13:37:06.492"></status>
</kw>
<status status="PASS" starttime="20200706 13:37:06.479" endtime="20200706 13:37:06.493"></status>
</kw>
<kw name="Log" library="BuiltIn">
<doc>Logs the given message with the given level.</doc>
<arguments>
<arg>${isIssuesPrefix}</arg>
</arguments>
<msg timestamp="20200706 13:37:06.494" level="INFO">['False', 'False']</msg>
<status status="PASS" starttime="20200706 13:37:06.493" endtime="20200706 13:37:06.494"></status>
</kw>
<kw name="Run Keyword And Return Status" library="BuiltIn">
<doc>Runs the given keyword with given arguments and returns the status as a Boolean value.</doc>
<arguments>
<arg>List Should Contain Value</arg>
<arg>${isIssuesPrefix}</arg>
<arg>True</arg>
</arguments>
<assign>
<var>${isIssueInList}</var>
</assign>
<kw name="List Should Contain Value" library="Collections">
<doc>Fails if the ``value`` is not found from ``list``.</doc>
<arguments>
<arg>${isIssuesPrefix}</arg>
<arg>True</arg>
</arguments>
<msg timestamp="20200706 13:37:06.496" level="FAIL">[ False | False ] does not contain value 'True'.</msg>
<status status="FAIL" starttime="20200706 13:37:06.495" endtime="20200706 13:37:06.496"></status>
</kw>
<msg timestamp="20200706 13:37:06.497" level="INFO">${isIssueInList} = False</msg>
<status status="PASS" starttime="20200706 13:37:06.495" endtime="20200706 13:37:06.497"></status>
</kw>
<kw name="Run Keyword If" library="BuiltIn">
<doc>Runs the given keyword with the given arguments, if ``condition`` is true.</doc>
<arguments>
<arg>'${isIssueInList}' == '${True}'</arg>
<arg>Get All Ticket Keys Of The Last Execution Notes</arg>
<arg>${lastExecutionNotes}</arg>
<arg>${issuesPrefix}</arg>
<arg>${JiraUser}</arg>
<arg>${JiraToken}</arg>
<arg>ELSE</arg>
<arg>Set Variable</arg>
<arg>${EMPTY}</arg>
</arguments>
<assign>
<var>${lastExecutionNotes}</var>
</assign>
<kw name="Set Variable" library="BuiltIn">
<doc>Returns the given values which can then be assigned to a variables.</doc>
<arguments>
<arg>${EMPTY}</arg>
</arguments>
<status status="PASS" starttime="20200706 13:37:06.499" endtime="20200706 13:37:06.500"></status>
</kw>
<msg timestamp="20200706 13:37:06.500" level="INFO">${lastExecutionNotes} = </msg>
<status status="PASS" starttime="20200706 13:37:06.498" endtime="20200706 13:37:06.500"></status>
</kw>
<kw name="Run Keyword And Return Status" library="BuiltIn">
<doc>Runs the given keyword with given arguments and returns the status as a Boolean value.</doc>
<arguments>
<arg>Should Be Equal</arg>
<arg>${lastExecutionNotes}</arg>
<arg>${EMPTY}</arg>
</arguments>
<assign>
<var>${isEmpty}</var>
</assign>
<kw name="Should Be Equal" library="BuiltIn">
<doc>Fails if the given objects are unequal.</doc>
<arguments>
<arg>${lastExecutionNotes}</arg>
<arg>${EMPTY}</arg>
</arguments>
<status status="PASS" starttime="20200706 13:37:06.502" endtime="20200706 13:37:06.502"></status>
</kw>
<msg timestamp="20200706 13:37:06.503" level="INFO">${isEmpty} = True</msg>
<status status="PASS" starttime="20200706 13:37:06.501" endtime="20200706 13:37:06.503"></status>
</kw>
<kw name="Set Variable" library="BuiltIn">
<doc>Returns the given values which can then be assigned to a variables.</doc>
<arguments>
<arg>AUTOMATED TEST PASSED AND LAST EXECUTION TEST</arg>
</arguments>
<assign>
<var>${notesFinal}</var>
</assign>
<msg timestamp="20200706 13:37:06.504" level="INFO">${notesFinal} = AUTOMATED TEST PASSED AND LAST EXECUTION TEST</msg>
<status status="PASS" starttime="20200706 13:37:06.503" endtime="20200706 13:37:06.504"></status>
</kw>
<kw name="Run Keyword If" library="BuiltIn">
<doc>Runs the given keyword with the given arguments, if ``condition`` is true.</doc>
<arguments>
<arg>'${status}'=='p'</arg>
<arg>Set Variable</arg>
<arg>${notesFinal} PASSED</arg>
<arg>ELSE</arg>
<arg>Set Variable</arg>
<arg>${notesFinal} FAILED</arg>
</arguments>
<assign>
<var>${notesFinal}</var>
</assign>
<kw name="Set Variable" library="BuiltIn">
<doc>Returns the given values which can then be assigned to a variables.</doc>
<arguments>
<arg>${notesFinal} PASSED</arg>
</arguments>
<status status="PASS" starttime="20200706 13:37:06.506" endtime="20200706 13:37:06.507"></status>
</kw>
<msg timestamp="20200706 13:37:06.507" level="INFO">${notesFinal} = AUTOMATED TEST PASSED AND LAST EXECUTION TEST PASSED</msg>
<status status="PASS" starttime="20200706 13:37:06.505" endtime="20200706 13:37:06.507"></status>
</kw>
<kw name="Set Variable If" library="BuiltIn">
<doc>Sets variable based on the given condition.</doc>
<arguments>
<arg>'${isIssueInList}'=='${False}' or '${isEmpty}' == '${True}'</arg>
<arg>${notesFinal}</arg>
<arg>'${isIssueInList}'=='${True}' and '${isEmpty}' != '${True}'</arg>
<arg>${notesFinal}\nKnown Associated Issues:\n${lastExecutionNotes}</arg>
</arguments>
<assign>
<var>${notesFinal}</var>
</assign>
<msg timestamp="20200706 13:37:06.509" level="INFO">${notesFinal} = AUTOMATED TEST PASSED AND LAST EXECUTION TEST PASSED</msg>
<status status="PASS" starttime="20200706 13:37:06.508" endtime="20200706 13:37:06.509"></status>
</kw>
<kw name="Run Keyword If" library="BuiltIn">
<doc>Runs the given keyword with the given arguments, if ``condition`` is true.</doc>
<arguments>
<arg>'${status}'=='p' and '${isEmpty}' == '${True}' or '${status}'=='f' and '${isEmpty}' == '${True}'</arg>
<arg>Call Api Method</arg>
<arg>reportTCResult</arg>
<arg>${testCaseID}</arg>
<arg>${testPlanID}</arg>
<arg>${latestBuildNAME}</arg>
<arg>p</arg>
<arg>${notesFinal}</arg>
<arg>execduration=${Elapsed}</arg>
<arg>ELSE</arg>
<arg>Call Api Method</arg>
<arg>reportTCResult</arg>
<arg>${testCaseID}</arg>
<arg>${testPlanID}</arg>
<arg>${latestBuildNAME}</arg>
<arg>f</arg>
<arg>${notesFinal}</arg>
<arg>execduration=${Elapsed}</arg>
</arguments>
<kw name="Call Api Method" library="TestlinkAPILibrary">
<doc>Calls a TestLink API method and returns TestLinks server response.</doc>
<arguments>
<arg>reportTCResult</arg>
<arg>${testCaseID}</arg>
<arg>${testPlanID}</arg>
<arg>${latestBuildNAME}</arg>
<arg>p</arg>
<arg>${notesFinal}</arg>
<arg>execduration=${Elapsed}</arg>
</arguments>
<status status="PASS" starttime="20200706 13:37:06.511" endtime="20200706 13:37:08.249"></status>
</kw>
<status status="PASS" starttime="20200706 13:37:06.510" endtime="20200706 13:37:08.249"></status>
</kw>
<status status="PASS" starttime="20200706 13:37:06.471" endtime="20200706 13:37:08.250"></status>
</kw>
<status status="PASS" starttime="20200706 13:37:06.470" endtime="20200706 13:37:08.250"></status>
</kw>
<status status="PASS" starttime="20200706 13:37:06.467" endtime="20200706 13:37:08.250"></status>
</kw>
<status status="PASS" starttime="20200706 13:37:06.466" endtime="20200706 13:37:08.251"></status>
</kw>
<kw name="Run Keyword If Test Failed" library="BuiltIn">
<doc>Runs the given keyword with the given arguments, if the test failed.</doc>
<arguments>
<arg>Update Test Case In Testlink With Failed</arg>
<arg>${lastExecutionID}</arg>
<arg>${lastExecution}</arg>
<arg>${testCaseID}</arg>
<arg>${testPlanID}</arg>
<arg>${latestBuildNAME}</arg>
<arg>${Elapsed}</arg>
</arguments>
<status status="PASS" starttime="20200706 13:37:08.251" endtime="20200706 13:37:08.252"></status>
</kw>
<status status="PASS" starttime="20200706 13:37:01.048" endtime="20200706 13:37:08.252"></status>
</kw>
<status status="PASS" starttime="20200706 13:37:01.047" endtime="20200706 13:37:08.253"></status>
</kw>
<status status="PASS" starttime="20200706 13:36:53.867" endtime="20200706 13:37:08.253"></status>
</kw>
<tags>
<tag>Time Out</tag>
</tags>
<status status="PASS" starttime="20200706 13:36:21.761" endtime="20200706 13:37:08.254" critical="yes"></status>
</test>
<doc>Check language Test in JMap Web</doc>
<metadata>
<item name="author">Mordjane Boussad</item>
</metadata>
<status status="PASS" starttime="20200706 13:36:20.955" endtime="20200706 13:37:08.255"></status>
</suite>
<status status="PASS" starttime="20200706 13:36:20.953" endtime="20200706 13:37:08.259"></status>
</suite>
<status status="PASS" starttime="20200706 13:36:20.951" endtime="20200706 13:37:08.262"></status>
</suite>
<status status="PASS" starttime="20200706 13:36:20.949" endtime="20200706 13:37:08.264"></status>
</suite>
<status status="PASS" starttime="20200706 13:36:20.929" endtime="20200706 13:37:08.267"></status>
</suite>
<statistics>
<total>
<stat pass="1" fail="0">Critical Tests</stat>
<stat pass="1" fail="0">All Tests</stat>
</total>
<tag>
<stat pass="1" fail="0">Time Out</stat>
</tag>
<suite>
<stat pass="1" fail="0" id="s1" name="JMapJenkinsTests">JMapJenkinsTests</stat>
<stat pass="1" fail="0" id="s1-s1" name="Tests">JMapJenkinsTests.Tests</stat>
<stat pass="1" fail="0" id="s1-s1-s1" name="Jmap 7.0">JMapJenkinsTests.Tests.Jmap 7.0</stat>
<stat pass="1" fail="0" id="s1-s1-s1-s1" name="jmapWeb">JMapJenkinsTests.Tests.Jmap 7.0.jmapWeb</stat>
<stat pass="1" fail="0" id="s1-s1-s1-s1-s1" name="CheckLanguageTests">JMapJenkinsTests.Tests.Jmap 7.0.jmapWeb.CheckLanguageTests</stat>
</suite>
</statistics>
<errors>
<msg timestamp="20200706 13:36:21.221" level="WARN">Error in file 'C:\Users\mbous\eclipse-workspace\JMapJenkinsTests\common\admin\CommonKeywords.robot': Escaping empty cells with '\' before line continuation marker '...' is deprecated. Remove escaping before Robot Framework 3.2.</msg>
<msg timestamp="20200706 13:36:21.221" level="WARN">Error in file 'C:\Users\mbous\eclipse-workspace\JMapJenkinsTests\common\admin\CommonKeywords.robot': Escaping empty cells with '\' before line continuation marker '...' is deprecated. Remove escaping before Robot Framework 3.2.</msg>
<msg timestamp="20200706 13:36:21.222" level="WARN">Error in file 'C:\Users\mbous\eclipse-workspace\JMapJenkinsTests\common\admin\CommonKeywords.robot': Escaping empty cells with '\' before line continuation marker '...' is deprecated. Remove escaping before Robot Framework 3.2.</msg>
</errors>
</robot>
