<?xml version="1.0" encoding="UTF-8"?>
<robot generator="Robot 3.1.2 (Python 3.7.3 on win32)" generated="20200619 12:00:50.006" rpa="false">
<suite id="s1" name="JMapJenkinsTests" source="C:\Users\mbous\eclipse-workspace\JMapJenkinsTests">
<suite id="s1-s1" name="Tests" source="C:\Users\mbous\eclipse-workspace\JMapJenkinsTests\tests">
<suite id="s1-s1-s1" name="Jmap 7.0" source="C:\Users\mbous\eclipse-workspace\JMapJenkinsTests\tests\jmap_7.0">
<suite id="s1-s1-s1-s1" name="jmapWeb" source="C:\Users\mbous\eclipse-workspace\JMapJenkinsTests\tests\jmap_7.0\jmapWeb">
<suite id="s1-s1-s1-s1-s1" name="LoginAndLogoutTests" source="C:\Users\mbous\eclipse-workspace\JMapJenkinsTests\tests\jmap_7.0\jmapWeb\LoginAndLogoutTests.robot">
<test id="s1-s1-s1-s1-s1-t1" name="JM70-924:Login with invalid data in french language">
<kw name="Open Browser On JMap Web" library="CommonLogin" type="setup">
<doc>Open Browser with the given URL and maximize the window to the resolution</doc>
<arguments>
<arg>${URLWebApp}</arg>
<arg>${RESOLUTION_X}</arg>
<arg>${RESOLUTION_Y}</arg>
</arguments>
<kw name="Setup Metrics" library="CommonKeywords">
<doc>This Keyword give the start time when the execution of the test case starts.</doc>
<kw name="Get Current Date" library="DateTime">
<doc>Returns current local or UTC time with an optional increment.</doc>
<arguments>
<arg>result_format=epoch</arg>
</arguments>
<assign>
<var>${tc_start}</var>
</assign>
<msg timestamp="20200619 12:00:50.675" level="INFO">${tc_start} = 1592582450.674914</msg>
<status status="PASS" starttime="20200619 12:00:50.675" endtime="20200619 12:00:50.675"></status>
</kw>
<kw name="Set Test Variable" library="BuiltIn">
<doc>Makes a variable available everywhere within the scope of the current test.</doc>
<arguments>
<arg>${tc_start}</arg>
<arg>${tc_start}</arg>
</arguments>
<msg timestamp="20200619 12:00:50.676" level="INFO">${tc_start} = 1592582450.674914</msg>
<status status="PASS" starttime="20200619 12:00:50.676" endtime="20200619 12:00:50.676"></status>
</kw>
<status status="PASS" starttime="20200619 12:00:50.675" endtime="20200619 12:00:50.676"></status>
</kw>
<kw name="Open Browser" library="SeleniumLibrary">
<doc>Opens a new browser instance to the optional ``url``.</doc>
<arguments>
<arg>${vURL}</arg>
<arg>${Browser}</arg>
<arg>alias=JMap Web</arg>
</arguments>
<msg timestamp="20200619 12:00:50.677" level="INFO">Opening browser 'Chrome' to base url 'http://localhost:8081/JMap_Web_WorldTest_HTTP'.</msg>
<status status="PASS" starttime="20200619 12:00:50.677" endtime="20200619 12:00:54.269"></status>
</kw>
<kw name="Set Window Size" library="SeleniumLibrary">
<doc>Sets current windows size to given ``width`` and ``height``.</doc>
<arguments>
<arg>${RESOLUTION_X}</arg>
<arg>${RESOLUTION_Y}</arg>
</arguments>
<status status="PASS" starttime="20200619 12:00:54.270" endtime="20200619 12:00:56.465"></status>
</kw>
<kw name="Maximize Browser Window" library="SeleniumLibrary">
<doc>Maximizes current browser window.</doc>
<status status="PASS" starttime="20200619 12:00:56.465" endtime="20200619 12:00:56.671"></status>
</kw>
<status status="PASS" starttime="20200619 12:00:50.674" endtime="20200619 12:00:56.671"></status>
</kw>
<kw name="Login JMap Web With Check Language" library="CommonLogin">
<doc>Login in JMap Web with the language provided</doc>
<arguments>
<arg>${Title}</arg>
<arg>fr</arg>
<arg>SE CONNECTER</arg>
<arg>${UserName}</arg>
<arg>test007</arg>
</arguments>
<kw name="Verify That Text Of The Cover Page Is" library="CommonWeb">
<doc>Check for the text of the cover page</doc>
<arguments>
<arg>${pTitle}</arg>
</arguments>
<kw name="Wait Until Element Is Enabled" library="SeleniumLibrary">
<doc>Waits until the element ``locator`` is enabled.</doc>
<arguments>
<arg>xpath://h4[@id='jmap-title']</arg>
<arg>timeout=10s</arg>
</arguments>
<status status="PASS" starttime="20200619 12:00:56.673" endtime="20200619 12:00:56.703"></status>
</kw>
<kw name="Verify Text" library="CommonWeb">
<doc>Check for the text existence on the locator</doc>
<arguments>
<arg>//h4[@id='jmap-title']</arg>
<arg>${text}</arg>
</arguments>
<kw name="Wait Until Keyword Succeeds" library="BuiltIn">
<doc>Runs the specified keyword and retries if it fails.</doc>
<arguments>
<arg>10s</arg>
<arg>1s</arg>
<arg>Wait Until Element Is Visible</arg>
<arg>${locator}</arg>
<arg>2s</arg>
</arguments>
<kw name="Wait Until Element Is Visible" library="SeleniumLibrary">
<doc>Waits until the element ``locator`` is visible.</doc>
<arguments>
<arg>${locator}</arg>
<arg>2s</arg>
</arguments>
<status status="PASS" starttime="20200619 12:00:56.705" endtime="20200619 12:00:56.726"></status>
</kw>
<status status="PASS" starttime="20200619 12:00:56.704" endtime="20200619 12:00:56.726"></status>
</kw>
<kw name="Run Keyword And Continue On Failure" library="BuiltIn">
<doc>Runs the keyword and continues execution even if a failure occurs.</doc>
<arguments>
<arg>Element Text Should Be</arg>
<arg>${locator}</arg>
<arg>${text}</arg>
</arguments>
<kw name="Element Text Should Be" library="SeleniumLibrary">
<doc>Verifies that element ``locator`` contains exact the text ``expected``.</doc>
<arguments>
<arg>${locator}</arg>
<arg>${text}</arg>
</arguments>
<msg timestamp="20200619 12:00:56.727" level="INFO">Verifying element '//h4[@id='jmap-title']' contains exact text 'JMap_Web_WorldTest_HTTP'.</msg>
<status status="PASS" starttime="20200619 12:00:56.727" endtime="20200619 12:00:56.745"></status>
</kw>
<status status="PASS" starttime="20200619 12:00:56.727" endtime="20200619 12:00:56.745"></status>
</kw>
<status status="PASS" starttime="20200619 12:00:56.704" endtime="20200619 12:00:56.745"></status>
</kw>
<status status="PASS" starttime="20200619 12:00:56.672" endtime="20200619 12:00:56.745"></status>
</kw>
<kw name="Verify That Title Of The Cover Page Is" library="CommonWeb">
<doc>Check for the title of the cover page</doc>
<arguments>
<arg>${pTitle}</arg>
</arguments>
<kw name="Verify Title" library="CommonWeb">
<doc>Check for the title existence</doc>
<arguments>
<arg>${text}</arg>
</arguments>
<kw name="Set Browser Implicit Wait" library="SeleniumLibrary">
<doc>Sets the implicit wait value used by Selenium.</doc>
<arguments>
<arg>5s</arg>
</arguments>
<status status="PASS" starttime="20200619 12:00:56.747" endtime="20200619 12:00:56.748"></status>
</kw>
<kw name="Run Keyword And Continue On Failure" library="BuiltIn">
<doc>Runs the keyword and continues execution even if a failure occurs.</doc>
<arguments>
<arg>Title Should Be</arg>
<arg>${text}</arg>
</arguments>
<kw name="Title Should Be" library="SeleniumLibrary">
<doc>Verifies that the current page title equals ``title``.</doc>
<arguments>
<arg>${text}</arg>
</arguments>
<msg timestamp="20200619 12:00:56.753" level="INFO">Page title is 'JMap_Web_WorldTest_HTTP'.</msg>
<status status="PASS" starttime="20200619 12:00:56.749" endtime="20200619 12:00:56.753"></status>
</kw>
<status status="PASS" starttime="20200619 12:00:56.748" endtime="20200619 12:00:56.753"></status>
</kw>
<status status="PASS" starttime="20200619 12:00:56.746" endtime="20200619 12:00:56.753"></status>
</kw>
<status status="PASS" starttime="20200619 12:00:56.746" endtime="20200619 12:00:56.754"></status>
</kw>
<kw name="Select Language Of JMap Web" library="CommonLogin">
<doc>Select Language of JMap Web app</doc>
<arguments>
<arg>${pLanguage}</arg>
</arguments>
<kw name="Wait Until Element Is Enabled" library="SeleniumLibrary">
<doc>Waits until the element ``locator`` is enabled.</doc>
<arguments>
<arg>xpath://a[@id='${language}']</arg>
<arg>timeout=10s</arg>
</arguments>
<status status="PASS" starttime="20200619 12:00:56.754" endtime="20200619 12:00:56.779"></status>
</kw>
<kw name="Run Keyword And Return Status" library="BuiltIn">
<doc>Runs the given keyword with given arguments and returns the status as a Boolean value.</doc>
<arguments>
<arg>Element Attribute Value Should Be</arg>
<arg>//a[@id='${language}']</arg>
<arg>class</arg>
<arg>${EMPTY}</arg>
</arguments>
<assign>
<var>${IslanguageSelected}</var>
</assign>
<kw name="Element Attribute Value Should Be" library="SeleniumLibrary">
<doc>Verifies element identified by ``locator`` contains expected attribute value.</doc>
<arguments>
<arg>//a[@id='${language}']</arg>
<arg>class</arg>
<arg>${EMPTY}</arg>
</arguments>
<msg timestamp="20200619 12:00:56.796" level="INFO">Element '//a[@id='fr']' attribute 'class' contains value ''.</msg>
<status status="PASS" starttime="20200619 12:00:56.781" endtime="20200619 12:00:56.796"></status>
</kw>
<msg timestamp="20200619 12:00:56.797" level="INFO">${IslanguageSelected} = True</msg>
<status status="PASS" starttime="20200619 12:00:56.781" endtime="20200619 12:00:56.797"></status>
</kw>
<kw name="Run Keyword If" library="BuiltIn">
<doc>Runs the given keyword with the given arguments, if ``condition`` is true.</doc>
<arguments>
<arg>${IslanguageSelected}</arg>
<arg>Click Element</arg>
<arg>xpath://a[@id='${language}']</arg>
</arguments>
<kw name="Click Element" library="SeleniumLibrary">
<doc>Click the element identified by ``locator``.</doc>
<arguments>
<arg>xpath://a[@id='${language}']</arg>
</arguments>
<msg timestamp="20200619 12:00:56.798" level="INFO">Clicking element 'xpath://a[@id='fr']'.</msg>
<status status="PASS" starttime="20200619 12:00:56.798" endtime="20200619 12:00:56.900"></status>
</kw>
<status status="PASS" starttime="20200619 12:00:56.797" endtime="20200619 12:00:56.900"></status>
</kw>
<status status="PASS" starttime="20200619 12:00:56.754" endtime="20200619 12:00:56.900"></status>
</kw>
<kw name="Verify That Selected JMap Web Language Is" library="CommonLogin">
<doc>Check the language in JMap Web</doc>
<arguments>
<arg>${pLanguage}</arg>
</arguments>
<kw name="Sleep" library="BuiltIn">
<doc>Pauses the test executed for the given time.</doc>
<arguments>
<arg>1s</arg>
</arguments>
<msg timestamp="20200619 12:00:57.903" level="INFO">Slept 1 second</msg>
<status status="PASS" starttime="20200619 12:00:56.901" endtime="20200619 12:00:57.903"></status>
</kw>
<kw name="Wait Until Element Is Enabled" library="SeleniumLibrary">
<doc>Waits until the element ``locator`` is enabled.</doc>
<arguments>
<arg>xpath://a[@id='${expected}']</arg>
<arg>timeout=10s</arg>
</arguments>
<status status="PASS" starttime="20200619 12:00:57.904" endtime="20200619 12:00:57.939"></status>
</kw>
<kw name="Run Keyword And Continue On Failure" library="BuiltIn">
<doc>Runs the keyword and continues execution even if a failure occurs.</doc>
<arguments>
<arg>Element Attribute Value Should Be</arg>
<arg>//a[@id='${expected}']</arg>
<arg>class</arg>
<arg>selected</arg>
</arguments>
<kw name="Element Attribute Value Should Be" library="SeleniumLibrary">
<doc>Verifies element identified by ``locator`` contains expected attribute value.</doc>
<arguments>
<arg>//a[@id='${expected}']</arg>
<arg>class</arg>
<arg>selected</arg>
</arguments>
<msg timestamp="20200619 12:00:57.962" level="INFO">Element '//a[@id='fr']' attribute 'class' contains value 'selected'.</msg>
<status status="PASS" starttime="20200619 12:00:57.940" endtime="20200619 12:00:57.962"></status>
</kw>
<status status="PASS" starttime="20200619 12:00:57.939" endtime="20200619 12:00:57.963"></status>
</kw>
<status status="PASS" starttime="20200619 12:00:56.900" endtime="20200619 12:00:57.963"></status>
</kw>
<kw name="Verify That Text of Login Button Is" library="CommonLogin">
<doc>Check the text for loggin button</doc>
<arguments>
<arg>${ptextButton}</arg>
</arguments>
<kw name="Wait Until Element Is Enabled" library="SeleniumLibrary">
<doc>Waits until the element ``locator`` is enabled.</doc>
<arguments>
<arg>xpath://button[@id='submit']</arg>
<arg>timeout=10s</arg>
</arguments>
<status status="PASS" starttime="20200619 12:00:57.964" endtime="20200619 12:00:58.012"></status>
</kw>
<kw name="Verify Text" library="CommonWeb">
<doc>Check for the text existence on the locator</doc>
<arguments>
<arg>//button[@id='submit']</arg>
<arg>${text}</arg>
</arguments>
<kw name="Wait Until Keyword Succeeds" library="BuiltIn">
<doc>Runs the specified keyword and retries if it fails.</doc>
<arguments>
<arg>10s</arg>
<arg>1s</arg>
<arg>Wait Until Element Is Visible</arg>
<arg>${locator}</arg>
<arg>2s</arg>
</arguments>
<kw name="Wait Until Element Is Visible" library="SeleniumLibrary">
<doc>Waits until the element ``locator`` is visible.</doc>
<arguments>
<arg>${locator}</arg>
<arg>2s</arg>
</arguments>
<status status="PASS" starttime="20200619 12:00:58.015" endtime="20200619 12:00:58.053"></status>
</kw>
<status status="PASS" starttime="20200619 12:00:58.014" endtime="20200619 12:00:58.053"></status>
</kw>
<kw name="Run Keyword And Continue On Failure" library="BuiltIn">
<doc>Runs the keyword and continues execution even if a failure occurs.</doc>
<arguments>
<arg>Element Text Should Be</arg>
<arg>${locator}</arg>
<arg>${text}</arg>
</arguments>
<kw name="Element Text Should Be" library="SeleniumLibrary">
<doc>Verifies that element ``locator`` contains exact the text ``expected``.</doc>
<arguments>
<arg>${locator}</arg>
<arg>${text}</arg>
</arguments>
<msg timestamp="20200619 12:00:58.056" level="INFO">Verifying element '//button[@id='submit']' contains exact text 'SE CONNECTER'.</msg>
<status status="PASS" starttime="20200619 12:00:58.055" endtime="20200619 12:00:58.092"></status>
</kw>
<status status="PASS" starttime="20200619 12:00:58.054" endtime="20200619 12:00:58.092"></status>
</kw>
<status status="PASS" starttime="20200619 12:00:58.013" endtime="20200619 12:00:58.093"></status>
</kw>
<status status="PASS" starttime="20200619 12:00:57.964" endtime="20200619 12:00:58.093"></status>
</kw>
<kw name="Enter JMap Web credentials" library="CommonLogin">
<doc>Enter username and password in JMap Web login page</doc>
<arguments>
<arg>${pUserName}</arg>
<arg>${pPassword}</arg>
</arguments>
<kw name="Wait Until Element Is Enabled" library="SeleniumLibrary">
<doc>Waits until the element ``locator`` is enabled.</doc>
<arguments>
<arg>id:username</arg>
<arg>timeout=10s</arg>
</arguments>
<status status="PASS" starttime="20200619 12:00:58.095" endtime="20200619 12:00:58.142"></status>
</kw>
<kw name="Input Text" library="SeleniumLibrary">
<doc>Types the given ``text`` into the text field identified by ``locator``.</doc>
<arguments>
<arg>id:username</arg>
<arg>${USERNAME}</arg>
</arguments>
<msg timestamp="20200619 12:00:58.143" level="INFO">Typing text 'userTest1' into text field 'id:username'.</msg>
<status status="PASS" starttime="20200619 12:00:58.143" endtime="20200619 12:00:58.262"></status>
</kw>
<kw name="Wait Until Element Is Enabled" library="SeleniumLibrary">
<doc>Waits until the element ``locator`` is enabled.</doc>
<arguments>
<arg>id:password</arg>
<arg>timeout=10s</arg>
</arguments>
<status status="PASS" starttime="20200619 12:00:58.263" endtime="20200619 12:00:58.301"></status>
</kw>
<kw name="Input Text" library="SeleniumLibrary">
<doc>Types the given ``text`` into the text field identified by ``locator``.</doc>
<arguments>
<arg>id:password</arg>
<arg>${PASSWORD}</arg>
</arguments>
<msg timestamp="20200619 12:00:58.302" level="INFO">Typing text 'test007' into text field 'id:password'.</msg>
<status status="PASS" starttime="20200619 12:00:58.302" endtime="20200619 12:00:58.383"></status>
</kw>
<status status="PASS" starttime="20200619 12:00:58.095" endtime="20200619 12:00:58.383"></status>
</kw>
<kw name="Verify That Values of Username And Password Fields Are" library="CommonLogin">
<doc>Check the values of the user and password fields</doc>
<arguments>
<arg>${pUserName}</arg>
<arg>${pPassword}</arg>
</arguments>
<kw name="Wait Until Element Is Enabled" library="SeleniumLibrary">
<doc>Waits until the element ``locator`` is enabled.</doc>
<arguments>
<arg>xpath://input[@id='username']</arg>
<arg>timeout=10s</arg>
</arguments>
<status status="PASS" starttime="20200619 12:00:58.384" endtime="20200619 12:00:58.406"></status>
</kw>
<kw name="Verify Value" library="CommonWeb">
<doc>Check for the value existence on the locator</doc>
<arguments>
<arg>//input[@id='username']</arg>
<arg>${username}</arg>
</arguments>
<kw name="Wait Until Keyword Succeeds" library="BuiltIn">
<doc>Runs the specified keyword and retries if it fails.</doc>
<arguments>
<arg>10s</arg>
<arg>1s</arg>
<arg>Wait Until Element Is Enabled</arg>
<arg>${locator}</arg>
</arguments>
<kw name="Wait Until Element Is Enabled" library="SeleniumLibrary">
<doc>Waits until the element ``locator`` is enabled.</doc>
<arguments>
<arg>${locator}</arg>
</arguments>
<status status="PASS" starttime="20200619 12:00:58.407" endtime="20200619 12:00:58.426"></status>
</kw>
<status status="PASS" starttime="20200619 12:00:58.407" endtime="20200619 12:00:58.427"></status>
</kw>
<kw name="Run Keyword And Continue On Failure" library="BuiltIn">
<doc>Runs the keyword and continues execution even if a failure occurs.</doc>
<arguments>
<arg>Element Attribute Value Should Be</arg>
<arg>${locator}</arg>
<arg>value</arg>
<arg>${value}</arg>
</arguments>
<kw name="Element Attribute Value Should Be" library="SeleniumLibrary">
<doc>Verifies element identified by ``locator`` contains expected attribute value.</doc>
<arguments>
<arg>${locator}</arg>
<arg>value</arg>
<arg>${value}</arg>
</arguments>
<msg timestamp="20200619 12:00:58.442" level="INFO">Element '//input[@id='username']' attribute 'value' contains value 'userTest1'.</msg>
<status status="PASS" starttime="20200619 12:00:58.428" endtime="20200619 12:00:58.442"></status>
</kw>
<status status="PASS" starttime="20200619 12:00:58.428" endtime="20200619 12:00:58.443"></status>
</kw>
<status status="PASS" starttime="20200619 12:00:58.407" endtime="20200619 12:00:58.443"></status>
</kw>
<kw name="Wait Until Element Is Enabled" library="SeleniumLibrary">
<doc>Waits until the element ``locator`` is enabled.</doc>
<arguments>
<arg>xpath://input[@id='password']</arg>
<arg>timeout=10s</arg>
</arguments>
<status status="PASS" starttime="20200619 12:00:58.443" endtime="20200619 12:00:58.472"></status>
</kw>
<kw name="Verify Value" library="CommonWeb">
<doc>Check for the value existence on the locator</doc>
<arguments>
<arg>//input[@id='password']</arg>
<arg>${password}</arg>
</arguments>
<kw name="Wait Until Keyword Succeeds" library="BuiltIn">
<doc>Runs the specified keyword and retries if it fails.</doc>
<arguments>
<arg>10s</arg>
<arg>1s</arg>
<arg>Wait Until Element Is Enabled</arg>
<arg>${locator}</arg>
</arguments>
<kw name="Wait Until Element Is Enabled" library="SeleniumLibrary">
<doc>Waits until the element ``locator`` is enabled.</doc>
<arguments>
<arg>${locator}</arg>
</arguments>
<status status="PASS" starttime="20200619 12:00:58.474" endtime="20200619 12:00:58.502"></status>
</kw>
<status status="PASS" starttime="20200619 12:00:58.473" endtime="20200619 12:00:58.503"></status>
</kw>
<kw name="Run Keyword And Continue On Failure" library="BuiltIn">
<doc>Runs the keyword and continues execution even if a failure occurs.</doc>
<arguments>
<arg>Element Attribute Value Should Be</arg>
<arg>${locator}</arg>
<arg>value</arg>
<arg>${value}</arg>
</arguments>
<kw name="Element Attribute Value Should Be" library="SeleniumLibrary">
<doc>Verifies element identified by ``locator`` contains expected attribute value.</doc>
<arguments>
<arg>${locator}</arg>
<arg>value</arg>
<arg>${value}</arg>
</arguments>
<msg timestamp="20200619 12:00:58.523" level="INFO">Element '//input[@id='password']' attribute 'value' contains value 'test007'.</msg>
<status status="PASS" starttime="20200619 12:00:58.504" endtime="20200619 12:00:58.524"></status>
</kw>
<status status="PASS" starttime="20200619 12:00:58.503" endtime="20200619 12:00:58.524"></status>
</kw>
<status status="PASS" starttime="20200619 12:00:58.472" endtime="20200619 12:00:58.524"></status>
</kw>
<status status="PASS" starttime="20200619 12:00:58.383" endtime="20200619 12:00:58.525"></status>
</kw>
<kw name="Click Login JMap Web" library="CommonLogin">
<doc>Click login button in JMap Web login page</doc>
<kw name="Wait Until Element Is Enabled" library="SeleniumLibrary">
<doc>Waits until the element ``locator`` is enabled.</doc>
<arguments>
<arg>id:submit</arg>
<arg>timeout=10s</arg>
</arguments>
<status status="PASS" starttime="20200619 12:00:58.526" endtime="20200619 12:00:58.563"></status>
</kw>
<kw name="Click Button" library="SeleniumLibrary">
<doc>Clicks the button identified by ``locator``.</doc>
<arguments>
<arg>id:submit</arg>
</arguments>
<msg timestamp="20200619 12:00:58.564" level="INFO">Clicking button 'id:submit'.</msg>
<status status="PASS" starttime="20200619 12:00:58.563" endtime="20200619 12:00:58.888"></status>
</kw>
<kw name="Sleep" library="BuiltIn">
<doc>Pauses the test executed for the given time.</doc>
<arguments>
<arg>1s</arg>
</arguments>
<msg timestamp="20200619 12:00:59.890" level="INFO">Slept 1 second</msg>
<status status="PASS" starttime="20200619 12:00:58.888" endtime="20200619 12:00:59.890"></status>
</kw>
<status status="PASS" starttime="20200619 12:00:58.525" endtime="20200619 12:00:59.891"></status>
</kw>
<status status="PASS" starttime="20200619 12:00:56.672" endtime="20200619 12:00:59.892"></status>
</kw>
<kw name="Verify That The Page Contains The Element">
<arguments>
<arg>${Login}</arg>
</arguments>
<kw name="Wait Until Element Is Visible" library="SeleniumLibrary">
<doc>Waits until the element ``locator`` is visible.</doc>
<arguments>
<arg>${element}</arg>
<arg>7s</arg>
</arguments>
<status status="PASS" starttime="20200619 12:00:59.894" endtime="20200619 12:00:59.944"></status>
</kw>
<kw name="Page Should Contain Element" library="SeleniumLibrary">
<doc>Verifies that element ``locator`` is found on the current page.</doc>
<arguments>
<arg>${element}</arg>
</arguments>
<msg timestamp="20200619 12:00:59.958" level="INFO">Current page contains element 'id=submit'.</msg>
<status status="PASS" starttime="20200619 12:00:59.945" endtime="20200619 12:00:59.958"></status>
</kw>
<status status="PASS" starttime="20200619 12:00:59.893" endtime="20200619 12:00:59.959"></status>
</kw>
<kw name="Verify That The Page Not Contains The Element">
<arguments>
<arg>${Options}</arg>
</arguments>
<kw name="Page Should Not Contain Element" library="SeleniumLibrary">
<doc>Verifies that element ``locator`` is found on the current page.</doc>
<arguments>
<arg>${element}</arg>
</arguments>
<msg timestamp="20200619 12:01:04.979" level="INFO">Current page does not contain element '//i[@class='configMenuIcon']'.</msg>
<status status="PASS" starttime="20200619 12:00:59.960" endtime="20200619 12:01:04.980"></status>
</kw>
<status status="PASS" starttime="20200619 12:00:59.960" endtime="20200619 12:01:04.981"></status>
</kw>
<kw name="Verify That Error Message To Login Is" library="CommonLogin">
<doc>Check the error message on wrong login try</doc>
<arguments>
<arg>Nom d'utilisateur et/ou Mot de passe invalide</arg>
</arguments>
<kw name="Wait Until Element Contains" library="SeleniumLibrary">
<doc>Waits until the element ``locator`` contains ``text``.</doc>
<arguments>
<arg>//div[@class='alert alert-danger alert-dismissible']</arg>
<arg>${expected}</arg>
<arg>5s</arg>
</arguments>
<status status="PASS" starttime="20200619 12:01:04.985" endtime="20200619 12:01:05.044"></status>
</kw>
<kw name="Element Should Contain" library="SeleniumLibrary">
<doc>Verifies that element ``locator`` contains text ``expected``.</doc>
<arguments>
<arg>//div[@class='alert alert-danger alert-dismissible']</arg>
<arg>${expected}</arg>
</arguments>
<msg timestamp="20200619 12:01:05.078" level="INFO">Element '//div[@class='alert alert-danger alert-dismissible']' contains text 'Nom d'utilisateur et/ou Mot de passe invalide'.</msg>
<status status="PASS" starttime="20200619 12:01:05.044" endtime="20200619 12:01:05.079"></status>
</kw>
<status status="PASS" starttime="20200619 12:01:04.982" endtime="20200619 12:01:05.079"></status>
</kw>
<kw name="Close Error Message Of Login Page" library="CommonWeb">
<doc>Close the Error message after login with invalid credentials</doc>
<kw name="Wait Until Element Is Enabled" library="SeleniumLibrary">
<doc>Waits until the element ``locator`` is enabled.</doc>
<arguments>
<arg>xpath://button[@class='close']</arg>
<arg>timeout=10s</arg>
</arguments>
<status status="PASS" starttime="20200619 12:01:05.080" endtime="20200619 12:01:05.136"></status>
</kw>
<kw name="Click Element" library="SeleniumLibrary">
<doc>Click the element identified by ``locator``.</doc>
<arguments>
<arg>xpath://button[@class='close']</arg>
</arguments>
<msg timestamp="20200619 12:01:05.138" level="INFO">Clicking element 'xpath://button[@class='close']'.</msg>
<status status="PASS" starttime="20200619 12:01:05.137" endtime="20200619 12:01:05.264"></status>
</kw>
<status status="PASS" starttime="20200619 12:01:05.079" endtime="20200619 12:01:05.264"></status>
</kw>
<kw name="Enter JMap Web credentials" library="CommonLogin">
<doc>Enter username and password in JMap Web login page</doc>
<arguments>
<arg>userTest</arg>
<arg>${Password}</arg>
</arguments>
<kw name="Wait Until Element Is Enabled" library="SeleniumLibrary">
<doc>Waits until the element ``locator`` is enabled.</doc>
<arguments>
<arg>id:username</arg>
<arg>timeout=10s</arg>
</arguments>
<status status="PASS" starttime="20200619 12:01:05.265" endtime="20200619 12:01:05.287"></status>
</kw>
<kw name="Input Text" library="SeleniumLibrary">
<doc>Types the given ``text`` into the text field identified by ``locator``.</doc>
<arguments>
<arg>id:username</arg>
<arg>${USERNAME}</arg>
</arguments>
<msg timestamp="20200619 12:01:05.288" level="INFO">Typing text 'userTest' into text field 'id:username'.</msg>
<status status="PASS" starttime="20200619 12:01:05.287" endtime="20200619 12:01:05.459"></status>
</kw>
<kw name="Wait Until Element Is Enabled" library="SeleniumLibrary">
<doc>Waits until the element ``locator`` is enabled.</doc>
<arguments>
<arg>id:password</arg>
<arg>timeout=10s</arg>
</arguments>
<status status="PASS" starttime="20200619 12:01:05.460" endtime="20200619 12:01:05.483"></status>
</kw>
<kw name="Input Text" library="SeleniumLibrary">
<doc>Types the given ``text`` into the text field identified by ``locator``.</doc>
<arguments>
<arg>id:password</arg>
<arg>${PASSWORD}</arg>
</arguments>
<msg timestamp="20200619 12:01:05.484" level="INFO">Typing text 'userTest1' into text field 'id:password'.</msg>
<status status="PASS" starttime="20200619 12:01:05.483" endtime="20200619 12:01:05.610"></status>
</kw>
<status status="PASS" starttime="20200619 12:01:05.265" endtime="20200619 12:01:05.610"></status>
</kw>
<kw name="Verify That Values of Username And Password Fields Are" library="CommonLogin">
<doc>Check the values of the user and password fields</doc>
<arguments>
<arg>userTest</arg>
<arg>${Password}</arg>
</arguments>
<kw name="Wait Until Element Is Enabled" library="SeleniumLibrary">
<doc>Waits until the element ``locator`` is enabled.</doc>
<arguments>
<arg>xpath://input[@id='username']</arg>
<arg>timeout=10s</arg>
</arguments>
<status status="PASS" starttime="20200619 12:01:05.610" endtime="20200619 12:01:05.632"></status>
</kw>
<kw name="Verify Value" library="CommonWeb">
<doc>Check for the value existence on the locator</doc>
<arguments>
<arg>//input[@id='username']</arg>
<arg>${username}</arg>
</arguments>
<kw name="Wait Until Keyword Succeeds" library="BuiltIn">
<doc>Runs the specified keyword and retries if it fails.</doc>
<arguments>
<arg>10s</arg>
<arg>1s</arg>
<arg>Wait Until Element Is Enabled</arg>
<arg>${locator}</arg>
</arguments>
<kw name="Wait Until Element Is Enabled" library="SeleniumLibrary">
<doc>Waits until the element ``locator`` is enabled.</doc>
<arguments>
<arg>${locator}</arg>
</arguments>
<status status="PASS" starttime="20200619 12:01:05.634" endtime="20200619 12:01:05.663"></status>
</kw>
<status status="PASS" starttime="20200619 12:01:05.633" endtime="20200619 12:01:05.664"></status>
</kw>
<kw name="Run Keyword And Continue On Failure" library="BuiltIn">
<doc>Runs the keyword and continues execution even if a failure occurs.</doc>
<arguments>
<arg>Element Attribute Value Should Be</arg>
<arg>${locator}</arg>
<arg>value</arg>
<arg>${value}</arg>
</arguments>
<kw name="Element Attribute Value Should Be" library="SeleniumLibrary">
<doc>Verifies element identified by ``locator`` contains expected attribute value.</doc>
<arguments>
<arg>${locator}</arg>
<arg>value</arg>
<arg>${value}</arg>
</arguments>
<msg timestamp="20200619 12:01:05.691" level="INFO">Element '//input[@id='username']' attribute 'value' contains value 'userTest'.</msg>
<status status="PASS" starttime="20200619 12:01:05.665" endtime="20200619 12:01:05.691"></status>
</kw>
<status status="PASS" starttime="20200619 12:01:05.664" endtime="20200619 12:01:05.692"></status>
</kw>
<status status="PASS" starttime="20200619 12:01:05.632" endtime="20200619 12:01:05.692"></status>
</kw>
<kw name="Wait Until Element Is Enabled" library="SeleniumLibrary">
<doc>Waits until the element ``locator`` is enabled.</doc>
<arguments>
<arg>xpath://input[@id='password']</arg>
<arg>timeout=10s</arg>
</arguments>
<status status="PASS" starttime="20200619 12:01:05.693" endtime="20200619 12:01:05.727"></status>
</kw>
<kw name="Verify Value" library="CommonWeb">
<doc>Check for the value existence on the locator</doc>
<arguments>
<arg>//input[@id='password']</arg>
<arg>${password}</arg>
</arguments>
<kw name="Wait Until Keyword Succeeds" library="BuiltIn">
<doc>Runs the specified keyword and retries if it fails.</doc>
<arguments>
<arg>10s</arg>
<arg>1s</arg>
<arg>Wait Until Element Is Enabled</arg>
<arg>${locator}</arg>
</arguments>
<kw name="Wait Until Element Is Enabled" library="SeleniumLibrary">
<doc>Waits until the element ``locator`` is enabled.</doc>
<arguments>
<arg>${locator}</arg>
</arguments>
<status status="PASS" starttime="20200619 12:01:05.730" endtime="20200619 12:01:05.764"></status>
</kw>
<status status="PASS" starttime="20200619 12:01:05.729" endtime="20200619 12:01:05.765"></status>
</kw>
<kw name="Run Keyword And Continue On Failure" library="BuiltIn">
<doc>Runs the keyword and continues execution even if a failure occurs.</doc>
<arguments>
<arg>Element Attribute Value Should Be</arg>
<arg>${locator}</arg>
<arg>value</arg>
<arg>${value}</arg>
</arguments>
<kw name="Element Attribute Value Should Be" library="SeleniumLibrary">
<doc>Verifies element identified by ``locator`` contains expected attribute value.</doc>
<arguments>
<arg>${locator}</arg>
<arg>value</arg>
<arg>${value}</arg>
</arguments>
<msg timestamp="20200619 12:01:05.789" level="INFO">Element '//input[@id='password']' attribute 'value' contains value 'userTest1'.</msg>
<status status="PASS" starttime="20200619 12:01:05.766" endtime="20200619 12:01:05.790"></status>
</kw>
<status status="PASS" starttime="20200619 12:01:05.765" endtime="20200619 12:01:05.790"></status>
</kw>
<status status="PASS" starttime="20200619 12:01:05.728" endtime="20200619 12:01:05.791"></status>
</kw>
<status status="PASS" starttime="20200619 12:01:05.610" endtime="20200619 12:01:05.791"></status>
</kw>
<kw name="Click Login JMap Web" library="CommonLogin">
<doc>Click login button in JMap Web login page</doc>
<kw name="Wait Until Element Is Enabled" library="SeleniumLibrary">
<doc>Waits until the element ``locator`` is enabled.</doc>
<arguments>
<arg>id:submit</arg>
<arg>timeout=10s</arg>
</arguments>
<status status="PASS" starttime="20200619 12:01:05.792" endtime="20200619 12:01:05.833"></status>
</kw>
<kw name="Click Button" library="SeleniumLibrary">
<doc>Clicks the button identified by ``locator``.</doc>
<arguments>
<arg>id:submit</arg>
</arguments>
<msg timestamp="20200619 12:01:05.834" level="INFO">Clicking button 'id:submit'.</msg>
<status status="PASS" starttime="20200619 12:01:05.834" endtime="20200619 12:01:06.118"></status>
</kw>
<kw name="Sleep" library="BuiltIn">
<doc>Pauses the test executed for the given time.</doc>
<arguments>
<arg>1s</arg>
</arguments>
<msg timestamp="20200619 12:01:07.121" level="INFO">Slept 1 second</msg>
<status status="PASS" starttime="20200619 12:01:06.118" endtime="20200619 12:01:07.122"></status>
</kw>
<status status="PASS" starttime="20200619 12:01:05.792" endtime="20200619 12:01:07.123"></status>
</kw>
<kw name="Verify That The Page Contains The Element">
<arguments>
<arg>${Login}</arg>
</arguments>
<kw name="Wait Until Element Is Visible" library="SeleniumLibrary">
<doc>Waits until the element ``locator`` is visible.</doc>
<arguments>
<arg>${element}</arg>
<arg>7s</arg>
</arguments>
<status status="PASS" starttime="20200619 12:01:07.126" endtime="20200619 12:01:07.181"></status>
</kw>
<kw name="Page Should Contain Element" library="SeleniumLibrary">
<doc>Verifies that element ``locator`` is found on the current page.</doc>
<arguments>
<arg>${element}</arg>
</arguments>
<msg timestamp="20200619 12:01:07.202" level="INFO">Current page contains element 'id=submit'.</msg>
<status status="PASS" starttime="20200619 12:01:07.183" endtime="20200619 12:01:07.203"></status>
</kw>
<status status="PASS" starttime="20200619 12:01:07.124" endtime="20200619 12:01:07.203"></status>
</kw>
<kw name="Verify That The Page Not Contains The Element">
<arguments>
<arg>${Options}</arg>
</arguments>
<kw name="Page Should Not Contain Element" library="SeleniumLibrary">
<doc>Verifies that element ``locator`` is found on the current page.</doc>
<arguments>
<arg>${element}</arg>
</arguments>
<msg timestamp="20200619 12:01:12.225" level="INFO">Current page does not contain element '//i[@class='configMenuIcon']'.</msg>
<status status="PASS" starttime="20200619 12:01:07.206" endtime="20200619 12:01:12.226"></status>
</kw>
<status status="PASS" starttime="20200619 12:01:07.204" endtime="20200619 12:01:12.227"></status>
</kw>
<kw name="Verify That Error Message To Login Is" library="CommonLogin">
<doc>Check the error message on wrong login try</doc>
<arguments>
<arg>Nom d'utilisateur et/ou Mot de passe invalide</arg>
</arguments>
<kw name="Wait Until Element Contains" library="SeleniumLibrary">
<doc>Waits until the element ``locator`` contains ``text``.</doc>
<arguments>
<arg>//div[@class='alert alert-danger alert-dismissible']</arg>
<arg>${expected}</arg>
<arg>5s</arg>
</arguments>
<status status="PASS" starttime="20200619 12:01:12.230" endtime="20200619 12:01:12.293"></status>
</kw>
<kw name="Element Should Contain" library="SeleniumLibrary">
<doc>Verifies that element ``locator`` contains text ``expected``.</doc>
<arguments>
<arg>//div[@class='alert alert-danger alert-dismissible']</arg>
<arg>${expected}</arg>
</arguments>
<msg timestamp="20200619 12:01:12.323" level="INFO">Element '//div[@class='alert alert-danger alert-dismissible']' contains text 'Nom d'utilisateur et/ou Mot de passe invalide'.</msg>
<status status="PASS" starttime="20200619 12:01:12.294" endtime="20200619 12:01:12.323"></status>
</kw>
<status status="PASS" starttime="20200619 12:01:12.228" endtime="20200619 12:01:12.324"></status>
</kw>
<kw name="Close JMap Web" library="CommonKeywords" type="teardown">
<kw name="Close Browser" library="SeleniumLibrary">
<doc>Closes the current browser.</doc>
<status status="PASS" starttime="20200619 12:01:12.325" endtime="20200619 12:01:14.437"></status>
</kw>
<kw name="Check Metrics" library="CommonKeywords">
<doc>This Keyword used to check the elapsed time, and display it in the console.</doc>
<assign>
<var>${ElapsedTime}</var>
</assign>
<kw name="End Metrics" library="CommonKeywords">
<doc>This Keyword give the end time when the execution of the test case starts.
And it account elapsed time for the execution</doc>
<assign>
<var>${duration}</var>
</assign>
<kw name="Get Current Date" library="DateTime">
<doc>Returns current local or UTC time with an optional increment.</doc>
<arguments>
<arg>result_format=epoch</arg>
</arguments>
<assign>
<var>${tc_end}</var>
</assign>
<msg timestamp="20200619 12:01:14.440" level="INFO">${tc_end} = 1592582474.44037</msg>
<status status="PASS" starttime="20200619 12:01:14.439" endtime="20200619 12:01:14.440"></status>
</kw>
<kw name="Subtract Time From Time" library="DateTime">
<doc>Subtracts time from another time and returns the resulting time.</doc>
<arguments>
<arg>${tc_end}</arg>
<arg>${tc_start}</arg>
</arguments>
<assign>
<var>${tc_duration}</var>
</assign>
<msg timestamp="20200619 12:01:14.441" level="INFO">${tc_duration} = 23.765456199645996</msg>
<status status="PASS" starttime="20200619 12:01:14.441" endtime="20200619 12:01:14.442"></status>
</kw>
<kw name="Evaluate" library="BuiltIn">
<doc>Evaluates the given expression in Python and returns the results.</doc>
<arguments>
<arg>${tc_duration}/60</arg>
</arguments>
<assign>
<var>${tc_duration}</var>
</assign>
<msg timestamp="20200619 12:01:14.443" level="INFO">${tc_duration} = 0.3960909366607666</msg>
<status status="PASS" starttime="20200619 12:01:14.442" endtime="20200619 12:01:14.443"></status>
</kw>
<msg timestamp="20200619 12:01:14.444" level="INFO">${duration} = 0.3960909366607666</msg>
<status status="PASS" starttime="20200619 12:01:14.438" endtime="20200619 12:01:14.444"></status>
</kw>
<kw name="Set Tags" library="BuiltIn">
<doc>Adds given ``tags`` for the current test or all tests in a suite.</doc>
<arguments>
<arg>Time Out</arg>
</arguments>
<msg timestamp="20200619 12:01:14.445" level="INFO">Set tag 'Time Out'.</msg>
<status status="PASS" starttime="20200619 12:01:14.444" endtime="20200619 12:01:14.445"></status>
</kw>
<msg timestamp="20200619 12:01:14.446" level="INFO">${ElapsedTime} = 0.3960909366607666</msg>
<status status="PASS" starttime="20200619 12:01:14.437" endtime="20200619 12:01:14.446"></status>
</kw>
<kw name="Log" library="BuiltIn">
<doc>Logs the given message with the given level.</doc>
<arguments>
<arg>================================================</arg>
</arguments>
<msg timestamp="20200619 12:01:14.447" level="INFO">================================================</msg>
<status status="PASS" starttime="20200619 12:01:14.447" endtime="20200619 12:01:14.447"></status>
</kw>
<kw name="Log" library="BuiltIn">
<doc>Logs the given message with the given level.</doc>
<arguments>
<arg>${SUITE_NAME}</arg>
</arguments>
<msg timestamp="20200619 12:01:14.449" level="INFO">JMapJenkinsTests.Tests.Jmap 7.0.jmapWeb.LoginAndLogoutTests</msg>
<status status="PASS" starttime="20200619 12:01:14.448" endtime="20200619 12:01:14.449"></status>
</kw>
<kw name="Split String" library="String">
<doc>Splits the ``string`` using ``separator`` as a delimiter string.</doc>
<arguments>
<arg>${SUITE_NAME}</arg>
<arg>.</arg>
</arguments>
<assign>
<var>@{listeSuiteName}</var>
</assign>
<msg timestamp="20200619 12:01:14.450" level="INFO">@{listeSuiteName} = [ JMapJenkinsTests | Tests | Jmap 7 | 0 | jmapWeb | LoginAndLogoutTests ]</msg>
<status status="PASS" starttime="20200619 12:01:14.449" endtime="20200619 12:01:14.450"></status>
</kw>
<kw name="Get Length" library="BuiltIn">
<doc>Returns and logs the length of the given item as an integer.</doc>
<arguments>
<arg>${listeSuiteName}</arg>
</arguments>
<assign>
<var>${LengthSuiteName}</var>
</assign>
<msg timestamp="20200619 12:01:14.451" level="INFO">Length is 6</msg>
<msg timestamp="20200619 12:01:14.452" level="INFO">${LengthSuiteName} = 6</msg>
<status status="PASS" starttime="20200619 12:01:14.451" endtime="20200619 12:01:14.452"></status>
</kw>
<kw name="Set Variable" library="BuiltIn">
<doc>Returns the given values which can then be assigned to a variables.</doc>
<arguments>
<arg>${listeSuiteName[${LengthSuiteName}-1]}</arg>
</arguments>
<assign>
<var>${suiteName}</var>
</assign>
<msg timestamp="20200619 12:01:14.453" level="INFO">${suiteName} = LoginAndLogoutTests</msg>
<status status="PASS" starttime="20200619 12:01:14.452" endtime="20200619 12:01:14.453"></status>
</kw>
<kw name="Split String" library="String">
<doc>Splits the ``string`` using ``separator`` as a delimiter string.</doc>
<arguments>
<arg>${suiteName}</arg>
<arg>Tests</arg>
</arguments>
<assign>
<var>@{suiteName}</var>
</assign>
<msg timestamp="20200619 12:01:14.455" level="INFO">@{suiteName} = [ LoginAndLogout |  ]</msg>
<status status="PASS" starttime="20200619 12:01:14.454" endtime="20200619 12:01:14.455"></status>
</kw>
<kw name="Set Variable" library="BuiltIn">
<doc>Returns the given values which can then be assigned to a variables.</doc>
<arguments>
<arg>${suiteName[0]}</arg>
</arguments>
<assign>
<var>${suiteName}</var>
</assign>
<msg timestamp="20200619 12:01:14.456" level="INFO">${suiteName} = LoginAndLogout</msg>
<status status="PASS" starttime="20200619 12:01:14.455" endtime="20200619 12:01:14.456"></status>
</kw>
<kw name="Log" library="BuiltIn">
<doc>Logs the given message with the given level.</doc>
<arguments>
<arg>${suiteName}</arg>
</arguments>
<msg timestamp="20200619 12:01:14.457" level="INFO">LoginAndLogout</msg>
<status status="PASS" starttime="20200619 12:01:14.457" endtime="20200619 12:01:14.458"></status>
</kw>
<kw name="Log" library="BuiltIn">
<doc>Logs the given message with the given level.</doc>
<arguments>
<arg>================================================</arg>
</arguments>
<msg timestamp="20200619 12:01:14.459" level="INFO">================================================</msg>
<status status="PASS" starttime="20200619 12:01:14.458" endtime="20200619 12:01:14.459"></status>
</kw>
<kw name="Log" library="BuiltIn">
<doc>Logs the given message with the given level.</doc>
<arguments>
<arg>${TEST_NAME}</arg>
</arguments>
<msg timestamp="20200619 12:01:14.460" level="INFO">JM70-924:Login with invalid data in french language</msg>
<status status="PASS" starttime="20200619 12:01:14.460" endtime="20200619 12:01:14.460"></status>
</kw>
<kw name="Split String" library="String">
<doc>Splits the ``string`` using ``separator`` as a delimiter string.</doc>
<arguments>
<arg>${TEST_NAME}</arg>
<arg>:</arg>
</arguments>
<assign>
<var>@{listeTestName}</var>
</assign>
<msg timestamp="20200619 12:01:14.462" level="INFO">@{listeTestName} = [ JM70-924 | Login with invalid data in french language ]</msg>
<status status="PASS" starttime="20200619 12:01:14.461" endtime="20200619 12:01:14.462"></status>
</kw>
<kw name="Get Length" library="BuiltIn">
<doc>Returns and logs the length of the given item as an integer.</doc>
<arguments>
<arg>${listeTestName}</arg>
</arguments>
<assign>
<var>${LengthTest}</var>
</assign>
<msg timestamp="20200619 12:01:14.464" level="INFO">Length is 2</msg>
<msg timestamp="20200619 12:01:14.464" level="INFO">${LengthTest} = 2</msg>
<status status="PASS" starttime="20200619 12:01:14.464" endtime="20200619 12:01:14.464"></status>
</kw>
<kw name="Set Variable" library="BuiltIn">
<doc>Returns the given values which can then be assigned to a variables.</doc>
<arguments>
<arg>${listeTestName[${LengthTest}-1]}</arg>
</arguments>
<assign>
<var>${tesCaseName}</var>
</assign>
<msg timestamp="20200619 12:01:14.465" level="INFO">${tesCaseName} = Login with invalid data in french language</msg>
<status status="PASS" starttime="20200619 12:01:14.464" endtime="20200619 12:01:14.465"></status>
</kw>
<kw name="Log" library="BuiltIn">
<doc>Logs the given message with the given level.</doc>
<arguments>
<arg>${tesCaseName}</arg>
</arguments>
<msg timestamp="20200619 12:01:14.466" level="INFO">Login with invalid data in french language</msg>
<status status="PASS" starttime="20200619 12:01:14.466" endtime="20200619 12:01:14.467"></status>
</kw>
<kw name="Log" library="BuiltIn">
<doc>Logs the given message with the given level.</doc>
<arguments>
<arg>================================================</arg>
</arguments>
<msg timestamp="20200619 12:01:14.468" level="INFO">================================================</msg>
<status status="PASS" starttime="20200619 12:01:14.467" endtime="20200619 12:01:14.468"></status>
</kw>
<kw name="Open New Session" library="CommonKeywords">
<doc>Open new session for the given username, password and application type
The session id generated is stored in a global variable called SESSIONID.
Use ${SESSIONID} wherever you want to access to the variable's value</doc>
<arguments>
<arg>${UserName}</arg>
<arg>${Password}</arg>
<arg>${TYPE}</arg>
</arguments>
<assign>
<var>${BODY}</var>
</assign>
<kw name="Post" library="REST">
<tags>
<tag>http</tag>
</tags>
<doc>*Sends a POST request to the endpoint.*</doc>
<arguments>
<arg>http://${localhost}:${internPort}/services/rest/v2.0/session</arg>
<arg>body={"username": "${pUsername}","password": "${pPassword}","type": "${pType}"}</arg>
<arg>allow_redirects=true</arg>
<arg>headers={"Content-Type":"application/json"}</arg>
</arguments>
<status status="PASS" starttime="20200619 12:01:14.471" endtime="20200619 12:01:16.717"></status>
</kw>
<kw name="Integer" library="REST">
<tags>
<tag>assertions</tag>
</tags>
<doc>*Asserts the field as JSON integer.*</doc>
<arguments>
<arg>response status</arg>
<arg>200</arg>
</arguments>
<status status="PASS" starttime="20200619 12:01:16.718" endtime="20200619 12:01:16.720"></status>
</kw>
<kw name="String" library="REST">
<tags>
<tag>assertions</tag>
</tags>
<doc>*Asserts the field as JSON string.*</doc>
<arguments>
<arg>$.status</arg>
<arg>OK</arg>
</arguments>
<status status="PASS" starttime="20200619 12:01:16.721" endtime="20200619 12:01:16.810"></status>
</kw>
<kw name="Object" library="REST">
<tags>
<tag>assertions</tag>
</tags>
<doc>*Asserts the field as JSON object.*</doc>
<arguments>
<arg>$.result</arg>
</arguments>
<assign>
<var>${RESULT}</var>
</assign>
<msg timestamp="20200619 12:01:16.891" level="INFO">${RESULT} = [{'serverVersion': '7.0 Istanbul build 156', 'sessionId': 113076088, 'sessionExceed': False, 'userFullName': 'userTest1', 'userEmailAddress': ''}]</msg>
<status status="PASS" starttime="20200619 12:01:16.811" endtime="20200619 12:01:16.892"></status>
</kw>
<kw name="Set Variable" library="BuiltIn">
<doc>Returns the given values which can then be assigned to a variables.</doc>
<arguments>
<arg>${RESULT[0]}</arg>
</arguments>
<assign>
<var>${RESULT}</var>
</assign>
<msg timestamp="20200619 12:01:16.893" level="INFO">${RESULT} = {'serverVersion': '7.0 Istanbul build 156', 'sessionId': 113076088, 'sessionExceed': False, 'userFullName': 'userTest1', 'userEmailAddress': ''}</msg>
<status status="PASS" starttime="20200619 12:01:16.892" endtime="20200619 12:01:16.894"></status>
</kw>
<msg timestamp="20200619 12:01:16.894" level="INFO">${BODY} = {'serverVersion': '7.0 Istanbul build 156', 'sessionId': 113076088, 'sessionExceed': False, 'userFullName': 'userTest1', 'userEmailAddress': ''}</msg>
<status status="PASS" starttime="20200619 12:01:14.470" endtime="20200619 12:01:16.894"></status>
</kw>
<kw name="GET Current Session ID" library="CommonKeywords">
<doc>Get the session ID for the current session</doc>
<arguments>
<arg>${BODY}</arg>
</arguments>
<assign>
<var>${SESSIONID}</var>
</assign>
<kw name="Set Variable" library="BuiltIn">
<doc>Returns the given values which can then be assigned to a variables.</doc>
<arguments>
<arg>${pResult['sessionId']}</arg>
</arguments>
<assign>
<var>${getSessionID}</var>
</assign>
<msg timestamp="20200619 12:01:16.897" level="INFO">${getSessionID} = 113076088</msg>
<status status="PASS" starttime="20200619 12:01:16.896" endtime="20200619 12:01:16.897"></status>
</kw>
<msg timestamp="20200619 12:01:16.898" level="INFO">${SESSIONID} = 113076088</msg>
<status status="PASS" starttime="20200619 12:01:16.895" endtime="20200619 12:01:16.898"></status>
</kw>
<kw name="GET Current Server Version" library="CommonKeywords">
<doc>Get the server version (Build) for the current session</doc>
<arguments>
<arg>${BODY}</arg>
</arguments>
<assign>
<var>${buildName}</var>
</assign>
<kw name="Set Variable" library="BuiltIn">
<doc>Returns the given values which can then be assigned to a variables.</doc>
<arguments>
<arg>${pResult['serverVersion']}</arg>
</arguments>
<assign>
<var>${getBuild}</var>
</assign>
<msg timestamp="20200619 12:01:16.900" level="INFO">${getBuild} = 7.0 Istanbul build 156</msg>
<status status="PASS" starttime="20200619 12:01:16.900" endtime="20200619 12:01:16.901"></status>
</kw>
<msg timestamp="20200619 12:01:16.901" level="INFO">${buildName} = 7.0 Istanbul build 156</msg>
<status status="PASS" starttime="20200619 12:01:16.899" endtime="20200619 12:01:16.902"></status>
</kw>
<kw name="Set Variable" library="BuiltIn">
<doc>Returns the given values which can then be assigned to a variables.</doc>
<arguments>
<arg>JMap ${buildName}</arg>
</arguments>
<assign>
<var>${buildName}</var>
</assign>
<msg timestamp="20200619 12:01:16.903" level="INFO">${buildName} = JMap 7.0 Istanbul build 156</msg>
<status status="PASS" starttime="20200619 12:01:16.902" endtime="20200619 12:01:16.903"></status>
</kw>
<kw name="Close The Current Session" library="CommonKeywords">
<doc>Close REST API session by given session id</doc>
<arguments>
<arg>${SESSIONID}</arg>
</arguments>
<kw name="Delete" library="REST">
<tags>
<tag>http</tag>
</tags>
<doc>*Sends a DELETE request to the endpoint.*</doc>
<arguments>
<arg>http://${localhost}:${internPort}/services/rest/v2.0/session?sessionId=${SESSION}</arg>
</arguments>
<status status="PASS" starttime="20200619 12:01:16.905" endtime="20200619 12:01:18.927"></status>
</kw>
<kw name="String" library="REST">
<tags>
<tag>assertions</tag>
</tags>
<doc>*Asserts the field as JSON string.*</doc>
<arguments>
<arg>$.message</arg>
<arg>Session has been closed</arg>
</arguments>
<status status="PASS" starttime="20200619 12:01:18.928" endtime="20200619 12:01:18.981"></status>
</kw>
<kw name="String" library="REST">
<tags>
<tag>assertions</tag>
</tags>
<doc>*Asserts the field as JSON string.*</doc>
<arguments>
<arg>$.status</arg>
<arg>OK</arg>
</arguments>
<status status="PASS" starttime="20200619 12:01:18.982" endtime="20200619 12:01:19.034"></status>
</kw>
<status status="PASS" starttime="20200619 12:01:16.904" endtime="20200619 12:01:19.035"></status>
</kw>
<kw name="Log" library="BuiltIn">
<doc>Logs the given message with the given level.</doc>
<arguments>
<arg>================================================================================</arg>
</arguments>
<msg timestamp="20200619 12:01:19.036" level="INFO">================================================================================</msg>
<status status="PASS" starttime="20200619 12:01:19.036" endtime="20200619 12:01:19.036"></status>
</kw>
<kw name="Run Keyword If" library="BuiltIn" type="teardown">
<doc>Runs the given keyword with the given arguments, if ``condition`` is true.</doc>
<arguments>
<arg>"${useTL}"=="true"</arg>
<arg>Go To Testlink To Update Test Case</arg>
<arg>${projectNum}</arg>
<arg>${testPlan}</arg>
<arg>${buildName}</arg>
<arg>${suiteName}</arg>
<arg>${tesCaseName}</arg>
<arg>${ElapsedTime}</arg>
</arguments>
<kw name="Go To Testlink To Update Test Case" library="CommonKeywords">
<arguments>
<arg>${projectNum}</arg>
<arg>${testPlan}</arg>
<arg>${buildName}</arg>
<arg>${suiteName}</arg>
<arg>${tesCaseName}</arg>
<arg>${ElapsedTime}</arg>
</arguments>
<kw name="Init Api Class TestLinkAPIClient" library="CommonKeywords">
<arguments>
<arg>${TL_URL}</arg>
<arg>${DEV_KEY}</arg>
</arguments>
<kw name="Log" library="BuiltIn">
<doc>Logs the given message with the given level.</doc>
<arguments>
<arg>\n=================== Go To Connect To Testlink ===================</arg>
<arg>console=yes</arg>
</arguments>
<msg timestamp="20200619 12:01:19.041" level="INFO">
=================== Go To Connect To Testlink ===================</msg>
<status status="PASS" starttime="20200619 12:01:19.040" endtime="20200619 12:01:19.041"></status>
</kw>
<kw name="Create Api Client" library="TestlinkAPILibrary">
<doc>Creates a new TestLink-API-Python-client (XMLRPC), using Python class 
TestlinkAPIClient or TestlinkAPIGeneric.</doc>
<arguments>
<arg>TestlinkAPIClient</arg>
<arg>server_url=${URL}</arg>
<arg>devkey=${API_KEY}</arg>
</arguments>
<assign>
<var>${tlapi_client}</var>
</assign>
<msg timestamp="20200619 12:01:19.665" level="INFO">${tlapi_client} = 
TestLink API - class TestlinkAPIClient - version 0.8.1 (PY 3.7.3)
@authors: Luiko Czub, Olivier Renault, James Stock, TestLink-API-Python-client developers

Current connection settings
 Server URL: h...</msg>
<status status="PASS" starttime="20200619 12:01:19.042" endtime="20200619 12:01:19.666"></status>
</kw>
<kw name="Log To Console" library="BuiltIn">
<doc>Logs the given message to the console.</doc>
<arguments>
<arg>${tlapi_client}</arg>
</arguments>
<status status="PASS" starttime="20200619 12:01:19.666" endtime="20200619 12:01:20.309"></status>
</kw>
<kw name="Log" library="BuiltIn">
<doc>Logs the given message with the given level.</doc>
<arguments>
<arg>-----&gt; Testlink is connected successfully</arg>
<arg>console=yes</arg>
</arguments>
<msg timestamp="20200619 12:01:20.310" level="INFO">-----&gt; Testlink is connected successfully</msg>
<status status="PASS" starttime="20200619 12:01:20.309" endtime="20200619 12:01:20.310"></status>
</kw>
<kw name="Log" library="BuiltIn">
<doc>Logs the given message with the given level.</doc>
<arguments>
<arg>=================================================================================</arg>
</arguments>
<msg timestamp="20200619 12:01:20.311" level="INFO">=================================================================================</msg>
<status status="PASS" starttime="20200619 12:01:20.311" endtime="20200619 12:01:20.312"></status>
</kw>
<status status="PASS" starttime="20200619 12:01:19.039" endtime="20200619 12:01:20.312"></status>
</kw>
<kw name="Call Api Method" library="TestlinkAPILibrary">
<doc>Calls a TestLink API method and returns TestLinks server response.</doc>
<arguments>
<arg>getProjects</arg>
</arguments>
<assign>
<var>@{projects}</var>
</assign>
<msg timestamp="20200619 12:01:20.844" level="INFO">@{projects} = [ {'id': '1964', 'notes': '', 'color': '', 'active': '1', 'option_reqs': '0', 'option_priority': '0', 'option_automation': '0', 'options': 'O:8:"stdClass":4:{s:19:"requirementsEnabled";i:0;s:19:"testP...</msg>
<status status="PASS" starttime="20200619 12:01:20.313" endtime="20200619 12:01:20.844"></status>
</kw>
<kw name="Get Length" library="BuiltIn">
<doc>Returns and logs the length of the given item as an integer.</doc>
<arguments>
<arg>${projects}</arg>
</arguments>
<assign>
<var>${length}</var>
</assign>
<msg timestamp="20200619 12:01:20.846" level="INFO">Length is 13</msg>
<msg timestamp="20200619 12:01:20.846" level="INFO">${length} = 13</msg>
<status status="PASS" starttime="20200619 12:01:20.845" endtime="20200619 12:01:20.846"></status>
</kw>
<kw name="Set Variable" library="BuiltIn">
<doc>Returns the given values which can then be assigned to a variables.</doc>
<arguments>
<arg>${projects[${projectNum}]}</arg>
</arguments>
<assign>
<var>${project}</var>
</assign>
<msg timestamp="20200619 12:01:20.848" level="INFO">${project} = {'id': '4960', 'notes': '', 'color': '', 'active': '1', 'option_reqs': '0', 'option_priority': '0', 'option_automation': '0', 'options': 'O:8:"stdClass":4:{s:19:"requirementsEnabled";i:1;s:19:"testPri...</msg>
<status status="PASS" starttime="20200619 12:01:20.847" endtime="20200619 12:01:20.848"></status>
</kw>
<kw name="Log" library="BuiltIn">
<doc>Logs the given message with the given level.</doc>
<arguments>
<arg>${project}</arg>
</arguments>
<msg timestamp="20200619 12:01:20.849" level="INFO">{'id': '4960', 'notes': '', 'color': '', 'active': '1', 'option_reqs': '0', 'option_priority': '0', 'option_automation': '0', 'options': 'O:8:"stdClass":4:{s:19:"requirementsEnabled";i:1;s:19:"testPriorityEnabled";i:1;s:17:"automationEnabled";i:1;s:16:"inventoryEnabled";i:0;}', 'prefix': 'JM70', 'tc_counter': '1151', 'is_public': '1', 'issue_tracker_enabled': '0', 'reqmgr_integration_enabled': '0', 'api_key': '5bad96bc97c7a43833402dd65e468024f00370e7535d8438fa11163c66b2d0a9', 'name': 'Jmap 7.0', 'opt': {'requirementsEnabled': 1, 'testPriorityEnabled': 1, 'automationEnabled': 1, 'inventoryEnabled': 0}}</msg>
<status status="PASS" starttime="20200619 12:01:20.848" endtime="20200619 12:01:20.849"></status>
</kw>
<kw name="Set Variable" library="BuiltIn">
<doc>Returns the given values which can then be assigned to a variables.</doc>
<arguments>
<arg>${project['name']}</arg>
</arguments>
<assign>
<var>${projectNAME}</var>
</assign>
<msg timestamp="20200619 12:01:20.851" level="INFO">${projectNAME} = Jmap 7.0</msg>
<status status="PASS" starttime="20200619 12:01:20.850" endtime="20200619 12:01:20.851"></status>
</kw>
<kw name="Set Variable" library="BuiltIn">
<doc>Returns the given values which can then be assigned to a variables.</doc>
<arguments>
<arg>${project['id']}</arg>
</arguments>
<assign>
<var>${projectID}</var>
</assign>
<msg timestamp="20200619 12:01:20.852" level="INFO">${projectID} = 4960</msg>
<status status="PASS" starttime="20200619 12:01:20.852" endtime="20200619 12:01:20.853"></status>
</kw>
<kw name="Log" library="BuiltIn">
<doc>Logs the given message with the given level.</doc>
<arguments>
<arg>=================================================================================</arg>
</arguments>
<msg timestamp="20200619 12:01:20.854" level="INFO">=================================================================================</msg>
<status status="PASS" starttime="20200619 12:01:20.853" endtime="20200619 12:01:20.854"></status>
</kw>
<kw name="Call Api Method" library="TestlinkAPILibrary">
<doc>Calls a TestLink API method and returns TestLinks server response.</doc>
<arguments>
<arg>getTestPlanByName</arg>
<arg>testprojectname=${projectNAME}</arg>
<arg>testplanname=${CurrentTestPlan}</arg>
</arguments>
<assign>
<var>@{testPlans}</var>
</assign>
<msg timestamp="20200619 12:01:21.240" level="INFO">@{testPlans} = [ {'id': '6381', 'testproject_id': '4960', 'notes': '', 'active': '1', 'is_open': '1', 'is_public': '1', 'api_key': 'd51e9fc5cf182e4821adcc1ef29ea5af29ca0bb64de6f11c3a6c82acfaea7002', 'name': 'Full te...</msg>
<status status="PASS" starttime="20200619 12:01:20.854" endtime="20200619 12:01:21.240"></status>
</kw>
<kw name="Get Length" library="BuiltIn">
<doc>Returns and logs the length of the given item as an integer.</doc>
<arguments>
<arg>${testPlans}</arg>
</arguments>
<assign>
<var>${length}</var>
</assign>
<msg timestamp="20200619 12:01:21.242" level="INFO">Length is 1</msg>
<msg timestamp="20200619 12:01:21.243" level="INFO">${length} = 1</msg>
<status status="PASS" starttime="20200619 12:01:21.241" endtime="20200619 12:01:21.243"></status>
</kw>
<kw name="Set Variable" library="BuiltIn">
<doc>Returns the given values which can then be assigned to a variables.</doc>
<arguments>
<arg>${testPlans}[${length-1}]</arg>
</arguments>
<assign>
<var>${testPlan}</var>
</assign>
<msg timestamp="20200619 12:01:21.244" level="INFO">${testPlan} = {'id': '6381', 'testproject_id': '4960', 'notes': '', 'active': '1', 'is_open': '1', 'is_public': '1', 'api_key': 'd51e9fc5cf182e4821adcc1ef29ea5af29ca0bb64de6f11c3a6c82acfaea7002', 'name': 'Full test...</msg>
<status status="PASS" starttime="20200619 12:01:21.244" endtime="20200619 12:01:21.245"></status>
</kw>
<kw name="Log" library="BuiltIn">
<doc>Logs the given message with the given level.</doc>
<arguments>
<arg>${testPlan}</arg>
</arguments>
<msg timestamp="20200619 12:01:21.246" level="INFO">{'id': '6381', 'testproject_id': '4960', 'notes': '', 'active': '1', 'is_open': '1', 'is_public': '1', 'api_key': 'd51e9fc5cf182e4821adcc1ef29ea5af29ca0bb64de6f11c3a6c82acfaea7002', 'name': 'Full test'}</msg>
<status status="PASS" starttime="20200619 12:01:21.245" endtime="20200619 12:01:21.246"></status>
</kw>
<kw name="Set Variable" library="BuiltIn">
<doc>Returns the given values which can then be assigned to a variables.</doc>
<arguments>
<arg>${testPlan['name']}</arg>
</arguments>
<assign>
<var>${testPlanNAME}</var>
</assign>
<msg timestamp="20200619 12:01:21.247" level="INFO">${testPlanNAME} = Full test</msg>
<status status="PASS" starttime="20200619 12:01:21.247" endtime="20200619 12:01:21.248"></status>
</kw>
<kw name="Set Variable" library="BuiltIn">
<doc>Returns the given values which can then be assigned to a variables.</doc>
<arguments>
<arg>${testPlan['id']}</arg>
</arguments>
<assign>
<var>${testPlanID}</var>
</assign>
<msg timestamp="20200619 12:01:21.249" level="INFO">${testPlanID} = 6381</msg>
<status status="PASS" starttime="20200619 12:01:21.248" endtime="20200619 12:01:21.249"></status>
</kw>
<kw name="Log" library="BuiltIn">
<doc>Logs the given message with the given level.</doc>
<arguments>
<arg>=================================================================================</arg>
</arguments>
<msg timestamp="20200619 12:01:21.250" level="INFO">=================================================================================</msg>
<status status="PASS" starttime="20200619 12:01:21.249" endtime="20200619 12:01:21.250"></status>
</kw>
<kw name="Call Api Method" library="TestlinkAPILibrary">
<doc>Calls a TestLink API method and returns TestLinks server response.</doc>
<arguments>
<arg>getLatestBuildForTestPlan</arg>
<arg>${testPlanID}</arg>
</arguments>
<assign>
<var>${latestBuild}</var>
</assign>
<msg timestamp="20200619 12:01:21.602" level="INFO">${latestBuild} = {'id': '878', 'testplan_id': '6381', 'name': 'JMap 7.0 Istanbul build 156', 'notes': '&lt;div&gt;\n\t[TFIFT-9811] JMap REST API : Get layers endpoint is very slow when the project has a lot of layers&lt;/div&gt;\...</msg>
<status status="PASS" starttime="20200619 12:01:21.251" endtime="20200619 12:01:21.603"></status>
</kw>
<kw name="Log" library="BuiltIn">
<doc>Logs the given message with the given level.</doc>
<arguments>
<arg>${latestBuild}</arg>
</arguments>
<msg timestamp="20200619 12:01:21.604" level="INFO">{'id': '878', 'testplan_id': '6381', 'name': 'JMap 7.0 Istanbul build 156', 'notes': '&lt;div&gt;\n\t[TFIFT-9811] JMap REST API : Get layers endpoint is very slow when the project has a lot of layers&lt;/div&gt;\n&lt;div&gt;\n\t[TFIFT-9810] JMap REST API : Get layers endpoint doesn&amp;#39;t work in proxy when SDS have metadata&lt;/div&gt;\n&lt;div&gt;\n\t[TFIFT-9809] JMap REST API : Get layers endpoint doesn&amp;#39;t work in proxy when SDS have an attribute query&lt;/div&gt;\n', 'active': '1', 'is_open': '1', 'release_date': '2020-06-19', 'closed_on_date': '', 'creation_ts': '2020-06-19 17:10:49'}</msg>
<status status="PASS" starttime="20200619 12:01:21.603" endtime="20200619 12:01:21.604"></status>
</kw>
<kw name="Get Length" library="BuiltIn">
<doc>Returns and logs the length of the given item as an integer.</doc>
<arguments>
<arg>${latestBuild}</arg>
</arguments>
<assign>
<var>${length}</var>
</assign>
<msg timestamp="20200619 12:01:21.605" level="INFO">Length is 9</msg>
<msg timestamp="20200619 12:01:21.606" level="INFO">${length} = 9</msg>
<status status="PASS" starttime="20200619 12:01:21.605" endtime="20200619 12:01:21.606"></status>
</kw>
<kw name="Set Variable" library="BuiltIn">
<doc>Returns the given values which can then be assigned to a variables.</doc>
<arguments>
<arg>${latestBuild['id']}</arg>
</arguments>
<assign>
<var>${latestBuildID}</var>
</assign>
<msg timestamp="20200619 12:01:21.607" level="INFO">${latestBuildID} = 878</msg>
<status status="PASS" starttime="20200619 12:01:21.606" endtime="20200619 12:01:21.607"></status>
</kw>
<kw name="Set Variable" library="BuiltIn">
<doc>Returns the given values which can then be assigned to a variables.</doc>
<arguments>
<arg>${latestBuild['name']}</arg>
</arguments>
<assign>
<var>${latestBuildNAME}</var>
</assign>
<msg timestamp="20200619 12:01:21.608" level="INFO">${latestBuildNAME} = JMap 7.0 Istanbul build 156</msg>
<status status="PASS" starttime="20200619 12:01:21.608" endtime="20200619 12:01:21.609"></status>
</kw>
<kw name="Run Keyword If" library="BuiltIn">
<doc>Runs the given keyword with the given arguments, if ``condition`` is true.</doc>
<arguments>
<arg>'${latestBuildNAME}' != '${CurrentBuildName}'</arg>
<arg>Set Variable</arg>
<arg>${CurrentBuildName}</arg>
<arg>ELSE</arg>
<arg>Set Variable</arg>
<arg>${latestBuildNAME}</arg>
</arguments>
<assign>
<var>${latestBuildNAME}</var>
</assign>
<kw name="Set Variable" library="BuiltIn">
<doc>Returns the given values which can then be assigned to a variables.</doc>
<arguments>
<arg>${latestBuildNAME}</arg>
</arguments>
<status status="PASS" starttime="20200619 12:01:21.610" endtime="20200619 12:01:21.611"></status>
</kw>
<msg timestamp="20200619 12:01:21.611" level="INFO">${latestBuildNAME} = JMap 7.0 Istanbul build 156</msg>
<status status="PASS" starttime="20200619 12:01:21.609" endtime="20200619 12:01:21.612"></status>
</kw>
<kw name="Log" library="BuiltIn">
<doc>Logs the given message with the given level.</doc>
<arguments>
<arg>${latestBuildNAME}</arg>
</arguments>
<msg timestamp="20200619 12:01:21.613" level="INFO">JMap 7.0 Istanbul build 156</msg>
<status status="PASS" starttime="20200619 12:01:21.612" endtime="20200619 12:01:21.613"></status>
</kw>
<kw name="Log" library="BuiltIn">
<doc>Logs the given message with the given level.</doc>
<arguments>
<arg>=================================================================================</arg>
</arguments>
<msg timestamp="20200619 12:01:21.614" level="INFO">=================================================================================</msg>
<status status="PASS" starttime="20200619 12:01:21.613" endtime="20200619 12:01:21.614"></status>
</kw>
<kw name="Call Api Method" library="TestlinkAPILibrary">
<doc>Calls a TestLink API method and returns TestLinks server response.</doc>
<arguments>
<arg>getTestCaseIDByName</arg>
<arg>testcasename=${caseName}</arg>
<arg>testsuitname=${suitName}</arg>
<arg>testprojectname=${projectNAME}</arg>
</arguments>
<assign>
<var>@{testCases}</var>
</assign>
<msg timestamp="20200619 12:01:22.188" level="INFO">@{testCases} = [ {'id': '8591', 'name': 'Login with invalid data in french language', 'parent_id': '8586', 'tsuite_name': 'LoginAndLogout', 'tc_external_id': '924'} | {'id': '9807', 'name': 'Login with invalid data ...</msg>
<status status="PASS" starttime="20200619 12:01:21.615" endtime="20200619 12:01:22.188"></status>
</kw>
<kw name="Get Length" library="BuiltIn">
<doc>Returns and logs the length of the given item as an integer.</doc>
<arguments>
<arg>${testCases}</arg>
</arguments>
<assign>
<var>${length}</var>
</assign>
<msg timestamp="20200619 12:01:22.189" level="INFO">Length is 2</msg>
<msg timestamp="20200619 12:01:22.190" level="INFO">${length} = 2</msg>
<status status="PASS" starttime="20200619 12:01:22.189" endtime="20200619 12:01:22.190"></status>
</kw>
<kw name="${i} IN RANGE [ ${length} ]" type="for">
<kw name="${i} = 0" type="foritem">
<kw name="Log" library="BuiltIn">
<doc>Logs the given message with the given level.</doc>
<arguments>
<arg>${testCases[${i}]}</arg>
</arguments>
<msg timestamp="20200619 12:01:22.192" level="INFO">{'id': '8591', 'name': 'Login with invalid data in french language', 'parent_id': '8586', 'tsuite_name': 'LoginAndLogout', 'tc_external_id': '924'}</msg>
<status status="PASS" starttime="20200619 12:01:22.191" endtime="20200619 12:01:22.192"></status>
</kw>
<kw name="Run Keyword If" library="BuiltIn">
<doc>Runs the given keyword with the given arguments, if ``condition`` is true.</doc>
<arguments>
<arg>'${testCases[${i}]['tsuite_name']}'=='${suitName}'</arg>
<arg>Set Variable</arg>
<arg>${testCases}[${i}]</arg>
</arguments>
<assign>
<var>${testCase}</var>
</assign>
<kw name="Set Variable" library="BuiltIn">
<doc>Returns the given values which can then be assigned to a variables.</doc>
<arguments>
<arg>${testCases}[${i}]</arg>
</arguments>
<status status="PASS" starttime="20200619 12:01:22.194" endtime="20200619 12:01:22.195"></status>
</kw>
<msg timestamp="20200619 12:01:22.195" level="INFO">${testCase} = {'id': '8591', 'name': 'Login with invalid data in french language', 'parent_id': '8586', 'tsuite_name': 'LoginAndLogout', 'tc_external_id': '924'}</msg>
<status status="PASS" starttime="20200619 12:01:22.193" endtime="20200619 12:01:22.196"></status>
</kw>
<kw name="Exit For Loop If" library="BuiltIn">
<doc>Stops executing the enclosing for loop if the ``condition`` is true.</doc>
<arguments>
<arg>'${testCases[${i}]['tsuite_name']}'=='${suitName}'</arg>
</arguments>
<msg timestamp="20200619 12:01:22.197" level="INFO">Exiting for loop altogether.</msg>
<status status="PASS" starttime="20200619 12:01:22.196" endtime="20200619 12:01:22.198"></status>
</kw>
<status status="PASS" starttime="20200619 12:01:22.191" endtime="20200619 12:01:22.198"></status>
</kw>
<status status="PASS" starttime="20200619 12:01:22.190" endtime="20200619 12:01:22.198"></status>
</kw>
<kw name="Log" library="BuiltIn">
<doc>Logs the given message with the given level.</doc>
<arguments>
<arg>${testCase}</arg>
</arguments>
<msg timestamp="20200619 12:01:22.200" level="INFO">{'id': '8591', 'name': 'Login with invalid data in french language', 'parent_id': '8586', 'tsuite_name': 'LoginAndLogout', 'tc_external_id': '924'}</msg>
<status status="PASS" starttime="20200619 12:01:22.199" endtime="20200619 12:01:22.200"></status>
</kw>
<kw name="Set Variable" library="BuiltIn">
<doc>Returns the given values which can then be assigned to a variables.</doc>
<arguments>
<arg>${testCase['name']}</arg>
</arguments>
<assign>
<var>${testCaseNAME}</var>
</assign>
<msg timestamp="20200619 12:01:22.201" level="INFO">${testCaseNAME} = Login with invalid data in french language</msg>
<status status="PASS" starttime="20200619 12:01:22.200" endtime="20200619 12:01:22.201"></status>
</kw>
<kw name="Set Variable" library="BuiltIn">
<doc>Returns the given values which can then be assigned to a variables.</doc>
<arguments>
<arg>${testCase['id']}</arg>
</arguments>
<assign>
<var>${testCaseID}</var>
</assign>
<msg timestamp="20200619 12:01:22.203" level="INFO">${testCaseID} = 8591</msg>
<status status="PASS" starttime="20200619 12:01:22.202" endtime="20200619 12:01:22.203"></status>
</kw>
<kw name="Set Variable" library="BuiltIn">
<doc>Returns the given values which can then be assigned to a variables.</doc>
<arguments>
<arg>${testCase['tc_external_id']}</arg>
</arguments>
<assign>
<var>${testCaseExternalID}</var>
</assign>
<msg timestamp="20200619 12:01:22.204" level="INFO">${testCaseExternalID} = 924</msg>
<status status="PASS" starttime="20200619 12:01:22.203" endtime="20200619 12:01:22.204"></status>
</kw>
<kw name="Log" library="BuiltIn">
<doc>Logs the given message with the given level.</doc>
<arguments>
<arg>=================================================================================</arg>
</arguments>
<msg timestamp="20200619 12:01:22.205" level="INFO">=================================================================================</msg>
<status status="PASS" starttime="20200619 12:01:22.205" endtime="20200619 12:01:22.206"></status>
</kw>
<kw name="Set Variable" library="BuiltIn">
<doc>Returns the given values which can then be assigned to a variables.</doc>
<arguments>
<arg>${latestBuildNAME[-3:]}</arg>
</arguments>
<assign>
<var>${numVersion}</var>
</assign>
<msg timestamp="20200619 12:01:22.207" level="INFO">${numVersion} = 156</msg>
<status status="PASS" starttime="20200619 12:01:22.206" endtime="20200619 12:01:22.207"></status>
</kw>
<kw name="Fetch From Left" library="String">
<doc>Returns contents of the ``string`` before the first occurrence of ``marker``.</doc>
<arguments>
<arg>${latestBuildNAME}</arg>
<arg>${numVersion}</arg>
</arguments>
<assign>
<var>${splitedBuild}</var>
</assign>
<msg timestamp="20200619 12:01:22.209" level="INFO">${splitedBuild} = JMap 7.0 Istanbul build </msg>
<status status="PASS" starttime="20200619 12:01:22.208" endtime="20200619 12:01:22.209"></status>
</kw>
<kw name="${i} IN RANGE [ 1 | 22 ]" type="for">
<kw name="${i} = 1" type="foritem">
<kw name="Run Keyword And Ignore Error" library="BuiltIn">
<doc>Runs the given keyword with the given arguments and ignores possible error.</doc>
<arguments>
<arg>Call Api Method</arg>
<arg>getLastExecutionResult</arg>
<arg>testplanid=${testPlanID}</arg>
<arg>testcaseid=${testCaseID}</arg>
<arg>testCaseexternaid=${testCaseExternalID}</arg>
<arg>buildname=${splitedBuild}${numVersion}</arg>
</arguments>
<assign>
<var>@{getExecution}</var>
</assign>
<kw name="Call Api Method" library="TestlinkAPILibrary">
<doc>Calls a TestLink API method and returns TestLinks server response.</doc>
<arguments>
<arg>getLastExecutionResult</arg>
<arg>testplanid=${testPlanID}</arg>
<arg>testcaseid=${testCaseID}</arg>
<arg>testCaseexternaid=${testCaseExternalID}</arg>
<arg>buildname=${splitedBuild}${numVersion}</arg>
</arguments>
<status status="PASS" starttime="20200619 12:01:22.211" endtime="20200619 12:01:22.594"></status>
</kw>
<msg timestamp="20200619 12:01:22.594" level="INFO">@{getExecution} = [ PASS | [{'id': -1}] ]</msg>
<status status="PASS" starttime="20200619 12:01:22.210" endtime="20200619 12:01:22.594"></status>
</kw>
<kw name="Log" library="BuiltIn">
<doc>Logs the given message with the given level.</doc>
<arguments>
<arg>---- &gt; ${getExecution}</arg>
</arguments>
<msg timestamp="20200619 12:01:22.596" level="INFO">---- &gt; ['PASS', [{'id': -1}]]</msg>
<status status="PASS" starttime="20200619 12:01:22.595" endtime="20200619 12:01:22.596"></status>
</kw>
<kw name="Create Dictionary" library="BuiltIn">
<doc>Creates and returns a dictionary based on the given ``items``.</doc>
<arguments>
<arg>id</arg>
<arg>-1</arg>
</arguments>
<assign>
<var>&amp;{dictIfFail}</var>
</assign>
<msg timestamp="20200619 12:01:22.597" level="INFO">&amp;{dictIfFail} = { id=-1 }</msg>
<status status="PASS" starttime="20200619 12:01:22.596" endtime="20200619 12:01:22.598"></status>
</kw>
<kw name="Create List" library="BuiltIn">
<doc>Returns a list containing given items.</doc>
<arguments>
<arg>${dictIfFail}</arg>
</arguments>
<assign>
<var>@{listIfFail}</var>
</assign>
<msg timestamp="20200619 12:01:22.599" level="INFO">@{listIfFail} = [ {'id': '-1'} ]</msg>
<status status="PASS" starttime="20200619 12:01:22.598" endtime="20200619 12:01:22.599"></status>
</kw>
<kw name="Run Keyword If" library="BuiltIn">
<doc>Runs the given keyword with the given arguments, if ``condition`` is true.</doc>
<arguments>
<arg>'${getExecution[0]}' == 'FAIL'</arg>
<arg>Create List</arg>
<arg>PASS</arg>
<arg>${listIfFail}</arg>
<arg>ELSE</arg>
<arg>Copy List</arg>
<arg>${getExecution}</arg>
</arguments>
<assign>
<var>@{getExecution}</var>
</assign>
<kw name="Copy List" library="Collections">
<doc>Returns a copy of the given list.</doc>
<arguments>
<arg>${getExecution}</arg>
</arguments>
<status status="PASS" starttime="20200619 12:01:22.601" endtime="20200619 12:01:22.601"></status>
</kw>
<msg timestamp="20200619 12:01:22.602" level="INFO">@{getExecution} = [ PASS | [{'id': -1}] ]</msg>
<status status="PASS" starttime="20200619 12:01:22.600" endtime="20200619 12:01:22.602"></status>
</kw>
<kw name="Get Length" library="BuiltIn">
<doc>Returns and logs the length of the given item as an integer.</doc>
<arguments>
<arg>${getExecution}</arg>
</arguments>
<assign>
<var>${Length1}</var>
</assign>
<msg timestamp="20200619 12:01:22.603" level="INFO">Length is 2</msg>
<msg timestamp="20200619 12:01:22.603" level="INFO">${Length1} = 2</msg>
<status status="PASS" starttime="20200619 12:01:22.602" endtime="20200619 12:01:22.603"></status>
</kw>
<kw name="Set Variable" library="BuiltIn">
<doc>Returns the given values which can then be assigned to a variables.</doc>
<arguments>
<arg>${getExecution[1]}</arg>
</arguments>
<assign>
<var>${lastExecution}</var>
</assign>
<msg timestamp="20200619 12:01:22.605" level="INFO">${lastExecution} = [{'id': -1}]</msg>
<status status="PASS" starttime="20200619 12:01:22.604" endtime="20200619 12:01:22.605"></status>
</kw>
<kw name="Run Keyword If" library="BuiltIn">
<doc>Runs the given keyword with the given arguments, if ``condition`` is true.</doc>
<arguments>
<arg>'${getExecution[0]}' == 'PASS'</arg>
<arg>Set Variable</arg>
<arg>${lastExecution[0]['id']}</arg>
</arguments>
<assign>
<var>${idBuild}</var>
</assign>
<kw name="Set Variable" library="BuiltIn">
<doc>Returns the given values which can then be assigned to a variables.</doc>
<arguments>
<arg>${lastExecution[0]['id']}</arg>
</arguments>
<status status="PASS" starttime="20200619 12:01:22.606" endtime="20200619 12:01:22.607"></status>
</kw>
<msg timestamp="20200619 12:01:22.608" level="INFO">${idBuild} = -1</msg>
<status status="PASS" starttime="20200619 12:01:22.605" endtime="20200619 12:01:22.608"></status>
</kw>
<kw name="Run Keyword If" library="BuiltIn">
<doc>Runs the given keyword with the given arguments, if ``condition`` is true.</doc>
<arguments>
<arg>'${getExecution[0]}' == 'PASS'</arg>
<arg>Log</arg>
<arg>----- &gt; ID of Build(${NumVersion}) : ${idBuild}</arg>
</arguments>
<kw name="Log" library="BuiltIn">
<doc>Logs the given message with the given level.</doc>
<arguments>
<arg>----- &gt; ID of Build(${NumVersion}) : ${idBuild}</arg>
</arguments>
<msg timestamp="20200619 12:01:22.610" level="INFO">----- &gt; ID of Build(156) : -1</msg>
<status status="PASS" starttime="20200619 12:01:22.609" endtime="20200619 12:01:22.610"></status>
</kw>
<status status="PASS" starttime="20200619 12:01:22.609" endtime="20200619 12:01:22.611"></status>
</kw>
<kw name="Log" library="BuiltIn">
<doc>Logs the given message with the given level.</doc>
<arguments>
<arg>------------------------------------------------------------------------------------</arg>
</arguments>
<msg timestamp="20200619 12:01:22.612" level="INFO">------------------------------------------------------------------------------------</msg>
<status status="PASS" starttime="20200619 12:01:22.611" endtime="20200619 12:01:22.612"></status>
</kw>
<kw name="Convert To Integer" library="BuiltIn">
<doc>Converts the given item to an integer number.</doc>
<arguments>
<arg>${numVersion}</arg>
</arguments>
<assign>
<var>${numVersion}</var>
</assign>
<msg timestamp="20200619 12:01:22.613" level="INFO">${numVersion} = 156</msg>
<status status="PASS" starttime="20200619 12:01:22.613" endtime="20200619 12:01:22.613"></status>
</kw>
<kw name="Evaluate" library="BuiltIn">
<doc>Evaluates the given expression in Python and returns the results.</doc>
<arguments>
<arg>${numVersion}-1</arg>
</arguments>
<assign>
<var>${numVersion}</var>
</assign>
<msg timestamp="20200619 12:01:22.615" level="INFO">${numVersion} = 155</msg>
<status status="PASS" starttime="20200619 12:01:22.614" endtime="20200619 12:01:22.615"></status>
</kw>
<kw name="Set Variable If" library="BuiltIn">
<doc>Sets variable based on the given condition.</doc>
<arguments>
<arg>${numVersion} == 0</arg>
<arg>001</arg>
<arg>${numVersion} &gt; 0 and ${numVersion} &lt; 10</arg>
<arg>00${numVersion}</arg>
<arg>${numVersion} &gt; 10 and ${numVersion} &lt; 100</arg>
<arg>0${numVersion}</arg>
<arg>${numVersion} &gt; 100</arg>
<arg>${numVersion}</arg>
</arguments>
<assign>
<var>${numVersion}</var>
</assign>
<kw name="Set Variable If" library="BuiltIn">
<doc>Sets variable based on the given condition.</doc>
<arguments>
<arg>${numVersion} &gt; 0 and ${numVersion} &lt; 10</arg>
<arg>00${numVersion}</arg>
<arg>${numVersion} &gt; 10 and ${numVersion} &lt; 100</arg>
<arg>0${numVersion}</arg>
<arg>${numVersion} &gt; 100</arg>
<arg>${numVersion}</arg>
</arguments>
<kw name="Set Variable If" library="BuiltIn">
<doc>Sets variable based on the given condition.</doc>
<arguments>
<arg>${numVersion} &gt; 10 and ${numVersion} &lt; 100</arg>
<arg>0${numVersion}</arg>
<arg>${numVersion} &gt; 100</arg>
<arg>${numVersion}</arg>
</arguments>
<kw name="Set Variable If" library="BuiltIn">
<doc>Sets variable based on the given condition.</doc>
<arguments>
<arg>${numVersion} &gt; 100</arg>
<arg>${numVersion}</arg>
</arguments>
<status status="PASS" starttime="20200619 12:01:22.618" endtime="20200619 12:01:22.619"></status>
</kw>
<status status="PASS" starttime="20200619 12:01:22.617" endtime="20200619 12:01:22.620"></status>
</kw>
[...]
<status status="PASS" starttime="20200619 12:01:23.077" endtime="20200619 12:01:23.087"></status>
</kw>
<kw name="Log To Console" library="BuiltIn">
<doc>Logs the given message to the console.</doc>
<arguments>
<arg>${variable}</arg>
</arguments>
<status status="PASS" starttime="20200619 12:01:23.087" endtime="20200619 12:01:23.088"></status>
</kw>
<kw name="Evaluate" library="BuiltIn">
<doc>Evaluates the given expression in Python and returns the results.</doc>
<arguments>
<arg>base64.b64encode($variable)</arg>
<arg>modules=base64</arg>
</arguments>
<assign>
<var>${Base64Token}</var>
</assign>
<msg timestamp="20200619 12:01:23.089" level="INFO">${Base64Token} = bWJvdXNzYWRAazJnZW9zcGF0aWFsLmNvbTpxaFFxblFRQkhOeVA5YUFlbWI2YjQ5MDE=</msg>
<status status="PASS" starttime="20200619 12:01:23.088" endtime="20200619 12:01:23.090"></status>
</kw>
<kw name="Log To Console" library="BuiltIn">
<doc>Logs the given message to the console.</doc>
<arguments>
<arg>Token : ${Base64Token}</arg>
</arguments>
<status status="PASS" starttime="20200619 12:01:23.090" endtime="20200619 12:01:23.091"></status>
</kw>
<kw name="Get" library="REST">
<tags>
<tag>http</tag>
</tags>
<doc>*Sends a GET request to the endpoint.*</doc>
<arguments>
<arg>https://k2geospatial.atlassian.net/rest/api/2/issue/${pticketKey}?fields=status,summary</arg>
<arg>headers={ "Authorization": "Basic ${Base64Token}", "Content-Type": "application/json" }</arg>
</arguments>
<assign>
<var>${JSONFile}</var>
</assign>
<msg timestamp="20200619 12:01:23.696" level="INFO">${JSONFile} = {'seconds': 0.595314, 'status': 200, 'body': {'expand': 'renderedFields,names,schema,operations,editmeta,changelog,versionedRepresentations', 'id': '63422', 'self': 'https://k2geospatial.atlassian.net...</msg>
<status status="PASS" starttime="20200619 12:01:23.091" endtime="20200619 12:01:23.696"></status>
</kw>
<kw name="Log" library="BuiltIn">
<doc>Logs the given message with the given level.</doc>
<arguments>
<arg>\n${JSONFile}</arg>
<arg>console=yes</arg>
</arguments>
<msg timestamp="20200619 12:01:23.698" level="INFO">
{'seconds': 0.595314, 'status': 200, 'body': {'expand': 'renderedFields,names,schema,operations,editmeta,changelog,versionedRepresentations', 'id': '63422', 'self': 'https://k2geospatial.atlassian.net/rest/api/2/issue/63422', 'key': 'TFIFT-6267', 'fields': {'summary': 'JMap Web: Identified Connection Layer elements are showed no matter the user ', 'status': {'self': 'https://k2geospatial.atlassian.net/rest/api/2/status/1', 'description': 'The issue is open and ready for the assignee to start work on it.', 'iconUrl': 'https://k2geospatial.atlassian.net/images/icons/statuses/open.png', 'name': 'Open', 'id': '1', 'statusCategory': {'self': 'https://k2geospatial.atlassian.net/rest/api/2/statuscategory/2', 'id': 2, 'key': 'new', 'colorName': 'blue-gray', 'name': 'To Do'}}}}, 'headers': {'Server': 'AtlassianProxy/1.15.8.1', 'Vary': 'Accept-Encoding', 'Cache-Control': 'no-cache, no-store, no-transform', 'Content-Type': 'application/json;charset=UTF-8', 'Content-Encoding': 'gzip', 'Strict-Transport-Security': 'max-age=315360000; includeSubDomains; preload', 'Date': 'Fri, 19 Jun 2020 16:01:20 GMT', 'ATL-TraceId': 'afac94f5f3b838cd', 'X-AREQUESTID': '6e6369b6-600d-43d4-bc05-f80e0d12de20', 'X-AACCOUNTID': '5cd060a509c5fa0fd9fa9451', 'X-XSS-Protection': '1; mode=block', 'Transfer-Encoding': 'chunked', 'Timing-Allow-Origin': '*', 'X-Content-Type-Options': 'nosniff', 'Micros-Issuer': 'micros/edge-authenticator', 'Connection': 'keep-alive', 'Set-Cookie': 'atlassian.xsrf.token=BVZI-RIQN-3AUP-J6IC_33cbdba9d36a7a6498a817c7aff42666898d8ae4_lin; Path=/; Secure', 'Expect-CT': 'report-uri="https://web-security-reports.services.atlassian.com/expect-ct-report/global-proxy", enforce, max-age=86400'}}</msg>
<status status="PASS" starttime="20200619 12:01:23.697" endtime="20200619 12:01:23.698"></status>
</kw>
<kw name="Run Keyword If" library="BuiltIn">
<doc>Runs the given keyword with the given arguments, if ``condition`` is true.</doc>
<arguments>
<arg>'${JSONFile['status']}'=='200'</arg>
<arg>Log</arg>
<arg>-----&gt; Jira is connected successfully</arg>
<arg>console=yes</arg>
<arg>ELSE</arg>
<arg>Log</arg>
<arg>-----&gt; Jira is not connected</arg>
<arg>console=yes</arg>
</arguments>
<kw name="Log" library="BuiltIn">
<doc>Logs the given message with the given level.</doc>
<arguments>
<arg>-----&gt; Jira is connected successfully</arg>
<arg>console=yes</arg>
</arguments>
<msg timestamp="20200619 12:01:23.701" level="INFO">-----&gt; Jira is connected successfully</msg>
<status status="PASS" starttime="20200619 12:01:23.700" endtime="20200619 12:01:23.701"></status>
</kw>
<status status="PASS" starttime="20200619 12:01:23.699" endtime="20200619 12:01:23.702"></status>
</kw>
<kw name="Set Variable" library="BuiltIn">
<doc>Returns the given values which can then be assigned to a variables.</doc>
<arguments>
<arg>${JSONFile['body']['key']}</arg>
</arguments>
<assign>
<var>${key}</var>
</assign>
<msg timestamp="20200619 12:01:23.703" level="INFO">${key} = TFIFT-6267</msg>
<status status="PASS" starttime="20200619 12:01:23.702" endtime="20200619 12:01:23.703"></status>
</kw>
<kw name="Set Variable" library="BuiltIn">
<doc>Returns the given values which can then be assigned to a variables.</doc>
<arguments>
<arg>${JSONFile['body']['fields']['summary']}</arg>
</arguments>
<assign>
<var>${summary}</var>
</assign>
<msg timestamp="20200619 12:01:23.704" level="INFO">${summary} = JMap Web: Identified Connection Layer elements are showed no matter the user </msg>
<status status="PASS" starttime="20200619 12:01:23.704" endtime="20200619 12:01:23.705"></status>
</kw>
<kw name="Set Variable" library="BuiltIn">
<doc>Returns the given values which can then be assigned to a variables.</doc>
<arguments>
<arg>${JSONFile['body']['fields']['status']['name']}</arg>
</arguments>
<assign>
<var>${status}</var>
</assign>
<msg timestamp="20200619 12:01:23.706" level="INFO">${status} = Open</msg>
<status status="PASS" starttime="20200619 12:01:23.705" endtime="20200619 12:01:23.706"></status>
</kw>
<kw name="Log To Console" library="BuiltIn">
<doc>Logs the given message to the console.</doc>
<arguments>
<arg>Key : ${key}</arg>
</arguments>
<status status="PASS" starttime="20200619 12:01:23.707" endtime="20200619 12:01:23.707"></status>
</kw>
<kw name="Log To Console" library="BuiltIn">
<doc>Logs the given message to the console.</doc>
<arguments>
<arg>Summary : ${summary}</arg>
</arguments>
<status status="PASS" starttime="20200619 12:01:23.708" endtime="20200619 12:01:23.709"></status>
</kw>
<kw name="Log To Console" library="BuiltIn">
<doc>Logs the given message to the console.</doc>
<arguments>
<arg>name : ${status}</arg>
</arguments>
<status status="PASS" starttime="20200619 12:01:23.709" endtime="20200619 12:01:23.710"></status>
</kw>
<kw name="Create List" library="BuiltIn">
<doc>Returns a list containing given items.</doc>
<arguments>
<arg>${key}</arg>
<arg>${summary}</arg>
<arg>${status}</arg>
</arguments>
<assign>
<var>@{JiraTicketStatus}</var>
</assign>
<msg timestamp="20200619 12:01:23.711" level="INFO">@{JiraTicketStatus} = [ TFIFT-6267 | JMap Web: Identified Connection Layer elements are showed no matter the user  | Open ]</msg>
<status status="PASS" starttime="20200619 12:01:23.710" endtime="20200619 12:01:23.711"></status>
</kw>
<kw name="Log" library="BuiltIn">
<doc>Logs the given message with the given level.</doc>
<arguments>
<arg>-----&gt; Jira Ticket Status: ${JiraTicketStatus}</arg>
<arg>console=yes</arg>
</arguments>
<msg timestamp="20200619 12:01:23.712" level="INFO">-----&gt; Jira Ticket Status: ['TFIFT-6267', 'JMap Web: Identified Connection Layer elements are showed no matter the user ', 'Open']</msg>
<status status="PASS" starttime="20200619 12:01:23.712" endtime="20200619 12:01:23.713"></status>
</kw>
<msg timestamp="20200619 12:01:23.713" level="INFO">@{JiraTicketStatus} = [ TFIFT-6267 | JMap Web: Identified Connection Layer elements are showed no matter the user  | Open ]</msg>
<status status="PASS" starttime="20200619 12:01:23.073" endtime="20200619 12:01:23.714"></status>
</kw>
<kw name="Run Keyword If" library="BuiltIn">
<doc>Runs the given keyword with the given arguments, if ``condition`` is true.</doc>
<arguments>
<arg>'${JiraTicketStatus[2]}' != 'Done' and '${JiraTicketStatus[2]}' != 'Closed' and '${JiraTicketStatus[2]}' != 'Fini' and '${JiraTicketStatus[2]}' != 'Fermée'</arg>
<arg>Append To List</arg>
<arg>${notesNotClosed}</arg>
<arg>${Key} ${JiraTicketStatus[1]}</arg>
</arguments>
<kw name="Append To List" library="Collections">
<doc>Adds ``values`` to the end of ``list``.</doc>
<arguments>
<arg>${notesNotClosed}</arg>
<arg>${Key} ${JiraTicketStatus[1]}</arg>
</arguments>
<status status="PASS" starttime="20200619 12:01:23.716" endtime="20200619 12:01:23.716"></status>
</kw>
<status status="PASS" starttime="20200619 12:01:23.714" endtime="20200619 12:01:23.717"></status>
</kw>
<status status="PASS" starttime="20200619 12:01:23.073" endtime="20200619 12:01:23.717"></status>
</kw>
<status status="PASS" starttime="20200619 12:01:23.072" endtime="20200619 12:01:23.717"></status>
</kw>
<kw name="Log" library="BuiltIn">
<doc>Logs the given message with the given level.</doc>
<arguments>
<arg>-----&gt; Notes not closed: ${notesNotClosed}</arg>
<arg>console=yes</arg>
</arguments>
<msg timestamp="20200619 12:01:23.718" level="INFO">-----&gt; Notes not closed: ['TFIFT-6267 JMap Web: Identified Connection Layer elements are showed no matter the user ']</msg>
<status status="PASS" starttime="20200619 12:01:23.718" endtime="20200619 12:01:23.719"></status>
</kw>
<kw name="Set Variable" library="BuiltIn">
<doc>Returns the given values which can then be assigned to a variables.</doc>
<assign>
<var>${NotesString}</var>
</assign>
<msg timestamp="20200619 12:01:23.720" level="INFO">${NotesString} = </msg>
<status status="PASS" starttime="20200619 12:01:23.719" endtime="20200619 12:01:23.720"></status>
</kw>
<kw name="${line} IN [ @{notesNotClosed} ]" type="for">
<kw name="${line} = TFIFT-6267 JMap Web: Identified Connection Layer elements are showed no matter the user " type="foritem">
<kw name="Log" library="BuiltIn">
<doc>Logs the given message with the given level.</doc>
<arguments>
<arg>${line}</arg>
<arg>console=yes</arg>
</arguments>
<msg timestamp="20200619 12:01:23.722" level="INFO">TFIFT-6267 JMap Web: Identified Connection Layer elements are showed no matter the user </msg>
<status status="PASS" starttime="20200619 12:01:23.721" endtime="20200619 12:01:23.722"></status>
</kw>
<kw name="Set Variable" library="BuiltIn">
<doc>Returns the given values which can then be assigned to a variables.</doc>
<arguments>
<arg>${NotesString}${line}\n</arg>
</arguments>
<assign>
<var>${NotesString}</var>
</assign>
<msg timestamp="20200619 12:01:23.723" level="INFO">${NotesString} = TFIFT-6267 JMap Web: Identified Connection Layer elements are showed no matter the user 
</msg>
<status status="PASS" starttime="20200619 12:01:23.723" endtime="20200619 12:01:23.724"></status>
</kw>
<status status="PASS" starttime="20200619 12:01:23.721" endtime="20200619 12:01:23.724"></status>
</kw>
<status status="PASS" starttime="20200619 12:01:23.720" endtime="20200619 12:01:23.724"></status>
</kw>
<status status="PASS" starttime="20200619 12:01:23.013" endtime="20200619 12:01:23.725"></status>
</kw>
<msg timestamp="20200619 12:01:23.725" level="INFO">${lastExecutionNotes} = TFIFT-6267 JMap Web: Identified Connection Layer elements are showed no matter the user 
</msg>
<status status="PASS" starttime="20200619 12:01:23.012" endtime="20200619 12:01:23.725"></status>
</kw>
<kw name="Run Keyword And Return Status" library="BuiltIn">
<doc>Runs the given keyword with given arguments and returns the status as a Boolean value.</doc>
<arguments>
<arg>Should Be Equal</arg>
<arg>${lastExecutionNotes}</arg>
<arg>${EMPTY}</arg>
</arguments>
<assign>
<var>${isEmpty}</var>
</assign>
<kw name="Should Be Equal" library="BuiltIn">
<doc>Fails if the given objects are unequal.</doc>
<arguments>
<arg>${lastExecutionNotes}</arg>
<arg>${EMPTY}</arg>
</arguments>
<msg timestamp="20200619 12:01:23.727" level="FAIL">TFIFT-6267 JMap Web: Identified Connection Layer elements are showed no matter the user 
 != </msg>
<status status="FAIL" starttime="20200619 12:01:23.726" endtime="20200619 12:01:23.728"></status>
</kw>
<msg timestamp="20200619 12:01:23.728" level="INFO">${isEmpty} = False</msg>
<status status="PASS" starttime="20200619 12:01:23.726" endtime="20200619 12:01:23.728"></status>
</kw>
<kw name="Set Variable" library="BuiltIn">
<doc>Returns the given values which can then be assigned to a variables.</doc>
<arguments>
<arg>AUTOMATED TEST PASSED AND LAST EXECUTION TEST</arg>
</arguments>
<assign>
<var>${notesFinal}</var>
</assign>
<msg timestamp="20200619 12:01:23.729" level="INFO">${notesFinal} = AUTOMATED TEST PASSED AND LAST EXECUTION TEST</msg>
<status status="PASS" starttime="20200619 12:01:23.729" endtime="20200619 12:01:23.730"></status>
</kw>
<kw name="Run Keyword If" library="BuiltIn">
<doc>Runs the given keyword with the given arguments, if ``condition`` is true.</doc>
<arguments>
<arg>'${status}'=='p'</arg>
<arg>Set Variable</arg>
<arg>${notesFinal} PASSED</arg>
<arg>ELSE</arg>
<arg>Set Variable</arg>
<arg>${notesFinal} FAILED</arg>
</arguments>
<assign>
<var>${notesFinal}</var>
</assign>
<kw name="Set Variable" library="BuiltIn">
<doc>Returns the given values which can then be assigned to a variables.</doc>
<arguments>
<arg>${notesFinal} FAILED</arg>
</arguments>
<status status="PASS" starttime="20200619 12:01:23.756" endtime="20200619 12:01:23.757"></status>
</kw>
<msg timestamp="20200619 12:01:23.758" level="INFO">${notesFinal} = AUTOMATED TEST PASSED AND LAST EXECUTION TEST FAILED</msg>
<status status="PASS" starttime="20200619 12:01:23.730" endtime="20200619 12:01:23.758"></status>
</kw>
<kw name="Set Variable If" library="BuiltIn">
<doc>Sets variable based on the given condition.</doc>
<arguments>
<arg>'${isIssueInList}'=='${False}' or '${isEmpty}' == '${True}'</arg>
<arg>${notesFinal}</arg>
<arg>'${isIssueInList}'=='${True}' and '${isEmpty}' != '${True}'</arg>
<arg>${notesFinal}\nKnown Associated Issues:\n${lastExecutionNotes}</arg>
</arguments>
<assign>
<var>${notesFinal}</var>
</assign>
<kw name="Set Variable If" library="BuiltIn">
<doc>Sets variable based on the given condition.</doc>
<arguments>
<arg>'${isIssueInList}'=='${True}' and '${isEmpty}' != '${True}'</arg>
<arg>${notesFinal}\nKnown Associated Issues:\n${lastExecutionNotes}</arg>
</arguments>
<status status="PASS" starttime="20200619 12:01:23.759" endtime="20200619 12:01:23.760"></status>
</kw>
<msg timestamp="20200619 12:01:23.761" level="INFO">${notesFinal} = AUTOMATED TEST PASSED AND LAST EXECUTION TEST FAILED
Known Associated Issues:
TFIFT-6267 JMap Web: Identified Connection Layer elements are showed no matter the user 
</msg>
<status status="PASS" starttime="20200619 12:01:23.758" endtime="20200619 12:01:23.761"></status>
</kw>
<kw name="Run Keyword If" library="BuiltIn">
<doc>Runs the given keyword with the given arguments, if ``condition`` is true.</doc>
<arguments>
<arg>'${status}'=='p' and '${isEmpty}' == '${True}' or '${status}'=='f' and '${isEmpty}' == '${True}'</arg>
<arg>Call Api Method</arg>
<arg>reportTCResult</arg>
<arg>${testCaseID}</arg>
<arg>${testPlanID}</arg>
<arg>${latestBuildNAME}</arg>
<arg>p</arg>
<arg>${notesFinal}</arg>
<arg>execduration=${Elapsed}</arg>
<arg>ELSE</arg>
<arg>Call Api Method</arg>
<arg>reportTCResult</arg>
<arg>${testCaseID}</arg>
<arg>${testPlanID}</arg>
<arg>${latestBuildNAME}</arg>
<arg>f</arg>
<arg>${notesFinal}</arg>
<arg>execduration=${Elapsed}</arg>
</arguments>
<kw name="Call Api Method" library="TestlinkAPILibrary">
<doc>Calls a TestLink API method and returns TestLinks server response.</doc>
<arguments>
<arg>reportTCResult</arg>
<arg>${testCaseID}</arg>
<arg>${testPlanID}</arg>
<arg>${latestBuildNAME}</arg>
<arg>f</arg>
<arg>${notesFinal}</arg>
<arg>execduration=${Elapsed}</arg>
</arguments>
<status status="PASS" starttime="20200619 12:01:23.763" endtime="20200619 12:01:24.107"></status>
</kw>
<status status="PASS" starttime="20200619 12:01:23.762" endtime="20200619 12:01:24.107"></status>
</kw>
<status status="PASS" starttime="20200619 12:01:22.987" endtime="20200619 12:01:24.108"></status>
</kw>
<status status="PASS" starttime="20200619 12:01:22.986" endtime="20200619 12:01:24.108"></status>
</kw>
<status status="PASS" starttime="20200619 12:01:22.984" endtime="20200619 12:01:24.108"></status>
</kw>
<status status="PASS" starttime="20200619 12:01:22.983" endtime="20200619 12:01:24.109"></status>
</kw>
<kw name="Run Keyword If Test Failed" library="BuiltIn">
<doc>Runs the given keyword with the given arguments, if the test failed.</doc>
<arguments>
<arg>Update Test Case In Testlink With Failed</arg>
<arg>${lastExecutionID}</arg>
<arg>${lastExecution}</arg>
<arg>${testCaseID}</arg>
<arg>${testPlanID}</arg>
<arg>${latestBuildNAME}</arg>
<arg>${Elapsed}</arg>
</arguments>
<status status="PASS" starttime="20200619 12:01:24.109" endtime="20200619 12:01:24.110"></status>
</kw>
<status status="PASS" starttime="20200619 12:01:19.038" endtime="20200619 12:01:24.111"></status>
</kw>
<status status="PASS" starttime="20200619 12:01:19.037" endtime="20200619 12:01:24.111"></status>
</kw>
<status status="PASS" starttime="20200619 12:01:12.324" endtime="20200619 12:01:24.111"></status>
</kw>
<tags>
<tag>Time Out</tag>
</tags>
<status status="PASS" starttime="20200619 12:00:50.674" endtime="20200619 12:01:24.112" critical="yes">*HTML* &lt;br/&gt;&lt;b&gt;Link:&lt;/b&gt; &lt;a href='https://k2geospatial.atlassian.net/browse/TFIFT-6267'&gt;Jira Issue : TFIFT-6267&lt;/a&gt;&lt;br/&gt;</status>
</test>
<doc>Test Cases for Log in and log out</doc>
<status status="PASS" starttime="20200619 12:00:50.057" endtime="20200619 12:01:24.113"></status>
</suite>
<status status="PASS" starttime="20200619 12:00:50.056" endtime="20200619 12:01:24.117"></status>
</suite>
<status status="PASS" starttime="20200619 12:00:50.054" endtime="20200619 12:01:24.120"></status>
</suite>
<status status="PASS" starttime="20200619 12:00:50.052" endtime="20200619 12:01:24.122"></status>
</suite>
<status status="PASS" starttime="20200619 12:00:50.032" endtime="20200619 12:01:24.125"></status>
</suite>
<statistics>
<total>
<stat pass="1" fail="0">Critical Tests</stat>
<stat pass="1" fail="0">All Tests</stat>
</total>
<tag>
<stat pass="1" fail="0">Time Out</stat>
</tag>
<suite>
<stat pass="1" fail="0" id="s1" name="JMapJenkinsTests">JMapJenkinsTests</stat>
<stat pass="1" fail="0" id="s1-s1" name="Tests">JMapJenkinsTests.Tests</stat>
<stat pass="1" fail="0" id="s1-s1-s1" name="Jmap 7.0">JMapJenkinsTests.Tests.Jmap 7.0</stat>
<stat pass="1" fail="0" id="s1-s1-s1-s1" name="jmapWeb">JMapJenkinsTests.Tests.Jmap 7.0.jmapWeb</stat>
<stat pass="1" fail="0" id="s1-s1-s1-s1-s1" name="LoginAndLogoutTests">JMapJenkinsTests.Tests.Jmap 7.0.jmapWeb.LoginAndLogoutTests</stat>
</suite>
</statistics>
<errors>
<msg timestamp="20200619 12:00:50.247" level="WARN">Error in file 'C:\Users\mbous\eclipse-workspace\JMapJenkinsTests\common\admin\CommonKeywords.robot': Escaping empty cells with '\' before line continuation marker '...' is deprecated. Remove escaping before Robot Framework 3.2.</msg>
<msg timestamp="20200619 12:00:50.247" level="WARN">Error in file 'C:\Users\mbous\eclipse-workspace\JMapJenkinsTests\common\admin\CommonKeywords.robot': Escaping empty cells with '\' before line continuation marker '...' is deprecated. Remove escaping before Robot Framework 3.2.</msg>
<msg timestamp="20200619 12:00:50.247" level="WARN">Error in file 'C:\Users\mbous\eclipse-workspace\JMapJenkinsTests\common\admin\CommonKeywords.robot': Escaping empty cells with '\' before line continuation marker '...' is deprecated. Remove escaping before Robot Framework 3.2.</msg>
</errors>
</robot>
