<?xml version="1.0" encoding="UTF-8"?>
<robot generator="Robot 3.1.2 (Python 3.7.3 on win32)" generated="20200706 21:30:51.476" rpa="false">
<suite id="s1" name="JMapJenkinsTests" source="C:\Users\mbous\eclipse-workspace\JMapJenkinsTests">
<suite id="s1-s1" name="Tests" source="C:\Users\mbous\eclipse-workspace\JMapJenkinsTests\tests">
<suite id="s1-s1-s1" name="Jmap 7.0" source="C:\Users\mbous\eclipse-workspace\JMapJenkinsTests\tests\jmap_7.0">
<suite id="s1-s1-s1-s1" name="jmapWeb" source="C:\Users\mbous\eclipse-workspace\JMapJenkinsTests\tests\jmap_7.0\jmapWeb">
<suite id="s1-s1-s1-s1-s1" name="Measurement" source="C:\Users\mbous\eclipse-workspace\JMapJenkinsTests\tests\jmap_7.0\jmapWeb\measurement">
<suite id="s1-s1-s1-s1-s1-s1" name="MeasurementsTests" source="C:\Users\mbous\eclipse-workspace\JMapJenkinsTests\tests\jmap_7.0\jmapWeb\measurement\MeasurementsTests.robot">
<test id="s1-s1-s1-s1-s1-s1-t1" name="JM70-751:Delete Measure">
<kw name="Run Keywords" library="BuiltIn" type="setup">
<doc>Executes all the given keywords in a sequence.</doc>
<arguments>
<arg>Open Browser On JMap Web</arg>
<arg>${URLWebApp}</arg>
<arg>${RESOLUTION_X}</arg>
<arg>${RESOLUTION_Y}</arg>
<arg>AND</arg>
<arg>Login To JMap Web</arg>
<arg>${UserName}</arg>
<arg>${Password}</arg>
</arguments>
<kw name="Open Browser On JMap Web" library="CommonLogin">
<doc>Open Browser with the given URL and maximize the window to the resolution</doc>
<arguments>
<arg>${URLWebApp}</arg>
<arg>${RESOLUTION_X}</arg>
<arg>${RESOLUTION_Y}</arg>
</arguments>
<kw name="Setup Metrics" library="CommonKeywords">
<doc>This Keyword give the start time when the execution of the test case starts.</doc>
<kw name="Get Current Date" library="DateTime">
<doc>Returns current local or UTC time with an optional increment.</doc>
<arguments>
<arg>result_format=epoch</arg>
</arguments>
<assign>
<var>${tc_start}</var>
</assign>
<msg timestamp="20200706 21:30:52.208" level="INFO">${tc_start} = 1594085452.20765</msg>
<status status="PASS" starttime="20200706 21:30:52.207" endtime="20200706 21:30:52.208"></status>
</kw>
<kw name="Set Test Variable" library="BuiltIn">
<doc>Makes a variable available everywhere within the scope of the current test.</doc>
<arguments>
<arg>${tc_start}</arg>
<arg>${tc_start}</arg>
</arguments>
<msg timestamp="20200706 21:30:52.208" level="INFO">${tc_start} = 1594085452.20765</msg>
<status status="PASS" starttime="20200706 21:30:52.208" endtime="20200706 21:30:52.208"></status>
</kw>
<status status="PASS" starttime="20200706 21:30:52.207" endtime="20200706 21:30:52.209"></status>
</kw>
<kw name="Run Keyword If" library="BuiltIn">
<doc>Runs the given keyword with the given arguments, if ``condition`` is true.</doc>
<arguments>
<arg>'${Browser}'=='Chrome'</arg>
<arg>Open Chrome</arg>
<arg>ELSE IF</arg>
<arg>'${Browser}'=='Firefox'</arg>
<arg>Open Firefox</arg>
<arg>ELSE</arg>
<arg>Open Edge</arg>
</arguments>
<kw name="Open Chrome" library="CommonLogin">
<kw name="Evaluate" library="BuiltIn">
<doc>Evaluates the given expression in Python and returns the results.</doc>
<arguments>
<arg>sys.modules['selenium.webdriver'].ChromeOptions()</arg>
<arg>sys, selenium.webdriver</arg>
</arguments>
<assign>
<var>${chrome_options}</var>
</assign>
<msg timestamp="20200706 21:30:52.210" level="INFO">${chrome_options} = &lt;selenium.webdriver.chrome.options.Options object at 0x0000022F0F022F60&gt;</msg>
<status status="PASS" starttime="20200706 21:30:52.210" endtime="20200706 21:30:52.210"></status>
</kw>
<kw name="Call Method" library="BuiltIn">
<doc>Calls the named method of the given object with the provided arguments.</doc>
<arguments>
<arg>${chrome_options}</arg>
<arg>add_argument</arg>
<arg>--ignore-certificate-errors</arg>
</arguments>
<status status="PASS" starttime="20200706 21:30:52.210" endtime="20200706 21:30:52.211"></status>
</kw>
<kw name="Create Webdriver" library="SeleniumLibrary">
<doc>Creates an instance of Selenium WebDriver.</doc>
<arguments>
<arg>${Browser}</arg>
<arg>alias=JMap Web</arg>
<arg>chrome_options=${chrome_options}</arg>
</arguments>
<msg timestamp="20200706 21:30:52.211" level="INFO">Creating an instance of the Chrome WebDriver.</msg>
<status status="PASS" starttime="20200706 21:30:52.211" endtime="20200706 21:30:55.458"></status>
</kw>
<status status="PASS" starttime="20200706 21:30:52.209" endtime="20200706 21:30:55.459"></status>
</kw>
<status status="PASS" starttime="20200706 21:30:52.209" endtime="20200706 21:30:55.460"></status>
</kw>
<kw name="Go To" library="SeleniumLibrary">
<doc>Navigates the current browser window to the provided ``url``.</doc>
<arguments>
<arg>${vURL}</arg>
</arguments>
<msg timestamp="20200706 21:30:55.462" level="INFO">Opening url 'https://localhost:8443/JMap_Web_WorldTest_HTTPS'</msg>
<status status="PASS" starttime="20200706 21:30:55.461" endtime="20200706 21:30:55.950"></status>
</kw>
<kw name="Set Window Size" library="SeleniumLibrary">
<doc>Sets current windows size to given ``width`` and ``height``.</doc>
<arguments>
<arg>${RESOLUTION_X}</arg>
<arg>${RESOLUTION_Y}</arg>
</arguments>
<status status="PASS" starttime="20200706 21:30:55.950" endtime="20200706 21:30:58.089"></status>
</kw>
<kw name="Maximize Browser Window" library="SeleniumLibrary">
<doc>Maximizes current browser window.</doc>
<status status="PASS" starttime="20200706 21:30:58.090" endtime="20200706 21:30:58.277"></status>
</kw>
<status status="PASS" starttime="20200706 21:30:52.207" endtime="20200706 21:30:58.277"></status>
</kw>
<kw name="Login To JMap Web" library="CommonLogin">
<arguments>
<arg>${UserName}</arg>
<arg>${Password}</arg>
</arguments>
<kw name="Wait Until Element Is Visible" library="SeleniumLibrary">
<doc>Waits until the element ``locator`` is visible.</doc>
<arguments>
<arg>id=username</arg>
<arg>10s</arg>
</arguments>
<status status="PASS" starttime="20200706 21:30:58.278" endtime="20200706 21:30:58.306"></status>
</kw>
<kw name="Clear Element Text" library="SeleniumLibrary">
<doc>Clears the value of the text-input-element identified by ``locator``.</doc>
<arguments>
<arg>id=username</arg>
</arguments>
<status status="PASS" starttime="20200706 21:30:58.306" endtime="20200706 21:30:58.347"></status>
</kw>
<kw name="Clear Element Text" library="SeleniumLibrary">
<doc>Clears the value of the text-input-element identified by ``locator``.</doc>
<arguments>
<arg>id=password</arg>
</arguments>
<status status="PASS" starttime="20200706 21:30:58.347" endtime="20200706 21:30:58.399"></status>
</kw>
<kw name="Type" library="CommonWeb">
<doc>Type the value in the locator after been clean</doc>
<arguments>
<arg>id=username</arg>
<arg>${pUsername}</arg>
</arguments>
<kw name="Set Selenium Timeout" library="SeleniumLibrary">
<doc>Sets the timeout that is used by various keywords.</doc>
<arguments>
<arg>0.1s</arg>
</arguments>
<status status="PASS" starttime="20200706 21:30:58.400" endtime="20200706 21:30:58.402"></status>
</kw>
<kw name="Wait Until Keyword Succeeds" library="BuiltIn">
<doc>Runs the specified keyword and retries if it fails.</doc>
<arguments>
<arg>10s</arg>
<arg>1s</arg>
<arg>Wait Until Element Is Enabled</arg>
<arg>${locator}</arg>
<arg>2s</arg>
</arguments>
<kw name="Wait Until Element Is Enabled" library="SeleniumLibrary">
<doc>Waits until the element ``locator`` is enabled.</doc>
<arguments>
<arg>${locator}</arg>
<arg>2s</arg>
</arguments>
<status status="PASS" starttime="20200706 21:30:58.403" endtime="20200706 21:30:58.430"></status>
</kw>
<status status="PASS" starttime="20200706 21:30:58.402" endtime="20200706 21:30:58.430"></status>
</kw>
<kw name="Clear Element Text" library="SeleniumLibrary">
<doc>Clears the value of the text-input-element identified by ``locator``.</doc>
<arguments>
<arg>${locator}</arg>
</arguments>
<status status="PASS" starttime="20200706 21:30:58.430" endtime="20200706 21:30:58.458"></status>
</kw>
<kw name="Input Text" library="SeleniumLibrary">
<doc>Types the given ``text`` into the text field identified by ``locator``.</doc>
<arguments>
<arg>${locator}</arg>
<arg>${value}</arg>
</arguments>
<msg timestamp="20200706 21:30:58.459" level="INFO">Typing text 'userTest1' into text field 'id=username'.</msg>
<status status="PASS" starttime="20200706 21:30:58.458" endtime="20200706 21:30:58.537"></status>
</kw>
<kw name="Sleep" library="BuiltIn">
<doc>Pauses the test executed for the given time.</doc>
<arguments>
<arg>1s</arg>
</arguments>
<msg timestamp="20200706 21:30:59.539" level="INFO">Slept 1 second</msg>
<status status="PASS" starttime="20200706 21:30:58.537" endtime="20200706 21:30:59.539"></status>
</kw>
<status status="PASS" starttime="20200706 21:30:58.400" endtime="20200706 21:30:59.540"></status>
</kw>
<kw name="Type" library="CommonWeb">
<doc>Type the value in the locator after been clean</doc>
<arguments>
<arg>id=password</arg>
<arg>${pPassword}</arg>
</arguments>
<kw name="Set Selenium Timeout" library="SeleniumLibrary">
<doc>Sets the timeout that is used by various keywords.</doc>
<arguments>
<arg>0.1s</arg>
</arguments>
<status status="PASS" starttime="20200706 21:30:59.541" endtime="20200706 21:30:59.544"></status>
</kw>
<kw name="Wait Until Keyword Succeeds" library="BuiltIn">
<doc>Runs the specified keyword and retries if it fails.</doc>
<arguments>
<arg>10s</arg>
<arg>1s</arg>
<arg>Wait Until Element Is Enabled</arg>
<arg>${locator}</arg>
<arg>2s</arg>
</arguments>
<kw name="Wait Until Element Is Enabled" library="SeleniumLibrary">
<doc>Waits until the element ``locator`` is enabled.</doc>
<arguments>
<arg>${locator}</arg>
<arg>2s</arg>
</arguments>
<status status="PASS" starttime="20200706 21:30:59.545" endtime="20200706 21:30:59.584"></status>
</kw>
<status status="PASS" starttime="20200706 21:30:59.544" endtime="20200706 21:30:59.584"></status>
</kw>
<kw name="Clear Element Text" library="SeleniumLibrary">
<doc>Clears the value of the text-input-element identified by ``locator``.</doc>
<arguments>
<arg>${locator}</arg>
</arguments>
<status status="PASS" starttime="20200706 21:30:59.585" endtime="20200706 21:30:59.624"></status>
</kw>
<kw name="Input Text" library="SeleniumLibrary">
<doc>Types the given ``text`` into the text field identified by ``locator``.</doc>
<arguments>
<arg>${locator}</arg>
<arg>${value}</arg>
</arguments>
<msg timestamp="20200706 21:30:59.625" level="INFO">Typing text 'userTest1' into text field 'id=password'.</msg>
<status status="PASS" starttime="20200706 21:30:59.624" endtime="20200706 21:30:59.774"></status>
</kw>
<kw name="Sleep" library="BuiltIn">
<doc>Pauses the test executed for the given time.</doc>
<arguments>
<arg>1s</arg>
</arguments>
<msg timestamp="20200706 21:31:00.784" level="INFO">Slept 1 second</msg>
<status status="PASS" starttime="20200706 21:30:59.774" endtime="20200706 21:31:00.784"></status>
</kw>
<status status="PASS" starttime="20200706 21:30:59.540" endtime="20200706 21:31:00.785"></status>
</kw>
<kw name="Click Element" library="SeleniumLibrary">
<doc>Click the element identified by ``locator``.</doc>
<arguments>
<arg>id=submit</arg>
</arguments>
<msg timestamp="20200706 21:31:00.785" level="INFO">Clicking element 'id=submit'.</msg>
<status status="PASS" starttime="20200706 21:31:00.785" endtime="20200706 21:31:01.455"></status>
</kw>
<kw name="Sleep" library="BuiltIn">
<doc>Pauses the test executed for the given time.</doc>
<arguments>
<arg>1s</arg>
</arguments>
<msg timestamp="20200706 21:31:02.456" level="INFO">Slept 1 second</msg>
<status status="PASS" starttime="20200706 21:31:01.455" endtime="20200706 21:31:02.456"></status>
</kw>
<status status="PASS" starttime="20200706 21:30:58.278" endtime="20200706 21:31:02.456"></status>
</kw>
<status status="PASS" starttime="20200706 21:30:52.206" endtime="20200706 21:31:02.456"></status>
</kw>
<kw name="Delete A Distance Measurement">
<kw name="Create A Distance Measurement" library="CommonWeb">
<arguments>
<arg>-185</arg>
<arg>115</arg>
<arg>0</arg>
<arg>0</arg>
</arguments>
<kw name="Click On Measurement Down List Arrow" library="CommonWeb">
<doc>Go to Measurement menu</doc>
<kw name="Wait Until Element Is Enabled" library="SeleniumLibrary">
<doc>Waits until the element ``locator`` is enabled.</doc>
<arguments>
<arg>xpath://div[@id='smallTrigger_measureSet']</arg>
<arg>timeout=10s</arg>
</arguments>
<status status="PASS" starttime="20200706 21:31:02.457" endtime="20200706 21:31:02.486"></status>
</kw>
<kw name="Click Element" library="SeleniumLibrary">
<doc>Click the element identified by ``locator``.</doc>
<arguments>
<arg>xpath://div[@id='smallTrigger_measureSet']</arg>
</arguments>
<msg timestamp="20200706 21:31:02.486" level="INFO">Clicking element 'xpath://div[@id='smallTrigger_measureSet']'.</msg>
<status status="PASS" starttime="20200706 21:31:02.486" endtime="20200706 21:31:02.542"></status>
</kw>
<kw name="Sleep" library="BuiltIn">
<doc>Pauses the test executed for the given time.</doc>
<arguments>
<arg>1s</arg>
</arguments>
<msg timestamp="20200706 21:31:03.550" level="INFO">Slept 1 second</msg>
<status status="PASS" starttime="20200706 21:31:02.542" endtime="20200706 21:31:03.550"></status>
</kw>
<status status="PASS" starttime="20200706 21:31:02.457" endtime="20200706 21:31:03.552"></status>
</kw>
<kw name="Select Distance Measurement" library="CommonWeb">
<doc>Click on Distance Measurement option after dropdown the measurement menu</doc>
<kw name="Wait Until Element Is Enabled" library="SeleniumLibrary">
<doc>Waits until the element ``locator`` is enabled.</doc>
<arguments>
<arg>xpath://div[@id='measureLineTrigger']//i</arg>
<arg>10s</arg>
</arguments>
<status status="PASS" starttime="20200706 21:31:03.552" endtime="20200706 21:31:03.600"></status>
</kw>
<kw name="Click Element" library="SeleniumLibrary">
<doc>Click the element identified by ``locator``.</doc>
<arguments>
<arg>xpath://div[@id='measureLineTrigger']//i</arg>
</arguments>
<msg timestamp="20200706 21:31:03.600" level="INFO">Clicking element 'xpath://div[@id='measureLineTrigger']//i'.</msg>
<status status="PASS" starttime="20200706 21:31:03.600" endtime="20200706 21:31:03.729"></status>
</kw>
<kw name="Sleep" library="BuiltIn">
<doc>Pauses the test executed for the given time.</doc>
<arguments>
<arg>1s</arg>
</arguments>
<msg timestamp="20200706 21:31:04.734" level="INFO">Slept 1 second</msg>
<status status="PASS" starttime="20200706 21:31:03.729" endtime="20200706 21:31:04.734"></status>
</kw>
<status status="PASS" starttime="20200706 21:31:03.552" endtime="20200706 21:31:04.735"></status>
</kw>
<kw name="Verify That Text Of Distance Measurement Icon Is" library="CommonWeb">
<doc>Check the links of the Distance Measurement tool</doc>
<arguments>
<arg>Distance measurement</arg>
</arguments>
<kw name="Wait Until Element Is Enabled" library="SeleniumLibrary">
<doc>Waits until the element ``locator`` is enabled.</doc>
<arguments>
<arg>//div[@id='measureLineTrigger']</arg>
<arg>5s</arg>
</arguments>
<status status="PASS" starttime="20200706 21:31:04.736" endtime="20200706 21:31:04.785"></status>
</kw>
<kw name="Run Keyword And Continue On Failure" library="BuiltIn">
<doc>Runs the keyword and continues execution even if a failure occurs.</doc>
<arguments>
<arg>Element Attribute Value Should Be</arg>
<arg>//div[@id='measureLineTrigger']</arg>
<arg>data-original-title</arg>
<arg>${iconText}</arg>
</arguments>
<kw name="Element Attribute Value Should Be" library="SeleniumLibrary">
<doc>Verifies element identified by ``locator`` contains expected attribute value.</doc>
<arguments>
<arg>//div[@id='measureLineTrigger']</arg>
<arg>data-original-title</arg>
<arg>${iconText}</arg>
</arguments>
<msg timestamp="20200706 21:31:04.803" level="INFO">Element '//div[@id='measureLineTrigger']' attribute 'data-original-title' contains value 'Distance measurement'.</msg>
<status status="PASS" starttime="20200706 21:31:04.785" endtime="20200706 21:31:04.803"></status>
</kw>
<status status="PASS" starttime="20200706 21:31:04.785" endtime="20200706 21:31:04.803"></status>
</kw>
<status status="PASS" starttime="20200706 21:31:04.735" endtime="20200706 21:31:04.803"></status>
</kw>
<kw name="Draw Distance Measurement" library="CommonWeb">
<doc>Draw distance measurement on the map between two points</doc>
<arguments>
<arg>${xoffset_initial}</arg>
<arg>${yoffset_initial}</arg>
<arg>${xoffset}</arg>
<arg>${yoffset}</arg>
</arguments>
<kw name="Wait Until Element Is Enabled" library="SeleniumLibrary">
<doc>Waits until the element ``locator`` is enabled.</doc>
<arguments>
<arg>xpath://div[@id='map']</arg>
<arg>timeout=10s</arg>
</arguments>
<status status="PASS" starttime="20200706 21:31:04.815" endtime="20200706 21:31:04.859"></status>
</kw>
<kw name="Click Element At Coordinates" library="SeleniumLibrary">
<doc>Click the element ``locator`` at ``xoffset/yoffset``.</doc>
<arguments>
<arg>//div[@id='map']</arg>
<arg>${xoffset_initial}</arg>
<arg>${yoffset_initial}</arg>
</arguments>
<msg timestamp="20200706 21:31:04.859" level="INFO">Clicking element '//div[@id='map']' at coordinates x=-185, y=115.</msg>
<status status="PASS" starttime="20200706 21:31:04.859" endtime="20200706 21:31:05.434"></status>
</kw>
<kw name="Drag And Drop By Offset" library="SeleniumLibrary">
<doc>Drags the element identified with ``locator`` by ``xoffset/yoffset``.</doc>
<arguments>
<arg>//div[@id='map']</arg>
<arg>${xoffset}</arg>
<arg>${yoffset}</arg>
</arguments>
<status status="PASS" starttime="20200706 21:31:05.434" endtime="20200706 21:31:06.025"></status>
</kw>
<kw name="Click On The Map At Coordinates" library="CommonWeb">
<doc>Click on the map using xoffset and yoffset as displacement from the center of the map (0.0)</doc>
<arguments>
<arg>${xoffset}</arg>
<arg>${yoffset}</arg>
</arguments>
<kw name="Wait Until Keyword Succeeds" library="BuiltIn">
<doc>Runs the specified keyword and retries if it fails.</doc>
<arguments>
<arg>10s</arg>
<arg>1s</arg>
<arg>Wait Until Element Is Enabled</arg>
<arg>xpath://div[@id='map']</arg>
<arg>timeout=2s</arg>
</arguments>
<kw name="Wait Until Element Is Enabled" library="SeleniumLibrary">
<doc>Waits until the element ``locator`` is enabled.</doc>
<arguments>
<arg>xpath://div[@id='map']</arg>
<arg>timeout=2s</arg>
</arguments>
<status status="PASS" starttime="20200706 21:31:06.027" endtime="20200706 21:31:06.071"></status>
</kw>
<status status="PASS" starttime="20200706 21:31:06.027" endtime="20200706 21:31:06.071"></status>
</kw>
<kw name="Click Element At Coordinates" library="SeleniumLibrary">
<doc>Click the element ``locator`` at ``xoffset/yoffset``.</doc>
<arguments>
<arg>xpath://div[@id='map']</arg>
<arg>${xoffset}</arg>
<arg>${yoffset}</arg>
</arguments>
<msg timestamp="20200706 21:31:06.071" level="INFO">Clicking element 'xpath://div[@id='map']' at coordinates x=0, y=0.</msg>
<status status="PASS" starttime="20200706 21:31:06.071" endtime="20200706 21:31:06.673"></status>
</kw>
<status status="PASS" starttime="20200706 21:31:06.025" endtime="20200706 21:31:06.674"></status>
</kw>
<status status="PASS" starttime="20200706 21:31:04.803" endtime="20200706 21:31:06.674"></status>
</kw>
<status status="PASS" starttime="20200706 21:31:02.457" endtime="20200706 21:31:06.675"></status>
</kw>
<kw name="Verify That Geometry Type And Its Value Are" library="CommonWeb">
<doc>Check the type of the Measurement tool</doc>
<arguments>
<arg>LineString</arg>
<arg>Length: 3,068,383.65 meters</arg>
</arguments>
<kw name="Run Keyword And Continue On Failure" library="BuiltIn">
<doc>Runs the keyword and continues execution even if a failure occurs.</doc>
<arguments>
<arg>Wait Until Page Contains Element</arg>
<arg>//div[@class='tooltip tooltip-measure tooltip-measure-total']</arg>
<arg>10s</arg>
</arguments>
<kw name="Wait Until Page Contains Element" library="SeleniumLibrary">
<doc>Waits until the element ``locator`` appears on the current page.</doc>
<arguments>
<arg>//div[@class='tooltip tooltip-measure tooltip-measure-total']</arg>
<arg>10s</arg>
</arguments>
<status status="PASS" starttime="20200706 21:31:06.676" endtime="20200706 21:31:06.697"></status>
</kw>
<status status="PASS" starttime="20200706 21:31:06.676" endtime="20200706 21:31:06.700"></status>
</kw>
<kw name="Run Keyword And Continue On Failure" library="BuiltIn">
<doc>Runs the keyword and continues execution even if a failure occurs.</doc>
<arguments>
<arg>Element Attribute Value Should Be</arg>
<arg>//div[@class='tooltip tooltip-measure tooltip-measure-total']</arg>
<arg>data-geomtype</arg>
<arg>${geomType}</arg>
<arg>message=The geometry type is not "${geomType}" or it does not appear in the map. However, it should be.</arg>
</arguments>
<kw name="Element Attribute Value Should Be" library="SeleniumLibrary">
<doc>Verifies element identified by ``locator`` contains expected attribute value.</doc>
<arguments>
<arg>//div[@class='tooltip tooltip-measure tooltip-measure-total']</arg>
<arg>data-geomtype</arg>
<arg>${geomType}</arg>
<arg>message=The geometry type is not "${geomType}" or it does not appear in the map. However, it should be.</arg>
</arguments>
<msg timestamp="20200706 21:31:06.717" level="INFO">Element '//div[@class='tooltip tooltip-measure tooltip-measure-total']' attribute 'data-geomtype' contains value 'LineString'.</msg>
<status status="PASS" starttime="20200706 21:31:06.701" endtime="20200706 21:31:06.717"></status>
</kw>
<status status="PASS" starttime="20200706 21:31:06.700" endtime="20200706 21:31:06.717"></status>
</kw>
<kw name="Run Keyword And Continue On Failure" library="BuiltIn">
<doc>Runs the keyword and continues execution even if a failure occurs.</doc>
<arguments>
<arg>Element Text Should Be</arg>
<arg>//div[@class='tooltip tooltip-measure tooltip-measure-total']</arg>
<arg>${value}</arg>
<arg>message=The label's value "${value}" does not appear in the map. However, it should be appear.</arg>
</arguments>
<kw name="Element Text Should Be" library="SeleniumLibrary">
<doc>Verifies that element ``locator`` contains exact the text ``expected``.</doc>
<arguments>
<arg>//div[@class='tooltip tooltip-measure tooltip-measure-total']</arg>
<arg>${value}</arg>
<arg>message=The label's value "${value}" does not appear in the map. However, it should be appear.</arg>
</arguments>
<msg timestamp="20200706 21:31:06.718" level="INFO">Verifying element '//div[@class='tooltip tooltip-measure tooltip-measure-total']' contains exact text 'Length: 3,068,383.65 meters'.</msg>
<status status="PASS" starttime="20200706 21:31:06.718" endtime="20200706 21:31:06.751"></status>
</kw>
<status status="PASS" starttime="20200706 21:31:06.717" endtime="20200706 21:31:06.751"></status>
</kw>
<kw name="Run Keyword And Continue On Failure" library="BuiltIn">
<doc>Runs the keyword and continues execution even if a failure occurs.</doc>
<arguments>
<arg>Get Text</arg>
<arg>//div[@class='tooltip tooltip-measure tooltip-measure-total']</arg>
</arguments>
<assign>
<var>${labelMeasure}</var>
</assign>
<kw name="Get Text" library="SeleniumLibrary">
<doc>Returns the text value of the element identified by ``locator``.</doc>
<arguments>
<arg>//div[@class='tooltip tooltip-measure tooltip-measure-total']</arg>
</arguments>
<status status="PASS" starttime="20200706 21:31:06.752" endtime="20200706 21:31:06.781"></status>
</kw>
<msg timestamp="20200706 21:31:06.781" level="INFO">${labelMeasure} = Length: 3,068,383.65 meters</msg>
<status status="PASS" starttime="20200706 21:31:06.751" endtime="20200706 21:31:06.781"></status>
</kw>
<kw name="Log" library="BuiltIn">
<doc>Logs the given message with the given level.</doc>
<arguments>
<arg>-----&gt; The Distance of the Measurement"${geomType}" is: ${labelMeasure}</arg>
</arguments>
<msg timestamp="20200706 21:31:06.784" level="INFO">-----&gt; The Distance of the Measurement"LineString" is: Length: 3,068,383.65 meters</msg>
<status status="PASS" starttime="20200706 21:31:06.781" endtime="20200706 21:31:06.784"></status>
</kw>
<status status="PASS" starttime="20200706 21:31:06.676" endtime="20200706 21:31:06.785"></status>
</kw>
<kw name="Click On Erase Icon" library="CommonWeb">
<doc>Click on "Eraser" icon to delete the current measurement</doc>
<kw name="Wait Until Element Is Enabled" library="SeleniumLibrary">
<doc>Waits until the element ``locator`` is enabled.</doc>
<arguments>
<arg>xpath://div[@id='measureEraser']//i</arg>
<arg>timeout=7s</arg>
</arguments>
<status status="PASS" starttime="20200706 21:31:06.786" endtime="20200706 21:31:06.839"></status>
</kw>
<kw name="Click Element" library="SeleniumLibrary">
<doc>Click the element identified by ``locator``.</doc>
<arguments>
<arg>xpath://div[@id='measureEraser']//i</arg>
</arguments>
<msg timestamp="20200706 21:31:06.840" level="INFO">Clicking element 'xpath://div[@id='measureEraser']//i'.</msg>
<status status="PASS" starttime="20200706 21:31:06.839" endtime="20200706 21:31:06.928"></status>
</kw>
<kw name="Sleep" library="BuiltIn">
<doc>Pauses the test executed for the given time.</doc>
<arguments>
<arg>1s</arg>
</arguments>
<msg timestamp="20200706 21:31:07.933" level="INFO">Slept 1 second</msg>
<status status="PASS" starttime="20200706 21:31:06.928" endtime="20200706 21:31:07.934"></status>
</kw>
<status status="PASS" starttime="20200706 21:31:06.785" endtime="20200706 21:31:07.936"></status>
</kw>
<kw name="Verify Alert Text And Cancel" library="CommonWeb">
<doc>Check for the Alert message and Cancel the popup</doc>
<arguments>
<arg>Erase all measurments?</arg>
</arguments>
<kw name="Run Keyword And Continue On Failure" library="BuiltIn">
<doc>Runs the keyword and continues execution even if a failure occurs.</doc>
<arguments>
<arg>Alert Should Be Present</arg>
<arg>text=${text}</arg>
<arg>action=DISMISS</arg>
<arg>timeout=3s</arg>
</arguments>
<kw name="Alert Should Be Present" library="SeleniumLibrary">
<doc>Verifies that an alert is present and by default, accepts it.</doc>
<arguments>
<arg>text=${text}</arg>
<arg>action=DISMISS</arg>
<arg>timeout=3s</arg>
</arguments>
<kw name="No Operation" library="BuiltIn">
<doc>Does absolutely nothing.</doc>
<status status="PASS" starttime="20200706 21:31:10.986" endtime="20200706 21:31:10.986"></status>
</kw>
<msg timestamp="20200706 21:31:10.995" level="FAIL">Alert not found in 3 seconds.</msg>
<status status="FAIL" starttime="20200706 21:31:07.939" endtime="20200706 21:31:10.995"></status>
</kw>
<status status="FAIL" starttime="20200706 21:31:07.938" endtime="20200706 21:31:10.996"></status>
</kw>
<kw name="Sleep" library="BuiltIn">
<doc>Pauses the test executed for the given time.</doc>
<arguments>
<arg>1s</arg>
</arguments>
<msg timestamp="20200706 21:31:12.003" level="INFO">Slept 1 second</msg>
<status status="PASS" starttime="20200706 21:31:10.997" endtime="20200706 21:31:12.003"></status>
</kw>
<status status="FAIL" starttime="20200706 21:31:07.937" endtime="20200706 21:31:12.004"></status>
</kw>
<kw name="Delete Measure" library="CommonWeb">
<doc>Allows to delete the current measurement</doc>
<kw name="Click On Erase Icon" library="CommonWeb">
<doc>Click on "Eraser" icon to delete the current measurement</doc>
<kw name="Wait Until Element Is Enabled" library="SeleniumLibrary">
<doc>Waits until the element ``locator`` is enabled.</doc>
<arguments>
<arg>xpath://div[@id='measureEraser']//i</arg>
<arg>timeout=7s</arg>
</arguments>
<status status="PASS" starttime="20200706 21:31:12.004" endtime="20200706 21:31:12.041"></status>
</kw>
<kw name="Click Element" library="SeleniumLibrary">
<doc>Click the element identified by ``locator``.</doc>
<arguments>
<arg>xpath://div[@id='measureEraser']//i</arg>
</arguments>
<msg timestamp="20200706 21:31:12.041" level="INFO">Clicking element 'xpath://div[@id='measureEraser']//i'.</msg>
<status status="PASS" starttime="20200706 21:31:12.041" endtime="20200706 21:31:12.112"></status>
</kw>
<kw name="Sleep" library="BuiltIn">
<doc>Pauses the test executed for the given time.</doc>
<arguments>
<arg>1s</arg>
</arguments>
<msg timestamp="20200706 21:31:13.131" level="INFO">Slept 1 second</msg>
<status status="PASS" starttime="20200706 21:31:12.112" endtime="20200706 21:31:13.131"></status>
</kw>
<status status="PASS" starttime="20200706 21:31:12.004" endtime="20200706 21:31:13.132"></status>
</kw>
<kw name="Verify Alert Text And Accept" library="CommonWeb">
<doc>Check for the Alert message and Accept the popup</doc>
<arguments>
<arg>Erase all measurments?</arg>
</arguments>
<kw name="Run Keyword And Continue On Failure" library="BuiltIn">
<doc>Runs the keyword and continues execution even if a failure occurs.</doc>
<arguments>
<arg>Alert Should Be Present</arg>
<arg>text=${AlertMsg}</arg>
<arg>action=ACCEPT</arg>
<arg>timeout=3s</arg>
</arguments>
<kw name="Alert Should Be Present" library="SeleniumLibrary">
<doc>Verifies that an alert is present and by default, accepts it.</doc>
<arguments>
<arg>text=${AlertMsg}</arg>
<arg>action=ACCEPT</arg>
<arg>timeout=3s</arg>
</arguments>
<kw name="No Operation" library="BuiltIn">
<doc>Does absolutely nothing.</doc>
<status status="PASS" starttime="20200706 21:31:16.198" endtime="20200706 21:31:16.198"></status>
</kw>
<msg timestamp="20200706 21:31:16.203" level="FAIL">Alert not found in 3 seconds.</msg>
<status status="FAIL" starttime="20200706 21:31:13.133" endtime="20200706 21:31:16.203"></status>
</kw>
<status status="FAIL" starttime="20200706 21:31:13.133" endtime="20200706 21:31:16.204"></status>
</kw>
<kw name="Log" library="BuiltIn">
<doc>Logs the given message with the given level.</doc>
<arguments>
<arg>-----&gt; The Alert message is REALLY: ${AlertMsg}</arg>
</arguments>
<msg timestamp="20200706 21:31:16.204" level="INFO">-----&gt; The Alert message is REALLY: Erase all measurments?</msg>
<status status="PASS" starttime="20200706 21:31:16.204" endtime="20200706 21:31:16.204"></status>
</kw>
<kw name="Sleep" library="BuiltIn">
<doc>Pauses the test executed for the given time.</doc>
<arguments>
<arg>1s</arg>
</arguments>
<msg timestamp="20200706 21:31:17.209" level="INFO">Slept 1 second</msg>
<status status="PASS" starttime="20200706 21:31:16.204" endtime="20200706 21:31:17.210"></status>
</kw>
<status status="FAIL" starttime="20200706 21:31:13.132" endtime="20200706 21:31:17.211"></status>
</kw>
<kw name="Verify That The Measure Is Deleted" library="CommonWeb">
<doc>Check thet the "Measure distance", "Measure area (Surface Measurement andCircular Surface Measurement)" is deleted from the map</doc>
<kw name="Sleep" library="BuiltIn">
<doc>Pauses the test executed for the given time.</doc>
<arguments>
<arg>2s</arg>
</arguments>
<msg timestamp="20200706 21:31:19.218" level="INFO">Slept 2 seconds</msg>
<status status="PASS" starttime="20200706 21:31:17.214" endtime="20200706 21:31:19.218"></status>
</kw>
<kw name="Run Keyword And Continue On Failure" library="BuiltIn">
<doc>Runs the keyword and continues execution even if a failure occurs.</doc>
<arguments>
<arg>Wait Until Page Contains Element</arg>
<arg>//body[@class='jmap-prevent-overflow-scrolling']/div[@id='jmap']/div[@class='mapContainer']/div[@id='map']/div[@class='ol-viewport']/canvas[1]</arg>
<arg>10s</arg>
</arguments>
<kw name="Wait Until Page Contains Element" library="SeleniumLibrary">
<doc>Waits until the element ``locator`` appears on the current page.</doc>
<arguments>
<arg>//body[@class='jmap-prevent-overflow-scrolling']/div[@id='jmap']/div[@class='mapContainer']/div[@id='map']/div[@class='ol-viewport']/canvas[1]</arg>
<arg>10s</arg>
</arguments>
<status status="PASS" starttime="20200706 21:31:19.221" endtime="20200706 21:31:19.255"></status>
</kw>
<status status="PASS" starttime="20200706 21:31:19.218" endtime="20200706 21:31:19.257"></status>
</kw>
<kw name="Run Keyword And Continue On Failure" library="BuiltIn">
<doc>Runs the keyword and continues execution even if a failure occurs.</doc>
<arguments>
<arg>Page Should Not Contain Element</arg>
<arg>//div[@class='tooltip tooltip-measure tooltip-measure-total']</arg>
<arg>message=The Distance or Area Measurement is not deleted from the map. However, it should be deleted.</arg>
</arguments>
<kw name="Page Should Not Contain Element" library="SeleniumLibrary">
<doc>Verifies that element ``locator`` is found on the current page.</doc>
<arguments>
<arg>//div[@class='tooltip tooltip-measure tooltip-measure-total']</arg>
<arg>message=The Distance or Area Measurement is not deleted from the map. However, it should be deleted.</arg>
</arguments>
<msg timestamp="20200706 21:31:19.280" level="INFO">Current page does not contain element '//div[@class='tooltip tooltip-measure tooltip-measure-total']'.</msg>
<status status="PASS" starttime="20200706 21:31:19.258" endtime="20200706 21:31:19.280"></status>
</kw>
<status status="PASS" starttime="20200706 21:31:19.258" endtime="20200706 21:31:19.284"></status>
</kw>
<status status="PASS" starttime="20200706 21:31:17.212" endtime="20200706 21:31:19.284"></status>
</kw>
<status status="FAIL" starttime="20200706 21:31:12.004" endtime="20200706 21:31:19.286"></status>
</kw>
<status status="FAIL" starttime="20200706 21:31:02.456" endtime="20200706 21:31:19.287"></status>
</kw>
<kw name="Delete A Surface Measurement">
<kw name="Create A Surface Measurement" library="CommonWeb">
<doc>Create a Surface Measurement as rectangle</doc>
<arguments>
<arg>0</arg>
<arg>0</arg>
<arg>125</arg>
<arg>-90</arg>
<arg>120</arg>
<arg>10</arg>
<arg>-75</arg>
<arg>50</arg>
</arguments>
<kw name="Click On Measurement Down List Arrow" library="CommonWeb">
<doc>Go to Measurement menu</doc>
<kw name="Wait Until Element Is Enabled" library="SeleniumLibrary">
<doc>Waits until the element ``locator`` is enabled.</doc>
<arguments>
<arg>xpath://div[@id='smallTrigger_measureSet']</arg>
<arg>timeout=10s</arg>
</arguments>
<status status="PASS" starttime="20200706 21:31:19.291" endtime="20200706 21:31:19.360"></status>
</kw>
<kw name="Click Element" library="SeleniumLibrary">
<doc>Click the element identified by ``locator``.</doc>
<arguments>
<arg>xpath://div[@id='smallTrigger_measureSet']</arg>
</arguments>
<msg timestamp="20200706 21:31:19.360" level="INFO">Clicking element 'xpath://div[@id='smallTrigger_measureSet']'.</msg>
<status status="PASS" starttime="20200706 21:31:19.360" endtime="20200706 21:31:19.412"></status>
</kw>
<kw name="Sleep" library="BuiltIn">
<doc>Pauses the test executed for the given time.</doc>
<arguments>
<arg>1s</arg>
</arguments>
<msg timestamp="20200706 21:31:20.415" level="INFO">Slept 1 second</msg>
<status status="PASS" starttime="20200706 21:31:19.412" endtime="20200706 21:31:20.415"></status>
</kw>
<status status="PASS" starttime="20200706 21:31:19.287" endtime="20200706 21:31:20.417"></status>
</kw>
<kw name="Select Surface Measurement" library="CommonWeb">
<doc>Click on Surface Measurement option after dropdown the measurement menu</doc>
<kw name="Wait Until Element Is Enabled" library="SeleniumLibrary">
<doc>Waits until the element ``locator`` is enabled.</doc>
<arguments>
<arg>xpath://div[@id='measureAreaTrigger']//i</arg>
<arg>10s</arg>
</arguments>
<status status="PASS" starttime="20200706 21:31:20.418" endtime="20200706 21:31:20.496"></status>
</kw>
<kw name="Click Element" library="SeleniumLibrary">
<doc>Click the element identified by ``locator``.</doc>
<arguments>
<arg>xpath://div[@id='measureAreaTrigger']//i</arg>
</arguments>
<msg timestamp="20200706 21:31:20.500" level="INFO">Clicking element 'xpath://div[@id='measureAreaTrigger']//i'.</msg>
<status status="PASS" starttime="20200706 21:31:20.496" endtime="20200706 21:31:20.645"></status>
</kw>
<kw name="Sleep" library="BuiltIn">
<doc>Pauses the test executed for the given time.</doc>
<arguments>
<arg>1s</arg>
</arguments>
<msg timestamp="20200706 21:31:21.656" level="INFO">Slept 1 second</msg>
<status status="PASS" starttime="20200706 21:31:20.646" endtime="20200706 21:31:21.656"></status>
</kw>
<status status="PASS" starttime="20200706 21:31:20.417" endtime="20200706 21:31:21.656"></status>
</kw>
<kw name="Verify That Text Of Surface Measurement Icon Is" library="CommonWeb">
<doc>Check the links of the Surface Measurement tool</doc>
<arguments>
<arg>Surface measurement</arg>
</arguments>
<kw name="Wait Until Element Is Enabled" library="SeleniumLibrary">
<doc>Waits until the element ``locator`` is enabled.</doc>
<arguments>
<arg>//div[@id='measureAreaTrigger']</arg>
<arg>5s</arg>
</arguments>
<status status="PASS" starttime="20200706 21:31:21.656" endtime="20200706 21:31:21.715"></status>
</kw>
<kw name="Run Keyword And Continue On Failure" library="BuiltIn">
<doc>Runs the keyword and continues execution even if a failure occurs.</doc>
<arguments>
<arg>Element Attribute Value Should Be</arg>
<arg>//div[@id='measureAreaTrigger']</arg>
<arg>data-original-title</arg>
<arg>${iconText}</arg>
</arguments>
<kw name="Element Attribute Value Should Be" library="SeleniumLibrary">
<doc>Verifies element identified by ``locator`` contains expected attribute value.</doc>
<arguments>
<arg>//div[@id='measureAreaTrigger']</arg>
<arg>data-original-title</arg>
<arg>${iconText}</arg>
</arguments>
<msg timestamp="20200706 21:31:21.730" level="INFO">Element '//div[@id='measureAreaTrigger']' attribute 'data-original-title' contains value 'Surface measurement'.</msg>
<status status="PASS" starttime="20200706 21:31:21.715" endtime="20200706 21:31:21.730"></status>
</kw>
<status status="PASS" starttime="20200706 21:31:21.715" endtime="20200706 21:31:21.730"></status>
</kw>
<status status="PASS" starttime="20200706 21:31:21.656" endtime="20200706 21:31:21.730"></status>
</kw>
<kw name="Draw Surface Measurement" library="CommonWeb">
<doc>Draw a Surface Measurement as rectangle or polygone</doc>
<arguments>
<arg>${xoffset_initial}</arg>
<arg>${yoffset_initial}</arg>
<arg>${xoffset1}</arg>
<arg>${yoffset1}</arg>
<arg>${xoffset2}</arg>
<arg>${yoffset2}</arg>
<arg>${xoffset_end}</arg>
<arg>${yoffset_end}</arg>
</arguments>
<kw name="Click On The Map At Coordinates" library="CommonWeb">
<doc>Click on the map using xoffset and yoffset as displacement from the center of the map (0.0)</doc>
<arguments>
<arg>${xoffset_initial}</arg>
<arg>${yoffset_initial}</arg>
</arguments>
<kw name="Wait Until Keyword Succeeds" library="BuiltIn">
<doc>Runs the specified keyword and retries if it fails.</doc>
<arguments>
<arg>10s</arg>
<arg>1s</arg>
<arg>Wait Until Element Is Enabled</arg>
<arg>xpath://div[@id='map']</arg>
<arg>timeout=2s</arg>
</arguments>
<kw name="Wait Until Element Is Enabled" library="SeleniumLibrary">
<doc>Waits until the element ``locator`` is enabled.</doc>
<arguments>
<arg>xpath://div[@id='map']</arg>
<arg>timeout=2s</arg>
</arguments>
<status status="PASS" starttime="20200706 21:31:21.730" endtime="20200706 21:31:21.753"></status>
</kw>
<status status="PASS" starttime="20200706 21:31:21.730" endtime="20200706 21:31:21.769"></status>
</kw>
<kw name="Click Element At Coordinates" library="SeleniumLibrary">
<doc>Click the element ``locator`` at ``xoffset/yoffset``.</doc>
<arguments>
<arg>xpath://div[@id='map']</arg>
<arg>${xoffset}</arg>
<arg>${yoffset}</arg>
</arguments>
<msg timestamp="20200706 21:31:21.770" level="INFO">Clicking element 'xpath://div[@id='map']' at coordinates x=0, y=0.</msg>
<status status="PASS" starttime="20200706 21:31:21.769" endtime="20200706 21:31:22.343"></status>
</kw>
<status status="PASS" starttime="20200706 21:31:21.730" endtime="20200706 21:31:22.343"></status>
</kw>
<kw name="Click On The Map At Coordinates" library="CommonWeb">
<doc>Click on the map using xoffset and yoffset as displacement from the center of the map (0.0)</doc>
<arguments>
<arg>${xoffset1}</arg>
<arg>${yoffset1}</arg>
</arguments>
<kw name="Wait Until Keyword Succeeds" library="BuiltIn">
<doc>Runs the specified keyword and retries if it fails.</doc>
<arguments>
<arg>10s</arg>
<arg>1s</arg>
<arg>Wait Until Element Is Enabled</arg>
<arg>xpath://div[@id='map']</arg>
<arg>timeout=2s</arg>
</arguments>
<kw name="Wait Until Element Is Enabled" library="SeleniumLibrary">
<doc>Waits until the element ``locator`` is enabled.</doc>
<arguments>
<arg>xpath://div[@id='map']</arg>
<arg>timeout=2s</arg>
</arguments>
<status status="PASS" starttime="20200706 21:31:22.343" endtime="20200706 21:31:22.388"></status>
</kw>
<status status="PASS" starttime="20200706 21:31:22.343" endtime="20200706 21:31:22.388"></status>
</kw>
<kw name="Click Element At Coordinates" library="SeleniumLibrary">
<doc>Click the element ``locator`` at ``xoffset/yoffset``.</doc>
<arguments>
<arg>xpath://div[@id='map']</arg>
<arg>${xoffset}</arg>
<arg>${yoffset}</arg>
</arguments>
<msg timestamp="20200706 21:31:22.388" level="INFO">Clicking element 'xpath://div[@id='map']' at coordinates x=125, y=-90.</msg>
<status status="PASS" starttime="20200706 21:31:22.388" endtime="20200706 21:31:22.960"></status>
</kw>
<status status="PASS" starttime="20200706 21:31:22.343" endtime="20200706 21:31:22.964"></status>
</kw>
<kw name="Click On The Map At Coordinates" library="CommonWeb">
<doc>Click on the map using xoffset and yoffset as displacement from the center of the map (0.0)</doc>
<arguments>
<arg>${xoffset2}</arg>
<arg>${yoffset2}</arg>
</arguments>
<kw name="Wait Until Keyword Succeeds" library="BuiltIn">
<doc>Runs the specified keyword and retries if it fails.</doc>
<arguments>
<arg>10s</arg>
<arg>1s</arg>
<arg>Wait Until Element Is Enabled</arg>
<arg>xpath://div[@id='map']</arg>
<arg>timeout=2s</arg>
</arguments>
<kw name="Wait Until Element Is Enabled" library="SeleniumLibrary">
<doc>Waits until the element ``locator`` is enabled.</doc>
<arguments>
<arg>xpath://div[@id='map']</arg>
<arg>timeout=2s</arg>
</arguments>
<status status="PASS" starttime="20200706 21:31:22.968" endtime="20200706 21:31:23.000"></status>
</kw>
<status status="PASS" starttime="20200706 21:31:22.964" endtime="20200706 21:31:23.004"></status>
</kw>
<kw name="Click Element At Coordinates" library="SeleniumLibrary">
<doc>Click the element ``locator`` at ``xoffset/yoffset``.</doc>
<arguments>
<arg>xpath://div[@id='map']</arg>
<arg>${xoffset}</arg>
<arg>${yoffset}</arg>
</arguments>
<msg timestamp="20200706 21:31:23.004" level="INFO">Clicking element 'xpath://div[@id='map']' at coordinates x=120, y=10.</msg>
<status status="PASS" starttime="20200706 21:31:23.004" endtime="20200706 21:31:23.590"></status>
</kw>
<status status="PASS" starttime="20200706 21:31:22.964" endtime="20200706 21:31:23.590"></status>
</kw>
<kw name="Double Click On The Map At Coordinates" library="CommonWeb">
<doc>Double Click on the map using xoffset and yoffset as displacement from the center of the map (0.0)</doc>
<arguments>
<arg>${xoffset_end}</arg>
<arg>${yoffset_end}</arg>
</arguments>
<kw name="${count} IN RANGE [ 1 | 3 ]" type="for">
<kw name="${count} = 1" type="foritem">
<kw name="Click On The Map At Coordinates" library="CommonWeb">
<doc>Click on the map using xoffset and yoffset as displacement from the center of the map (0.0)</doc>
<arguments>
<arg>${xoffset}</arg>
<arg>${yoffset}</arg>
</arguments>
<kw name="Wait Until Keyword Succeeds" library="BuiltIn">
<doc>Runs the specified keyword and retries if it fails.</doc>
<arguments>
<arg>10s</arg>
<arg>1s</arg>
<arg>Wait Until Element Is Enabled</arg>
<arg>xpath://div[@id='map']</arg>
<arg>timeout=2s</arg>
</arguments>
<kw name="Wait Until Element Is Enabled" library="SeleniumLibrary">
<doc>Waits until the element ``locator`` is enabled.</doc>
<arguments>
<arg>xpath://div[@id='map']</arg>
<arg>timeout=2s</arg>
</arguments>
<status status="PASS" starttime="20200706 21:31:23.595" endtime="20200706 21:31:23.630"></status>
</kw>
<status status="PASS" starttime="20200706 21:31:23.594" endtime="20200706 21:31:23.630"></status>
</kw>
<kw name="Click Element At Coordinates" library="SeleniumLibrary">
<doc>Click the element ``locator`` at ``xoffset/yoffset``.</doc>
<arguments>
<arg>xpath://div[@id='map']</arg>
<arg>${xoffset}</arg>
<arg>${yoffset}</arg>
</arguments>
<msg timestamp="20200706 21:31:23.630" level="INFO">Clicking element 'xpath://div[@id='map']' at coordinates x=-75, y=50.</msg>
<status status="PASS" starttime="20200706 21:31:23.630" endtime="20200706 21:31:24.188"></status>
</kw>
<status status="PASS" starttime="20200706 21:31:23.590" endtime="20200706 21:31:24.189"></status>
</kw>
<status status="PASS" starttime="20200706 21:31:23.590" endtime="20200706 21:31:24.189"></status>
</kw>
<kw name="${count} = 2" type="foritem">
<kw name="Click On The Map At Coordinates" library="CommonWeb">
<doc>Click on the map using xoffset and yoffset as displacement from the center of the map (0.0)</doc>
<arguments>
<arg>${xoffset}</arg>
<arg>${yoffset}</arg>
</arguments>
<kw name="Wait Until Keyword Succeeds" library="BuiltIn">
<doc>Runs the specified keyword and retries if it fails.</doc>
<arguments>
<arg>10s</arg>
<arg>1s</arg>
<arg>Wait Until Element Is Enabled</arg>
<arg>xpath://div[@id='map']</arg>
<arg>timeout=2s</arg>
</arguments>
<kw name="Wait Until Element Is Enabled" library="SeleniumLibrary">
<doc>Waits until the element ``locator`` is enabled.</doc>
<arguments>
<arg>xpath://div[@id='map']</arg>
<arg>timeout=2s</arg>
</arguments>
<status status="PASS" starttime="20200706 21:31:24.190" endtime="20200706 21:31:24.226"></status>
</kw>
<status status="PASS" starttime="20200706 21:31:24.190" endtime="20200706 21:31:24.226"></status>
</kw>
<kw name="Click Element At Coordinates" library="SeleniumLibrary">
<doc>Click the element ``locator`` at ``xoffset/yoffset``.</doc>
<arguments>
<arg>xpath://div[@id='map']</arg>
<arg>${xoffset}</arg>
<arg>${yoffset}</arg>
</arguments>
<msg timestamp="20200706 21:31:24.230" level="INFO">Clicking element 'xpath://div[@id='map']' at coordinates x=-75, y=50.</msg>
<status status="PASS" starttime="20200706 21:31:24.230" endtime="20200706 21:31:24.849"></status>
</kw>
<status status="PASS" starttime="20200706 21:31:24.190" endtime="20200706 21:31:24.849"></status>
</kw>
<status status="PASS" starttime="20200706 21:31:24.189" endtime="20200706 21:31:24.849"></status>
</kw>
<status status="PASS" starttime="20200706 21:31:23.590" endtime="20200706 21:31:24.850"></status>
</kw>
<kw name="Sleep" library="BuiltIn">
<doc>Pauses the test executed for the given time.</doc>
<arguments>
<arg>1s</arg>
</arguments>
<msg timestamp="20200706 21:31:25.852" level="INFO">Slept 1 second</msg>
<status status="PASS" starttime="20200706 21:31:24.850" endtime="20200706 21:31:25.852"></status>
</kw>
<status status="PASS" starttime="20200706 21:31:23.590" endtime="20200706 21:31:25.853"></status>
</kw>
<status status="PASS" starttime="20200706 21:31:21.730" endtime="20200706 21:31:25.853"></status>
</kw>
<status status="PASS" starttime="20200706 21:31:19.287" endtime="20200706 21:31:25.853"></status>
</kw>
<kw name="Verify That Geometry Type And Its Value Are" library="CommonWeb">
<doc>Check the type of the Measurement tool</doc>
<arguments>
<arg>Polygon</arg>
<arg>Perimeter: 6,674,465.48 meters\nArea: 1,360,467,310,043.09 meters2</arg>
</arguments>
<kw name="Run Keyword And Continue On Failure" library="BuiltIn">
<doc>Runs the keyword and continues execution even if a failure occurs.</doc>
<arguments>
<arg>Wait Until Page Contains Element</arg>
<arg>//div[@class='tooltip tooltip-measure tooltip-measure-total']</arg>
<arg>10s</arg>
</arguments>
<kw name="Wait Until Page Contains Element" library="SeleniumLibrary">
<doc>Waits until the element ``locator`` appears on the current page.</doc>
<arguments>
<arg>//div[@class='tooltip tooltip-measure tooltip-measure-total']</arg>
<arg>10s</arg>
</arguments>
<status status="PASS" starttime="20200706 21:31:25.853" endtime="20200706 21:31:25.870"></status>
</kw>
<status status="PASS" starttime="20200706 21:31:25.853" endtime="20200706 21:31:25.870"></status>
</kw>
<kw name="Run Keyword And Continue On Failure" library="BuiltIn">
<doc>Runs the keyword and continues execution even if a failure occurs.</doc>
<arguments>
<arg>Element Attribute Value Should Be</arg>
<arg>//div[@class='tooltip tooltip-measure tooltip-measure-total']</arg>
<arg>data-geomtype</arg>
<arg>${geomType}</arg>
<arg>message=The geometry type is not "${geomType}" or it does not appear in the map. However, it should be.</arg>
</arguments>
<kw name="Element Attribute Value Should Be" library="SeleniumLibrary">
<doc>Verifies element identified by ``locator`` contains expected attribute value.</doc>
<arguments>
<arg>//div[@class='tooltip tooltip-measure tooltip-measure-total']</arg>
<arg>data-geomtype</arg>
<arg>${geomType}</arg>
<arg>message=The geometry type is not "${geomType}" or it does not appear in the map. However, it should be.</arg>
</arguments>
<msg timestamp="20200706 21:31:25.920" level="INFO">Element '//div[@class='tooltip tooltip-measure tooltip-measure-total']' attribute 'data-geomtype' contains value 'Polygon'.</msg>
<status status="PASS" starttime="20200706 21:31:25.870" endtime="20200706 21:31:25.920"></status>
</kw>
<status status="PASS" starttime="20200706 21:31:25.870" endtime="20200706 21:31:25.920"></status>
</kw>
<kw name="Run Keyword And Continue On Failure" library="BuiltIn">
<doc>Runs the keyword and continues execution even if a failure occurs.</doc>
<arguments>
<arg>Element Text Should Be</arg>
<arg>//div[@class='tooltip tooltip-measure tooltip-measure-total']</arg>
<arg>${value}</arg>
<arg>message=The label's value "${value}" does not appear in the map. However, it should be appear.</arg>
</arguments>
<kw name="Element Text Should Be" library="SeleniumLibrary">
<doc>Verifies that element ``locator`` contains exact the text ``expected``.</doc>
<arguments>
<arg>//div[@class='tooltip tooltip-measure tooltip-measure-total']</arg>
<arg>${value}</arg>
<arg>message=The label's value "${value}" does not appear in the map. However, it should be appear.</arg>
</arguments>
<msg timestamp="20200706 21:31:25.920" level="INFO">Verifying element '//div[@class='tooltip tooltip-measure tooltip-measure-total']' contains exact text 'Perimeter: 6,674,465.48 meters
Area: 1,360,467,310,043.09 meters2'.</msg>
<status status="PASS" starttime="20200706 21:31:25.920" endtime="20200706 21:31:25.970"></status>
</kw>
<status status="PASS" starttime="20200706 21:31:25.920" endtime="20200706 21:31:25.970"></status>
</kw>
<kw name="Run Keyword And Continue On Failure" library="BuiltIn">
<doc>Runs the keyword and continues execution even if a failure occurs.</doc>
<arguments>
<arg>Get Text</arg>
<arg>//div[@class='tooltip tooltip-measure tooltip-measure-total']</arg>
</arguments>
<assign>
<var>${labelMeasure}</var>
</assign>
<kw name="Get Text" library="SeleniumLibrary">
<doc>Returns the text value of the element identified by ``locator``.</doc>
<arguments>
<arg>//div[@class='tooltip tooltip-measure tooltip-measure-total']</arg>
</arguments>
<status status="PASS" starttime="20200706 21:31:25.970" endtime="20200706 21:31:26.003"></status>
</kw>
<msg timestamp="20200706 21:31:26.003" level="INFO">${labelMeasure} = Perimeter: 6,674,465.48 meters
Area: 1,360,467,310,043.09 meters2</msg>
<status status="PASS" starttime="20200706 21:31:25.970" endtime="20200706 21:31:26.003"></status>
</kw>
<kw name="Log" library="BuiltIn">
<doc>Logs the given message with the given level.</doc>
<arguments>
<arg>-----&gt; The Distance of the Measurement"${geomType}" is: ${labelMeasure}</arg>
</arguments>
<msg timestamp="20200706 21:31:26.003" level="INFO">-----&gt; The Distance of the Measurement"Polygon" is: Perimeter: 6,674,465.48 meters
Area: 1,360,467,310,043.09 meters2</msg>
<status status="PASS" starttime="20200706 21:31:26.003" endtime="20200706 21:31:26.003"></status>
</kw>
<status status="PASS" starttime="20200706 21:31:25.853" endtime="20200706 21:31:26.003"></status>
</kw>
<kw name="Click On Erase Icon" library="CommonWeb">
<doc>Click on "Eraser" icon to delete the current measurement</doc>
<kw name="Wait Until Element Is Enabled" library="SeleniumLibrary">
<doc>Waits until the element ``locator`` is enabled.</doc>
<arguments>
<arg>xpath://div[@id='measureEraser']//i</arg>
<arg>timeout=7s</arg>
</arguments>
<status status="PASS" starttime="20200706 21:31:26.003" endtime="20200706 21:31:26.041"></status>
</kw>
<kw name="Click Element" library="SeleniumLibrary">
<doc>Click the element identified by ``locator``.</doc>
<arguments>
<arg>xpath://div[@id='measureEraser']//i</arg>
</arguments>
<msg timestamp="20200706 21:31:26.041" level="INFO">Clicking element 'xpath://div[@id='measureEraser']//i'.</msg>
<status status="PASS" starttime="20200706 21:31:26.041" endtime="20200706 21:31:26.102"></status>
</kw>
<kw name="Sleep" library="BuiltIn">
<doc>Pauses the test executed for the given time.</doc>
<arguments>
<arg>1s</arg>
</arguments>
<msg timestamp="20200706 21:31:27.107" level="INFO">Slept 1 second</msg>
<status status="PASS" starttime="20200706 21:31:26.102" endtime="20200706 21:31:27.107"></status>
</kw>
<status status="PASS" starttime="20200706 21:31:26.003" endtime="20200706 21:31:27.109"></status>
</kw>
<kw name="Verify Alert Text And Cancel" library="CommonWeb">
<doc>Check for the Alert message and Cancel the popup</doc>
<arguments>
<arg>Erase all measurments?</arg>
</arguments>
<kw name="Run Keyword And Continue On Failure" library="BuiltIn">
<doc>Runs the keyword and continues execution even if a failure occurs.</doc>
<arguments>
<arg>Alert Should Be Present</arg>
<arg>text=${text}</arg>
<arg>action=DISMISS</arg>
<arg>timeout=3s</arg>
</arguments>
<kw name="Alert Should Be Present" library="SeleniumLibrary">
<doc>Verifies that an alert is present and by default, accepts it.</doc>
<arguments>
<arg>text=${text}</arg>
<arg>action=DISMISS</arg>
<arg>timeout=3s</arg>
</arguments>
<kw name="No Operation" library="BuiltIn">
<doc>Does absolutely nothing.</doc>
<status status="PASS" starttime="20200706 21:31:30.161" endtime="20200706 21:31:30.161"></status>
</kw>
<msg timestamp="20200706 21:31:30.161" level="FAIL">Alert not found in 3 seconds.</msg>
<status status="FAIL" starttime="20200706 21:31:27.110" endtime="20200706 21:31:30.161"></status>
</kw>
<status status="FAIL" starttime="20200706 21:31:27.110" endtime="20200706 21:31:30.161"></status>
</kw>
<kw name="Sleep" library="BuiltIn">
<doc>Pauses the test executed for the given time.</doc>
<arguments>
<arg>1s</arg>
</arguments>
<msg timestamp="20200706 21:31:31.177" level="INFO">Slept 1 second</msg>
<status status="PASS" starttime="20200706 21:31:30.161" endtime="20200706 21:31:31.177"></status>
</kw>
<status status="FAIL" starttime="20200706 21:31:27.110" endtime="20200706 21:31:31.177"></status>
</kw>
<kw name="Delete Measure" library="CommonWeb">
<doc>Allows to delete the current measurement</doc>
<kw name="Click On Erase Icon" library="CommonWeb">
<doc>Click on "Eraser" icon to delete the current measurement</doc>
<kw name="Wait Until Element Is Enabled" library="SeleniumLibrary">
<doc>Waits until the element ``locator`` is enabled.</doc>
<arguments>
<arg>xpath://div[@id='measureEraser']//i</arg>
<arg>timeout=7s</arg>
</arguments>
<status status="PASS" starttime="20200706 21:31:31.177" endtime="20200706 21:31:31.226"></status>
</kw>
<kw name="Click Element" library="SeleniumLibrary">
<doc>Click the element identified by ``locator``.</doc>
<arguments>
<arg>xpath://div[@id='measureEraser']//i</arg>
</arguments>
<msg timestamp="20200706 21:31:31.226" level="INFO">Clicking element 'xpath://div[@id='measureEraser']//i'.</msg>
<status status="PASS" starttime="20200706 21:31:31.226" endtime="20200706 21:31:31.314"></status>
</kw>
<kw name="Sleep" library="BuiltIn">
<doc>Pauses the test executed for the given time.</doc>
<arguments>
<arg>1s</arg>
</arguments>
<msg timestamp="20200706 21:31:32.325" level="INFO">Slept 1 second</msg>
<status status="PASS" starttime="20200706 21:31:31.314" endtime="20200706 21:31:32.325"></status>
</kw>
<status status="PASS" starttime="20200706 21:31:31.177" endtime="20200706 21:31:32.325"></status>
</kw>
<kw name="Verify Alert Text And Accept" library="CommonWeb">
<doc>Check for the Alert message and Accept the popup</doc>
<arguments>
<arg>Erase all measurments?</arg>
</arguments>
<kw name="Run Keyword And Continue On Failure" library="BuiltIn">
<doc>Runs the keyword and continues execution even if a failure occurs.</doc>
<arguments>
<arg>Alert Should Be Present</arg>
<arg>text=${AlertMsg}</arg>
<arg>action=ACCEPT</arg>
<arg>timeout=3s</arg>
</arguments>
<kw name="Alert Should Be Present" library="SeleniumLibrary">
<doc>Verifies that an alert is present and by default, accepts it.</doc>
<arguments>
<arg>text=${AlertMsg}</arg>
<arg>action=ACCEPT</arg>
<arg>timeout=3s</arg>
</arguments>
<kw name="No Operation" library="BuiltIn">
<doc>Does absolutely nothing.</doc>
<status status="PASS" starttime="20200706 21:31:35.353" endtime="20200706 21:31:35.354"></status>
</kw>
<msg timestamp="20200706 21:31:35.357" level="FAIL">Alert not found in 3 seconds.</msg>
<status status="FAIL" starttime="20200706 21:31:32.325" endtime="20200706 21:31:35.357"></status>
</kw>
<status status="FAIL" starttime="20200706 21:31:32.325" endtime="20200706 21:31:35.358"></status>
</kw>
<kw name="Log" library="BuiltIn">
<doc>Logs the given message with the given level.</doc>
<arguments>
<arg>-----&gt; The Alert message is REALLY: ${AlertMsg}</arg>
</arguments>
<msg timestamp="20200706 21:31:35.359" level="INFO">-----&gt; The Alert message is REALLY: Erase all measurments?</msg>
<status status="PASS" starttime="20200706 21:31:35.359" endtime="20200706 21:31:35.360"></status>
</kw>
<kw name="Sleep" library="BuiltIn">
<doc>Pauses the test executed for the given time.</doc>
<arguments>
<arg>1s</arg>
</arguments>
<msg timestamp="20200706 21:31:36.365" level="INFO">Slept 1 second</msg>
<status status="PASS" starttime="20200706 21:31:35.361" endtime="20200706 21:31:36.366"></status>
</kw>
<status status="FAIL" starttime="20200706 21:31:32.325" endtime="20200706 21:31:36.367"></status>
</kw>
<kw name="Verify That The Measure Is Deleted" library="CommonWeb">
<doc>Check thet the "Measure distance", "Measure area (Surface Measurement andCircular Surface Measurement)" is deleted from the map</doc>
<kw name="Sleep" library="BuiltIn">
<doc>Pauses the test executed for the given time.</doc>
<arguments>
<arg>2s</arg>
</arguments>
<msg timestamp="20200706 21:31:38.370" level="INFO">Slept 2 seconds</msg>
<status status="PASS" starttime="20200706 21:31:36.369" endtime="20200706 21:31:38.370"></status>
</kw>
<kw name="Run Keyword And Continue On Failure" library="BuiltIn">
<doc>Runs the keyword and continues execution even if a failure occurs.</doc>
<arguments>
<arg>Wait Until Page Contains Element</arg>
<arg>//body[@class='jmap-prevent-overflow-scrolling']/div[@id='jmap']/div[@class='mapContainer']/div[@id='map']/div[@class='ol-viewport']/canvas[1]</arg>
<arg>10s</arg>
</arguments>
<kw name="Wait Until Page Contains Element" library="SeleniumLibrary">
<doc>Waits until the element ``locator`` appears on the current page.</doc>
<arguments>
<arg>//body[@class='jmap-prevent-overflow-scrolling']/div[@id='jmap']/div[@class='mapContainer']/div[@id='map']/div[@class='ol-viewport']/canvas[1]</arg>
<arg>10s</arg>
</arguments>
<status status="PASS" starttime="20200706 21:31:38.372" endtime="20200706 21:31:38.379"></status>
</kw>
<status status="PASS" starttime="20200706 21:31:38.371" endtime="20200706 21:31:38.379"></status>
</kw>
<kw name="Run Keyword And Continue On Failure" library="BuiltIn">
<doc>Runs the keyword and continues execution even if a failure occurs.</doc>
<arguments>
<arg>Page Should Not Contain Element</arg>
<arg>//div[@class='tooltip tooltip-measure tooltip-measure-total']</arg>
<arg>message=The Distance or Area Measurement is not deleted from the map. However, it should be deleted.</arg>
</arguments>
<kw name="Page Should Not Contain Element" library="SeleniumLibrary">
<doc>Verifies that element ``locator`` is found on the current page.</doc>
<arguments>
<arg>//div[@class='tooltip tooltip-measure tooltip-measure-total']</arg>
<arg>message=The Distance or Area Measurement is not deleted from the map. However, it should be deleted.</arg>
</arguments>
<msg timestamp="20200706 21:31:38.386" level="INFO">Current page does not contain element '//div[@class='tooltip tooltip-measure tooltip-measure-total']'.</msg>
<status status="PASS" starttime="20200706 21:31:38.380" endtime="20200706 21:31:38.386"></status>
</kw>
<status status="PASS" starttime="20200706 21:31:38.379" endtime="20200706 21:31:38.386"></status>
</kw>
<status status="PASS" starttime="20200706 21:31:36.368" endtime="20200706 21:31:38.386"></status>
</kw>
<status status="FAIL" starttime="20200706 21:31:31.177" endtime="20200706 21:31:38.387"></status>
</kw>
<status status="FAIL" starttime="20200706 21:31:19.287" endtime="20200706 21:31:38.387"></status>
</kw>
<kw name="Delete A Circular Surface Measurement">
<kw name="Create A Circular Surface Measurement" library="CommonWeb">
<arguments>
<arg>-50</arg>
<arg>50</arg>
<arg>0</arg>
<arg>0</arg>
</arguments>
<kw name="Click On Measurement Down List Arrow" library="CommonWeb">
<doc>Go to Measurement menu</doc>
<kw name="Wait Until Element Is Enabled" library="SeleniumLibrary">
<doc>Waits until the element ``locator`` is enabled.</doc>
<arguments>
<arg>xpath://div[@id='smallTrigger_measureSet']</arg>
<arg>timeout=10s</arg>
</arguments>
<status status="PASS" starttime="20200706 21:31:38.388" endtime="20200706 21:31:38.424"></status>
</kw>
<kw name="Click Element" library="SeleniumLibrary">
<doc>Click the element identified by ``locator``.</doc>
<arguments>
<arg>xpath://div[@id='smallTrigger_measureSet']</arg>
</arguments>
<msg timestamp="20200706 21:31:38.425" level="INFO">Clicking element 'xpath://div[@id='smallTrigger_measureSet']'.</msg>
<status status="PASS" starttime="20200706 21:31:38.425" endtime="20200706 21:31:38.488"></status>
</kw>
<kw name="Sleep" library="BuiltIn">
<doc>Pauses the test executed for the given time.</doc>
<arguments>
<arg>1s</arg>
</arguments>
<msg timestamp="20200706 21:31:39.493" level="INFO">Slept 1 second</msg>
<status status="PASS" starttime="20200706 21:31:38.489" endtime="20200706 21:31:39.493"></status>
</kw>
<status status="PASS" starttime="20200706 21:31:38.388" endtime="20200706 21:31:39.493"></status>
</kw>
<kw name="Select Circular Surface Measurement" library="CommonWeb">
<doc>Click on Circular Surface Measurement option after dropdown the measurement menu</doc>
<kw name="Wait Until Element Is Enabled" library="SeleniumLibrary">
<doc>Waits until the element ``locator`` is enabled.</doc>
<arguments>
<arg>xpath://div[@id='measureCircleTrigger']//i</arg>
<arg>10s</arg>
</arguments>
<status status="PASS" starttime="20200706 21:31:39.493" endtime="20200706 21:31:39.543"></status>
</kw>
<kw name="Click Element" library="SeleniumLibrary">
<doc>Click the element identified by ``locator``.</doc>
<arguments>
<arg>xpath://div[@id='measureCircleTrigger']//i</arg>
</arguments>
<msg timestamp="20200706 21:31:39.543" level="INFO">Clicking element 'xpath://div[@id='measureCircleTrigger']//i'.</msg>
<status status="PASS" starttime="20200706 21:31:39.543" endtime="20200706 21:31:39.600"></status>
</kw>
<status status="PASS" starttime="20200706 21:31:39.493" endtime="20200706 21:31:39.600"></status>
</kw>
<kw name="Verify That Text Of Circular Surface Measurement Icon Is" library="CommonWeb">
<doc>Check the links of the Circular Measurement tool</doc>
<arguments>
<arg>Circular surface measurement</arg>
</arguments>
<kw name="Wait Until Element Is Enabled" library="SeleniumLibrary">
<doc>Waits until the element ``locator`` is enabled.</doc>
<arguments>
<arg>//div[@id='measureCircleTrigger']</arg>
<arg>5s</arg>
</arguments>
<status status="PASS" starttime="20200706 21:31:39.601" endtime="20200706 21:31:39.625"></status>
</kw>
<kw name="Run Keyword And Continue On Failure" library="BuiltIn">
<doc>Runs the keyword and continues execution even if a failure occurs.</doc>
<arguments>
<arg>Element Attribute Value Should Be</arg>
<arg>//div[@id='measureCircleTrigger']</arg>
<arg>data-original-title</arg>
<arg>${iconText}</arg>
</arguments>
<kw name="Element Attribute Value Should Be" library="SeleniumLibrary">
<doc>Verifies element identified by ``locator`` contains expected attribute value.</doc>
<arguments>
<arg>//div[@id='measureCircleTrigger']</arg>
<arg>data-original-title</arg>
<arg>${iconText}</arg>
</arguments>
<msg timestamp="20200706 21:31:39.640" level="INFO">Element '//div[@id='measureCircleTrigger']' attribute 'data-original-title' contains value 'Circular surface measurement'.</msg>
<status status="PASS" starttime="20200706 21:31:39.625" endtime="20200706 21:31:39.640"></status>
</kw>
<status status="PASS" starttime="20200706 21:31:39.625" endtime="20200706 21:31:39.640"></status>
</kw>
<status status="PASS" starttime="20200706 21:31:39.601" endtime="20200706 21:31:39.640"></status>
</kw>
<kw name="Draw Circular Surface Measurement" library="CommonWeb">
<doc>Draw Circular Surface measurement on the map between two points</doc>
<arguments>
<arg>${xoffset_initial}</arg>
<arg>${yoffset_initial}</arg>
<arg>${xoffset}</arg>
<arg>${yoffset}</arg>
</arguments>
<kw name="Wait Until Element Is Enabled" library="SeleniumLibrary">
<doc>Waits until the element ``locator`` is enabled.</doc>
<arguments>
<arg>xpath://div[@id='map']</arg>
<arg>timeout=10s</arg>
</arguments>
<status status="PASS" starttime="20200706 21:31:39.640" endtime="20200706 21:31:39.660"></status>
</kw>
<kw name="Click Element At Coordinates" library="SeleniumLibrary">
<doc>Click the element ``locator`` at ``xoffset/yoffset``.</doc>
<arguments>
<arg>//div[@id='map']</arg>
<arg>${xoffset_initial}</arg>
<arg>${yoffset_initial}</arg>
</arguments>
<msg timestamp="20200706 21:31:39.660" level="INFO">Clicking element '//div[@id='map']' at coordinates x=-50, y=50.</msg>
<status status="PASS" starttime="20200706 21:31:39.660" endtime="20200706 21:31:40.247"></status>
</kw>
<kw name="Drag And Drop By Offset" library="SeleniumLibrary">
<doc>Drags the element identified with ``locator`` by ``xoffset/yoffset``.</doc>
<arguments>
<arg>//div[@id='map']</arg>
<arg>${xoffset}</arg>
<arg>${yoffset}</arg>
</arguments>
<status status="PASS" starttime="20200706 21:31:40.247" endtime="20200706 21:31:40.802"></status>
</kw>
<kw name="Sleep" library="BuiltIn">
<doc>Pauses the test executed for the given time.</doc>
<arguments>
<arg>1s</arg>
</arguments>
<msg timestamp="20200706 21:31:41.810" level="INFO">Slept 1 second</msg>
<status status="PASS" starttime="20200706 21:31:40.802" endtime="20200706 21:31:41.811"></status>
</kw>
<status status="PASS" starttime="20200706 21:31:39.640" endtime="20200706 21:31:41.811"></status>
</kw>
<status status="PASS" starttime="20200706 21:31:38.388" endtime="20200706 21:31:41.811"></status>
</kw>
<kw name="Verify That Geometry Type And Its Value Are" library="CommonWeb">
<doc>Check the type of the Measurement tool</doc>
<arguments>
<arg>Circle</arg>
<arg>Radius: 985,894.97 meters\nCircumference: 6,160,249.64 meters\nArea: 3,027,973,794,596.89 meters2</arg>
</arguments>
<kw name="Run Keyword And Continue On Failure" library="BuiltIn">
<doc>Runs the keyword and continues execution even if a failure occurs.</doc>
<arguments>
<arg>Wait Until Page Contains Element</arg>
<arg>//div[@class='tooltip tooltip-measure tooltip-measure-total']</arg>
<arg>10s</arg>
</arguments>
<kw name="Wait Until Page Contains Element" library="SeleniumLibrary">
<doc>Waits until the element ``locator`` appears on the current page.</doc>
<arguments>
<arg>//div[@class='tooltip tooltip-measure tooltip-measure-total']</arg>
<arg>10s</arg>
</arguments>
<status status="PASS" starttime="20200706 21:31:41.811" endtime="20200706 21:31:41.828"></status>
</kw>
<status status="PASS" starttime="20200706 21:31:41.811" endtime="20200706 21:31:41.828"></status>
</kw>
<kw name="Run Keyword And Continue On Failure" library="BuiltIn">
<doc>Runs the keyword and continues execution even if a failure occurs.</doc>
<arguments>
<arg>Element Attribute Value Should Be</arg>
<arg>//div[@class='tooltip tooltip-measure tooltip-measure-total']</arg>
<arg>data-geomtype</arg>
<arg>${geomType}</arg>
<arg>message=The geometry type is not "${geomType}" or it does not appear in the map. However, it should be.</arg>
</arguments>
<kw name="Element Attribute Value Should Be" library="SeleniumLibrary">
<doc>Verifies element identified by ``locator`` contains expected attribute value.</doc>
<arguments>
<arg>//div[@class='tooltip tooltip-measure tooltip-measure-total']</arg>
<arg>data-geomtype</arg>
<arg>${geomType}</arg>
<arg>message=The geometry type is not "${geomType}" or it does not appear in the map. However, it should be.</arg>
</arguments>
<msg timestamp="20200706 21:31:41.876" level="INFO">Element '//div[@class='tooltip tooltip-measure tooltip-measure-total']' attribute 'data-geomtype' contains value 'Circle'.</msg>
<status status="PASS" starttime="20200706 21:31:41.828" endtime="20200706 21:31:41.877"></status>
</kw>
<status status="PASS" starttime="20200706 21:31:41.828" endtime="20200706 21:31:41.877"></status>
</kw>
<kw name="Run Keyword And Continue On Failure" library="BuiltIn">
<doc>Runs the keyword and continues execution even if a failure occurs.</doc>
<arguments>
<arg>Element Text Should Be</arg>
<arg>//div[@class='tooltip tooltip-measure tooltip-measure-total']</arg>
<arg>${value}</arg>
<arg>message=The label's value "${value}" does not appear in the map. However, it should be appear.</arg>
</arguments>
<kw name="Element Text Should Be" library="SeleniumLibrary">
<doc>Verifies that element ``locator`` contains exact the text ``expected``.</doc>
<arguments>
<arg>//div[@class='tooltip tooltip-measure tooltip-measure-total']</arg>
<arg>${value}</arg>
<arg>message=The label's value "${value}" does not appear in the map. However, it should be appear.</arg>
</arguments>
<msg timestamp="20200706 21:31:41.878" level="INFO">Verifying element '//div[@class='tooltip tooltip-measure tooltip-measure-total']' contains exact text 'Radius: 985,894.97 meters
Circumference: 6,160,249.64 meters
Area: 3,027,973,794,596.89 meters2'.</msg>
<status status="PASS" starttime="20200706 21:31:41.878" endtime="20200706 21:31:41.928"></status>
</kw>
<status status="PASS" starttime="20200706 21:31:41.878" endtime="20200706 21:31:41.928"></status>
</kw>
<kw name="Run Keyword And Continue On Failure" library="BuiltIn">
<doc>Runs the keyword and continues execution even if a failure occurs.</doc>
<arguments>
<arg>Get Text</arg>
<arg>//div[@class='tooltip tooltip-measure tooltip-measure-total']</arg>
</arguments>
<assign>
<var>${labelMeasure}</var>
</assign>
<kw name="Get Text" library="SeleniumLibrary">
<doc>Returns the text value of the element identified by ``locator``.</doc>
<arguments>
<arg>//div[@class='tooltip tooltip-measure tooltip-measure-total']</arg>
</arguments>
<status status="PASS" starttime="20200706 21:31:41.928" endtime="20200706 21:31:41.963"></status>
</kw>
<msg timestamp="20200706 21:31:41.963" level="INFO">${labelMeasure} = Radius: 985,894.97 meters
Circumference: 6,160,249.64 meters
Area: 3,027,973,794,596.89 meters2</msg>
<status status="PASS" starttime="20200706 21:31:41.928" endtime="20200706 21:31:41.963"></status>
</kw>
<kw name="Log" library="BuiltIn">
<doc>Logs the given message with the given level.</doc>
<arguments>
<arg>-----&gt; The Distance of the Measurement"${geomType}" is: ${labelMeasure}</arg>
</arguments>
<msg timestamp="20200706 21:31:41.963" level="INFO">-----&gt; The Distance of the Measurement"Circle" is: Radius: 985,894.97 meters
Circumference: 6,160,249.64 meters
Area: 3,027,973,794,596.89 meters2</msg>
<status status="PASS" starttime="20200706 21:31:41.963" endtime="20200706 21:31:41.963"></status>
</kw>
<status status="PASS" starttime="20200706 21:31:41.811" endtime="20200706 21:31:41.963"></status>
</kw>
<kw name="Click On Erase Icon" library="CommonWeb">
<doc>Click on "Eraser" icon to delete the current measurement</doc>
<kw name="Wait Until Element Is Enabled" library="SeleniumLibrary">
<doc>Waits until the element ``locator`` is enabled.</doc>
<arguments>
<arg>xpath://div[@id='measureEraser']//i</arg>
<arg>timeout=7s</arg>
</arguments>
<status status="PASS" starttime="20200706 21:31:41.963" endtime="20200706 21:31:42.009"></status>
</kw>
<kw name="Click Element" library="SeleniumLibrary">
<doc>Click the element identified by ``locator``.</doc>
<arguments>
<arg>xpath://div[@id='measureEraser']//i</arg>
</arguments>
<msg timestamp="20200706 21:31:42.009" level="INFO">Clicking element 'xpath://div[@id='measureEraser']//i'.</msg>
<status status="PASS" starttime="20200706 21:31:42.009" endtime="20200706 21:31:42.075"></status>
</kw>
<kw name="Sleep" library="BuiltIn">
<doc>Pauses the test executed for the given time.</doc>
<arguments>
<arg>1s</arg>
</arguments>
<msg timestamp="20200706 21:31:43.082" level="INFO">Slept 1 second</msg>
<status status="PASS" starttime="20200706 21:31:42.075" endtime="20200706 21:31:43.083"></status>
</kw>
<status status="PASS" starttime="20200706 21:31:41.963" endtime="20200706 21:31:43.083"></status>
</kw>
<kw name="Verify Alert Text And Cancel" library="CommonWeb">
<doc>Check for the Alert message and Cancel the popup</doc>
<arguments>
<arg>Erase all measurments?</arg>
</arguments>
<kw name="Run Keyword And Continue On Failure" library="BuiltIn">
<doc>Runs the keyword and continues execution even if a failure occurs.</doc>
<arguments>
<arg>Alert Should Be Present</arg>
<arg>text=${text}</arg>
<arg>action=DISMISS</arg>
<arg>timeout=3s</arg>
</arguments>
<kw name="Alert Should Be Present" library="SeleniumLibrary">
<doc>Verifies that an alert is present and by default, accepts it.</doc>
<arguments>
<arg>text=${text}</arg>
<arg>action=DISMISS</arg>
<arg>timeout=3s</arg>
</arguments>
<kw name="No Operation" library="BuiltIn">
<doc>Does absolutely nothing.</doc>
<status status="PASS" starttime="20200706 21:31:46.167" endtime="20200706 21:31:46.167"></status>
</kw>
<msg timestamp="20200706 21:31:46.167" level="FAIL">Alert not found in 3 seconds.</msg>
<status status="FAIL" starttime="20200706 21:31:43.087" endtime="20200706 21:31:46.167"></status>
</kw>
<status status="FAIL" starttime="20200706 21:31:43.083" endtime="20200706 21:31:46.167"></status>
</kw>
<kw name="Sleep" library="BuiltIn">
<doc>Pauses the test executed for the given time.</doc>
<arguments>
<arg>1s</arg>
</arguments>
<msg timestamp="20200706 21:31:47.172" level="INFO">Slept 1 second</msg>
<status status="PASS" starttime="20200706 21:31:46.167" endtime="20200706 21:31:47.173"></status>
</kw>
<status status="FAIL" starttime="20200706 21:31:43.083" endtime="20200706 21:31:47.174"></status>
</kw>
<kw name="Delete Measure" library="CommonWeb">
<doc>Allows to delete the current measurement</doc>
<kw name="Click On Erase Icon" library="CommonWeb">
<doc>Click on "Eraser" icon to delete the current measurement</doc>
<kw name="Wait Until Element Is Enabled" library="SeleniumLibrary">
<doc>Waits until the element ``locator`` is enabled.</doc>
<arguments>
<arg>xpath://div[@id='measureEraser']//i</arg>
<arg>timeout=7s</arg>
</arguments>
<status status="PASS" starttime="20200706 21:31:47.177" endtime="20200706 21:31:47.237"></status>
</kw>
<kw name="Click Element" library="SeleniumLibrary">
<doc>Click the element identified by ``locator``.</doc>
<arguments>
<arg>xpath://div[@id='measureEraser']//i</arg>
</arguments>
<msg timestamp="20200706 21:31:47.239" level="INFO">Clicking element 'xpath://div[@id='measureEraser']//i'.</msg>
<status status="PASS" starttime="20200706 21:31:47.237" endtime="20200706 21:31:47.342"></status>
</kw>
<kw name="Sleep" library="BuiltIn">
<doc>Pauses the test executed for the given time.</doc>
<arguments>
<arg>1s</arg>
</arguments>
<msg timestamp="20200706 21:31:48.360" level="INFO">Slept 1 second</msg>
<status status="PASS" starttime="20200706 21:31:47.343" endtime="20200706 21:31:48.360"></status>
</kw>
<status status="PASS" starttime="20200706 21:31:47.176" endtime="20200706 21:31:48.360"></status>
</kw>
<kw name="Verify Alert Text And Accept" library="CommonWeb">
<doc>Check for the Alert message and Accept the popup</doc>
<arguments>
<arg>Erase all measurments?</arg>
</arguments>
<kw name="Run Keyword And Continue On Failure" library="BuiltIn">
<doc>Runs the keyword and continues execution even if a failure occurs.</doc>
<arguments>
<arg>Alert Should Be Present</arg>
<arg>text=${AlertMsg}</arg>
<arg>action=ACCEPT</arg>
<arg>timeout=3s</arg>
</arguments>
<kw name="Alert Should Be Present" library="SeleniumLibrary">
<doc>Verifies that an alert is present and by default, accepts it.</doc>
<arguments>
<arg>text=${AlertMsg}</arg>
<arg>action=ACCEPT</arg>
<arg>timeout=3s</arg>
</arguments>
<kw name="No Operation" library="BuiltIn">
<doc>Does absolutely nothing.</doc>
<status status="PASS" starttime="20200706 21:31:51.445" endtime="20200706 21:31:51.447"></status>
</kw>
<msg timestamp="20200706 21:31:51.450" level="FAIL">Alert not found in 3 seconds.</msg>
<status status="FAIL" starttime="20200706 21:31:48.360" endtime="20200706 21:31:51.450"></status>
</kw>
<status status="FAIL" starttime="20200706 21:31:48.360" endtime="20200706 21:31:51.450"></status>
</kw>
<kw name="Log" library="BuiltIn">
<doc>Logs the given message with the given level.</doc>
<arguments>
<arg>-----&gt; The Alert message is REALLY: ${AlertMsg}</arg>
</arguments>
<msg timestamp="20200706 21:31:51.450" level="INFO">-----&gt; The Alert message is REALLY: Erase all measurments?</msg>
<status status="PASS" starttime="20200706 21:31:51.450" endtime="20200706 21:31:51.450"></status>
</kw>
<kw name="Sleep" library="BuiltIn">
<doc>Pauses the test executed for the given time.</doc>
<arguments>
<arg>1s</arg>
</arguments>
<msg timestamp="20200706 21:31:52.451" level="INFO">Slept 1 second</msg>
<status status="PASS" starttime="20200706 21:31:51.450" endtime="20200706 21:31:52.451"></status>
</kw>
<status status="FAIL" starttime="20200706 21:31:48.360" endtime="20200706 21:31:52.451"></status>
</kw>
<kw name="Verify That The Measure Is Deleted" library="CommonWeb">
<doc>Check thet the "Measure distance", "Measure area (Surface Measurement andCircular Surface Measurement)" is deleted from the map</doc>
<kw name="Sleep" library="BuiltIn">
<doc>Pauses the test executed for the given time.</doc>
<arguments>
<arg>2s</arg>
</arguments>
<msg timestamp="20200706 21:31:54.460" level="INFO">Slept 2 seconds</msg>
<status status="PASS" starttime="20200706 21:31:52.455" endtime="20200706 21:31:54.460"></status>
</kw>
<kw name="Run Keyword And Continue On Failure" library="BuiltIn">
<doc>Runs the keyword and continues execution even if a failure occurs.</doc>
<arguments>
<arg>Wait Until Page Contains Element</arg>
<arg>//body[@class='jmap-prevent-overflow-scrolling']/div[@id='jmap']/div[@class='mapContainer']/div[@id='map']/div[@class='ol-viewport']/canvas[1]</arg>
<arg>10s</arg>
</arguments>
<kw name="Wait Until Page Contains Element" library="SeleniumLibrary">
<doc>Waits until the element ``locator`` appears on the current page.</doc>
<arguments>
<arg>//body[@class='jmap-prevent-overflow-scrolling']/div[@id='jmap']/div[@class='mapContainer']/div[@id='map']/div[@class='ol-viewport']/canvas[1]</arg>
<arg>10s</arg>
</arguments>
<status status="PASS" starttime="20200706 21:31:54.461" endtime="20200706 21:31:54.477"></status>
</kw>
<status status="PASS" starttime="20200706 21:31:54.461" endtime="20200706 21:31:54.477"></status>
</kw>
<kw name="Run Keyword And Continue On Failure" library="BuiltIn">
<doc>Runs the keyword and continues execution even if a failure occurs.</doc>
<arguments>
<arg>Page Should Not Contain Element</arg>
<arg>//div[@class='tooltip tooltip-measure tooltip-measure-total']</arg>
<arg>message=The Distance or Area Measurement is not deleted from the map. However, it should be deleted.</arg>
</arguments>
<kw name="Page Should Not Contain Element" library="SeleniumLibrary">
<doc>Verifies that element ``locator`` is found on the current page.</doc>
<arguments>
<arg>//div[@class='tooltip tooltip-measure tooltip-measure-total']</arg>
[...]
<status status="PASS" starttime="20200706 21:32:11.675" endtime="20200706 21:32:11.677"></status>
</kw>
<kw name="Log To Console" library="BuiltIn">
<doc>Logs the given message to the console.</doc>
<arguments>
<arg>Token : ${Base64Token}</arg>
</arguments>
<status status="PASS" starttime="20200706 21:32:11.677" endtime="20200706 21:32:11.677"></status>
</kw>
<kw name="Get" library="REST">
<tags>
<tag>http</tag>
</tags>
<doc>*Sends a GET request to the endpoint.*</doc>
<arguments>
<arg>https://k2geospatial.atlassian.net/rest/api/2/issue/${pticketKey}?fields=status,summary</arg>
<arg>headers={ "Authorization": "Basic ${Base64Token}", "Content-Type": "application/json" }</arg>
</arguments>
<assign>
<var>${JSONFile}</var>
</assign>
<msg timestamp="20200706 21:32:12.168" level="INFO">${JSONFile} = {'seconds': 0.48194099999999995, 'status': 200, 'body': {'expand': 'renderedFields,names,schema,operations,editmeta,changelog,versionedRepresentations', 'id': '79032', 'self': 'https://k2geospatial.at...</msg>
<status status="PASS" starttime="20200706 21:32:11.678" endtime="20200706 21:32:12.168"></status>
</kw>
<kw name="Log" library="BuiltIn">
<doc>Logs the given message with the given level.</doc>
<arguments>
<arg>\n${JSONFile}</arg>
<arg>console=yes</arg>
</arguments>
<msg timestamp="20200706 21:32:12.169" level="INFO">
{'seconds': 0.48194099999999995, 'status': 200, 'body': {'expand': 'renderedFields,names,schema,operations,editmeta,changelog,versionedRepresentations', 'id': '79032', 'self': 'https://k2geospatial.atlassian.net/rest/api/2/issue/79032', 'key': 'TFIFT-9469', 'fields': {'summary': 'JMap Web : Add a way to delete only selected measurements.', 'status': {'self': 'https://k2geospatial.atlassian.net/rest/api/2/status/1', 'description': 'The issue is open and ready for the assignee to start work on it.', 'iconUrl': 'https://k2geospatial.atlassian.net/images/icons/statuses/open.png', 'name': 'Open', 'id': '1', 'statusCategory': {'self': 'https://k2geospatial.atlassian.net/rest/api/2/statuscategory/2', 'id': 2, 'key': 'new', 'colorName': 'blue-gray', 'name': 'To Do'}}}}, 'headers': {'Server': 'AtlassianProxy/1.15.8.1', 'Vary': 'Accept-Encoding', 'Cache-Control': 'no-cache, no-store, no-transform', 'Content-Type': 'application/json;charset=UTF-8', 'Content-Encoding': 'gzip', 'Strict-Transport-Security': 'max-age=315360000; includeSubDomains; preload', 'Date': 'Tue, 07 Jul 2020 01:32:12 GMT', 'ATL-TraceId': '114a69afa17dbf47', 'X-AREQUESTID': '84ee854b-8511-4340-96bc-6d8ec1fcf6d3', 'X-AACCOUNTID': '5cd060a509c5fa0fd9fa9451', 'X-XSS-Protection': '1; mode=block', 'Transfer-Encoding': 'chunked', 'Timing-Allow-Origin': '*', 'X-Content-Type-Options': 'nosniff', 'Micros-Issuer': 'micros/edge-authenticator', 'Connection': 'keep-alive', 'Set-Cookie': 'atlassian.xsrf.token=BVZI-RIQN-3AUP-J6IC_2788f60a144f24e09b23695adc5a705aed7a37d5_lin; Path=/; Secure', 'Expect-CT': 'report-uri="https://web-security-reports.services.atlassian.com/expect-ct-report/global-proxy", enforce, max-age=86400'}}</msg>
<status status="PASS" starttime="20200706 21:32:12.169" endtime="20200706 21:32:12.169"></status>
</kw>
<kw name="Run Keyword If" library="BuiltIn">
<doc>Runs the given keyword with the given arguments, if ``condition`` is true.</doc>
<arguments>
<arg>'${JSONFile['status']}'=='200'</arg>
<arg>Log</arg>
<arg>-----&gt; Jira is connected successfully</arg>
<arg>console=yes</arg>
<arg>ELSE</arg>
<arg>Log</arg>
<arg>-----&gt; Jira is not connected</arg>
<arg>console=yes</arg>
</arguments>
<kw name="Log" library="BuiltIn">
<doc>Logs the given message with the given level.</doc>
<arguments>
<arg>-----&gt; Jira is connected successfully</arg>
<arg>console=yes</arg>
</arguments>
<msg timestamp="20200706 21:32:12.171" level="INFO">-----&gt; Jira is connected successfully</msg>
<status status="PASS" starttime="20200706 21:32:12.171" endtime="20200706 21:32:12.171"></status>
</kw>
<status status="PASS" starttime="20200706 21:32:12.170" endtime="20200706 21:32:12.172"></status>
</kw>
<kw name="Set Variable" library="BuiltIn">
<doc>Returns the given values which can then be assigned to a variables.</doc>
<arguments>
<arg>${JSONFile['body']['key']}</arg>
</arguments>
<assign>
<var>${key}</var>
</assign>
<msg timestamp="20200706 21:32:12.172" level="INFO">${key} = TFIFT-9469</msg>
<status status="PASS" starttime="20200706 21:32:12.172" endtime="20200706 21:32:12.172"></status>
</kw>
<kw name="Set Variable" library="BuiltIn">
<doc>Returns the given values which can then be assigned to a variables.</doc>
<arguments>
<arg>${JSONFile['body']['fields']['summary']}</arg>
</arguments>
<assign>
<var>${summary}</var>
</assign>
<msg timestamp="20200706 21:32:12.172" level="INFO">${summary} = JMap Web : Add a way to delete only selected measurements.</msg>
<status status="PASS" starttime="20200706 21:32:12.172" endtime="20200706 21:32:12.172"></status>
</kw>
<kw name="Set Variable" library="BuiltIn">
<doc>Returns the given values which can then be assigned to a variables.</doc>
<arguments>
<arg>${JSONFile['body']['fields']['status']['name']}</arg>
</arguments>
<assign>
<var>${status}</var>
</assign>
<msg timestamp="20200706 21:32:12.174" level="INFO">${status} = Open</msg>
<status status="PASS" starttime="20200706 21:32:12.172" endtime="20200706 21:32:12.174"></status>
</kw>
<kw name="Log To Console" library="BuiltIn">
<doc>Logs the given message to the console.</doc>
<arguments>
<arg>Key : ${key}</arg>
</arguments>
<status status="PASS" starttime="20200706 21:32:12.174" endtime="20200706 21:32:12.174"></status>
</kw>
<kw name="Log To Console" library="BuiltIn">
<doc>Logs the given message to the console.</doc>
<arguments>
<arg>Summary : ${summary}</arg>
</arguments>
<status status="PASS" starttime="20200706 21:32:12.174" endtime="20200706 21:32:12.175"></status>
</kw>
<kw name="Log To Console" library="BuiltIn">
<doc>Logs the given message to the console.</doc>
<arguments>
<arg>name : ${status}</arg>
</arguments>
<status status="PASS" starttime="20200706 21:32:12.175" endtime="20200706 21:32:12.175"></status>
</kw>
<kw name="Create List" library="BuiltIn">
<doc>Returns a list containing given items.</doc>
<arguments>
<arg>${key}</arg>
<arg>${summary}</arg>
<arg>${status}</arg>
</arguments>
<assign>
<var>@{JiraTicketStatus}</var>
</assign>
<msg timestamp="20200706 21:32:12.175" level="INFO">@{JiraTicketStatus} = [ TFIFT-9469 | JMap Web : Add a way to delete only selected measurements. | Open ]</msg>
<status status="PASS" starttime="20200706 21:32:12.175" endtime="20200706 21:32:12.175"></status>
</kw>
<kw name="Log" library="BuiltIn">
<doc>Logs the given message with the given level.</doc>
<arguments>
<arg>-----&gt; Jira Ticket Status: ${JiraTicketStatus}</arg>
<arg>console=yes</arg>
</arguments>
<msg timestamp="20200706 21:32:12.177" level="INFO">-----&gt; Jira Ticket Status: ['TFIFT-9469', 'JMap Web : Add a way to delete only selected measurements.', 'Open']</msg>
<status status="PASS" starttime="20200706 21:32:12.177" endtime="20200706 21:32:12.177"></status>
</kw>
<msg timestamp="20200706 21:32:12.177" level="INFO">@{JiraTicketStatus} = [ TFIFT-9469 | JMap Web : Add a way to delete only selected measurements. | Open ]</msg>
<status status="PASS" starttime="20200706 21:32:11.670" endtime="20200706 21:32:12.177"></status>
</kw>
<kw name="Run Keyword If" library="BuiltIn">
<doc>Runs the given keyword with the given arguments, if ``condition`` is true.</doc>
<arguments>
<arg>'${JiraTicketStatus[2]}' != 'Done' and '${JiraTicketStatus[2]}' != 'Closed' and '${JiraTicketStatus[2]}' != 'Fini' and '${JiraTicketStatus[2]}' != 'Fermée'</arg>
<arg>Append To List</arg>
<arg>${notesNotClosed}</arg>
<arg>${Key} ${JiraTicketStatus[1]}</arg>
</arguments>
<kw name="Append To List" library="Collections">
<doc>Adds ``values`` to the end of ``list``.</doc>
<arguments>
<arg>${notesNotClosed}</arg>
<arg>${Key} ${JiraTicketStatus[1]}</arg>
</arguments>
<status status="PASS" starttime="20200706 21:32:12.178" endtime="20200706 21:32:12.178"></status>
</kw>
<status status="PASS" starttime="20200706 21:32:12.177" endtime="20200706 21:32:12.178"></status>
</kw>
<status status="PASS" starttime="20200706 21:32:11.670" endtime="20200706 21:32:12.178"></status>
</kw>
<status status="PASS" starttime="20200706 21:32:08.895" endtime="20200706 21:32:12.179"></status>
</kw>
<kw name="Log" library="BuiltIn">
<doc>Logs the given message with the given level.</doc>
<arguments>
<arg>-----&gt; Notes not closed: ${notesNotClosed}</arg>
<arg>console=yes</arg>
</arguments>
<msg timestamp="20200706 21:32:12.179" level="INFO">-----&gt; Notes not closed: ['TFIFT-9720 JMap Web : Add a confirmation message when deleting a measurement', 'TFIFT-9469 JMap Web : Add a way to delete only selected measurements.']</msg>
<status status="PASS" starttime="20200706 21:32:12.179" endtime="20200706 21:32:12.179"></status>
</kw>
<kw name="Set Variable" library="BuiltIn">
<doc>Returns the given values which can then be assigned to a variables.</doc>
<assign>
<var>${NotesString}</var>
</assign>
<msg timestamp="20200706 21:32:12.180" level="INFO">${NotesString} = </msg>
<status status="PASS" starttime="20200706 21:32:12.179" endtime="20200706 21:32:12.180"></status>
</kw>
<kw name="${line} IN [ @{notesNotClosed} ]" type="for">
<kw name="${line} = TFIFT-9720 JMap Web : Add a confirmation message when deleting a measurement" type="foritem">
<kw name="Log" library="BuiltIn">
<doc>Logs the given message with the given level.</doc>
<arguments>
<arg>${line}</arg>
<arg>console=yes</arg>
</arguments>
<msg timestamp="20200706 21:32:12.181" level="INFO">TFIFT-9720 JMap Web : Add a confirmation message when deleting a measurement</msg>
<status status="PASS" starttime="20200706 21:32:12.181" endtime="20200706 21:32:12.181"></status>
</kw>
<kw name="Set Variable" library="BuiltIn">
<doc>Returns the given values which can then be assigned to a variables.</doc>
<arguments>
<arg>${NotesString}${line}\n</arg>
</arguments>
<assign>
<var>${NotesString}</var>
</assign>
<msg timestamp="20200706 21:32:12.181" level="INFO">${NotesString} = TFIFT-9720 JMap Web : Add a confirmation message when deleting a measurement
</msg>
<status status="PASS" starttime="20200706 21:32:12.181" endtime="20200706 21:32:12.182"></status>
</kw>
<status status="PASS" starttime="20200706 21:32:12.181" endtime="20200706 21:32:12.182"></status>
</kw>
<kw name="${line} = TFIFT-9469 JMap Web : Add a way to delete only selected measurements." type="foritem">
<kw name="Log" library="BuiltIn">
<doc>Logs the given message with the given level.</doc>
<arguments>
<arg>${line}</arg>
<arg>console=yes</arg>
</arguments>
<msg timestamp="20200706 21:32:12.182" level="INFO">TFIFT-9469 JMap Web : Add a way to delete only selected measurements.</msg>
<status status="PASS" starttime="20200706 21:32:12.182" endtime="20200706 21:32:12.182"></status>
</kw>
<kw name="Set Variable" library="BuiltIn">
<doc>Returns the given values which can then be assigned to a variables.</doc>
<arguments>
<arg>${NotesString}${line}\n</arg>
</arguments>
<assign>
<var>${NotesString}</var>
</assign>
<msg timestamp="20200706 21:32:12.183" level="INFO">${NotesString} = TFIFT-9720 JMap Web : Add a confirmation message when deleting a measurement
TFIFT-9469 JMap Web : Add a way to delete only selected measurements.
</msg>
<status status="PASS" starttime="20200706 21:32:12.183" endtime="20200706 21:32:12.183"></status>
</kw>
<status status="PASS" starttime="20200706 21:32:12.182" endtime="20200706 21:32:12.183"></status>
</kw>
<status status="PASS" starttime="20200706 21:32:12.181" endtime="20200706 21:32:12.183"></status>
</kw>
<status status="PASS" starttime="20200706 21:32:08.821" endtime="20200706 21:32:12.184"></status>
</kw>
<msg timestamp="20200706 21:32:12.184" level="INFO">${lastExecutionNotes} = TFIFT-9720 JMap Web : Add a confirmation message when deleting a measurement
TFIFT-9469 JMap Web : Add a way to delete only selected measurements.
</msg>
<status status="PASS" starttime="20200706 21:32:08.820" endtime="20200706 21:32:12.184"></status>
</kw>
<kw name="Run Keyword And Return Status" library="BuiltIn">
<doc>Runs the given keyword with given arguments and returns the status as a Boolean value.</doc>
<arguments>
<arg>Should Be Equal</arg>
<arg>${lastExecutionNotes}</arg>
<arg>${EMPTY}</arg>
</arguments>
<assign>
<var>${isEmpty}</var>
</assign>
<kw name="Should Be Equal" library="BuiltIn">
<doc>Fails if the given objects are unequal.</doc>
<arguments>
<arg>${lastExecutionNotes}</arg>
<arg>${EMPTY}</arg>
</arguments>
<msg timestamp="20200706 21:32:12.185" level="FAIL">TFIFT-9720 JMap Web : Add a confirmation message when deleting a measurement
TFIFT-9469 JMap Web : Add a way to delete only selected measurements.
 != </msg>
<status status="FAIL" starttime="20200706 21:32:12.185" endtime="20200706 21:32:12.185"></status>
</kw>
<msg timestamp="20200706 21:32:12.185" level="INFO">${isEmpty} = False</msg>
<status status="PASS" starttime="20200706 21:32:12.185" endtime="20200706 21:32:12.186"></status>
</kw>
<kw name="Set Variable" library="BuiltIn">
<doc>Returns the given values which can then be assigned to a variables.</doc>
<arguments>
<arg>AUTOMATED TEST FAILED AND LAST EXECUTION TEST</arg>
</arguments>
<assign>
<var>${notesFinal}</var>
</assign>
<msg timestamp="20200706 21:32:12.186" level="INFO">${notesFinal} = AUTOMATED TEST FAILED AND LAST EXECUTION TEST</msg>
<status status="PASS" starttime="20200706 21:32:12.186" endtime="20200706 21:32:12.186"></status>
</kw>
<kw name="Run Keyword If" library="BuiltIn">
<doc>Runs the given keyword with the given arguments, if ``condition`` is true.</doc>
<arguments>
<arg>'${status}'=='p'</arg>
<arg>Set Variable</arg>
<arg>${notesFinal} PASSED</arg>
<arg>ELSE</arg>
<arg>Set Variable</arg>
<arg>${notesFinal} FAILED</arg>
</arguments>
<assign>
<var>${notesFinal}</var>
</assign>
<kw name="Set Variable" library="BuiltIn">
<doc>Returns the given values which can then be assigned to a variables.</doc>
<arguments>
<arg>${notesFinal} FAILED</arg>
</arguments>
<status status="PASS" starttime="20200706 21:32:12.187" endtime="20200706 21:32:12.187"></status>
</kw>
<msg timestamp="20200706 21:32:12.188" level="INFO">${notesFinal} = AUTOMATED TEST FAILED AND LAST EXECUTION TEST FAILED</msg>
<status status="PASS" starttime="20200706 21:32:12.186" endtime="20200706 21:32:12.188"></status>
</kw>
<kw name="Set Variable If" library="BuiltIn">
<doc>Sets variable based on the given condition.</doc>
<arguments>
<arg>'${isIssueInList}'=='${False}' or '${isEmpty}' == '${True}'</arg>
<arg>${notesFinal}</arg>
<arg>'${isIssueInList}'=='${True}' and '${isEmpty}' != '${True}'</arg>
<arg>${notesFinal}\nKnown Associated Issues:\n${lastExecutionNotes}</arg>
</arguments>
<assign>
<var>${notesFinal}</var>
</assign>
<kw name="Set Variable If" library="BuiltIn">
<doc>Sets variable based on the given condition.</doc>
<arguments>
<arg>'${isIssueInList}'=='${True}' and '${isEmpty}' != '${True}'</arg>
<arg>${notesFinal}\nKnown Associated Issues:\n${lastExecutionNotes}</arg>
</arguments>
<status status="PASS" starttime="20200706 21:32:12.188" endtime="20200706 21:32:12.189"></status>
</kw>
<msg timestamp="20200706 21:32:12.190" level="INFO">${notesFinal} = AUTOMATED TEST FAILED AND LAST EXECUTION TEST FAILED
Known Associated Issues:
TFIFT-9720 JMap Web : Add a confirmation message when deleting a measurement
TFIFT-9469 JMap Web : Add a way to delete onl...</msg>
<status status="PASS" starttime="20200706 21:32:12.188" endtime="20200706 21:32:12.190"></status>
</kw>
<kw name="Call Api Method" library="TestlinkAPILibrary">
<doc>Calls a TestLink API method and returns TestLinks server response.</doc>
<arguments>
<arg>reportTCResult</arg>
<arg>${testCaseID}</arg>
<arg>${testPlanID}</arg>
<arg>${latestBuildNAME}</arg>
<arg>f</arg>
<arg>${notesFinal}</arg>
<arg>execduration=${Elapsed}</arg>
</arguments>
<status status="PASS" starttime="20200706 21:32:12.190" endtime="20200706 21:32:12.457"></status>
</kw>
<status status="PASS" starttime="20200706 21:32:08.796" endtime="20200706 21:32:12.458"></status>
</kw>
<status status="PASS" starttime="20200706 21:32:08.795" endtime="20200706 21:32:12.459"></status>
</kw>
<status status="PASS" starttime="20200706 21:32:08.765" endtime="20200706 21:32:12.460"></status>
</kw>
<status status="PASS" starttime="20200706 21:32:08.765" endtime="20200706 21:32:12.460"></status>
</kw>
<status status="PASS" starttime="20200706 21:32:04.789" endtime="20200706 21:32:12.461"></status>
</kw>
<status status="PASS" starttime="20200706 21:32:04.788" endtime="20200706 21:32:12.461"></status>
</kw>
<status status="PASS" starttime="20200706 21:31:57.976" endtime="20200706 21:32:12.462"></status>
</kw>
<status status="PASS" starttime="20200706 21:31:54.495" endtime="20200706 21:32:12.462"></status>
</kw>
<tags>
<tag>Time Out</tag>
</tags>
<status status="FAIL" starttime="20200706 21:30:52.206" endtime="20200706 21:32:12.462" critical="yes">*HTML* Several failures occurred:

1) Alert not found in 3 seconds.

2) Alert not found in 3 seconds.

3) Alert not found in 3 seconds.

4) Alert not found in 3 seconds.

5) Alert not found in 3 seconds.

6) Alert not found in 3 seconds. &lt;br/&gt;&lt;b&gt;Link:&lt;/b&gt; &lt;a href='https://k2geospatial.atlassian.net/browse/TFIFT-9720'&gt;Jira Issue : TFIFT-9720&lt;/a&gt;&lt;br/&gt; &lt;br/&gt;&lt;b&gt;Link:&lt;/b&gt; &lt;a href='https://k2geospatial.atlassian.net/browse/TFIFT-9469'&gt;Jira Issue : TFIFT-9469&lt;/a&gt;&lt;br/&gt;</status>
</test>
<doc>Draw Measurement Test cases</doc>
<metadata>
<item name="author">Mordjane Boussad</item>
</metadata>
<status status="FAIL" starttime="20200706 21:30:51.531" endtime="20200706 21:32:12.463"></status>
</suite>
<status status="FAIL" starttime="20200706 21:30:51.530" endtime="20200706 21:32:12.465"></status>
</suite>
<status status="FAIL" starttime="20200706 21:30:51.527" endtime="20200706 21:32:12.466"></status>
</suite>
<status status="FAIL" starttime="20200706 21:30:51.525" endtime="20200706 21:32:12.468"></status>
</suite>
<status status="FAIL" starttime="20200706 21:30:51.524" endtime="20200706 21:32:12.469"></status>
</suite>
<status status="FAIL" starttime="20200706 21:30:51.506" endtime="20200706 21:32:12.470"></status>
</suite>
<statistics>
<total>
<stat pass="0" fail="1">Critical Tests</stat>
<stat pass="0" fail="1">All Tests</stat>
</total>
<tag>
<stat pass="0" fail="1">Time Out</stat>
</tag>
<suite>
<stat pass="0" fail="1" id="s1" name="JMapJenkinsTests">JMapJenkinsTests</stat>
<stat pass="0" fail="1" id="s1-s1" name="Tests">JMapJenkinsTests.Tests</stat>
<stat pass="0" fail="1" id="s1-s1-s1" name="Jmap 7.0">JMapJenkinsTests.Tests.Jmap 7.0</stat>
<stat pass="0" fail="1" id="s1-s1-s1-s1" name="jmapWeb">JMapJenkinsTests.Tests.Jmap 7.0.jmapWeb</stat>
<stat pass="0" fail="1" id="s1-s1-s1-s1-s1" name="Measurement">JMapJenkinsTests.Tests.Jmap 7.0.jmapWeb.Measurement</stat>
<stat pass="0" fail="1" id="s1-s1-s1-s1-s1-s1" name="MeasurementsTests">JMapJenkinsTests.Tests.Jmap 7.0.jmapWeb.Measurement.MeasurementsTests</stat>
</suite>
</statistics>
<errors>
<msg timestamp="20200706 21:30:51.740" level="WARN">Error in file 'C:\Users\mbous\eclipse-workspace\JMapJenkinsTests\common\admin\CommonKeywords.robot': Escaping empty cells with '\' before line continuation marker '...' is deprecated. Remove escaping before Robot Framework 3.2.</msg>
<msg timestamp="20200706 21:30:51.740" level="WARN">Error in file 'C:\Users\mbous\eclipse-workspace\JMapJenkinsTests\common\admin\CommonKeywords.robot': Escaping empty cells with '\' before line continuation marker '...' is deprecated. Remove escaping before Robot Framework 3.2.</msg>
<msg timestamp="20200706 21:30:51.740" level="WARN">Error in file 'C:\Users\mbous\eclipse-workspace\JMapJenkinsTests\common\admin\CommonKeywords.robot': Escaping empty cells with '\' before line continuation marker '...' is deprecated. Remove escaping before Robot Framework 3.2.</msg>
</errors>
</robot>
