<?xml version="1.0" encoding="UTF-8"?>
<robot generator="Robot 3.1.2 (Python 3.7.3 on win32)" generated="20200415 10:38:54.733" rpa="false">
<suite id="s1" name="JMapJenkinsTests" source="C:\Users\mbous\eclipse-workspace\JMapJenkinsTests">
<suite id="s1-s1" name="Tests" source="C:\Users\mbous\eclipse-workspace\JMapJenkinsTests\tests">
<suite id="s1-s1-s1" name="Jmap 7.0" source="C:\Users\mbous\eclipse-workspace\JMapJenkinsTests\tests\jmap_7.0">
<suite id="s1-s1-s1-s1" name="jmapWeb" source="C:\Users\mbous\eclipse-workspace\JMapJenkinsTests\tests\jmap_7.0\jmapWeb">
<suite id="s1-s1-s1-s1-s1" name="Manage Contexts" source="C:\Users\mbous\eclipse-workspace\JMapJenkinsTests\tests\jmap_7.0\jmapWeb\Manage_Contexts">
<suite id="s1-s1-s1-s1-s1-s1" name="CreateContextTests" source="C:\Users\mbous\eclipse-workspace\JMapJenkinsTests\tests\jmap_7.0\jmapWeb\Manage_Contexts\CreateContextTests.robot">
<test id="s1-s1-s1-s1-s1-s1-t1" name="JM70-1042:Create Context with Anonymous user">
<kw name="Run Keywords" library="BuiltIn" type="setup">
<doc>Executes all the given keywords in a sequence.</doc>
<arguments>
<arg>Open Browser On JMap Web</arg>
<arg>${URLWebApp}</arg>
<arg>${RESOLUTION_X}</arg>
<arg>${RESOLUTION_Y}</arg>
<arg>AND</arg>
<arg>Login To JMap Web</arg>
<arg>${UserName}</arg>
<arg>${Password}</arg>
<arg>AND</arg>
<arg>Get Formated Current Date And Time</arg>
</arguments>
<kw name="Open Browser On JMap Web" library="CommonLogin">
<doc>Open Browser with the given URL and maximize the window to the resolution</doc>
<arguments>
<arg>${URLWebApp}</arg>
<arg>${RESOLUTION_X}</arg>
<arg>${RESOLUTION_Y}</arg>
</arguments>
<kw name="Setup Metrics" library="CommonKeywords">
<doc>This Keyword give the start time when the execution of the test case starts.</doc>
<kw name="Get Current Date" library="DateTime">
<doc>Returns current local or UTC time with an optional increment.</doc>
<arguments>
<arg>result_format=epoch</arg>
</arguments>
<assign>
<var>${tc_start}</var>
</assign>
<msg timestamp="20200415 10:38:55.478" level="INFO">${tc_start} = 1586961535.477382</msg>
<status status="PASS" starttime="20200415 10:38:55.477" endtime="20200415 10:38:55.478"></status>
</kw>
<kw name="Set Test Variable" library="BuiltIn">
<doc>Makes a variable available everywhere within the scope of the current test.</doc>
<arguments>
<arg>${tc_start}</arg>
<arg>${tc_start}</arg>
</arguments>
<msg timestamp="20200415 10:38:55.479" level="INFO">${tc_start} = 1586961535.477382</msg>
<status status="PASS" starttime="20200415 10:38:55.479" endtime="20200415 10:38:55.479"></status>
</kw>
<status status="PASS" starttime="20200415 10:38:55.477" endtime="20200415 10:38:55.479"></status>
</kw>
<kw name="Open Browser" library="SeleniumLibrary">
<doc>Opens a new browser instance to the optional ``url``.</doc>
<arguments>
<arg>${vURL}</arg>
<arg>${Browser}</arg>
<arg>alias=JMap Web</arg>
</arguments>
<msg timestamp="20200415 10:38:55.479" level="INFO">Opening browser 'Chrome' to base url 'http://localhost:8080/JMap_Web_WorldTest'.</msg>
<status status="PASS" starttime="20200415 10:38:55.479" endtime="20200415 10:39:01.371"></status>
</kw>
<kw name="Set Window Size" library="SeleniumLibrary">
<doc>Sets current windows size to given ``width`` and ``height``.</doc>
<arguments>
<arg>${RESOLUTION_X}</arg>
<arg>${RESOLUTION_Y}</arg>
</arguments>
<status status="PASS" starttime="20200415 10:39:01.371" endtime="20200415 10:39:05.487"></status>
</kw>
<kw name="Maximize Browser Window" library="SeleniumLibrary">
<doc>Maximizes current browser window.</doc>
<status status="PASS" starttime="20200415 10:39:05.487" endtime="20200415 10:39:05.600"></status>
</kw>
<status status="PASS" starttime="20200415 10:38:55.477" endtime="20200415 10:39:05.602"></status>
</kw>
<kw name="Login To JMap Web" library="CommonLogin">
<arguments>
<arg>${UserName}</arg>
<arg>${Password}</arg>
</arguments>
<kw name="Wait Until Element Is Visible" library="SeleniumLibrary">
<doc>Waits until the element ``locator`` is visible.</doc>
<arguments>
<arg>id=username</arg>
<arg>10s</arg>
</arguments>
<status status="PASS" starttime="20200415 10:39:05.602" endtime="20200415 10:39:05.639"></status>
</kw>
<kw name="Clear Element Text" library="SeleniumLibrary">
<doc>Clears the value of the text-input-element identified by ``locator``.</doc>
<arguments>
<arg>id=username</arg>
</arguments>
<status status="PASS" starttime="20200415 10:39:05.640" endtime="20200415 10:39:05.675"></status>
</kw>
<kw name="Clear Element Text" library="SeleniumLibrary">
<doc>Clears the value of the text-input-element identified by ``locator``.</doc>
<arguments>
<arg>id=password</arg>
</arguments>
<status status="PASS" starttime="20200415 10:39:05.675" endtime="20200415 10:39:05.712"></status>
</kw>
<kw name="Type" library="CommonWeb">
<doc>Type the value in the locator after been clean</doc>
<arguments>
<arg>id=username</arg>
<arg>${pUsername}</arg>
</arguments>
<kw name="Set Selenium Timeout" library="SeleniumLibrary">
<doc>Sets the timeout that is used by various keywords.</doc>
<arguments>
<arg>0.1s</arg>
</arguments>
<status status="PASS" starttime="20200415 10:39:05.713" endtime="20200415 10:39:05.715"></status>
</kw>
<kw name="Wait Until Keyword Succeeds" library="BuiltIn">
<doc>Runs the specified keyword and retries if it fails.</doc>
<arguments>
<arg>10s</arg>
<arg>1s</arg>
<arg>Wait Until Element Is Enabled</arg>
<arg>${locator}</arg>
<arg>2s</arg>
</arguments>
<kw name="Wait Until Element Is Enabled" library="SeleniumLibrary">
<doc>Waits until the element ``locator`` is enabled.</doc>
<arguments>
<arg>${locator}</arg>
<arg>2s</arg>
</arguments>
<status status="PASS" starttime="20200415 10:39:05.716" endtime="20200415 10:39:05.737"></status>
</kw>
<status status="PASS" starttime="20200415 10:39:05.715" endtime="20200415 10:39:05.738"></status>
</kw>
<kw name="Clear Element Text" library="SeleniumLibrary">
<doc>Clears the value of the text-input-element identified by ``locator``.</doc>
<arguments>
<arg>${locator}</arg>
</arguments>
<status status="PASS" starttime="20200415 10:39:05.738" endtime="20200415 10:39:05.765"></status>
</kw>
<kw name="Input Text" library="SeleniumLibrary">
<doc>Types the given ``text`` into the text field identified by ``locator``.</doc>
<arguments>
<arg>${locator}</arg>
<arg>${value}</arg>
</arguments>
<msg timestamp="20200415 10:39:05.766" level="INFO">Typing text 'userTest1' into text field 'id=username'.</msg>
<status status="PASS" starttime="20200415 10:39:05.766" endtime="20200415 10:39:05.843"></status>
</kw>
<kw name="Sleep" library="BuiltIn">
<doc>Pauses the test executed for the given time.</doc>
<arguments>
<arg>1s</arg>
</arguments>
<msg timestamp="20200415 10:39:06.843" level="INFO">Slept 1 second</msg>
<status status="PASS" starttime="20200415 10:39:05.843" endtime="20200415 10:39:06.843"></status>
</kw>
<status status="PASS" starttime="20200415 10:39:05.713" endtime="20200415 10:39:06.844"></status>
</kw>
<kw name="Type" library="CommonWeb">
<doc>Type the value in the locator after been clean</doc>
<arguments>
<arg>id=password</arg>
<arg>${pPassword}</arg>
</arguments>
<kw name="Set Selenium Timeout" library="SeleniumLibrary">
<doc>Sets the timeout that is used by various keywords.</doc>
<arguments>
<arg>0.1s</arg>
</arguments>
<status status="PASS" starttime="20200415 10:39:06.845" endtime="20200415 10:39:06.846"></status>
</kw>
<kw name="Wait Until Keyword Succeeds" library="BuiltIn">
<doc>Runs the specified keyword and retries if it fails.</doc>
<arguments>
<arg>10s</arg>
<arg>1s</arg>
<arg>Wait Until Element Is Enabled</arg>
<arg>${locator}</arg>
<arg>2s</arg>
</arguments>
<kw name="Wait Until Element Is Enabled" library="SeleniumLibrary">
<doc>Waits until the element ``locator`` is enabled.</doc>
<arguments>
<arg>${locator}</arg>
<arg>2s</arg>
</arguments>
<status status="PASS" starttime="20200415 10:39:06.847" endtime="20200415 10:39:06.872"></status>
</kw>
<status status="PASS" starttime="20200415 10:39:06.847" endtime="20200415 10:39:06.872"></status>
</kw>
<kw name="Clear Element Text" library="SeleniumLibrary">
<doc>Clears the value of the text-input-element identified by ``locator``.</doc>
<arguments>
<arg>${locator}</arg>
</arguments>
<status status="PASS" starttime="20200415 10:39:06.873" endtime="20200415 10:39:06.897"></status>
</kw>
<kw name="Input Text" library="SeleniumLibrary">
<doc>Types the given ``text`` into the text field identified by ``locator``.</doc>
<arguments>
<arg>${locator}</arg>
<arg>${value}</arg>
</arguments>
<msg timestamp="20200415 10:39:06.898" level="INFO">Typing text 'userTest1' into text field 'id=password'.</msg>
<status status="PASS" starttime="20200415 10:39:06.897" endtime="20200415 10:39:06.971"></status>
</kw>
<kw name="Sleep" library="BuiltIn">
<doc>Pauses the test executed for the given time.</doc>
<arguments>
<arg>1s</arg>
</arguments>
<msg timestamp="20200415 10:39:07.972" level="INFO">Slept 1 second</msg>
<status status="PASS" starttime="20200415 10:39:06.972" endtime="20200415 10:39:07.973"></status>
</kw>
<status status="PASS" starttime="20200415 10:39:06.844" endtime="20200415 10:39:07.974"></status>
</kw>
<kw name="Click Element" library="SeleniumLibrary">
<doc>Click the element identified by ``locator``.</doc>
<arguments>
<arg>id=submit</arg>
</arguments>
<msg timestamp="20200415 10:39:07.976" level="INFO">Clicking element 'id=submit'.</msg>
<status status="PASS" starttime="20200415 10:39:07.975" endtime="20200415 10:39:08.493"></status>
</kw>
<kw name="Sleep" library="BuiltIn">
<doc>Pauses the test executed for the given time.</doc>
<arguments>
<arg>1s</arg>
</arguments>
<msg timestamp="20200415 10:39:09.494" level="INFO">Slept 1 second</msg>
<status status="PASS" starttime="20200415 10:39:08.493" endtime="20200415 10:39:09.494"></status>
</kw>
<status status="PASS" starttime="20200415 10:39:05.602" endtime="20200415 10:39:09.494"></status>
</kw>
<kw name="Get Formated Current Date And Time" library="CommonKeywords">
<kw name="Get Current Date" library="DateTime">
<doc>Returns current local or UTC time with an optional increment.</doc>
<arguments>
<arg>result_format=%Y%m%d%H%M%S</arg>
</arguments>
<assign>
<var>${FORMATED_DATE}</var>
</assign>
<msg timestamp="20200415 10:39:09.495" level="INFO">${FORMATED_DATE} = 20200415103909</msg>
<status status="PASS" starttime="20200415 10:39:09.495" endtime="20200415 10:39:09.495"></status>
</kw>
<kw name="Set Suite Variable" library="BuiltIn">
<doc>Makes a variable available everywhere within the scope of the current suite.</doc>
<arguments>
<arg>${FORMATED_DATE}</arg>
</arguments>
<msg timestamp="20200415 10:39:09.497" level="INFO">${FORMATED_DATE} = 20200415103909</msg>
<status status="PASS" starttime="20200415 10:39:09.496" endtime="20200415 10:39:09.497"></status>
</kw>
<status status="PASS" starttime="20200415 10:39:09.494" endtime="20200415 10:39:09.497"></status>
</kw>
<status status="PASS" starttime="20200415 10:38:55.477" endtime="20200415 10:39:09.497"></status>
</kw>
<kw name="Login JMap Admin" library="CommonLogin">
<doc>Login in JMap Admin with user and pass in a given language</doc>
<arguments>
<arg>Administrator</arg>
<arg>${EMPTY}</arg>
<arg>English</arg>
<arg>http://${localhost}:${internPort}</arg>
<arg>0.1</arg>
</arguments>
<kw name="Open JMap Admin" library="CommonLogin">
<doc>Open browser with the jmap url. Set window size to 1920x1080 and Maximize the window for headless test</doc>
<arguments>
<arg>${URL}</arg>
</arguments>
<kw name="Open Browser" library="SeleniumLibrary">
<doc>Opens a new browser instance to the optional ``url``.</doc>
<arguments>
<arg>${LOGIN URL}</arg>
<arg>browser=${BROWSER}</arg>
<arg>alias=JMap Admin</arg>
</arguments>
<msg timestamp="20200415 10:39:09.498" level="INFO">Opening browser 'Chrome' to base url 'http://localhost:8080'.</msg>
<status status="PASS" starttime="20200415 10:39:09.498" endtime="20200415 10:39:15.176"></status>
</kw>
<kw name="Set Window Size" library="SeleniumLibrary">
<doc>Sets current windows size to given ``width`` and ``height``.</doc>
<arguments>
<arg>1920</arg>
<arg>1080</arg>
</arguments>
<status status="PASS" starttime="20200415 10:39:15.177" endtime="20200415 10:39:19.304"></status>
</kw>
<kw name="Maximize Browser Window" library="SeleniumLibrary">
<doc>Maximizes current browser window.</doc>
<status status="PASS" starttime="20200415 10:39:19.305" endtime="20200415 10:39:19.429"></status>
</kw>
<status status="PASS" starttime="20200415 10:39:09.497" endtime="20200415 10:39:19.429"></status>
</kw>
<kw name="Set Selenium Speed" library="SeleniumLibrary">
<doc>Sets the delay that is waited after each Selenium command.</doc>
<arguments>
<arg>${DELAY}</arg>
</arguments>
<assign>
<var>${SPEED}</var>
</assign>
<msg timestamp="20200415 10:39:19.431" level="INFO">${SPEED} = 0 seconds</msg>
<status status="PASS" starttime="20200415 10:39:19.429" endtime="20200415 10:39:19.431"></status>
</kw>
<kw name="Select language" library="CommonLogin">
<doc>Select language in the login page</doc>
<arguments>
<arg>${LANGUAGE}</arg>
</arguments>
<kw name="Wait Until Element Is Enabled" library="SeleniumLibrary">
<doc>Waits until the element ``locator`` is enabled.</doc>
<arguments>
<arg>id:selectOneLanguage</arg>
<arg>timeout=10s</arg>
</arguments>
<status status="PASS" starttime="20200415 10:39:19.432" endtime="20200415 10:39:19.781"></status>
</kw>
<kw name="Select Element in JMap List Items Component" library="CommonKeywords">
<doc>Keyword that simulate the user selection of an element in JMap list component
Receive as arguments the id of the DIV component that contain the list ('li') and the value of the element to be selected</doc>
<arguments>
<arg>selectOneLanguage</arg>
<arg>${LANGUAGE}</arg>
</arguments>
<kw name="Catenate" library="BuiltIn">
<doc>Catenates the given items together and returns the resulted string.</doc>
<arguments>
<arg>SEPARATOR=</arg>
<arg>//div[@id='${LISTID}']/div[3]/span</arg>
</arguments>
<assign>
<var>${DOWNARROWPATH}</var>
</assign>
<msg timestamp="20200415 10:39:19.783" level="INFO">${DOWNARROWPATH} = //div[@id='selectOneLanguage']/div[3]/span</msg>
<status status="PASS" starttime="20200415 10:39:19.782" endtime="20200415 10:39:19.783"></status>
</kw>
<kw name="Wait Until Element Is Enabled" library="SeleniumLibrary">
<doc>Waits until the element ``locator`` is enabled.</doc>
<arguments>
<arg>xpath:${DOWNARROWPATH}</arg>
<arg>timeout=100s</arg>
</arguments>
<status status="PASS" starttime="20200415 10:39:19.784" endtime="20200415 10:39:20.138"></status>
</kw>
<kw name="Click Element" library="SeleniumLibrary">
<doc>Click the element identified by ``locator``.</doc>
<arguments>
<arg>xpath:${DOWNARROWPATH}</arg>
</arguments>
<msg timestamp="20200415 10:39:20.140" level="INFO">Clicking element 'xpath://div[@id='selectOneLanguage']/div[3]/span'.</msg>
<status status="PASS" starttime="20200415 10:39:20.139" endtime="20200415 10:39:20.434"></status>
</kw>
<kw name="Catenate" library="BuiltIn">
<doc>Catenates the given items together and returns the resulted string.</doc>
<arguments>
<arg>SEPARATOR=</arg>
<arg>//*[@id='${LISTID}_items']/li[@data-label='</arg>
<arg>${VALUE}</arg>
<arg>']</arg>
</arguments>
<assign>
<var>${XPATH}</var>
</assign>
<msg timestamp="20200415 10:39:20.435" level="INFO">${XPATH} = //*[@id='selectOneLanguage_items']/li[@data-label='English']</msg>
<status status="PASS" starttime="20200415 10:39:20.434" endtime="20200415 10:39:20.436"></status>
</kw>
<kw name="Run Keyword If" library="BuiltIn">
<doc>Runs the given keyword with the given arguments, if ``condition`` is true.</doc>
<arguments>
<arg>'${VALUE}'!='${EMPTY}'</arg>
<arg>Wait Until Element Is Visible</arg>
<arg>xpath://*[@id='${LISTID}_items']/li[1]</arg>
<arg>timeout=100s</arg>
</arguments>
<kw name="Wait Until Element Is Visible" library="SeleniumLibrary">
<doc>Waits until the element ``locator`` is visible.</doc>
<arguments>
<arg>xpath://*[@id='${LISTID}_items']/li[1]</arg>
<arg>timeout=100s</arg>
</arguments>
<status status="PASS" starttime="20200415 10:39:20.437" endtime="20200415 10:39:20.691"></status>
</kw>
<status status="PASS" starttime="20200415 10:39:20.436" endtime="20200415 10:39:20.691"></status>
</kw>
<kw name="Run Keyword If" library="BuiltIn">
<doc>Runs the given keyword with the given arguments, if ``condition`` is true.</doc>
<arguments>
<arg>'${VALUE}'=='${EMPTY}'</arg>
<arg>Click Element</arg>
<arg>xpath://*[@id='${LISTID}_items']/li[1]</arg>
<arg>ELSE</arg>
<arg>Click Element</arg>
<arg>xpath:${XPATH}</arg>
</arguments>
<kw name="Click Element" library="SeleniumLibrary">
<doc>Click the element identified by ``locator``.</doc>
<arguments>
<arg>xpath:${XPATH}</arg>
</arguments>
<msg timestamp="20200415 10:39:20.695" level="INFO">Clicking element 'xpath://*[@id='selectOneLanguage_items']/li[@data-label='English']'.</msg>
<status status="PASS" starttime="20200415 10:39:20.693" endtime="20200415 10:39:20.988"></status>
</kw>
<status status="PASS" starttime="20200415 10:39:20.692" endtime="20200415 10:39:20.988"></status>
</kw>
<status status="PASS" starttime="20200415 10:39:19.781" endtime="20200415 10:39:20.989"></status>
</kw>
<status status="PASS" starttime="20200415 10:39:19.432" endtime="20200415 10:39:20.989"></status>
</kw>
<kw name="Enter credentials" library="CommonLogin">
<doc>Enter username and password in JMap Admin login page</doc>
<arguments>
<arg>${USER}</arg>
<arg>${PASS}</arg>
</arguments>
<kw name="Wait Until Element Is Enabled" library="SeleniumLibrary">
<doc>Waits until the element ``locator`` is enabled.</doc>
<arguments>
<arg>id:inputTextUsername</arg>
<arg>timeout=10s</arg>
</arguments>
<status status="PASS" starttime="20200415 10:39:20.991" endtime="20200415 10:39:21.350"></status>
</kw>
<kw name="Clear Element Text" library="SeleniumLibrary">
<doc>Clears the value of the text-input-element identified by ``locator``.</doc>
<arguments>
<arg>id:inputTextUsername</arg>
</arguments>
<status status="PASS" starttime="20200415 10:39:21.351" endtime="20200415 10:39:21.619"></status>
</kw>
<kw name="Input Text" library="SeleniumLibrary">
<doc>Types the given ``text`` into the text field identified by ``locator``.</doc>
<arguments>
<arg>id:inputTextUsername</arg>
<arg>${USERNAME}</arg>
</arguments>
<msg timestamp="20200415 10:39:21.621" level="INFO">Typing text 'Administrator' into text field 'id:inputTextUsername'.</msg>
<status status="PASS" starttime="20200415 10:39:21.620" endtime="20200415 10:39:22.047"></status>
</kw>
<kw name="Wait Until Element Is Enabled" library="SeleniumLibrary">
<doc>Waits until the element ``locator`` is enabled.</doc>
<arguments>
<arg>id:inputTextPassword</arg>
<arg>timeout=10s</arg>
</arguments>
<status status="PASS" starttime="20200415 10:39:22.048" endtime="20200415 10:39:22.400"></status>
</kw>
<kw name="Clear Element Text" library="SeleniumLibrary">
<doc>Clears the value of the text-input-element identified by ``locator``.</doc>
<arguments>
<arg>id:inputTextPassword</arg>
</arguments>
<status status="PASS" starttime="20200415 10:39:22.400" endtime="20200415 10:39:22.665"></status>
</kw>
<kw name="Input Text" library="SeleniumLibrary">
<doc>Types the given ``text`` into the text field identified by ``locator``.</doc>
<arguments>
<arg>id:inputTextPassword</arg>
<arg>${PASSWORD}</arg>
</arguments>
<msg timestamp="20200415 10:39:22.667" level="INFO">Typing text '' into text field 'id:inputTextPassword'.</msg>
<status status="PASS" starttime="20200415 10:39:22.666" endtime="20200415 10:39:23.046"></status>
</kw>
<status status="PASS" starttime="20200415 10:39:20.989" endtime="20200415 10:39:23.047"></status>
</kw>
<kw name="Click Login" library="CommonLogin">
<doc>Click login button in JMap Admin login page</doc>
<kw name="Wait Until Element Is Enabled" library="SeleniumLibrary">
<doc>Waits until the element ``locator`` is enabled.</doc>
<arguments>
<arg>id:buttonLogin</arg>
<arg>timeout=10s</arg>
</arguments>
<status status="PASS" starttime="20200415 10:39:23.048" endtime="20200415 10:39:23.400"></status>
</kw>
<kw name="Click Button" library="SeleniumLibrary">
<doc>Clicks the button identified by ``locator``.</doc>
<arguments>
<arg>id:buttonLogin</arg>
</arguments>
<msg timestamp="20200415 10:39:23.401" level="INFO">Clicking button 'id:buttonLogin'.</msg>
<status status="PASS" starttime="20200415 10:39:23.401" endtime="20200415 10:39:24.010"></status>
</kw>
<status status="PASS" starttime="20200415 10:39:23.048" endtime="20200415 10:39:24.010"></status>
</kw>
<status status="PASS" starttime="20200415 10:39:09.497" endtime="20200415 10:39:24.011"></status>
</kw>
<kw name="Go To Add User In The Project With All Permisions" library="CommonWeb">
<arguments>
<arg>Everyone</arg>
<arg>WorldTest</arg>
</arguments>
<kw name="Wait Until Keyword Succeeds" library="BuiltIn">
<doc>Runs the specified keyword and retries if it fails.</doc>
<arguments>
<arg>15s</arg>
<arg>1s</arg>
<arg>Go To The Project Page</arg>
<arg>${pProject}</arg>
</arguments>
<kw name="Go To The Project Page" library="CommonWeb">
<arguments>
<arg>${pProject}</arg>
</arguments>
<kw name="Click On Projects Icon" library="CommonWeb">
<kw name="Wait Until Page Contains Element" library="SeleniumLibrary">
<doc>Waits until the element ``locator`` appears on the current page.</doc>
<arguments>
<arg>id=sideBarMenuIconProjects</arg>
<arg>timeout=10s</arg>
</arguments>
<status status="PASS" starttime="20200415 10:39:24.014" endtime="20200415 10:39:24.333"></status>
</kw>
<kw name="Click Element" library="SeleniumLibrary">
<doc>Click the element identified by ``locator``.</doc>
<arguments>
<arg>id=sideBarMenuIconProjects</arg>
</arguments>
<msg timestamp="20200415 10:39:24.335" level="INFO">Clicking element 'id=sideBarMenuIconProjects'.</msg>
<status status="PASS" starttime="20200415 10:39:24.334" endtime="20200415 10:39:24.972"></status>
</kw>
<status status="PASS" starttime="20200415 10:39:24.013" endtime="20200415 10:39:24.972"></status>
</kw>
<kw name="Type In Name Field Of Projects" library="CommonWeb">
<arguments>
<arg>${pProject}</arg>
</arguments>
<kw name="Wait Until Page Contains Element" library="SeleniumLibrary">
<doc>Waits until the element ``locator`` appears on the current page.</doc>
<arguments>
<arg>//span[contains(text(),'Name')]/following::input[1]</arg>
<arg>15s</arg>
</arguments>
<status status="PASS" starttime="20200415 10:39:24.973" endtime="20200415 10:39:25.087"></status>
</kw>
<kw name="Input Text" library="SeleniumLibrary">
<doc>Types the given ``text`` into the text field identified by ``locator``.</doc>
<arguments>
<arg>//span[contains(text(),'Name')]/following::input[1]</arg>
<arg>${pProject}</arg>
</arguments>
<msg timestamp="20200415 10:39:25.088" level="INFO">Typing text 'WorldTest' into text field '//span[contains(text(),'Name')]/following::input[1]'.</msg>
<status status="PASS" starttime="20200415 10:39:25.087" endtime="20200415 10:39:25.572"></status>
</kw>
<kw name="Sleep" library="BuiltIn">
<doc>Pauses the test executed for the given time.</doc>
<arguments>
<arg>2s</arg>
</arguments>
<msg timestamp="20200415 10:39:27.575" level="INFO">Slept 2 seconds</msg>
<status status="PASS" starttime="20200415 10:39:25.573" endtime="20200415 10:39:27.576"></status>
</kw>
<status status="PASS" starttime="20200415 10:39:24.972" endtime="20200415 10:39:27.576"></status>
</kw>
<kw name="Run Keyword And Return Status" library="BuiltIn">
<doc>Runs the given keyword with given arguments and returns the status as a Boolean value.</doc>
<arguments>
<arg>Page Should Not Contain Element</arg>
<arg>//a[contains(text(),'${pProject}')]</arg>
</arguments>
<assign>
<var>${isNotProject}</var>
</assign>
<kw name="Page Should Not Contain Element" library="SeleniumLibrary">
<doc>Verifies that element ``locator`` is found on the current page.</doc>
<arguments>
<arg>//a[contains(text(),'${pProject}')]</arg>
</arguments>
<kw name="No Operation" library="BuiltIn">
<doc>Does absolutely nothing.</doc>
<status status="PASS" starttime="20200415 10:39:27.824" endtime="20200415 10:39:27.825"></status>
</kw>
<msg timestamp="20200415 10:39:27.829" level="FAIL">Page should not have contained element '//a[contains(text(),'WorldTest')]'.</msg>
<status status="FAIL" starttime="20200415 10:39:27.578" endtime="20200415 10:39:27.830"></status>
</kw>
<msg timestamp="20200415 10:39:27.830" level="INFO">${isNotProject} = False</msg>
<status status="PASS" starttime="20200415 10:39:27.577" endtime="20200415 10:39:27.830"></status>
</kw>
<kw name="Run Keyword If" library="BuiltIn">
<doc>Runs the given keyword with the given arguments, if ``condition`` is true.</doc>
<arguments>
<arg>${isNotProject}</arg>
<arg>Create A New Project</arg>
<arg>${pProject}</arg>
</arguments>
<status status="PASS" starttime="20200415 10:39:27.831" endtime="20200415 10:39:27.831"></status>
</kw>
<kw name="Choose The Project" library="CommonWeb">
<doc>This keyword for "JMap Admin", allows to choose the desired project "$pProject" that exist in the "Projects" page.</doc>
<arguments>
<arg>${pProject}</arg>
</arguments>
<kw name="Wait Until Keyword Succeeds" library="BuiltIn">
<doc>Runs the specified keyword and retries if it fails.</doc>
<arguments>
<arg>15s</arg>
<arg>1s</arg>
<arg>Wait Until Page Contains Element</arg>
<arg>//tbody[@id='theForm:tblProjects_data']/tr</arg>
</arguments>
<kw name="Wait Until Page Contains Element" library="SeleniumLibrary">
<doc>Waits until the element ``locator`` appears on the current page.</doc>
<arguments>
<arg>//tbody[@id='theForm:tblProjects_data']/tr</arg>
</arguments>
<status status="PASS" starttime="20200415 10:39:27.834" endtime="20200415 10:39:27.964"></status>
</kw>
<status status="PASS" starttime="20200415 10:39:27.833" endtime="20200415 10:39:27.964"></status>
</kw>
<kw name="Get Element Count" library="SeleniumLibrary">
<doc>Returns the number of elements matching ``locator``.</doc>
<arguments>
<arg>//tbody[@id='theForm:tblProjects_data']/tr</arg>
</arguments>
<assign>
<var>${projectsCount}</var>
</assign>
<msg timestamp="20200415 10:39:28.079" level="INFO">${projectsCount} = 1</msg>
<status status="PASS" starttime="20200415 10:39:27.965" endtime="20200415 10:39:28.079"></status>
</kw>
<kw name="${row} IN RANGE [ 1 | ${projectsCount}+1 ]" type="for">
<kw name="${row} = 1" type="foritem">
<kw name="Get Text" library="SeleniumLibrary">
<doc>Returns the text value of the element identified by ``locator``.</doc>
<arguments>
<arg>//tbody[@id='theForm:tblProjects_data']/tr[${row}]/td[2]</arg>
</arguments>
<assign>
<var>${curProjectName}</var>
</assign>
<msg timestamp="20200415 10:39:28.331" level="INFO">${curProjectName} = WorldTest</msg>
<status status="PASS" starttime="20200415 10:39:28.081" endtime="20200415 10:39:28.331"></status>
</kw>
<kw name="Exit For Loop If" library="BuiltIn">
<doc>Stops executing the enclosing for loop if the ``condition`` is true.</doc>
<arguments>
<arg>'${curProjectName}' == '${pProject}'</arg>
</arguments>
<msg timestamp="20200415 10:39:28.333" level="INFO">Exiting for loop altogether.</msg>
<status status="PASS" starttime="20200415 10:39:28.332" endtime="20200415 10:39:28.334"></status>
</kw>
<status status="PASS" starttime="20200415 10:39:28.080" endtime="20200415 10:39:28.334"></status>
</kw>
<status status="PASS" starttime="20200415 10:39:28.080" endtime="20200415 10:39:28.334"></status>
</kw>
<kw name="Click Element" library="SeleniumLibrary">
<doc>Click the element identified by ``locator``.</doc>
<arguments>
<arg>//tbody[@id='theForm:tblProjects_data']/tr[${row}]/td[2]/a</arg>
</arguments>
<msg timestamp="20200415 10:39:28.335" level="INFO">Clicking element '//tbody[@id='theForm:tblProjects_data']/tr[1]/td[2]/a'.</msg>
<status status="PASS" starttime="20200415 10:39:28.334" endtime="20200415 10:39:28.941"></status>
</kw>
<kw name="Sleep" library="BuiltIn">
<doc>Pauses the test executed for the given time.</doc>
<arguments>
<arg>2s</arg>
</arguments>
<msg timestamp="20200415 10:39:30.943" level="INFO">Slept 2 seconds</msg>
<status status="PASS" starttime="20200415 10:39:28.941" endtime="20200415 10:39:30.943"></status>
</kw>
<status status="PASS" starttime="20200415 10:39:27.832" endtime="20200415 10:39:30.944"></status>
</kw>
<kw name="Verify That The JMap Admin Page Is" library="CommonWeb">
<doc>This keyword for "JMap Admin", allows to check the current page.</doc>
<arguments>
<arg>Project Configuration</arg>
</arguments>
<kw name="Log" library="BuiltIn">
<doc>Logs the given message with the given level.</doc>
<arguments>
<arg>\n=================== Verify the current page ===================</arg>
<arg>console=yes</arg>
</arguments>
<msg timestamp="20200415 10:39:30.946" level="INFO">
=================== Verify the current page ===================</msg>
<status status="PASS" starttime="20200415 10:39:30.946" endtime="20200415 10:39:30.946"></status>
</kw>
<kw name="Run Keyword And Return Status" library="BuiltIn">
<doc>Runs the given keyword with given arguments and returns the status as a Boolean value.</doc>
<arguments>
<arg>Wait Until Keyword Succeeds</arg>
<arg>10s</arg>
<arg>1s</arg>
<arg>Element Text Should Be</arg>
<arg>//div[@class='toolbarTitleStyle']</arg>
<arg>${expected}</arg>
</arguments>
<assign>
<var>${isCurrentPage}</var>
</assign>
<kw name="Wait Until Keyword Succeeds" library="BuiltIn">
<doc>Runs the specified keyword and retries if it fails.</doc>
<arguments>
<arg>10s</arg>
<arg>1s</arg>
<arg>Element Text Should Be</arg>
<arg>//div[@class='toolbarTitleStyle']</arg>
<arg>${expected}</arg>
</arguments>
<kw name="Element Text Should Be" library="SeleniumLibrary">
<doc>Verifies that element ``locator`` contains exact the text ``expected``.</doc>
<arguments>
<arg>//div[@class='toolbarTitleStyle']</arg>
<arg>${expected}</arg>
</arguments>
<msg timestamp="20200415 10:39:30.949" level="INFO">Verifying element '//div[@class='toolbarTitleStyle']' contains exact text 'Project Configuration'.</msg>
<status status="PASS" starttime="20200415 10:39:30.948" endtime="20200415 10:39:31.205"></status>
</kw>
<status status="PASS" starttime="20200415 10:39:30.948" endtime="20200415 10:39:31.205"></status>
</kw>
<msg timestamp="20200415 10:39:31.205" level="INFO">${isCurrentPage} = True</msg>
<status status="PASS" starttime="20200415 10:39:30.948" endtime="20200415 10:39:31.205"></status>
</kw>
<kw name="Run Keyword If" library="BuiltIn">
<doc>Runs the given keyword with the given arguments, if ``condition`` is true.</doc>
<arguments>
<arg>'${isCurrentPage}' == '${False}'</arg>
<arg>Execute Javascript</arg>
<arg>window.location.reload(true);</arg>
</arguments>
<status status="PASS" starttime="20200415 10:39:31.206" endtime="20200415 10:39:31.206"></status>
</kw>
<kw name="Wait Until Keyword Succeeds" library="BuiltIn">
<doc>Runs the specified keyword and retries if it fails.</doc>
<arguments>
<arg>10s</arg>
<arg>1s</arg>
<arg>Element Text Should Be</arg>
<arg>//div[@class='toolbarTitleStyle']</arg>
<arg>${expected}</arg>
<arg>message=The Current page DOES NOT CONTAIN "${expected}"</arg>
</arguments>
<kw name="Element Text Should Be" library="SeleniumLibrary">
<doc>Verifies that element ``locator`` contains exact the text ``expected``.</doc>
<arguments>
<arg>//div[@class='toolbarTitleStyle']</arg>
<arg>${expected}</arg>
<arg>message=The Current page DOES NOT CONTAIN "${expected}"</arg>
</arguments>
<msg timestamp="20200415 10:39:31.207" level="INFO">Verifying element '//div[@class='toolbarTitleStyle']' contains exact text 'Project Configuration'.</msg>
<status status="PASS" starttime="20200415 10:39:31.207" endtime="20200415 10:39:31.430"></status>
</kw>
<status status="PASS" starttime="20200415 10:39:31.206" endtime="20200415 10:39:31.431"></status>
</kw>
<kw name="Log" library="BuiltIn">
<doc>Logs the given message with the given level.</doc>
<arguments>
<arg>-----&gt; The Current page IS EXACTLY :${expected}.</arg>
<arg>console=yes</arg>
</arguments>
<msg timestamp="20200415 10:39:31.433" level="INFO">-----&gt; The Current page IS EXACTLY :Project Configuration.</msg>
<status status="PASS" starttime="20200415 10:39:31.431" endtime="20200415 10:39:31.433"></status>
</kw>
<status status="PASS" starttime="20200415 10:39:30.945" endtime="20200415 10:39:31.434"></status>
</kw>
<status status="PASS" starttime="20200415 10:39:24.012" endtime="20200415 10:39:31.435"></status>
</kw>
<status status="PASS" starttime="20200415 10:39:24.012" endtime="20200415 10:39:31.435"></status>
</kw>
<kw name="Wait Until Keyword Succeeds" library="BuiltIn">
<doc>Runs the specified keyword and retries if it fails.</doc>
<arguments>
<arg>15s</arg>
<arg>1s</arg>
<arg>Go To "Permissions" Page</arg>
</arguments>
<kw name="Go To &quot;Permissions&quot; Page" library="CommonWeb">
<kw name="Log" library="BuiltIn">
<doc>Logs the given message with the given level.</doc>
<arguments>
<arg>\n=================== Go to click on the option '${pOption}' from the drop-down list =====================</arg>
<arg>console=yes</arg>
</arguments>
<msg timestamp="20200415 10:39:31.438" level="INFO">
=================== Go to click on the option 'Permissions' from the drop-down list =====================</msg>
<status status="PASS" starttime="20200415 10:39:31.437" endtime="20200415 10:39:31.438"></status>
</kw>
<kw name="Wait Until Page Contains Element" library="SeleniumLibrary">
<doc>Waits until the element ``locator`` appears on the current page.</doc>
<arguments>
<arg>//span[@class='ui-button-icon-left ui-icon ui-c ui-icon-triangle-1-s']</arg>
<arg>15s</arg>
</arguments>
<status status="PASS" starttime="20200415 10:39:31.439" endtime="20200415 10:39:31.561"></status>
</kw>
<kw name="Click Element" library="SeleniumLibrary">
<doc>Click the element identified by ``locator``.</doc>
<arguments>
<arg>//span[@class='ui-button-icon-left ui-icon ui-c ui-icon-triangle-1-s']</arg>
</arguments>
<msg timestamp="20200415 10:39:31.562" level="INFO">Clicking element '//span[@class='ui-button-icon-left ui-icon ui-c ui-icon-triangle-1-s']'.</msg>
<status status="PASS" starttime="20200415 10:39:31.562" endtime="20200415 10:39:31.822"></status>
</kw>
<kw name="Wait Until Page Contains Element" library="SeleniumLibrary">
<doc>Waits until the element ``locator`` appears on the current page.</doc>
<arguments>
<arg>//span[contains(text(),'${pOption}')]</arg>
<arg>15s</arg>
</arguments>
<status status="PASS" starttime="20200415 10:39:31.822" endtime="20200415 10:39:31.934"></status>
</kw>
<kw name="Click Element" library="SeleniumLibrary">
<doc>Click the element identified by ``locator``.</doc>
<arguments>
<arg>//span[contains(text(),'${pOption}')]</arg>
</arguments>
<msg timestamp="20200415 10:39:31.935" level="INFO">Clicking element '//span[contains(text(),'Permissions')]'.</msg>
<status status="PASS" starttime="20200415 10:39:31.935" endtime="20200415 10:39:32.216"></status>
</kw>
<kw name="Sleep" library="BuiltIn">
<doc>Pauses the test executed for the given time.</doc>
<arguments>
<arg>3s</arg>
<arg>reason=Wait 2s for "${pOption}" page.</arg>
</arguments>
<msg timestamp="20200415 10:39:35.219" level="INFO">Slept 3 seconds</msg>
<msg timestamp="20200415 10:39:35.219" level="INFO">Wait 2s for "Permissions" page.</msg>
<status status="PASS" starttime="20200415 10:39:32.216" endtime="20200415 10:39:35.220"></status>
</kw>
<kw name="Log" library="BuiltIn">
<doc>Logs the given message with the given level.</doc>
<arguments>
<arg>-----&gt; The page of the option '${pOption}' DISPLAYS NOW in the screen.</arg>
<arg>console=yes</arg>
</arguments>
<msg timestamp="20200415 10:39:35.222" level="INFO">-----&gt; The page of the option 'Permissions' DISPLAYS NOW in the screen.</msg>
<status status="PASS" starttime="20200415 10:39:35.221" endtime="20200415 10:39:35.222"></status>
</kw>
<status status="PASS" starttime="20200415 10:39:31.437" endtime="20200415 10:39:35.223"></status>
</kw>
<status status="PASS" starttime="20200415 10:39:31.436" endtime="20200415 10:39:35.223"></status>
</kw>
<kw name="Go To Select In Permissions List The User" library="CommonWeb">
<doc>This keyword for "JMap Admin"</doc>
<arguments>
<arg>${pUser}</arg>
</arguments>
<kw name="Log" library="BuiltIn">
<doc>Logs the given message with the given level.</doc>
<arguments>
<arg>\n=================== Go to select the user '${pUser}' in permissions list =====================</arg>
<arg>console=yes</arg>
</arguments>
<msg timestamp="20200415 10:39:35.226" level="INFO">
=================== Go to select the user 'Everyone' in permissions list =====================</msg>
<status status="PASS" starttime="20200415 10:39:35.225" endtime="20200415 10:39:35.226"></status>
</kw>
<kw name="Search In Permission List The User Name" library="CommonWeb">
<doc>This keyword for "JMap Admin"</doc>
<arguments>
<arg>${pUser}</arg>
</arguments>
<kw name="Log" library="BuiltIn">
<doc>Logs the given message with the given level.</doc>
<arguments>
<arg>\n=================== Search In Permission List The User Name : '${pUser}' =====================</arg>
<arg>console=yes</arg>
</arguments>
<msg timestamp="20200415 10:39:35.227" level="INFO">
=================== Search In Permission List The User Name : 'Everyone' =====================</msg>
<status status="PASS" starttime="20200415 10:39:35.227" endtime="20200415 10:39:35.228"></status>
</kw>
<kw name="Run Keyword And Continue On Failure" library="BuiltIn">
<doc>Runs the keyword and continues execution even if a failure occurs.</doc>
<arguments>
<arg>Wait Until Page Contains Element</arg>
<arg>//thead[@id='theForm:tabViewPermissionsOwners:tblPrincipals_head']//parent::div//following::input[1]</arg>
<arg>30s</arg>
</arguments>
<kw name="Wait Until Page Contains Element" library="SeleniumLibrary">
<doc>Waits until the element ``locator`` appears on the current page.</doc>
<arguments>
<arg>//thead[@id='theForm:tabViewPermissionsOwners:tblPrincipals_head']//parent::div//following::input[1]</arg>
<arg>30s</arg>
</arguments>
<status status="PASS" starttime="20200415 10:39:35.229" endtime="20200415 10:39:35.357"></status>
</kw>
<status status="PASS" starttime="20200415 10:39:35.229" endtime="20200415 10:39:35.357"></status>
</kw>
<kw name="Clear Element Text" library="SeleniumLibrary">
<doc>Clears the value of the text-input-element identified by ``locator``.</doc>
<arguments>
<arg>//thead[@id='theForm:tabViewPermissionsOwners:tblPrincipals_head']//parent::div//following::input[1]</arg>
</arguments>
<status status="PASS" starttime="20200415 10:39:35.358" endtime="20200415 10:39:35.630"></status>
</kw>
<kw name="Input Text" library="SeleniumLibrary">
<doc>Types the given ``text`` into the text field identified by ``locator``.</doc>
<arguments>
<arg>//thead[@id='theForm:tabViewPermissionsOwners:tblPrincipals_head']//parent::div//following::input[1]</arg>
<arg>${pUser}</arg>
</arguments>
<msg timestamp="20200415 10:39:35.632" level="INFO">Typing text 'Everyone' into text field '//thead[@id='theForm:tabViewPermissionsOwners:tblPrincipals_head']//parent::div//following::input[1]'.</msg>
<status status="PASS" starttime="20200415 10:39:35.630" endtime="20200415 10:39:36.071"></status>
</kw>
<kw name="Sleep" library="BuiltIn">
<doc>Pauses the test executed for the given time.</doc>
<arguments>
<arg>2s</arg>
</arguments>
<msg timestamp="20200415 10:39:38.072" level="INFO">Slept 2 seconds</msg>
<status status="PASS" starttime="20200415 10:39:36.072" endtime="20200415 10:39:38.072"></status>
</kw>
<status status="PASS" starttime="20200415 10:39:35.226" endtime="20200415 10:39:38.073"></status>
</kw>
<kw name="Get The Required User From Permission List" library="CommonWeb">
<doc>This keyword for "JMap Admin"</doc>
<arguments>
<arg>${pUser}</arg>
</arguments>
<assign>
<var>@{requiredUser}</var>
</assign>
<kw name="Log" library="BuiltIn">
<doc>Logs the given message with the given level.</doc>
<arguments>
<arg>\n=================== Go to look for the user '${pUser}' in permissions list =====================</arg>
<arg>console=yes</arg>
</arguments>
<msg timestamp="20200415 10:39:38.076" level="INFO">
=================== Go to look for the user 'Everyone' in permissions list =====================</msg>
<status status="PASS" starttime="20200415 10:39:38.075" endtime="20200415 10:39:38.076"></status>
</kw>
<kw name="Run Keyword And Continue On Failure" library="BuiltIn">
<doc>Runs the keyword and continues execution even if a failure occurs.</doc>
<arguments>
<arg>Wait Until Page Contains Element</arg>
<arg>//table/tbody[@id='theForm:tabViewPermissionsOwners:tblPrincipals_data']/tr</arg>
<arg>30s</arg>
</arguments>
<kw name="Wait Until Page Contains Element" library="SeleniumLibrary">
<doc>Waits until the element ``locator`` appears on the current page.</doc>
<arguments>
<arg>//table/tbody[@id='theForm:tabViewPermissionsOwners:tblPrincipals_data']/tr</arg>
<arg>30s</arg>
</arguments>
<status status="PASS" starttime="20200415 10:39:38.078" endtime="20200415 10:39:38.200"></status>
</kw>
<status status="PASS" starttime="20200415 10:39:38.077" endtime="20200415 10:39:38.200"></status>
</kw>
<kw name="Get Element Count" library="SeleniumLibrary">
<doc>Returns the number of elements matching ``locator``.</doc>
<arguments>
<arg>//table/tbody[@id='theForm:tabViewPermissionsOwners:tblPrincipals_data']/tr</arg>
</arguments>
<assign>
<var>${rowCount}</var>
</assign>
<msg timestamp="20200415 10:39:38.315" level="INFO">${rowCount} = 1</msg>
<status status="PASS" starttime="20200415 10:39:38.201" endtime="20200415 10:39:38.315"></status>
</kw>
<kw name="${rowIndex} IN RANGE [ 1 | ${rowCount}+1 ]" type="for">
<kw name="${rowIndex} = 1" type="foritem">
<kw name="Run Keyword And Return Status" library="BuiltIn">
<doc>Runs the given keyword with given arguments and returns the status as a Boolean value.</doc>
<arguments>
<arg>Page Should Contain Element</arg>
<arg>//table/tbody[@id='theForm:tabViewPermissionsOwners:tblPrincipals_data']/tr[${rowIndex}]/td[2]</arg>
</arguments>
<assign>
<var>${isNotEmptyTable}</var>
</assign>
<kw name="Page Should Contain Element" library="SeleniumLibrary">
<doc>Verifies that element ``locator`` is found on the current page.</doc>
<arguments>
<arg>//table/tbody[@id='theForm:tabViewPermissionsOwners:tblPrincipals_data']/tr[${rowIndex}]/td[2]</arg>
</arguments>
<kw name="No Operation" library="BuiltIn">
<doc>Does absolutely nothing.</doc>
<status status="PASS" starttime="20200415 10:39:38.568" endtime="20200415 10:39:38.569"></status>
</kw>
<msg timestamp="20200415 10:39:38.572" level="FAIL">Page should have contained element '//table/tbody[@id='theForm:tabViewPermissionsOwners:tblPrincipals_data']/tr[1]/td[2]' but did not.</msg>
<status status="FAIL" starttime="20200415 10:39:38.317" endtime="20200415 10:39:38.572"></status>
</kw>
<msg timestamp="20200415 10:39:38.572" level="INFO">${isNotEmptyTable} = False</msg>
<status status="PASS" starttime="20200415 10:39:38.317" endtime="20200415 10:39:38.573"></status>
</kw>
<kw name="Run Keyword If" library="BuiltIn">
<doc>Runs the given keyword with the given arguments, if ``condition`` is true.</doc>
<arguments>
<arg>'${isNotEmptyTable}'=='${True}'</arg>
<arg>Get Text</arg>
<arg>//table/tbody[@id='theForm:tabViewPermissionsOwners:tblPrincipals_data']/tr[${rowIndex}]/td[2]</arg>
<arg>ELSE</arg>
<arg>Set Variable</arg>
<arg>${EMPTY}</arg>
</arguments>
<assign>
<var>${curUser}</var>
</assign>
<kw name="Set Variable" library="BuiltIn">
<doc>Returns the given values which can then be assigned to a variables.</doc>
<arguments>
<arg>${EMPTY}</arg>
</arguments>
<status status="PASS" starttime="20200415 10:39:38.575" endtime="20200415 10:39:38.576"></status>
</kw>
<msg timestamp="20200415 10:39:38.576" level="INFO">${curUser} = </msg>
<status status="PASS" starttime="20200415 10:39:38.573" endtime="20200415 10:39:38.577"></status>
</kw>
<kw name="Exit For Loop If" library="BuiltIn">
<doc>Stops executing the enclosing for loop if the ``condition`` is true.</doc>
<arguments>
<arg>'${curUser}'=='${pUser}'</arg>
</arguments>
<status status="PASS" starttime="20200415 10:39:38.577" endtime="20200415 10:39:38.579"></status>
</kw>
<status status="PASS" starttime="20200415 10:39:38.316" endtime="20200415 10:39:38.579"></status>
</kw>
<status status="PASS" starttime="20200415 10:39:38.316" endtime="20200415 10:39:38.579"></status>
</kw>
<kw name="Create List" library="BuiltIn">
<doc>Returns a list containing given items.</doc>
<arguments>
<arg>${curUser}</arg>
<arg>${rowIndex}</arg>
</arguments>
<assign>
<var>@{requiredUser}</var>
</assign>
<msg timestamp="20200415 10:39:38.581" level="INFO">@{requiredUser} = [  | 1 ]</msg>
<status status="PASS" starttime="20200415 10:39:38.580" endtime="20200415 10:39:38.581"></status>
</kw>
<msg timestamp="20200415 10:39:38.582" level="INFO">@{requiredUser} = [  | 1 ]</msg>
<status status="PASS" starttime="20200415 10:39:38.074" endtime="20200415 10:39:38.582"></status>
</kw>
<kw name="Run Keyword If" library="BuiltIn">
<doc>Runs the given keyword with the given arguments, if ``condition`` is true.</doc>
<arguments>
<arg>'${requiredUser[0]}' != '${pUser}'</arg>
<arg>Add In Permissions Page The user</arg>
<arg>${pUser}</arg>
<arg>ELSE</arg>
<arg>Log</arg>
<arg>-----&gt; The user "${pUser}" IS ALREADY EXIST in permissions list.</arg>
<arg>console=yes</arg>
</arguments>
<kw name="Add In Permissions Page The User" library="CommonWeb">
<arguments>
<arg>${pUser}</arg>
</arguments>
<kw name="Log" library="BuiltIn">
<doc>Logs the given message with the given level.</doc>
<arguments>
<arg>\n=================== Go to add the user '${vUser}' in the table of 'Permissions' tab ===================</arg>
<arg>console=yes</arg>
</arguments>
<msg timestamp="20200415 10:39:38.587" level="INFO">
=================== Go to add the user 'Everyone' in the table of 'Permissions' tab ===================</msg>
<status status="PASS" starttime="20200415 10:39:38.586" endtime="20200415 10:39:38.587"></status>
</kw>
<kw name="Wait Until Keyword Succeeds" library="BuiltIn">
<doc>Runs the specified keyword and retries if it fails.</doc>
<arguments>
<arg>10s</arg>
<arg>1s</arg>
<arg>Click On Plus Button</arg>
</arguments>
<kw name="Click On Plus Button" library="CommonWeb">
<doc>This keyword for "JMap Admin", allows to click on the button "(+)" to add a user.</doc>
<kw name="Click Element" library="SeleniumLibrary">
<doc>Click the element identified by ``locator``.</doc>
<arguments>
<arg>//button[@id='theForm:tabViewPermissionsOwners:tblPrincipals:cmlAdd']</arg>
</arguments>
<msg timestamp="20200415 10:39:38.590" level="INFO">Clicking element '//button[@id='theForm:tabViewPermissionsOwners:tblPrincipals:cmlAdd']'.</msg>
<status status="PASS" starttime="20200415 10:39:38.589" endtime="20200415 10:39:38.883"></status>
</kw>
<kw name="Sleep" library="BuiltIn">
<doc>Pauses the test executed for the given time.</doc>
<arguments>
<arg>1s</arg>
</arguments>
<msg timestamp="20200415 10:39:39.885" level="INFO">Slept 1 second</msg>
<status status="PASS" starttime="20200415 10:39:38.883" endtime="20200415 10:39:39.885"></status>
</kw>
<status status="PASS" starttime="20200415 10:39:38.588" endtime="20200415 10:39:39.886"></status>
</kw>
<status status="PASS" starttime="20200415 10:39:38.588" endtime="20200415 10:39:39.886"></status>
</kw>
<kw name="Wait Until Page Contains Element" library="SeleniumLibrary">
<doc>Waits until the element ``locator`` appears on the current page.</doc>
<arguments>
<arg>//input[@id='theForm:tabViewPermissionsOwners:tblPrincipalsAvailable:columnAvailableUsername:filter']</arg>
<arg>5s</arg>
</arguments>
<status status="PASS" starttime="20200415 10:39:39.887" endtime="20200415 10:39:40.009"></status>
</kw>
<kw name="Clear Element Text" library="SeleniumLibrary">
<doc>Clears the value of the text-input-element identified by ``locator``.</doc>
<arguments>
<arg>//input[@id='theForm:tabViewPermissionsOwners:tblPrincipalsAvailable:columnAvailableUsername:filter']</arg>
</arguments>
<status status="PASS" starttime="20200415 10:39:40.010" endtime="20200415 10:39:40.276"></status>
</kw>
<kw name="Input Text" library="SeleniumLibrary">
<doc>Types the given ``text`` into the text field identified by ``locator``.</doc>
<arguments>
<arg>//input[@id='theForm:tabViewPermissionsOwners:tblPrincipalsAvailable:columnAvailableUsername:filter']</arg>
<arg>${vUser}</arg>
</arguments>
<msg timestamp="20200415 10:39:40.278" level="INFO">Typing text 'Everyone' into text field '//input[@id='theForm:tabViewPermissionsOwners:tblPrincipalsAvailable:columnAvailableUsername:filter']'.</msg>
<status status="PASS" starttime="20200415 10:39:40.277" endtime="20200415 10:39:40.727"></status>
</kw>
<kw name="Sleep" library="BuiltIn">
<doc>Pauses the test executed for the given time.</doc>
<arguments>
<arg>2s</arg>
</arguments>
<msg timestamp="20200415 10:39:42.730" level="INFO">Slept 2 seconds</msg>
<status status="PASS" starttime="20200415 10:39:40.728" endtime="20200415 10:39:42.730"></status>
</kw>
<kw name="Get Element Count" library="SeleniumLibrary">
<doc>Returns the number of elements matching ``locator``.</doc>
<arguments>
<arg>//table/tbody[@id='theForm:tabViewPermissionsOwners:tblPrincipalsAvailable_data']/tr</arg>
</arguments>
<assign>
<var>${rowCount}</var>
</assign>
<msg timestamp="20200415 10:39:42.842" level="INFO">${rowCount} = 1</msg>
<status status="PASS" starttime="20200415 10:39:42.730" endtime="20200415 10:39:42.842"></status>
</kw>
<kw name="${row} IN RANGE [ 1 | ${rowCount}+1 ]" type="for">
<kw name="${row} = 1" type="foritem">
<kw name="Get Text" library="SeleniumLibrary">
<doc>Returns the text value of the element identified by ``locator``.</doc>
<arguments>
<arg>//table/tbody[@id='theForm:tabViewPermissionsOwners:tblPrincipalsAvailable_data']/tr[${row}]/td[2]</arg>
</arguments>
<assign>
<var>${curUser}</var>
</assign>
<msg timestamp="20200415 10:39:43.069" level="INFO">${curUser} = Everyone</msg>
<status status="PASS" starttime="20200415 10:39:42.843" endtime="20200415 10:39:43.069"></status>
</kw>
<kw name="Exit For Loop If" library="BuiltIn">
<doc>Stops executing the enclosing for loop if the ``condition`` is true.</doc>
<arguments>
<arg>'${curUser}' == '${vUser}'</arg>
</arguments>
<msg timestamp="20200415 10:39:43.071" level="INFO">Exiting for loop altogether.</msg>
<status status="PASS" starttime="20200415 10:39:43.070" endtime="20200415 10:39:43.071"></status>
</kw>
<status status="PASS" starttime="20200415 10:39:42.842" endtime="20200415 10:39:43.071"></status>
</kw>
<status status="PASS" starttime="20200415 10:39:42.842" endtime="20200415 10:39:43.072"></status>
</kw>
<kw name="Run Keyword If" library="BuiltIn">
<doc>Runs the given keyword with the given arguments, if ``condition`` is true.</doc>
<arguments>
<arg>'${curUser}' == '${vUser}'</arg>
<arg>Click Element</arg>
<arg>//table/tbody[@id='theForm:tabViewPermissionsOwners:tblPrincipalsAvailable_data']/tr[${row}]/td[2]</arg>
</arguments>
<kw name="Click Element" library="SeleniumLibrary">
<doc>Click the element identified by ``locator``.</doc>
<arguments>
<arg>//table/tbody[@id='theForm:tabViewPermissionsOwners:tblPrincipalsAvailable_data']/tr[${row}]/td[2]</arg>
</arguments>
<msg timestamp="20200415 10:39:43.074" level="INFO">Clicking element '//table/tbody[@id='theForm:tabViewPermissionsOwners:tblPrincipalsAvailable_data']/tr[1]/td[2]'.</msg>
<status status="PASS" starttime="20200415 10:39:43.073" endtime="20200415 10:39:43.343"></status>
</kw>
<status status="PASS" starttime="20200415 10:39:43.072" endtime="20200415 10:39:43.343"></status>
</kw>
<kw name="Click Element" library="SeleniumLibrary">
<doc>Click the element identified by ``locator``.</doc>
<arguments>
<arg>//button[@id='theForm:tabViewPermissionsOwners:cmlDlgSave']</arg>
</arguments>
<msg timestamp="20200415 10:39:43.344" level="INFO">Clicking element '//button[@id='theForm:tabViewPermissionsOwners:cmlDlgSave']'.</msg>
<status status="PASS" starttime="20200415 10:39:43.343" endtime="20200415 10:39:43.674"></status>
</kw>
<kw name="Save Permissions" library="CommonWeb">
<doc>This keyword for "JMap Admin", allows to click on the save button of permission page</doc>
<kw name="Wait Until Keyword Succeeds" library="BuiltIn">
<doc>Runs the specified keyword and retries if it fails.</doc>
<arguments>
<arg>5s</arg>
<arg>1s</arg>
<arg>Click Element</arg>
<arg>//button[@id='theForm:cmlSave']</arg>
</arguments>
<kw name="Click Element" library="SeleniumLibrary">
<doc>Click the element identified by ``locator``.</doc>
<arguments>
<arg>//button[@id='theForm:cmlSave']</arg>
</arguments>
<msg timestamp="20200415 10:39:43.676" level="INFO">Clicking element '//button[@id='theForm:cmlSave']'.</msg>
<status status="PASS" starttime="20200415 10:39:43.676" endtime="20200415 10:39:43.990"></status>
</kw>
<status status="PASS" starttime="20200415 10:39:43.675" endtime="20200415 10:39:43.991"></status>
</kw>
<kw name="Wait Until Keyword Succeeds" library="BuiltIn">
<doc>Runs the specified keyword and retries if it fails.</doc>
<arguments>
<arg>7s</arg>
<arg>1s</arg>
<arg>Element Text Should Be</arg>
<arg>//span[@class='ui-growl-title']</arg>
<arg>Configuration saved.</arg>
</arguments>
<kw name="Element Text Should Be" library="SeleniumLibrary">
<doc>Verifies that element ``locator`` contains exact the text ``expected``.</doc>
<arguments>
<arg>//span[@class='ui-growl-title']</arg>
<arg>Configuration saved.</arg>
</arguments>
<msg timestamp="20200415 10:39:43.994" level="INFO">Verifying element '//span[@class='ui-growl-title']' contains exact text 'Configuration saved.'.</msg>
<kw name="No Operation" library="BuiltIn">
<doc>Does absolutely nothing.</doc>
<status status="PASS" starttime="20200415 10:39:44.115" endtime="20200415 10:39:44.115"></status>
</kw>
<msg timestamp="20200415 10:39:44.117" level="FAIL">Element with locator '//span[@class='ui-growl-title']' not found.</msg>
<status status="FAIL" starttime="20200415 10:39:43.993" endtime="20200415 10:39:44.117"></status>
</kw>
<kw name="Element Text Should Be" library="SeleniumLibrary">
<doc>Verifies that element ``locator`` contains exact the text ``expected``.</doc>
<arguments>
<arg>//span[@class='ui-growl-title']</arg>
<arg>Configuration saved.</arg>
</arguments>
<msg timestamp="20200415 10:39:45.119" level="INFO">Verifying element '//span[@class='ui-growl-title']' contains exact text 'Configuration saved.'.</msg>
<status status="PASS" starttime="20200415 10:39:45.118" endtime="20200415 10:39:45.360"></status>
</kw>
<status status="PASS" starttime="20200415 10:39:43.992" endtime="20200415 10:39:45.360"></status>
</kw>
<kw name="Sleep" library="BuiltIn">
<doc>Pauses the test executed for the given time.</doc>
<arguments>
<arg>1s</arg>
</arguments>
<msg timestamp="20200415 10:39:46.362" level="INFO">Slept 1 second</msg>
<status status="PASS" starttime="20200415 10:39:45.361" endtime="20200415 10:39:46.362"></status>
</kw>
<status status="PASS" starttime="20200415 10:39:43.674" endtime="20200415 10:39:46.362"></status>
</kw>
<kw name="Log" library="BuiltIn">
<doc>Logs the given message with the given level.</doc>
<arguments>
<arg>-----&gt; The user '${vUser}' IS ADDED NOW in the table of 'Permissions' tab.</arg>
<arg>console=yes</arg>
</arguments>
<msg timestamp="20200415 10:39:46.363" level="INFO">-----&gt; The user 'Everyone' IS ADDED NOW in the table of 'Permissions' tab.</msg>
<status status="PASS" starttime="20200415 10:39:46.362" endtime="20200415 10:39:46.364"></status>
</kw>
<status status="PASS" starttime="20200415 10:39:38.584" endtime="20200415 10:39:46.364"></status>
</kw>
<status status="PASS" starttime="20200415 10:39:38.583" endtime="20200415 10:39:46.364"></status>
</kw>
<kw name="Run Keyword If" library="BuiltIn">
<doc>Runs the given keyword with the given arguments, if ``condition`` is true.</doc>
<arguments>
<arg>'${requiredUser[0]}' != '${pUser}'</arg>
<arg>Get The Required User From Permission List</arg>
<arg>${pUser}</arg>
<arg>ELSE</arg>
<arg>Set Variable</arg>
<arg>@{requiredUser}</arg>
</arguments>
<assign>
<var>@{requiredUser}</var>
</assign>
<kw name="Get The Required User From Permission List" library="CommonWeb">
<doc>This keyword for "JMap Admin"</doc>
<arguments>
<arg>${pUser}</arg>
</arguments>
<kw name="Log" library="BuiltIn">
<doc>Logs the given message with the given level.</doc>
<arguments>
<arg>\n=================== Go to look for the user '${pUser}' in permissions list =====================</arg>
<arg>console=yes</arg>
</arguments>
<msg timestamp="20200415 10:39:46.369" level="INFO">
=================== Go to look for the user 'Everyone' in permissions list =====================</msg>
<status status="PASS" starttime="20200415 10:39:46.368" endtime="20200415 10:39:46.369"></status>
</kw>
<kw name="Run Keyword And Continue On Failure" library="BuiltIn">
<doc>Runs the keyword and continues execution even if a failure occurs.</doc>
<arguments>
<arg>Wait Until Page Contains Element</arg>
<arg>//table/tbody[@id='theForm:tabViewPermissionsOwners:tblPrincipals_data']/tr</arg>
<arg>30s</arg>
</arguments>
<kw name="Wait Until Page Contains Element" library="SeleniumLibrary">
<doc>Waits until the element ``locator`` appears on the current page.</doc>
<arguments>
<arg>//table/tbody[@id='theForm:tabViewPermissionsOwners:tblPrincipals_data']/tr</arg>
<arg>30s</arg>
</arguments>
<status status="PASS" starttime="20200415 10:39:46.371" endtime="20200415 10:39:46.481"></status>
</kw>
<status status="PASS" starttime="20200415 10:39:46.370" endtime="20200415 10:39:46.482"></status>
</kw>
<kw name="Get Element Count" library="SeleniumLibrary">
<doc>Returns the number of elements matching ``locator``.</doc>
<arguments>
<arg>//table/tbody[@id='theForm:tabViewPermissionsOwners:tblPrincipals_data']/tr</arg>
</arguments>
<assign>
<var>${rowCount}</var>
</assign>
<msg timestamp="20200415 10:39:46.597" level="INFO">${rowCount} = 4</msg>
<status status="PASS" starttime="20200415 10:39:46.483" endtime="20200415 10:39:46.597"></status>
</kw>
<kw name="${rowIndex} IN RANGE [ 1 | ${rowCount}+1 ]" type="for">
<kw name="${rowIndex} = 1" type="foritem">
<kw name="Run Keyword And Return Status" library="BuiltIn">
<doc>Runs the given keyword with given arguments and returns the status as a Boolean value.</doc>
<arguments>
<arg>Page Should Contain Element</arg>
<arg>//table/tbody[@id='theForm:tabViewPermissionsOwners:tblPrincipals_data']/tr[${rowIndex}]/td[2]</arg>
</arguments>
<assign>
<var>${isNotEmptyTable}</var>
</assign>
<kw name="Page Should Contain Element" library="SeleniumLibrary">
<doc>Verifies that element ``locator`` is found on the current page.</doc>
<arguments>
<arg>//table/tbody[@id='theForm:tabViewPermissionsOwners:tblPrincipals_data']/tr[${rowIndex}]/td[2]</arg>
</arguments>
<msg timestamp="20200415 10:39:46.713" level="INFO">Current page contains element '//table/tbody[@id='theForm:tabViewPermissionsOwners:tblPrincipals_data']/tr[1]/td[2]'.</msg>
<status status="PASS" starttime="20200415 10:39:46.599" endtime="20200415 10:39:46.713"></status>
</kw>
<msg timestamp="20200415 10:39:46.714" level="INFO">${isNotEmptyTable} = True</msg>
<status status="PASS" starttime="20200415 10:39:46.599" endtime="20200415 10:39:46.714"></status>
</kw>
<kw name="Run Keyword If" library="BuiltIn">
<doc>Runs the given keyword with the given arguments, if ``condition`` is true.</doc>
<arguments>
<arg>'${isNotEmptyTable}'=='${True}'</arg>
<arg>Get Text</arg>
<arg>//table/tbody[@id='theForm:tabViewPermissionsOwners:tblPrincipals_data']/tr[${rowIndex}]/td[2]</arg>
<arg>ELSE</arg>
<arg>Set Variable</arg>
<arg>${EMPTY}</arg>
</arguments>
<assign>
<var>${curUser}</var>
</assign>
<kw name="Get Text" library="SeleniumLibrary">
<doc>Returns the text value of the element identified by ``locator``.</doc>
<arguments>
<arg>//table/tbody[@id='theForm:tabViewPermissionsOwners:tblPrincipals_data']/tr[${rowIndex}]/td[2]</arg>
</arguments>
<status status="PASS" starttime="20200415 10:39:46.716" endtime="20200415 10:39:46.959"></status>
</kw>
<msg timestamp="20200415 10:39:46.959" level="INFO">${curUser} = demo</msg>
<status status="PASS" starttime="20200415 10:39:46.715" endtime="20200415 10:39:46.961"></status>
</kw>
<kw name="Exit For Loop If" library="BuiltIn">
<doc>Stops executing the enclosing for loop if the ``condition`` is true.</doc>
<arguments>
<arg>'${curUser}'=='${pUser}'</arg>
</arguments>
<status status="PASS" starttime="20200415 10:39:46.961" endtime="20200415 10:39:46.961"></status>
</kw>
<status status="PASS" starttime="20200415 10:39:46.598" endtime="20200415 10:39:46.961"></status>
</kw>
<kw name="${rowIndex} = 2" type="foritem">
<kw name="Run Keyword And Return Status" library="BuiltIn">
<doc>Runs the given keyword with given arguments and returns the status as a Boolean value.</doc>
<arguments>
<arg>Page Should Contain Element</arg>
<arg>//table/tbody[@id='theForm:tabViewPermissionsOwners:tblPrincipals_data']/tr[${rowIndex}]/td[2]</arg>
</arguments>
<assign>
<var>${isNotEmptyTable}</var>
</assign>
<kw name="Page Should Contain Element" library="SeleniumLibrary">
<doc>Verifies that element ``locator`` is found on the current page.</doc>
<arguments>
<arg>//table/tbody[@id='theForm:tabViewPermissionsOwners:tblPrincipals_data']/tr[${rowIndex}]/td[2]</arg>
</arguments>
<msg timestamp="20200415 10:39:47.086" level="INFO">Current page contains element '//table/tbody[@id='theForm:tabViewPermissionsOwners:tblPrincipals_data']/tr[2]/td[2]'.</msg>
<status status="PASS" starttime="20200415 10:39:46.963" endtime="20200415 10:39:47.086"></status>
</kw>
<msg timestamp="20200415 10:39:47.086" level="INFO">${isNotEmptyTable} = True</msg>
<status status="PASS" starttime="20200415 10:39:46.962" endtime="20200415 10:39:47.086"></status>
</kw>
<kw name="Run Keyword If" library="BuiltIn">
<doc>Runs the given keyword with the given arguments, if ``condition`` is true.</doc>
<arguments>
<arg>'${isNotEmptyTable}'=='${True}'</arg>
<arg>Get Text</arg>
<arg>//table/tbody[@id='theForm:tabViewPermissionsOwners:tblPrincipals_data']/tr[${rowIndex}]/td[2]</arg>
<arg>ELSE</arg>
<arg>Set Variable</arg>
<arg>${EMPTY}</arg>
</arguments>
<assign>
<var>${curUser}</var>
</assign>
<kw name="Get Text" library="SeleniumLibrary">
<doc>Returns the text value of the element identified by ``locator``.</doc>
<arguments>
<arg>//table/tbody[@id='theForm:tabViewPermissionsOwners:tblPrincipals_data']/tr[${rowIndex}]/td[2]</arg>
</arguments>
<status status="PASS" starttime="20200415 10:39:47.089" endtime="20200415 10:39:47.329"></status>
</kw>
<msg timestamp="20200415 10:39:47.329" level="INFO">${curUser} = Everyone</msg>
<status status="PASS" starttime="20200415 10:39:47.087" endtime="20200415 10:39:47.330"></status>
</kw>
<kw name="Exit For Loop If" library="BuiltIn">
<doc>Stops executing the enclosing for loop if the ``condition`` is true.</doc>
<arguments>
<arg>'${curUser}'=='${pUser}'</arg>
</arguments>
<msg timestamp="20200415 10:39:47.331" level="INFO">Exiting for loop altogether.</msg>
<status status="PASS" starttime="20200415 10:39:47.330" endtime="20200415 10:39:47.332"></status>
</kw>
<status status="PASS" starttime="20200415 10:39:46.962" endtime="20200415 10:39:47.332"></status>
</kw>
<status status="PASS" starttime="20200415 10:39:46.598" endtime="20200415 10:39:47.333"></status>
</kw>
<kw name="Create List" library="BuiltIn">
<doc>Returns a list containing given items.</doc>
<arguments>
<arg>${curUser}</arg>
<arg>${rowIndex}</arg>
</arguments>
<assign>
<var>@{requiredUser}</var>
</assign>
<msg timestamp="20200415 10:39:47.335" level="INFO">@{requiredUser} = [ Everyone | 2 ]</msg>
<status status="PASS" starttime="20200415 10:39:47.333" endtime="20200415 10:39:47.335"></status>
</kw>
<status status="PASS" starttime="20200415 10:39:46.366" endtime="20200415 10:39:47.335"></status>
</kw>
<msg timestamp="20200415 10:39:47.336" level="INFO">@{requiredUser} = [ Everyone | 2 ]</msg>
<status status="PASS" starttime="20200415 10:39:46.365" endtime="20200415 10:39:47.336"></status>
</kw>
<kw name="Select In Permissions List The User" library="CommonWeb">
<arguments>
<arg>${requiredUser[0]}</arg>
<arg>${requiredUser[1]}</arg>
</arguments>
<kw name="Log" library="BuiltIn">
<doc>Logs the given message with the given level.</doc>
<arguments>
<arg>\n=================== Go to click on the user '${pUser}' in permissions list =====================</arg>
<arg>console=yes</arg>
</arguments>
<msg timestamp="20200415 10:39:47.339" level="INFO">
=================== Go to click on the user 'Everyone' in permissions list =====================</msg>
<status status="PASS" starttime="20200415 10:39:47.338" endtime="20200415 10:39:47.339"></status>
</kw>
<kw name="CheckBox Should Be Marked" library="CommonWeb">
<arguments>
<arg>//table/tbody[@id='theForm:tabViewPermissionsOwners:tblPrincipals_data']/tr[${pRow}]/td[2]//preceding::div[1]//span[@class='ui-chkbox-icon ui-icon ui-icon-check ui-c']</arg>
</arguments>
<assign>
<var>${isSelectedUser}</var>
</assign>
<kw name="Run Keyword And Return Status" library="BuiltIn">
<doc>Runs the given keyword with given arguments and returns the status as a Boolean value.</doc>
<arguments>
<arg>Wait Until Keyword Succeeds</arg>
<arg>10s</arg>
<arg>1s</arg>
<arg>Page Should Contain Element</arg>
<arg>${locator}</arg>
</arguments>
<assign>
<var>${isChecked}</var>
</assign>
<kw name="Wait Until Keyword Succeeds" library="BuiltIn">
<doc>Runs the specified keyword and retries if it fails.</doc>
<arguments>
<arg>10s</arg>
<arg>1s</arg>
<arg>Page Should Contain Element</arg>
<arg>${locator}</arg>
</arguments>
<kw name="Page Should Contain Element" library="SeleniumLibrary">
<doc>Verifies that element ``locator`` is found on the current page.</doc>
<arguments>
<arg>${locator}</arg>
</arguments>
<msg timestamp="20200415 10:39:47.465" level="INFO">Current page contains element '//table/tbody[@id='theForm:tabViewPermissionsOwners:tblPrincipals_data']/tr[2]/td[2]//preceding::div[1]//span[@class='ui-chkbox-icon ui-icon ui-icon-check ui-c']'.</msg>
<status status="PASS" starttime="20200415 10:39:47.343" endtime="20200415 10:39:47.465"></status>
</kw>
<status status="PASS" starttime="20200415 10:39:47.342" endtime="20200415 10:39:47.465"></status>
</kw>
<msg timestamp="20200415 10:39:47.465" level="INFO">${isChecked} = True</msg>
<status status="PASS" starttime="20200415 10:39:47.341" endtime="20200415 10:39:47.466"></status>
</kw>
<msg timestamp="20200415 10:39:47.466" level="INFO">${isSelectedUser} = True</msg>
<status status="PASS" starttime="20200415 10:39:47.340" endtime="20200415 10:39:47.466"></status>
</kw>
<kw name="Run Keyword If" library="BuiltIn">
<doc>Runs the given keyword with the given arguments, if ``condition`` is true.</doc>
<arguments>
<arg>'${isSelectedUser}'=='${False}'</arg>
<arg>Click Element</arg>
<arg>//table/tbody[@id='theForm:tabViewPermissionsOwners:tblPrincipals_data']/tr[${pRow}]/td[2]//preceding::div[1]//span[@class='ui-chkbox-icon ui-icon ui-icon-blank ui-c']</arg>
<arg>ELSE IF</arg>
<arg>'${isSelectedUser}' == '${True}'</arg>
<arg>Log</arg>
<arg>-----&gt; The user "${pUser}" IS ALREADY SELECTED in permission list.</arg>
<arg>console=yes</arg>
</arguments>
<kw name="Log" library="BuiltIn">
<doc>Logs the given message with the given level.</doc>
<arguments>
<arg>-----&gt; The user "${pUser}" IS ALREADY SELECTED in permission list.</arg>
<arg>console=yes</arg>
</arguments>
<msg timestamp="20200415 10:39:47.468" level="INFO">-----&gt; The user "Everyone" IS ALREADY SELECTED in permission list.</msg>
<status status="PASS" starttime="20200415 10:39:47.467" endtime="20200415 10:39:47.468"></status>
</kw>
<status status="PASS" starttime="20200415 10:39:47.467" endtime="20200415 10:39:47.468"></status>
</kw>
<kw name="Sleep" library="BuiltIn">
<doc>Pauses the test executed for the given time.</doc>
<arguments>
<arg>1s</arg>
</arguments>
<msg timestamp="20200415 10:39:48.471" level="INFO">Slept 1 second</msg>
<status status="PASS" starttime="20200415 10:39:47.468" endtime="20200415 10:39:48.471"></status>
</kw>
<status status="PASS" starttime="20200415 10:39:47.337" endtime="20200415 10:39:48.472"></status>
</kw>
<status status="PASS" starttime="20200415 10:39:35.224" endtime="20200415 10:39:48.473"></status>
</kw>
<kw name="Give All Permissions To The User" library="CommonWeb">
<doc>This keyword for "JMap Admin", it used in the keyword : "Add The User "Everyone" In The Permissions List"</doc>
<arguments>
<arg>${pUser}</arg>
</arguments>
<kw name="Log" library="BuiltIn">
<doc>Logs the given message with the given level.</doc>
<arguments>
<arg>\n============================= Go to add the desired permission to the user "${pUser}". ============================</arg>
<arg>console=yes</arg>
</arguments>
<msg timestamp="20200415 10:39:48.476" level="INFO">
============================= Go to add the desired permission to the user "Everyone". ============================</msg>
<status status="PASS" starttime="20200415 10:39:48.475" endtime="20200415 10:39:48.476"></status>
</kw>
<kw name="Get All Permissions Name With Status" library="CommonWeb">
<doc>This keyword for "JMap Admin", allows to get a list of permissions users in project, layer and form page.</doc>
<assign>
<var>@{permissionsValues}</var>
</assign>
<kw name="Log" library="BuiltIn">
<doc>Logs the given message with the given level.</doc>
<arguments>
<arg>\n============================= Go to get all permissions with its status =========================================</arg>
<arg>console=yes</arg>
</arguments>
<msg timestamp="20200415 10:39:48.479" level="INFO">
============================= Go to get all permissions with its status =========================================</msg>
<status status="PASS" starttime="20200415 10:39:48.478" endtime="20200415 10:39:48.479"></status>
</kw>
<kw name="Create List" library="BuiltIn">
<doc>Returns a list containing given items.</doc>
<assign>
<var>@{PermissionsList}</var>
</assign>
<msg timestamp="20200415 10:39:48.480" level="INFO">@{PermissionsList} = [ ]</msg>
<status status="PASS" starttime="20200415 10:39:48.480" endtime="20200415 10:39:48.481"></status>
</kw>
<kw name="Wait Until Keyword Succeeds" library="BuiltIn">
<doc>Runs the specified keyword and retries if it fails.</doc>
<arguments>
<arg>15s</arg>
<arg>1s</arg>
<arg>Wait Until Page Contains Element</arg>
<arg>//table[@id='theForm:tabViewPermissionsOwners:panelPermissionsUsers']//tr</arg>
</arguments>
<kw name="Wait Until Page Contains Element" library="SeleniumLibrary">
<doc>Waits until the element ``locator`` appears on the current page.</doc>
<arguments>
<arg>//table[@id='theForm:tabViewPermissionsOwners:panelPermissionsUsers']//tr</arg>
</arguments>
<status status="PASS" starttime="20200415 10:39:48.482" endtime="20200415 10:39:48.610"></status>
</kw>
<status status="PASS" starttime="20200415 10:39:48.481" endtime="20200415 10:39:48.610"></status>
</kw>
<kw name="Get Element Count" library="SeleniumLibrary">
<doc>Returns the number of elements matching ``locator``.</doc>
<arguments>
<arg>//table[@id='theForm:tabViewPermissionsOwners:panelPermissionsUsers']//tr</arg>
</arguments>
<assign>
<var>${rowCount}</var>
</assign>
<msg timestamp="20200415 10:39:48.729" level="INFO">${rowCount} = 1</msg>
<status status="PASS" starttime="20200415 10:39:48.611" endtime="20200415 10:39:48.730"></status>
</kw>
<kw name="${row} IN RANGE [ 1 | ${rowCount}+1 ]" type="for">
<kw name="${row} = 1" type="foritem">
<kw name="Create Dictionary" library="BuiltIn">
<doc>Creates and returns a dictionary based on the given ``items``.</doc>
<assign>
<var>${dictPermissions}</var>
</assign>
<msg timestamp="20200415 10:39:48.733" level="INFO">${dictPermissions} = {}</msg>
<status status="PASS" starttime="20200415 10:39:48.732" endtime="20200415 10:39:48.733"></status>
</kw>
<kw name="Get Text" library="SeleniumLibrary">
<doc>Returns the text value of the element identified by ``locator``.</doc>
<arguments>
<arg>//table[@id='theForm:tabViewPermissionsOwners:panelPermissionsUsers']//tr[${row}]//span[contains(@class, 'ui-chkbox-label')]</arg>
</arguments>
<assign>
<var>${getPermission}</var>
</assign>
<msg timestamp="20200415 10:39:48.975" level="INFO">${getPermission} = Open this project</msg>
<status status="PASS" starttime="20200415 10:39:48.734" endtime="20200415 10:39:48.975"></status>
</kw>
<kw name="CheckBox Should Be Marked" library="CommonWeb">
<arguments>
<arg>//table[@id='theForm:tabViewPermissionsOwners:panelPermissionsUsers']//tr[${row}]//span[@class='ui-chkbox-icon ui-icon ui-c ui-icon-check']</arg>
</arguments>
<assign>
<var>${isPermissionChecked}</var>
</assign>
<kw name="Run Keyword And Return Status" library="BuiltIn">
<doc>Runs the given keyword with given arguments and returns the status as a Boolean value.</doc>
<arguments>
<arg>Wait Until Keyword Succeeds</arg>
<arg>10s</arg>
<arg>1s</arg>
<arg>Page Should Contain Element</arg>
<arg>${locator}</arg>
</arguments>
<assign>
<var>${isChecked}</var>
</assign>
<kw name="Wait Until Keyword Succeeds" library="BuiltIn">
<doc>Runs the specified keyword and retries if it fails.</doc>
<arguments>
<arg>10s</arg>
<arg>1s</arg>
<arg>Page Should Contain Element</arg>
<arg>${locator}</arg>
</arguments>
<kw name="Page Should Contain Element" library="SeleniumLibrary">
<doc>Verifies that element ``locator`` is found on the current page.</doc>
<arguments>
<arg>${locator}</arg>
</arguments>
<msg timestamp="20200415 10:39:49.095" level="INFO">Current page contains element '//table[@id='theForm:tabViewPermissionsOwners:panelPermissionsUsers']//tr[1]//span[@class='ui-chkbox-icon ui-icon ui-c ui-icon-check']'.</msg>
<status status="PASS" starttime="20200415 10:39:48.978" endtime="20200415 10:39:49.095"></status>
</kw>
<status status="PASS" starttime="20200415 10:39:48.977" endtime="20200415 10:39:49.096"></status>
</kw>
<msg timestamp="20200415 10:39:49.096" level="INFO">${isChecked} = True</msg>
<status status="PASS" starttime="20200415 10:39:48.976" endtime="20200415 10:39:49.097"></status>
</kw>
<msg timestamp="20200415 10:39:49.098" level="INFO">${isPermissionChecked} = True</msg>
<status status="PASS" starttime="20200415 10:39:48.975" endtime="20200415 10:39:49.098"></status>
</kw>
<kw name="Log" library="BuiltIn">
<doc>Logs the given message with the given level.</doc>
<arguments>
<arg>-----&gt; PERMISSION [(${row})] : "${getPermission}" is "${isPermissionChecked}"</arg>
</arguments>
<msg timestamp="20200415 10:39:49.099" level="INFO">-----&gt; PERMISSION [(1)] : "Open this project" is "True"</msg>
<status status="PASS" starttime="20200415 10:39:49.099" endtime="20200415 10:39:49.100"></status>
</kw>
<kw name="Set To Dictionary" library="Collections">
<doc>Adds the given ``key_value_pairs`` and ``items`` to the ``dictionary``.</doc>
<arguments>
<arg>${dictPermissions}</arg>
<arg>permission=${getPermission}</arg>
<arg>status=${isPermissionChecked}</arg>
</arguments>
<status status="PASS" starttime="20200415 10:39:49.100" endtime="20200415 10:39:49.101"></status>
</kw>
<kw name="Append To List" library="Collections">
<doc>Adds ``values`` to the end of ``list``.</doc>
<arguments>
<arg>${PermissionsList}</arg>
<arg>${dictPermissions}</arg>
</arguments>
<status status="PASS" starttime="20200415 10:39:49.101" endtime="20200415 10:39:49.102"></status>
</kw>
<status status="PASS" starttime="20200415 10:39:48.731" endtime="20200415 10:39:49.102"></status>
</kw>
<status status="PASS" starttime="20200415 10:39:48.730" endtime="20200415 10:39:49.103"></status>
</kw>
<kw name="Log" library="BuiltIn">
<doc>Logs the given message with the given level.</doc>
<arguments>
<arg>-----&gt; The list of permissions IS RETRIEVED with the following values: ${PermissionsList}.</arg>
<arg>console=yes</arg>
</arguments>
<msg timestamp="20200415 10:39:49.104" level="INFO">-----&gt; The list of permissions IS RETRIEVED with the following values: [{'permission': 'Open this project', 'status': True}].</msg>
<status status="PASS" starttime="20200415 10:39:49.103" endtime="20200415 10:39:49.104"></status>
</kw>
<msg timestamp="20200415 10:39:49.105" level="INFO">@{permissionsValues} = [ {'permission': 'Open this project', 'status': True} ]</msg>
<status status="PASS" starttime="20200415 10:39:48.477" endtime="20200415 10:39:49.105"></status>
</kw>
<kw name="Get Length" library="BuiltIn">
<doc>Returns and logs the length of the given item as an integer.</doc>
<arguments>
<arg>${permissionsValues}</arg>
</arguments>
<assign>
<var>${lenPermissionsValues}</var>
</assign>
<msg timestamp="20200415 10:39:49.106" level="INFO">Length is 1</msg>
<msg timestamp="20200415 10:39:49.107" level="INFO">${lenPermissionsValues} = 1</msg>
<status status="PASS" starttime="20200415 10:39:49.106" endtime="20200415 10:39:49.107"></status>
</kw>
<kw name="${i} IN RANGE [ 0 | ${lenPermissionsValues} ]" type="for">
<kw name="${i} = 0" type="foritem">
<kw name="Log" library="BuiltIn">
<doc>Logs the given message with the given level.</doc>
<arguments>
<arg>--------------------------------------------------------------------</arg>
</arguments>
<msg timestamp="20200415 10:39:49.108" level="INFO">--------------------------------------------------------------------</msg>
<status status="PASS" starttime="20200415 10:39:49.108" endtime="20200415 10:39:49.109"></status>
</kw>
<kw name="Log" library="BuiltIn">
<doc>Logs the given message with the given level.</doc>
<arguments>
<arg>PERMISSION IS : ${permissionsValues[${i}]}[permission]</arg>
</arguments>
<msg timestamp="20200415 10:39:49.110" level="INFO">PERMISSION IS : Open this project</msg>
<status status="PASS" starttime="20200415 10:39:49.109" endtime="20200415 10:39:49.110"></status>
</kw>
<kw name="Log" library="BuiltIn">
<doc>Logs the given message with the given level.</doc>
<arguments>
<arg>STATUS IS : ${permissionsValues[${i}]}[status]</arg>
</arguments>
<msg timestamp="20200415 10:39:49.112" level="INFO">STATUS IS : True</msg>
<status status="PASS" starttime="20200415 10:39:49.111" endtime="20200415 10:39:49.112"></status>
</kw>
<kw name="Run Keyword If" library="BuiltIn">
<doc>Runs the given keyword with the given arguments, if ``condition`` is true.</doc>
<arguments>
<arg>'${permissionsValues[${i}]}[status]' == '${False}'</arg>
<arg>Click Element</arg>
<arg>//table[@id='theForm:tabViewPermissionsOwners:panelPermissionsUsers']//tr[${i+1}]//span[@class='ui-chkbox-icon ui-icon ui-c ui-icon-blank']</arg>
<arg>ELSE</arg>
<arg>Log</arg>
<arg>----&gt; The Permission "${permissionsValues[${i}]}[permission]" IS ALREADY SELECTED.</arg>
<arg>console=yes</arg>
</arguments>
<kw name="Log" library="BuiltIn">
<doc>Logs the given message with the given level.</doc>
<arguments>
<arg>----&gt; The Permission "${permissionsValues[${i}]}[permission]" IS ALREADY SELECTED.</arg>
<arg>console=yes</arg>
</arguments>
<msg timestamp="20200415 10:39:49.115" level="INFO">----&gt; The Permission "Open this project" IS ALREADY SELECTED.</msg>
<status status="PASS" starttime="20200415 10:39:49.114" endtime="20200415 10:39:49.116"></status>
</kw>
<status status="PASS" starttime="20200415 10:39:49.113" endtime="20200415 10:39:49.116"></status>
</kw>
<kw name="CheckBox Should Be Marked" library="CommonWeb">
<arguments>
<arg>//table[@id='theForm:tabViewPermissionsOwners:panelPermissionsUsers']//tr[${i+1}]//span[@class='ui-chkbox-icon ui-icon ui-c ui-icon-check']</arg>
</arguments>
<assign>
<var>${isChecked}</var>
</assign>
<kw name="Run Keyword And Return Status" library="BuiltIn">
<doc>Runs the given keyword with given arguments and returns the status as a Boolean value.</doc>
<arguments>
<arg>Wait Until Keyword Succeeds</arg>
<arg>10s</arg>
<arg>1s</arg>
<arg>Page Should Contain Element</arg>
<arg>${locator}</arg>
</arguments>
<assign>
<var>${isChecked}</var>
</assign>
<kw name="Wait Until Keyword Succeeds" library="BuiltIn">
<doc>Runs the specified keyword and retries if it fails.</doc>
<arguments>
<arg>10s</arg>
<arg>1s</arg>
<arg>Page Should Contain Element</arg>
<arg>${locator}</arg>
</arguments>
<kw name="Page Should Contain Element" library="SeleniumLibrary">
[...]
<status status="PASS" starttime="20200415 10:40:37.338" endtime="20200415 10:40:37.339"></status>
</kw>
<status status="PASS" starttime="20200415 10:40:36.959" endtime="20200415 10:40:37.339"></status>
</kw>
<status status="PASS" starttime="20200415 10:40:36.959" endtime="20200415 10:40:37.339"></status>
</kw>
<kw name="Get Length" library="BuiltIn">
<doc>Returns and logs the length of the given item as an integer.</doc>
<arguments>
<arg>${lastExecution}</arg>
</arguments>
<assign>
<var>${Length1}</var>
</assign>
<msg timestamp="20200415 10:40:37.340" level="INFO">Length is 1</msg>
<msg timestamp="20200415 10:40:37.341" level="INFO">${Length1} = 1</msg>
<status status="PASS" starttime="20200415 10:40:37.340" endtime="20200415 10:40:37.341"></status>
</kw>
<kw name="Set Variable" library="BuiltIn">
<doc>Returns the given values which can then be assigned to a variables.</doc>
<arguments>
<arg>${lastExecution[0]}</arg>
</arguments>
<assign>
<var>${lastExecution}</var>
</assign>
<msg timestamp="20200415 10:40:37.342" level="INFO">${lastExecution} = {'id': '335703', 'build_id': '848', 'tester_id': '9', 'execution_ts': '2020-04-15 16:37:38', 'status': 'p', 'testplan_id': '6381', 'tcversion_id': '8860', 'tcversion_number': '1', 'platform_id': '0', ...</msg>
<status status="PASS" starttime="20200415 10:40:37.341" endtime="20200415 10:40:37.342"></status>
</kw>
<kw name="Log" library="BuiltIn">
<doc>Logs the given message with the given level.</doc>
<arguments>
<arg>-----&gt; Last execution : ${lastExecution}</arg>
<arg>console=yes</arg>
</arguments>
<msg timestamp="20200415 10:40:37.343" level="INFO">-----&gt; Last execution : {'id': '335703', 'build_id': '848', 'tester_id': '9', 'execution_ts': '2020-04-15 16:37:38', 'status': 'p', 'testplan_id': '6381', 'tcversion_id': '8860', 'tcversion_number': '1', 'platform_id': '0', 'execution_type': '2', 'execution_duration': '1.60', 'notes': 'AUTOMATED TEST PASSED AND LAST EXECUTION TEST PASSED'}</msg>
<status status="PASS" starttime="20200415 10:40:37.342" endtime="20200415 10:40:37.343"></status>
</kw>
<kw name="Set Variable" library="BuiltIn">
<doc>Returns the given values which can then be assigned to a variables.</doc>
<arguments>
<arg>${lastExecution['id']}</arg>
</arguments>
<assign>
<var>${lastExecutionID}</var>
</assign>
<msg timestamp="20200415 10:40:37.344" level="INFO">${lastExecutionID} = 335703</msg>
<status status="PASS" starttime="20200415 10:40:37.343" endtime="20200415 10:40:37.344"></status>
</kw>
<kw name="Run Keyword If Test Passed" library="BuiltIn">
<doc>Runs the given keyword with the given arguments, if the test passed.</doc>
<arguments>
<arg>Update Test Case In Testlink With Passed</arg>
<arg>${lastExecutionID}</arg>
<arg>${lastExecution}</arg>
<arg>${testCaseID}</arg>
<arg>${testPlanID}</arg>
<arg>${latestBuildNAME}</arg>
<arg>${Elapsed}</arg>
</arguments>
<kw name="Update Test Case In Testlink With Passed" library="CommonKeywords">
<arguments>
<arg>${lastExecutionID}</arg>
<arg>${lastExecution}</arg>
<arg>${testCaseID}</arg>
<arg>${testPlanID}</arg>
<arg>${latestBuildNAME}</arg>
<arg>${Elapsed}</arg>
</arguments>
<kw name="Run Keyword If" library="BuiltIn">
<doc>Runs the given keyword with the given arguments, if ``condition`` is true.</doc>
<arguments>
<arg>'${lastExecutionID}'=='-1'</arg>
<arg>The First Execution Passed</arg>
<arg>${testCaseID}</arg>
<arg>${testPlanID}</arg>
<arg>${latestBuildNAME}</arg>
<arg>${Elapsed}</arg>
</arguments>
<status status="PASS" starttime="20200415 10:40:37.345" endtime="20200415 10:40:37.346"></status>
</kw>
<kw name="Run Keyword If" library="BuiltIn">
<doc>Runs the given keyword with the given arguments, if ``condition`` is true.</doc>
<arguments>
<arg>'${lastExecutionID}'!='-1'</arg>
<arg>The Next Execution Passed</arg>
<arg>${lastExecution}</arg>
<arg>${testCaseID}</arg>
<arg>${testPlanID}</arg>
<arg>${latestBuildNAME}</arg>
<arg>${Elapsed}</arg>
</arguments>
<kw name="The Next Execution Passed" library="CommonKeywords">
<doc>Get the attributes of the previous execution and update the test case.</doc>
<arguments>
<arg>${lastExecution}</arg>
<arg>${testCaseID}</arg>
<arg>${testPlanID}</arg>
<arg>${latestBuildNAME}</arg>
<arg>${Elapsed}</arg>
</arguments>
<kw name="Set Variable" library="BuiltIn">
<doc>Returns the given values which can then be assigned to a variables.</doc>
<arguments>
<arg>${lastExecution['notes']}</arg>
</arguments>
<assign>
<var>${lastExecutionNotes}</var>
</assign>
<msg timestamp="20200415 10:40:37.347" level="INFO">${lastExecutionNotes} = AUTOMATED TEST PASSED AND LAST EXECUTION TEST PASSED</msg>
<status status="PASS" starttime="20200415 10:40:37.347" endtime="20200415 10:40:37.348"></status>
</kw>
<kw name="Set Variable" library="BuiltIn">
<doc>Returns the given values which can then be assigned to a variables.</doc>
<arguments>
<arg>${lastExecution['status']}</arg>
</arguments>
<assign>
<var>${status}</var>
</assign>
<msg timestamp="20200415 10:40:37.348" level="INFO">${status} = p</msg>
<status status="PASS" starttime="20200415 10:40:37.348" endtime="20200415 10:40:37.348"></status>
</kw>
<kw name="Set Variable" library="BuiltIn">
<doc>Returns the given values which can then be assigned to a variables.</doc>
<arguments>
<arg>${lastExecution['tester_id']}</arg>
</arguments>
<assign>
<var>${testerid}</var>
</assign>
<msg timestamp="20200415 10:40:37.349" level="INFO">${testerid} = 9</msg>
<status status="PASS" starttime="20200415 10:40:37.349" endtime="20200415 10:40:37.349"></status>
</kw>
<kw name="Get Length" library="BuiltIn">
<doc>Returns and logs the length of the given item as an integer.</doc>
<arguments>
<arg>${issuesPrefix}</arg>
</arguments>
<assign>
<var>${lengthIssuesPrefix}</var>
</assign>
<msg timestamp="20200415 10:40:37.350" level="INFO">Length is 2</msg>
<msg timestamp="20200415 10:40:37.351" level="INFO">${lengthIssuesPrefix} = 2</msg>
<status status="PASS" starttime="20200415 10:40:37.349" endtime="20200415 10:40:37.351"></status>
</kw>
<kw name="Create List" library="BuiltIn">
<doc>Returns a list containing given items.</doc>
<assign>
<var>@{isIssuesPrefix}</var>
</assign>
<msg timestamp="20200415 10:40:37.351" level="INFO">@{isIssuesPrefix} = [ ]</msg>
<status status="PASS" starttime="20200415 10:40:37.351" endtime="20200415 10:40:37.351"></status>
</kw>
<kw name="${issue} IN [ @{issuesPrefix} ]" type="for">
<kw name="${issue} = TFIFT" type="foritem">
<kw name="Run Keyword And Return Status" library="BuiltIn">
<doc>Runs the given keyword with given arguments and returns the status as a Boolean value.</doc>
<arguments>
<arg>Should Contain</arg>
<arg>${lastExecutionNotes}</arg>
<arg>${issue}</arg>
</arguments>
<assign>
<var>${isIssue}</var>
</assign>
<kw name="Should Contain" library="BuiltIn">
<doc>Fails if ``container`` does not contain ``item`` one or more times.</doc>
<arguments>
<arg>${lastExecutionNotes}</arg>
<arg>${issue}</arg>
</arguments>
<msg timestamp="20200415 10:40:37.352" level="FAIL">'AUTOMATED TEST PASSED AND LAST EXECUTION TEST PASSED' does not contain 'TFIFT'</msg>
<status status="FAIL" starttime="20200415 10:40:37.352" endtime="20200415 10:40:37.352"></status>
</kw>
<msg timestamp="20200415 10:40:37.353" level="INFO">${isIssue} = False</msg>
<status status="PASS" starttime="20200415 10:40:37.351" endtime="20200415 10:40:37.353"></status>
</kw>
<kw name="Convert To String" library="BuiltIn">
<doc>Converts the given item to a Unicode string.</doc>
<arguments>
<arg>${isIssue}</arg>
</arguments>
<assign>
<var>${isIssue}</var>
</assign>
<msg timestamp="20200415 10:40:37.354" level="INFO">${isIssue} = False</msg>
<status status="PASS" starttime="20200415 10:40:37.353" endtime="20200415 10:40:37.354"></status>
</kw>
<kw name="Append To List" library="Collections">
<doc>Adds ``values`` to the end of ``list``.</doc>
<arguments>
<arg>${isIssuesPrefix}</arg>
<arg>${isIssue}</arg>
</arguments>
<status status="PASS" starttime="20200415 10:40:37.355" endtime="20200415 10:40:37.355"></status>
</kw>
<status status="PASS" starttime="20200415 10:40:37.351" endtime="20200415 10:40:37.355"></status>
</kw>
<kw name="${issue} = JMNG" type="foritem">
<kw name="Run Keyword And Return Status" library="BuiltIn">
<doc>Runs the given keyword with given arguments and returns the status as a Boolean value.</doc>
<arguments>
<arg>Should Contain</arg>
<arg>${lastExecutionNotes}</arg>
<arg>${issue}</arg>
</arguments>
<assign>
<var>${isIssue}</var>
</assign>
<kw name="Should Contain" library="BuiltIn">
<doc>Fails if ``container`` does not contain ``item`` one or more times.</doc>
<arguments>
<arg>${lastExecutionNotes}</arg>
<arg>${issue}</arg>
</arguments>
<msg timestamp="20200415 10:40:37.357" level="FAIL">'AUTOMATED TEST PASSED AND LAST EXECUTION TEST PASSED' does not contain 'JMNG'</msg>
<status status="FAIL" starttime="20200415 10:40:37.356" endtime="20200415 10:40:37.357"></status>
</kw>
<msg timestamp="20200415 10:40:37.357" level="INFO">${isIssue} = False</msg>
<status status="PASS" starttime="20200415 10:40:37.356" endtime="20200415 10:40:37.357"></status>
</kw>
<kw name="Convert To String" library="BuiltIn">
<doc>Converts the given item to a Unicode string.</doc>
<arguments>
<arg>${isIssue}</arg>
</arguments>
<assign>
<var>${isIssue}</var>
</assign>
<msg timestamp="20200415 10:40:37.359" level="INFO">${isIssue} = False</msg>
<status status="PASS" starttime="20200415 10:40:37.357" endtime="20200415 10:40:37.359"></status>
</kw>
<kw name="Append To List" library="Collections">
<doc>Adds ``values`` to the end of ``list``.</doc>
<arguments>
<arg>${isIssuesPrefix}</arg>
<arg>${isIssue}</arg>
</arguments>
<status status="PASS" starttime="20200415 10:40:37.359" endtime="20200415 10:40:37.359"></status>
</kw>
<status status="PASS" starttime="20200415 10:40:37.355" endtime="20200415 10:40:37.359"></status>
</kw>
<status status="PASS" starttime="20200415 10:40:37.351" endtime="20200415 10:40:37.359"></status>
</kw>
<kw name="Log" library="BuiltIn">
<doc>Logs the given message with the given level.</doc>
<arguments>
<arg>${isIssuesPrefix}</arg>
</arguments>
<msg timestamp="20200415 10:40:37.359" level="INFO">['False', 'False']</msg>
<status status="PASS" starttime="20200415 10:40:37.359" endtime="20200415 10:40:37.360"></status>
</kw>
<kw name="Run Keyword And Return Status" library="BuiltIn">
<doc>Runs the given keyword with given arguments and returns the status as a Boolean value.</doc>
<arguments>
<arg>List Should Contain Value</arg>
<arg>${isIssuesPrefix}</arg>
<arg>True</arg>
</arguments>
<assign>
<var>${isIssueInList}</var>
</assign>
<kw name="List Should Contain Value" library="Collections">
<doc>Fails if the ``value`` is not found from ``list``.</doc>
<arguments>
<arg>${isIssuesPrefix}</arg>
<arg>True</arg>
</arguments>
<msg timestamp="20200415 10:40:37.361" level="FAIL">[ False | False ] does not contain value 'True'.</msg>
<status status="FAIL" starttime="20200415 10:40:37.360" endtime="20200415 10:40:37.361"></status>
</kw>
<msg timestamp="20200415 10:40:37.361" level="INFO">${isIssueInList} = False</msg>
<status status="PASS" starttime="20200415 10:40:37.360" endtime="20200415 10:40:37.361"></status>
</kw>
<kw name="Run Keyword If" library="BuiltIn">
<doc>Runs the given keyword with the given arguments, if ``condition`` is true.</doc>
<arguments>
<arg>'${isIssueInList}' == '${True}'</arg>
<arg>Get All Ticket Keys Of The Last Execution Notes</arg>
<arg>${lastExecutionNotes}</arg>
<arg>${issuesPrefix}</arg>
<arg>${JiraUser}</arg>
<arg>${JiraToken}</arg>
<arg>ELSE</arg>
<arg>Set Variable</arg>
<arg>${EMPTY}</arg>
</arguments>
<assign>
<var>${lastExecutionNotes}</var>
</assign>
<kw name="Set Variable" library="BuiltIn">
<doc>Returns the given values which can then be assigned to a variables.</doc>
<arguments>
<arg>${EMPTY}</arg>
</arguments>
<status status="PASS" starttime="20200415 10:40:37.362" endtime="20200415 10:40:37.362"></status>
</kw>
<msg timestamp="20200415 10:40:37.363" level="INFO">${lastExecutionNotes} = </msg>
<status status="PASS" starttime="20200415 10:40:37.361" endtime="20200415 10:40:37.363"></status>
</kw>
<kw name="Run Keyword And Return Status" library="BuiltIn">
<doc>Runs the given keyword with given arguments and returns the status as a Boolean value.</doc>
<arguments>
<arg>Should Be Equal</arg>
<arg>${lastExecutionNotes}</arg>
<arg>${EMPTY}</arg>
</arguments>
<assign>
<var>${isEmpty}</var>
</assign>
<kw name="Should Be Equal" library="BuiltIn">
<doc>Fails if the given objects are unequal.</doc>
<arguments>
<arg>${lastExecutionNotes}</arg>
<arg>${EMPTY}</arg>
</arguments>
<status status="PASS" starttime="20200415 10:40:37.364" endtime="20200415 10:40:37.364"></status>
</kw>
<msg timestamp="20200415 10:40:37.364" level="INFO">${isEmpty} = True</msg>
<status status="PASS" starttime="20200415 10:40:37.364" endtime="20200415 10:40:37.364"></status>
</kw>
<kw name="Set Variable" library="BuiltIn">
<doc>Returns the given values which can then be assigned to a variables.</doc>
<arguments>
<arg>AUTOMATED TEST PASSED AND LAST EXECUTION TEST</arg>
</arguments>
<assign>
<var>${notesFinal}</var>
</assign>
<msg timestamp="20200415 10:40:37.365" level="INFO">${notesFinal} = AUTOMATED TEST PASSED AND LAST EXECUTION TEST</msg>
<status status="PASS" starttime="20200415 10:40:37.364" endtime="20200415 10:40:37.365"></status>
</kw>
<kw name="Run Keyword If" library="BuiltIn">
<doc>Runs the given keyword with the given arguments, if ``condition`` is true.</doc>
<arguments>
<arg>'${status}'=='p'</arg>
<arg>Set Variable</arg>
<arg>${notesFinal} PASSED</arg>
<arg>ELSE</arg>
<arg>Set Variable</arg>
<arg>${notesFinal} FAILED</arg>
</arguments>
<assign>
<var>${notesFinal}</var>
</assign>
<kw name="Set Variable" library="BuiltIn">
<doc>Returns the given values which can then be assigned to a variables.</doc>
<arguments>
<arg>${notesFinal} PASSED</arg>
</arguments>
<status status="PASS" starttime="20200415 10:40:37.366" endtime="20200415 10:40:37.366"></status>
</kw>
<msg timestamp="20200415 10:40:37.366" level="INFO">${notesFinal} = AUTOMATED TEST PASSED AND LAST EXECUTION TEST PASSED</msg>
<status status="PASS" starttime="20200415 10:40:37.366" endtime="20200415 10:40:37.366"></status>
</kw>
<kw name="Set Variable If" library="BuiltIn">
<doc>Sets variable based on the given condition.</doc>
<arguments>
<arg>'${isIssueInList}'=='${False}' or '${isEmpty}' == '${True}'</arg>
<arg>${notesFinal}</arg>
<arg>'${isIssueInList}'=='${True}' and '${isEmpty}' != '${True}'</arg>
<arg>${notesFinal}\nKnown Associated Issues:\n${lastExecutionNotes}</arg>
</arguments>
<assign>
<var>${notesFinal}</var>
</assign>
<msg timestamp="20200415 10:40:37.367" level="INFO">${notesFinal} = AUTOMATED TEST PASSED AND LAST EXECUTION TEST PASSED</msg>
<status status="PASS" starttime="20200415 10:40:37.366" endtime="20200415 10:40:37.367"></status>
</kw>
<kw name="Run Keyword If" library="BuiltIn">
<doc>Runs the given keyword with the given arguments, if ``condition`` is true.</doc>
<arguments>
<arg>'${status}'=='p' and '${isEmpty}' == '${True}' or '${status}'=='f' and '${isEmpty}' == '${True}'</arg>
<arg>Call Api Method</arg>
<arg>reportTCResult</arg>
<arg>${testCaseID}</arg>
<arg>${testPlanID}</arg>
<arg>${latestBuildNAME}</arg>
<arg>p</arg>
<arg>${notesFinal}</arg>
<arg>execduration=${Elapsed}</arg>
<arg>ELSE</arg>
<arg>Call Api Method</arg>
<arg>reportTCResult</arg>
<arg>${testCaseID}</arg>
<arg>${testPlanID}</arg>
<arg>${latestBuildNAME}</arg>
<arg>f</arg>
<arg>${notesFinal}</arg>
<arg>execduration=${Elapsed}</arg>
</arguments>
<kw name="Call Api Method" library="TestlinkAPILibrary">
<doc>Calls a TestLink API method and returns TestLinks server response.</doc>
<arguments>
<arg>reportTCResult</arg>
<arg>${testCaseID}</arg>
<arg>${testPlanID}</arg>
<arg>${latestBuildNAME}</arg>
<arg>p</arg>
<arg>${notesFinal}</arg>
<arg>execduration=${Elapsed}</arg>
</arguments>
<status status="PASS" starttime="20200415 10:40:37.369" endtime="20200415 10:40:37.730"></status>
</kw>
<status status="PASS" starttime="20200415 10:40:37.367" endtime="20200415 10:40:37.730"></status>
</kw>
<status status="PASS" starttime="20200415 10:40:37.347" endtime="20200415 10:40:37.731"></status>
</kw>
<status status="PASS" starttime="20200415 10:40:37.346" endtime="20200415 10:40:37.731"></status>
</kw>
<status status="PASS" starttime="20200415 10:40:37.344" endtime="20200415 10:40:37.731"></status>
</kw>
<status status="PASS" starttime="20200415 10:40:37.344" endtime="20200415 10:40:37.731"></status>
</kw>
<kw name="Run Keyword If Test Failed" library="BuiltIn">
<doc>Runs the given keyword with the given arguments, if the test failed.</doc>
<arguments>
<arg>Update Test Case In Testlink With Failed</arg>
<arg>${lastExecutionID}</arg>
<arg>${lastExecution}</arg>
<arg>${testCaseID}</arg>
<arg>${testPlanID}</arg>
<arg>${latestBuildNAME}</arg>
<arg>${Elapsed}</arg>
</arguments>
<status status="PASS" starttime="20200415 10:40:37.732" endtime="20200415 10:40:37.732"></status>
</kw>
<status status="PASS" starttime="20200415 10:40:33.738" endtime="20200415 10:40:37.732"></status>
</kw>
<status status="PASS" starttime="20200415 10:40:33.737" endtime="20200415 10:40:37.733"></status>
</kw>
<status status="PASS" starttime="20200415 10:40:27.309" endtime="20200415 10:40:37.733"></status>
</kw>
<tags>
<tag>Time Out</tag>
</tags>
<status status="PASS" starttime="20200415 10:38:55.475" endtime="20200415 10:40:37.733" critical="yes"></status>
</test>
<doc>Create Context With Annotations Test cases</doc>
<metadata>
<item name="author">Mordjane Boussad</item>
</metadata>
<status status="PASS" starttime="20200415 10:38:54.791" endtime="20200415 10:40:37.734"></status>
</suite>
<status status="PASS" starttime="20200415 10:38:54.789" endtime="20200415 10:40:37.737"></status>
</suite>
<status status="PASS" starttime="20200415 10:38:54.787" endtime="20200415 10:40:37.739"></status>
</suite>
<status status="PASS" starttime="20200415 10:38:54.785" endtime="20200415 10:40:37.742"></status>
</suite>
<status status="PASS" starttime="20200415 10:38:54.783" endtime="20200415 10:40:37.744"></status>
</suite>
<status status="PASS" starttime="20200415 10:38:54.762" endtime="20200415 10:40:37.746"></status>
</suite>
<statistics>
<total>
<stat pass="1" fail="0">Critical Tests</stat>
<stat pass="1" fail="0">All Tests</stat>
</total>
<tag>
<stat pass="1" fail="0">Time Out</stat>
</tag>
<suite>
<stat pass="1" fail="0" id="s1" name="JMapJenkinsTests">JMapJenkinsTests</stat>
<stat pass="1" fail="0" id="s1-s1" name="Tests">JMapJenkinsTests.Tests</stat>
<stat pass="1" fail="0" id="s1-s1-s1" name="Jmap 7.0">JMapJenkinsTests.Tests.Jmap 7.0</stat>
<stat pass="1" fail="0" id="s1-s1-s1-s1" name="jmapWeb">JMapJenkinsTests.Tests.Jmap 7.0.jmapWeb</stat>
<stat pass="1" fail="0" id="s1-s1-s1-s1-s1" name="Manage Contexts">JMapJenkinsTests.Tests.Jmap 7.0.jmapWeb.Manage Contexts</stat>
<stat pass="1" fail="0" id="s1-s1-s1-s1-s1-s1" name="CreateContextTests">JMapJenkinsTests.Tests.Jmap 7.0.jmapWeb.Manage Contexts.CreateContextTests</stat>
</suite>
</statistics>
<errors>
<msg timestamp="20200415 10:38:55.023" level="WARN">Error in file 'C:\Users\mbous\eclipse-workspace\JMapJenkinsTests\common\admin\CommonKeywords.robot': Escaping empty cells with '\' before line continuation marker '...' is deprecated. Remove escaping before Robot Framework 3.2.</msg>
<msg timestamp="20200415 10:38:55.023" level="WARN">Error in file 'C:\Users\mbous\eclipse-workspace\JMapJenkinsTests\common\admin\CommonKeywords.robot': Escaping empty cells with '\' before line continuation marker '...' is deprecated. Remove escaping before Robot Framework 3.2.</msg>
<msg timestamp="20200415 10:38:55.023" level="WARN">Error in file 'C:\Users\mbous\eclipse-workspace\JMapJenkinsTests\common\admin\CommonKeywords.robot': Escaping empty cells with '\' before line continuation marker '...' is deprecated. Remove escaping before Robot Framework 3.2.</msg>
</errors>
</robot>
