<?xml version="1.0" encoding="UTF-8"?>
<robot generator="Robot 3.1.2 (Python 3.7.3 on win32)" generated="20200219 12:44:38.673" rpa="false">
<suite id="s1" name="LoginAndLogoutTests" source="C:\Users\mbous\eclipse-workspace\JMapJenkinsTests\tests\jmap_7.0\jmapWeb\LoginAndLogoutTests.robot">
<test id="s1-t1" name="JM70-922:Login to JMap with valid data">
<kw name="Open Browser On JMap Web" library="CommonLogin" type="setup">
<doc>Open Browser with the given URL and maximize the window to the resolution</doc>
<arguments>
<arg>${URLWebApp}</arg>
<arg>${RESOLUTION_X}</arg>
<arg>${RESOLUTION_Y}</arg>
</arguments>
<kw name="Setup Metrics" library="CommonKeywords">
<doc>This Keyword give the start time when the execution of the test case starts.</doc>
<kw name="Get Current Date" library="DateTime">
<doc>Returns current local or UTC time with an optional increment.</doc>
<arguments>
<arg>result_format=epoch</arg>
</arguments>
<assign>
<var>${tc_start}</var>
</assign>
<msg timestamp="20200219 12:44:39.169" level="INFO">${tc_start} = 1582134279.168583</msg>
<status status="PASS" starttime="20200219 12:44:39.169" endtime="20200219 12:44:39.169"></status>
</kw>
<kw name="Set Test Variable" library="BuiltIn">
<doc>Makes a variable available everywhere within the scope of the current test.</doc>
<arguments>
<arg>${tc_start}</arg>
<arg>${tc_start}</arg>
</arguments>
<msg timestamp="20200219 12:44:39.169" level="INFO">${tc_start} = 1582134279.168583</msg>
<status status="PASS" starttime="20200219 12:44:39.169" endtime="20200219 12:44:39.169"></status>
</kw>
<status status="PASS" starttime="20200219 12:44:39.169" endtime="20200219 12:44:39.169"></status>
</kw>
<kw name="Open Browser" library="SeleniumLibrary">
<doc>Opens a new browser instance to the optional ``url``.</doc>
<arguments>
<arg>${vURL}</arg>
<arg>${Browser}</arg>
</arguments>
<msg timestamp="20200219 12:44:39.169" level="INFO">Opening browser 'Chrome' to base url 'http://192.168.0.33:8080/JMap_Web_WorldTest'.</msg>
<status status="PASS" starttime="20200219 12:44:39.169" endtime="20200219 12:44:44.576"></status>
</kw>
<kw name="Set Window Size" library="SeleniumLibrary">
<doc>Sets current windows size to given ``width`` and ``height``.</doc>
<arguments>
<arg>${RESOLUTION_X}</arg>
<arg>${RESOLUTION_Y}</arg>
</arguments>
<status status="PASS" starttime="20200219 12:44:44.577" endtime="20200219 12:44:48.765"></status>
</kw>
<kw name="Maximize Browser Window" library="SeleniumLibrary">
<doc>Maximizes current browser window.</doc>
<status status="PASS" starttime="20200219 12:44:48.765" endtime="20200219 12:44:48.882"></status>
</kw>
<status status="PASS" starttime="20200219 12:44:39.169" endtime="20200219 12:44:48.882"></status>
</kw>
<kw name="Login JMap Web With Check Language" library="CommonLogin">
<doc>Login in JMap Web with the language provided</doc>
<arguments>
<arg>${Title}</arg>
<arg>en</arg>
<arg>LOGIN</arg>
<arg>${UserName}</arg>
<arg>${Password}</arg>
</arguments>
<kw name="Verify That Text Of The Cover Page Is" library="CommonWeb">
<doc>Check for the text of the cover page</doc>
<arguments>
<arg>${pTitle}</arg>
</arguments>
<kw name="Wait Until Element Is Enabled" library="SeleniumLibrary">
<doc>Waits until the element ``locator`` is enabled.</doc>
<arguments>
<arg>xpath://h4[@id='jmap-title']</arg>
<arg>timeout=10s</arg>
</arguments>
<status status="PASS" starttime="20200219 12:44:48.882" endtime="20200219 12:44:48.913"></status>
</kw>
<kw name="Verify Text" library="CommonWeb">
<doc>Check for the text existence on the locator</doc>
<arguments>
<arg>//h4[@id='jmap-title']</arg>
<arg>${text}</arg>
</arguments>
<kw name="Wait Until Keyword Succeeds" library="BuiltIn">
<doc>Runs the specified keyword and retries if it fails.</doc>
<arguments>
<arg>10s</arg>
<arg>1s</arg>
<arg>Wait Until Element Is Visible</arg>
<arg>${locator}</arg>
<arg>2s</arg>
</arguments>
<kw name="Wait Until Element Is Visible" library="SeleniumLibrary">
<doc>Waits until the element ``locator`` is visible.</doc>
<arguments>
<arg>${locator}</arg>
<arg>2s</arg>
</arguments>
<status status="PASS" starttime="20200219 12:44:48.913" endtime="20200219 12:44:48.928"></status>
</kw>
<status status="PASS" starttime="20200219 12:44:48.913" endtime="20200219 12:44:48.928"></status>
</kw>
<kw name="Run Keyword And Continue On Failure" library="BuiltIn">
<doc>Runs the keyword and continues execution even if a failure occurs.</doc>
<arguments>
<arg>Element Text Should Be</arg>
<arg>${locator}</arg>
<arg>${text}</arg>
</arguments>
<kw name="Element Text Should Be" library="SeleniumLibrary">
<doc>Verifies that element ``locator`` contains exact the text ``expected``.</doc>
<arguments>
<arg>${locator}</arg>
<arg>${text}</arg>
</arguments>
<msg timestamp="20200219 12:44:48.936" level="INFO">Verifying element '//h4[@id='jmap-title']' contains exact text 'JMap_Web_WorldTest'.</msg>
<status status="PASS" starttime="20200219 12:44:48.936" endtime="20200219 12:44:48.964"></status>
</kw>
<status status="PASS" starttime="20200219 12:44:48.928" endtime="20200219 12:44:48.965"></status>
</kw>
<status status="PASS" starttime="20200219 12:44:48.913" endtime="20200219 12:44:48.965"></status>
</kw>
<status status="PASS" starttime="20200219 12:44:48.882" endtime="20200219 12:44:48.965"></status>
</kw>
<kw name="Verify That Title Of The Cover Page Is" library="CommonWeb">
<doc>Check for the title of the cover page</doc>
<arguments>
<arg>${pTitle}</arg>
</arguments>
<kw name="Verify Title" library="CommonWeb">
<doc>Check for the title existence</doc>
<arguments>
<arg>${text}</arg>
</arguments>
<kw name="Set Browser Implicit Wait" library="SeleniumLibrary">
<doc>Sets the implicit wait value used by Selenium.</doc>
<arguments>
<arg>5s</arg>
</arguments>
<status status="PASS" starttime="20200219 12:44:48.966" endtime="20200219 12:44:48.968"></status>
</kw>
<kw name="Run Keyword And Continue On Failure" library="BuiltIn">
<doc>Runs the keyword and continues execution even if a failure occurs.</doc>
<arguments>
<arg>Title Should Be</arg>
<arg>${text}</arg>
</arguments>
<kw name="Title Should Be" library="SeleniumLibrary">
<doc>Verifies that the current page title equals ``title``.</doc>
<arguments>
<arg>${text}</arg>
</arguments>
<msg timestamp="20200219 12:44:48.976" level="INFO">Page title is 'JMap_Web_WorldTest'.</msg>
<status status="PASS" starttime="20200219 12:44:48.968" endtime="20200219 12:44:48.976"></status>
</kw>
<status status="PASS" starttime="20200219 12:44:48.968" endtime="20200219 12:44:48.976"></status>
</kw>
<status status="PASS" starttime="20200219 12:44:48.966" endtime="20200219 12:44:48.976"></status>
</kw>
<status status="PASS" starttime="20200219 12:44:48.966" endtime="20200219 12:44:48.976"></status>
</kw>
<kw name="Select Language Of JMap Web" library="CommonLogin">
<doc>Select Language of JMap Web app</doc>
<arguments>
<arg>${pLanguage}</arg>
</arguments>
<kw name="Wait Until Element Is Enabled" library="SeleniumLibrary">
<doc>Waits until the element ``locator`` is enabled.</doc>
<arguments>
<arg>xpath://a[@id='${language}']</arg>
<arg>timeout=10s</arg>
</arguments>
<status status="PASS" starttime="20200219 12:44:48.976" endtime="20200219 12:44:48.992"></status>
</kw>
<kw name="Run Keyword And Return Status" library="BuiltIn">
<doc>Runs the given keyword with given arguments and returns the status as a Boolean value.</doc>
<arguments>
<arg>Element Attribute Value Should Be</arg>
<arg>//a[@id='${language}']</arg>
<arg>class</arg>
<arg>${EMPTY}</arg>
</arguments>
<assign>
<var>${IslanguageSelected}</var>
</assign>
<kw name="Element Attribute Value Should Be" library="SeleniumLibrary">
<doc>Verifies element identified by ``locator`` contains expected attribute value.</doc>
<arguments>
<arg>//a[@id='${language}']</arg>
<arg>class</arg>
<arg>${EMPTY}</arg>
</arguments>
<kw name="No Operation" library="BuiltIn">
<doc>Does absolutely nothing.</doc>
<status status="PASS" starttime="20200219 12:44:49.007" endtime="20200219 12:44:49.007"></status>
</kw>
<msg timestamp="20200219 12:44:49.007" level="FAIL">Element '//a[@id='en']' attribute should have value '' but its value was 'selected'.</msg>
<status status="FAIL" starttime="20200219 12:44:48.992" endtime="20200219 12:44:49.007"></status>
</kw>
<msg timestamp="20200219 12:44:49.007" level="INFO">${IslanguageSelected} = False</msg>
<status status="PASS" starttime="20200219 12:44:48.992" endtime="20200219 12:44:49.007"></status>
</kw>
<kw name="Run Keyword If" library="BuiltIn">
<doc>Runs the given keyword with the given arguments, if ``condition`` is true.</doc>
<arguments>
<arg>${IslanguageSelected}</arg>
<arg>Click Element</arg>
<arg>xpath://a[@id='${language}']</arg>
</arguments>
<status status="PASS" starttime="20200219 12:44:49.007" endtime="20200219 12:44:49.007"></status>
</kw>
<status status="PASS" starttime="20200219 12:44:48.976" endtime="20200219 12:44:49.007"></status>
</kw>
<kw name="Verify That Selected JMap Web Language Is" library="CommonLogin">
<doc>Check the language in JMap Web</doc>
<arguments>
<arg>${pLanguage}</arg>
</arguments>
<kw name="Sleep" library="BuiltIn">
<doc>Pauses the test executed for the given time.</doc>
<arguments>
<arg>1s</arg>
</arguments>
<msg timestamp="20200219 12:44:50.008" level="INFO">Slept 1 second</msg>
<status status="PASS" starttime="20200219 12:44:49.007" endtime="20200219 12:44:50.008"></status>
</kw>
<kw name="Wait Until Element Is Enabled" library="SeleniumLibrary">
<doc>Waits until the element ``locator`` is enabled.</doc>
<arguments>
<arg>xpath://a[@id='${expected}']</arg>
<arg>timeout=10s</arg>
</arguments>
<status status="PASS" starttime="20200219 12:44:50.009" endtime="20200219 12:44:50.027"></status>
</kw>
<kw name="Run Keyword And Continue On Failure" library="BuiltIn">
<doc>Runs the keyword and continues execution even if a failure occurs.</doc>
<arguments>
<arg>Element Attribute Value Should Be</arg>
<arg>//a[@id='${expected}']</arg>
<arg>class</arg>
<arg>selected</arg>
</arguments>
<kw name="Element Attribute Value Should Be" library="SeleniumLibrary">
<doc>Verifies element identified by ``locator`` contains expected attribute value.</doc>
<arguments>
<arg>//a[@id='${expected}']</arg>
<arg>class</arg>
<arg>selected</arg>
</arguments>
<msg timestamp="20200219 12:44:50.041" level="INFO">Element '//a[@id='en']' attribute 'class' contains value 'selected'.</msg>
<status status="PASS" starttime="20200219 12:44:50.027" endtime="20200219 12:44:50.041"></status>
</kw>
<status status="PASS" starttime="20200219 12:44:50.027" endtime="20200219 12:44:50.042"></status>
</kw>
<status status="PASS" starttime="20200219 12:44:49.007" endtime="20200219 12:44:50.042"></status>
</kw>
<kw name="Verify That Text of Login Button Is" library="CommonLogin">
<doc>Check the text for loggin button</doc>
<arguments>
<arg>${ptextButton}</arg>
</arguments>
<kw name="Wait Until Element Is Enabled" library="SeleniumLibrary">
<doc>Waits until the element ``locator`` is enabled.</doc>
<arguments>
<arg>xpath://button[@id='submit']</arg>
<arg>timeout=10s</arg>
</arguments>
<status status="PASS" starttime="20200219 12:44:50.043" endtime="20200219 12:44:50.054"></status>
</kw>
<kw name="Verify Text" library="CommonWeb">
<doc>Check for the text existence on the locator</doc>
<arguments>
<arg>//button[@id='submit']</arg>
<arg>${text}</arg>
</arguments>
<kw name="Wait Until Keyword Succeeds" library="BuiltIn">
<doc>Runs the specified keyword and retries if it fails.</doc>
<arguments>
<arg>10s</arg>
<arg>1s</arg>
<arg>Wait Until Element Is Visible</arg>
<arg>${locator}</arg>
<arg>2s</arg>
</arguments>
<kw name="Wait Until Element Is Visible" library="SeleniumLibrary">
<doc>Waits until the element ``locator`` is visible.</doc>
<arguments>
<arg>${locator}</arg>
<arg>2s</arg>
</arguments>
<status status="PASS" starttime="20200219 12:44:50.054" endtime="20200219 12:44:50.085"></status>
</kw>
<status status="PASS" starttime="20200219 12:44:50.054" endtime="20200219 12:44:50.085"></status>
</kw>
<kw name="Run Keyword And Continue On Failure" library="BuiltIn">
<doc>Runs the keyword and continues execution even if a failure occurs.</doc>
<arguments>
<arg>Element Text Should Be</arg>
<arg>${locator}</arg>
<arg>${text}</arg>
</arguments>
<kw name="Element Text Should Be" library="SeleniumLibrary">
<doc>Verifies that element ``locator`` contains exact the text ``expected``.</doc>
<arguments>
<arg>${locator}</arg>
<arg>${text}</arg>
</arguments>
<msg timestamp="20200219 12:44:50.085" level="INFO">Verifying element '//button[@id='submit']' contains exact text 'LOGIN'.</msg>
<status status="PASS" starttime="20200219 12:44:50.085" endtime="20200219 12:44:50.101"></status>
</kw>
<status status="PASS" starttime="20200219 12:44:50.085" endtime="20200219 12:44:50.101"></status>
</kw>
<status status="PASS" starttime="20200219 12:44:50.054" endtime="20200219 12:44:50.101"></status>
</kw>
<status status="PASS" starttime="20200219 12:44:50.042" endtime="20200219 12:44:50.101"></status>
</kw>
<kw name="Enter JMap Web credentials" library="CommonLogin">
<doc>Enter username and password in JMap Web login page</doc>
<arguments>
<arg>${pUserName}</arg>
<arg>${pPassword}</arg>
</arguments>
<kw name="Wait Until Element Is Enabled" library="SeleniumLibrary">
<doc>Waits until the element ``locator`` is enabled.</doc>
<arguments>
<arg>id:username</arg>
<arg>timeout=10s</arg>
</arguments>
<status status="PASS" starttime="20200219 12:44:50.101" endtime="20200219 12:44:50.116"></status>
</kw>
<kw name="Input Text" library="SeleniumLibrary">
<doc>Types the given ``text`` into the text field identified by ``locator``.</doc>
<arguments>
<arg>id:username</arg>
<arg>${USERNAME}</arg>
</arguments>
<msg timestamp="20200219 12:44:50.116" level="INFO">Typing text 'userTest1' into text field 'id:username'.</msg>
<status status="PASS" starttime="20200219 12:44:50.116" endtime="20200219 12:44:50.194"></status>
</kw>
<kw name="Wait Until Element Is Enabled" library="SeleniumLibrary">
<doc>Waits until the element ``locator`` is enabled.</doc>
<arguments>
<arg>id:password</arg>
<arg>timeout=10s</arg>
</arguments>
<status status="PASS" starttime="20200219 12:44:50.196" endtime="20200219 12:44:50.219"></status>
</kw>
<kw name="Input Text" library="SeleniumLibrary">
<doc>Types the given ``text`` into the text field identified by ``locator``.</doc>
<arguments>
<arg>id:password</arg>
<arg>${PASSWORD}</arg>
</arguments>
<msg timestamp="20200219 12:44:50.220" level="INFO">Typing text 'userTest1' into text field 'id:password'.</msg>
<status status="PASS" starttime="20200219 12:44:50.220" endtime="20200219 12:44:50.287"></status>
</kw>
<status status="PASS" starttime="20200219 12:44:50.101" endtime="20200219 12:44:50.288"></status>
</kw>
<kw name="Verify That Values of Username And Password Fields Are" library="CommonLogin">
<doc>Check the values of the user and password fields</doc>
<arguments>
<arg>${pUserName}</arg>
<arg>${pPassword}</arg>
</arguments>
<kw name="Wait Until Element Is Enabled" library="SeleniumLibrary">
<doc>Waits until the element ``locator`` is enabled.</doc>
<arguments>
<arg>xpath://input[@id='username']</arg>
<arg>timeout=10s</arg>
</arguments>
<status status="PASS" starttime="20200219 12:44:50.289" endtime="20200219 12:44:50.307"></status>
</kw>
<kw name="Verify Value" library="CommonWeb">
<doc>Check for the value existence on the locator</doc>
<arguments>
<arg>//input[@id='username']</arg>
<arg>${username}</arg>
</arguments>
<kw name="Wait Until Keyword Succeeds" library="BuiltIn">
<doc>Runs the specified keyword and retries if it fails.</doc>
<arguments>
<arg>10s</arg>
<arg>1s</arg>
<arg>Wait Until Element Is Visible</arg>
<arg>${locator}</arg>
<arg>2s</arg>
</arguments>
<kw name="Wait Until Element Is Visible" library="SeleniumLibrary">
<doc>Waits until the element ``locator`` is visible.</doc>
<arguments>
<arg>${locator}</arg>
<arg>2s</arg>
</arguments>
<status status="PASS" starttime="20200219 12:44:50.309" endtime="20200219 12:44:50.325"></status>
</kw>
<status status="PASS" starttime="20200219 12:44:50.308" endtime="20200219 12:44:50.326"></status>
</kw>
<kw name="Run Keyword And Continue On Failure" library="BuiltIn">
<doc>Runs the keyword and continues execution even if a failure occurs.</doc>
<arguments>
<arg>Element Attribute Value Should Be</arg>
<arg>${locator}</arg>
<arg>value</arg>
<arg>${value}</arg>
</arguments>
<kw name="Element Attribute Value Should Be" library="SeleniumLibrary">
<doc>Verifies element identified by ``locator`` contains expected attribute value.</doc>
<arguments>
<arg>${locator}</arg>
<arg>value</arg>
<arg>${value}</arg>
</arguments>
<msg timestamp="20200219 12:44:50.338" level="INFO">Element '//input[@id='username']' attribute 'value' contains value 'userTest1'.</msg>
<status status="PASS" starttime="20200219 12:44:50.326" endtime="20200219 12:44:50.338"></status>
</kw>
<status status="PASS" starttime="20200219 12:44:50.326" endtime="20200219 12:44:50.339"></status>
</kw>
<status status="PASS" starttime="20200219 12:44:50.308" endtime="20200219 12:44:50.339"></status>
</kw>
<kw name="Wait Until Element Is Enabled" library="SeleniumLibrary">
<doc>Waits until the element ``locator`` is enabled.</doc>
<arguments>
<arg>xpath://input[@id='password']</arg>
<arg>timeout=10s</arg>
</arguments>
<status status="PASS" starttime="20200219 12:44:50.339" endtime="20200219 12:44:50.361"></status>
</kw>
<kw name="Verify Value" library="CommonWeb">
<doc>Check for the value existence on the locator</doc>
<arguments>
<arg>//input[@id='password']</arg>
<arg>${password}</arg>
</arguments>
<kw name="Wait Until Keyword Succeeds" library="BuiltIn">
<doc>Runs the specified keyword and retries if it fails.</doc>
<arguments>
<arg>10s</arg>
<arg>1s</arg>
<arg>Wait Until Element Is Visible</arg>
<arg>${locator}</arg>
<arg>2s</arg>
</arguments>
<kw name="Wait Until Element Is Visible" library="SeleniumLibrary">
<doc>Waits until the element ``locator`` is visible.</doc>
<arguments>
<arg>${locator}</arg>
<arg>2s</arg>
</arguments>
<status status="PASS" starttime="20200219 12:44:50.362" endtime="20200219 12:44:50.376"></status>
</kw>
<status status="PASS" starttime="20200219 12:44:50.361" endtime="20200219 12:44:50.376"></status>
</kw>
<kw name="Run Keyword And Continue On Failure" library="BuiltIn">
<doc>Runs the keyword and continues execution even if a failure occurs.</doc>
<arguments>
<arg>Element Attribute Value Should Be</arg>
<arg>${locator}</arg>
<arg>value</arg>
<arg>${value}</arg>
</arguments>
<kw name="Element Attribute Value Should Be" library="SeleniumLibrary">
<doc>Verifies element identified by ``locator`` contains expected attribute value.</doc>
<arguments>
<arg>${locator}</arg>
<arg>value</arg>
<arg>${value}</arg>
</arguments>
<msg timestamp="20200219 12:44:50.390" level="INFO">Element '//input[@id='password']' attribute 'value' contains value 'userTest1'.</msg>
<status status="PASS" starttime="20200219 12:44:50.377" endtime="20200219 12:44:50.390"></status>
</kw>
<status status="PASS" starttime="20200219 12:44:50.377" endtime="20200219 12:44:50.392"></status>
</kw>
<status status="PASS" starttime="20200219 12:44:50.361" endtime="20200219 12:44:50.392"></status>
</kw>
<status status="PASS" starttime="20200219 12:44:50.288" endtime="20200219 12:44:50.392"></status>
</kw>
<kw name="Click Login JMap Web" library="CommonLogin">
<doc>Click login button in JMap Web login page</doc>
<kw name="Wait Until Element Is Enabled" library="SeleniumLibrary">
<doc>Waits until the element ``locator`` is enabled.</doc>
<arguments>
<arg>id:submit</arg>
<arg>timeout=10s</arg>
</arguments>
<status status="PASS" starttime="20200219 12:44:50.393" endtime="20200219 12:44:50.412"></status>
</kw>
<kw name="Click Button" library="SeleniumLibrary">
<doc>Clicks the button identified by ``locator``.</doc>
<arguments>
<arg>id:submit</arg>
</arguments>
<msg timestamp="20200219 12:44:50.413" level="INFO">Clicking button 'id:submit'.</msg>
<status status="PASS" starttime="20200219 12:44:50.413" endtime="20200219 12:44:51.073"></status>
</kw>
<kw name="Sleep" library="BuiltIn">
<doc>Pauses the test executed for the given time.</doc>
<arguments>
<arg>1s</arg>
</arguments>
<msg timestamp="20200219 12:44:52.075" level="INFO">Slept 1 second</msg>
<status status="PASS" starttime="20200219 12:44:51.074" endtime="20200219 12:44:52.075"></status>
</kw>
<status status="PASS" starttime="20200219 12:44:50.393" endtime="20200219 12:44:52.077"></status>
</kw>
<status status="PASS" starttime="20200219 12:44:48.882" endtime="20200219 12:44:52.077"></status>
</kw>
<kw name="Verify That The Page Contains The Element">
<arguments>
<arg>${Options}</arg>
</arguments>
<kw name="Wait Until Element Is Visible" library="SeleniumLibrary">
<doc>Waits until the element ``locator`` is visible.</doc>
<arguments>
<arg>${element}</arg>
<arg>7s</arg>
</arguments>
<status status="PASS" starttime="20200219 12:44:52.078" endtime="20200219 12:44:52.100"></status>
</kw>
<kw name="Page Should Contain Element" library="SeleniumLibrary">
<doc>Verifies that element ``locator`` is found on the current page.</doc>
<arguments>
<arg>${element}</arg>
</arguments>
<msg timestamp="20200219 12:44:52.107" level="INFO">Current page contains element '//i[@class='configMenuIcon']'.</msg>
<status status="PASS" starttime="20200219 12:44:52.101" endtime="20200219 12:44:52.107"></status>
</kw>
<status status="PASS" starttime="20200219 12:44:52.077" endtime="20200219 12:44:52.108"></status>
</kw>
<kw name="Verify That The Page Not Contains The Element">
<arguments>
<arg>${Login}</arg>
</arguments>
<kw name="Page Should Not Contain Element" library="SeleniumLibrary">
<doc>Verifies that element ``locator`` is found on the current page.</doc>
<arguments>
<arg>${element}</arg>
</arguments>
<msg timestamp="20200219 12:44:57.150" level="INFO">Current page does not contain element 'id=submit'.</msg>
<status status="PASS" starttime="20200219 12:44:52.109" endtime="20200219 12:44:57.150"></status>
</kw>
<status status="PASS" starttime="20200219 12:44:52.108" endtime="20200219 12:44:57.150"></status>
</kw>
<kw name="Close JMap Web" library="CommonKeywords" type="teardown">
<kw name="Close Browser" library="SeleniumLibrary">
<doc>Closes the current browser.</doc>
<status status="PASS" starttime="20200219 12:44:57.150" endtime="20200219 12:44:59.272"></status>
</kw>
<kw name="Check Metrics" library="CommonKeywords">
<doc>This Keyword used to check the elapsed time, and display it in the console.</doc>
<assign>
<var>${ElapsedTime}</var>
</assign>
<kw name="End Metrics" library="CommonKeywords">
<doc>This Keyword give the end time when the execution of the test case starts.
And it account elapsed time for the execution</doc>
<assign>
<var>${duration}</var>
</assign>
<kw name="Get Current Date" library="DateTime">
<doc>Returns current local or UTC time with an optional increment.</doc>
<arguments>
<arg>result_format=epoch</arg>
</arguments>
<assign>
<var>${tc_end}</var>
</assign>
<msg timestamp="20200219 12:44:59.272" level="INFO">${tc_end} = 1582134299.272365</msg>
<status status="PASS" starttime="20200219 12:44:59.272" endtime="20200219 12:44:59.272"></status>
</kw>
<kw name="Subtract Time From Time" library="DateTime">
<doc>Subtracts time from another time and returns the resulting time.</doc>
<arguments>
<arg>${tc_end}</arg>
<arg>${tc_start}</arg>
</arguments>
<assign>
<var>${tc_duration}</var>
</assign>
<msg timestamp="20200219 12:44:59.272" level="INFO">${tc_duration} = 20.103782176971436</msg>
<status status="PASS" starttime="20200219 12:44:59.272" endtime="20200219 12:44:59.272"></status>
</kw>
<kw name="Evaluate" library="BuiltIn">
<doc>Evaluates the given expression in Python and returns the results.</doc>
<arguments>
<arg>${tc_duration}/60</arg>
</arguments>
<assign>
<var>${tc_duration}</var>
</assign>
<msg timestamp="20200219 12:44:59.272" level="INFO">${tc_duration} = 0.3350630362828573</msg>
<status status="PASS" starttime="20200219 12:44:59.272" endtime="20200219 12:44:59.272"></status>
</kw>
<msg timestamp="20200219 12:44:59.272" level="INFO">${duration} = 0.3350630362828573</msg>
<status status="PASS" starttime="20200219 12:44:59.272" endtime="20200219 12:44:59.272"></status>
</kw>
<kw name="Set Tags" library="BuiltIn">
<doc>Adds given ``tags`` for the current test or all tests in a suite.</doc>
<arguments>
<arg>Time Out</arg>
</arguments>
<msg timestamp="20200219 12:44:59.272" level="INFO">Set tag 'Time Out'.</msg>
<status status="PASS" starttime="20200219 12:44:59.272" endtime="20200219 12:44:59.272"></status>
</kw>
<msg timestamp="20200219 12:44:59.272" level="INFO">${ElapsedTime} = 0.3350630362828573</msg>
<status status="PASS" starttime="20200219 12:44:59.272" endtime="20200219 12:44:59.272"></status>
</kw>
<kw name="Log" library="BuiltIn">
<doc>Logs the given message with the given level.</doc>
<arguments>
<arg>================================================</arg>
</arguments>
<msg timestamp="20200219 12:44:59.272" level="INFO">================================================</msg>
<status status="PASS" starttime="20200219 12:44:59.272" endtime="20200219 12:44:59.272"></status>
</kw>
<kw name="Log" library="BuiltIn">
<doc>Logs the given message with the given level.</doc>
<arguments>
<arg>${SUITE_NAME}</arg>
</arguments>
<msg timestamp="20200219 12:44:59.272" level="INFO">LoginAndLogoutTests</msg>
<status status="PASS" starttime="20200219 12:44:59.272" endtime="20200219 12:44:59.272"></status>
</kw>
<kw name="Split String" library="String">
<doc>Splits the ``string`` using ``separator`` as a delimiter string.</doc>
<arguments>
<arg>${SUITE_NAME}</arg>
<arg>.</arg>
</arguments>
<assign>
<var>@{listeSuiteName}</var>
</assign>
<msg timestamp="20200219 12:44:59.272" level="INFO">@{listeSuiteName} = [ LoginAndLogoutTests ]</msg>
<status status="PASS" starttime="20200219 12:44:59.272" endtime="20200219 12:44:59.272"></status>
</kw>
<kw name="Get Length" library="BuiltIn">
<doc>Returns and logs the length of the given item as an integer.</doc>
<arguments>
<arg>${listeSuiteName}</arg>
</arguments>
<assign>
<var>${LengthSuiteName}</var>
</assign>
<msg timestamp="20200219 12:44:59.272" level="INFO">Length is 1</msg>
<msg timestamp="20200219 12:44:59.272" level="INFO">${LengthSuiteName} = 1</msg>
<status status="PASS" starttime="20200219 12:44:59.272" endtime="20200219 12:44:59.272"></status>
</kw>
<kw name="Set Variable" library="BuiltIn">
<doc>Returns the given values which can then be assigned to a variables.</doc>
<arguments>
<arg>${listeSuiteName[${LengthSuiteName}-1]}</arg>
</arguments>
<assign>
<var>${suiteName}</var>
</assign>
<msg timestamp="20200219 12:44:59.272" level="INFO">${suiteName} = LoginAndLogoutTests</msg>
<status status="PASS" starttime="20200219 12:44:59.272" endtime="20200219 12:44:59.272"></status>
</kw>
<kw name="Split String" library="String">
<doc>Splits the ``string`` using ``separator`` as a delimiter string.</doc>
<arguments>
<arg>${suiteName}</arg>
<arg>Tests</arg>
</arguments>
<assign>
<var>@{suiteName}</var>
</assign>
<msg timestamp="20200219 12:44:59.288" level="INFO">@{suiteName} = [ LoginAndLogout |  ]</msg>
<status status="PASS" starttime="20200219 12:44:59.272" endtime="20200219 12:44:59.288"></status>
</kw>
<kw name="Set Variable" library="BuiltIn">
<doc>Returns the given values which can then be assigned to a variables.</doc>
<arguments>
<arg>${suiteName[0]}</arg>
</arguments>
<assign>
<var>${suiteName}</var>
</assign>
<msg timestamp="20200219 12:44:59.288" level="INFO">${suiteName} = LoginAndLogout</msg>
<status status="PASS" starttime="20200219 12:44:59.288" endtime="20200219 12:44:59.288"></status>
</kw>
<kw name="Log" library="BuiltIn">
<doc>Logs the given message with the given level.</doc>
<arguments>
<arg>${suiteName}</arg>
</arguments>
<msg timestamp="20200219 12:44:59.288" level="INFO">LoginAndLogout</msg>
<status status="PASS" starttime="20200219 12:44:59.288" endtime="20200219 12:44:59.288"></status>
</kw>
<kw name="Log" library="BuiltIn">
<doc>Logs the given message with the given level.</doc>
<arguments>
<arg>================================================</arg>
</arguments>
<msg timestamp="20200219 12:44:59.288" level="INFO">================================================</msg>
<status status="PASS" starttime="20200219 12:44:59.288" endtime="20200219 12:44:59.288"></status>
</kw>
<kw name="Log" library="BuiltIn">
<doc>Logs the given message with the given level.</doc>
<arguments>
<arg>${TEST_NAME}</arg>
</arguments>
<msg timestamp="20200219 12:44:59.288" level="INFO">JM70-922:Login to JMap with valid data</msg>
<status status="PASS" starttime="20200219 12:44:59.288" endtime="20200219 12:44:59.288"></status>
</kw>
<kw name="Split String" library="String">
<doc>Splits the ``string`` using ``separator`` as a delimiter string.</doc>
<arguments>
<arg>${TEST_NAME}</arg>
<arg>:</arg>
</arguments>
<assign>
<var>@{listeTestName}</var>
</assign>
<msg timestamp="20200219 12:44:59.288" level="INFO">@{listeTestName} = [ JM70-922 | Login to JMap with valid data ]</msg>
<status status="PASS" starttime="20200219 12:44:59.288" endtime="20200219 12:44:59.288"></status>
</kw>
<kw name="Get Length" library="BuiltIn">
<doc>Returns and logs the length of the given item as an integer.</doc>
<arguments>
<arg>${listeTestName}</arg>
</arguments>
<assign>
<var>${LengthTest}</var>
</assign>
<msg timestamp="20200219 12:44:59.288" level="INFO">Length is 2</msg>
<msg timestamp="20200219 12:44:59.288" level="INFO">${LengthTest} = 2</msg>
<status status="PASS" starttime="20200219 12:44:59.288" endtime="20200219 12:44:59.288"></status>
</kw>
<kw name="Set Variable" library="BuiltIn">
<doc>Returns the given values which can then be assigned to a variables.</doc>
<arguments>
<arg>${listeTestName[${LengthTest}-1]}</arg>
</arguments>
<assign>
<var>${tesCaseName}</var>
</assign>
<msg timestamp="20200219 12:44:59.288" level="INFO">${tesCaseName} = Login to JMap with valid data</msg>
<status status="PASS" starttime="20200219 12:44:59.288" endtime="20200219 12:44:59.288"></status>
</kw>
<kw name="Log" library="BuiltIn">
<doc>Logs the given message with the given level.</doc>
<arguments>
<arg>${tesCaseName}</arg>
</arguments>
<msg timestamp="20200219 12:44:59.288" level="INFO">Login to JMap with valid data</msg>
<status status="PASS" starttime="20200219 12:44:59.288" endtime="20200219 12:44:59.288"></status>
</kw>
<kw name="Log" library="BuiltIn">
<doc>Logs the given message with the given level.</doc>
<arguments>
<arg>================================================</arg>
</arguments>
<msg timestamp="20200219 12:44:59.288" level="INFO">================================================</msg>
<status status="PASS" starttime="20200219 12:44:59.288" endtime="20200219 12:44:59.288"></status>
</kw>
<kw name="Open New Session" library="CommonKeywords">
<doc>Open new session for the given username, password and application type
The session id generated is stored in a global variable called SESSIONID.
Use ${SESSIONID} wherever you want to access to the variable's value</doc>
<arguments>
<arg>${UserName}</arg>
<arg>${Password}</arg>
<arg>${TYPE}</arg>
</arguments>
<assign>
<var>${BODY}</var>
</assign>
<kw name="Post" library="REST">
<tags>
<tag>http</tag>
</tags>
<doc>*Sends a POST request to the endpoint.*</doc>
<arguments>
<arg>http://${localhost}:${internPort}/services/rest/v2.0/session</arg>
<arg>body={"username": "${pUsername}","password": "${pPassword}","type": "${pType}"}</arg>
<arg>allow_redirects=true</arg>
<arg>headers={"Content-Type":"application/json"}</arg>
</arguments>
<status status="PASS" starttime="20200219 12:44:59.288" endtime="20200219 12:44:59.356"></status>
</kw>
<kw name="Integer" library="REST">
<tags>
<tag>assertions</tag>
</tags>
<doc>*Asserts the field as JSON integer.*</doc>
<arguments>
<arg>response status</arg>
<arg>200</arg>
</arguments>
<status status="PASS" starttime="20200219 12:44:59.356" endtime="20200219 12:44:59.372"></status>
</kw>
<kw name="String" library="REST">
<tags>
<tag>assertions</tag>
</tags>
<doc>*Asserts the field as JSON string.*</doc>
<arguments>
<arg>$.status</arg>
<arg>OK</arg>
</arguments>
<status status="PASS" starttime="20200219 12:44:59.372" endtime="20200219 12:44:59.393"></status>
</kw>
<kw name="Object" library="REST">
<tags>
<tag>assertions</tag>
</tags>
<doc>*Asserts the field as JSON object.*</doc>
<arguments>
<arg>$.result</arg>
</arguments>
<assign>
<var>${RESULT}</var>
</assign>
<msg timestamp="20200219 12:44:59.413" level="INFO">${RESULT} = [{'sessionId': 1497179575, 'serverVersion': '7.0 Jakarta build 038', 'userEmailAddress': '', 'sessionExceed': False, 'userFullName': 'userTest1'}]</msg>
<status status="PASS" starttime="20200219 12:44:59.394" endtime="20200219 12:44:59.413"></status>
</kw>
<kw name="Set Variable" library="BuiltIn">
<doc>Returns the given values which can then be assigned to a variables.</doc>
<arguments>
<arg>${RESULT[0]}</arg>
</arguments>
<assign>
<var>${RESULT}</var>
</assign>
<msg timestamp="20200219 12:44:59.414" level="INFO">${RESULT} = {'sessionId': 1497179575, 'serverVersion': '7.0 Jakarta build 038', 'userEmailAddress': '', 'sessionExceed': False, 'userFullName': 'userTest1'}</msg>
<status status="PASS" starttime="20200219 12:44:59.414" endtime="20200219 12:44:59.414"></status>
</kw>
<msg timestamp="20200219 12:44:59.415" level="INFO">${BODY} = {'sessionId': 1497179575, 'serverVersion': '7.0 Jakarta build 038', 'userEmailAddress': '', 'sessionExceed': False, 'userFullName': 'userTest1'}</msg>
<status status="PASS" starttime="20200219 12:44:59.288" endtime="20200219 12:44:59.415"></status>
</kw>
<kw name="GET Current Session ID" library="CommonKeywords">
<doc>Get the session ID for the current session</doc>
<arguments>
<arg>${BODY}</arg>
</arguments>
<assign>
<var>${SESSIONID}</var>
</assign>
<kw name="Set Variable" library="BuiltIn">
<doc>Returns the given values which can then be assigned to a variables.</doc>
<arguments>
<arg>${pResult['sessionId']}</arg>
</arguments>
<assign>
<var>${getSessionID}</var>
</assign>
<msg timestamp="20200219 12:44:59.416" level="INFO">${getSessionID} = 1497179575</msg>
<status status="PASS" starttime="20200219 12:44:59.416" endtime="20200219 12:44:59.416"></status>
</kw>
<msg timestamp="20200219 12:44:59.417" level="INFO">${SESSIONID} = 1497179575</msg>
<status status="PASS" starttime="20200219 12:44:59.415" endtime="20200219 12:44:59.417"></status>
</kw>
<kw name="GET Current Server Version" library="CommonKeywords">
<doc>Get the server version (Build) for the current session</doc>
<arguments>
<arg>${BODY}</arg>
</arguments>
<assign>
<var>${buildName}</var>
</assign>
<kw name="Set Variable" library="BuiltIn">
<doc>Returns the given values which can then be assigned to a variables.</doc>
<arguments>
<arg>${pResult['serverVersion']}</arg>
</arguments>
<assign>
<var>${getBuild}</var>
</assign>
<msg timestamp="20200219 12:44:59.418" level="INFO">${getBuild} = 7.0 Jakarta build 038</msg>
<status status="PASS" starttime="20200219 12:44:59.418" endtime="20200219 12:44:59.418"></status>
</kw>
<msg timestamp="20200219 12:44:59.419" level="INFO">${buildName} = 7.0 Jakarta build 038</msg>
<status status="PASS" starttime="20200219 12:44:59.417" endtime="20200219 12:44:59.419"></status>
</kw>
<kw name="Set Variable" library="BuiltIn">
<doc>Returns the given values which can then be assigned to a variables.</doc>
<arguments>
<arg>JMap ${buildName}</arg>
</arguments>
<assign>
<var>${buildName}</var>
</assign>
<msg timestamp="20200219 12:44:59.419" level="INFO">${buildName} = JMap 7.0 Jakarta build 038</msg>
<status status="PASS" starttime="20200219 12:44:59.419" endtime="20200219 12:44:59.419"></status>
</kw>
<kw name="Close The Current Session" library="CommonKeywords">
<doc>Close REST API session by given session id</doc>
<arguments>
<arg>${SESSIONID}</arg>
</arguments>
<kw name="Delete" library="REST">
<tags>
<tag>http</tag>
</tags>
<doc>*Sends a DELETE request to the endpoint.*</doc>
<arguments>
<arg>http://${localhost}:${internPort}/services/rest/v2.0/session?sessionId=${SESSION}</arg>
</arguments>
<status status="PASS" starttime="20200219 12:44:59.420" endtime="20200219 12:44:59.428"></status>
</kw>
<kw name="String" library="REST">
<tags>
<tag>assertions</tag>
</tags>
<doc>*Asserts the field as JSON string.*</doc>
<arguments>
<arg>$.message</arg>
<arg>Session has been closed</arg>
</arguments>
<status status="PASS" starttime="20200219 12:44:59.429" endtime="20200219 12:44:59.451"></status>
</kw>
<kw name="String" library="REST">
<tags>
<tag>assertions</tag>
</tags>
<doc>*Asserts the field as JSON string.*</doc>
<arguments>
<arg>$.status</arg>
<arg>OK</arg>
</arguments>
<status status="PASS" starttime="20200219 12:44:59.451" endtime="20200219 12:44:59.471"></status>
</kw>
<status status="PASS" starttime="20200219 12:44:59.420" endtime="20200219 12:44:59.472"></status>
</kw>
<kw name="Log" library="BuiltIn">
<doc>Logs the given message with the given level.</doc>
<arguments>
<arg>================================================================================</arg>
</arguments>
<msg timestamp="20200219 12:44:59.472" level="INFO">================================================================================</msg>
<status status="PASS" starttime="20200219 12:44:59.472" endtime="20200219 12:44:59.472"></status>
</kw>
<kw name="Run Keyword If" library="BuiltIn" type="teardown">
<doc>Runs the given keyword with the given arguments, if ``condition`` is true.</doc>
<arguments>
<arg>"${useTL}"=="true"</arg>
<arg>Go To Testlink To Update Test Case</arg>
<arg>${projectNum}</arg>
<arg>${testPlan}</arg>
<arg>${buildName}</arg>
<arg>${suiteName}</arg>
<arg>${tesCaseName}</arg>
<arg>${ElapsedTime}</arg>
</arguments>
<status status="PASS" starttime="20200219 12:44:59.473" endtime="20200219 12:44:59.473"></status>
</kw>
<status status="PASS" starttime="20200219 12:44:57.150" endtime="20200219 12:44:59.473"></status>
</kw>
<tags>
<tag>Time Out</tag>
</tags>
<status status="PASS" starttime="20200219 12:44:39.169" endtime="20200219 12:44:59.473" critical="yes"></status>
</test>
<test id="s1-t2" name="JM70-923:Login with invalid data in english language">
<kw name="Open Browser On JMap Web" library="CommonLogin" type="setup">
<doc>Open Browser with the given URL and maximize the window to the resolution</doc>
<arguments>
<arg>${URLWebApp}</arg>
<arg>${RESOLUTION_X}</arg>
<arg>${RESOLUTION_Y}</arg>
</arguments>
<kw name="Setup Metrics" library="CommonKeywords">
<doc>This Keyword give the start time when the execution of the test case starts.</doc>
<kw name="Get Current Date" library="DateTime">
<doc>Returns current local or UTC time with an optional increment.</doc>
<arguments>
<arg>result_format=epoch</arg>
</arguments>
<assign>
<var>${tc_start}</var>
</assign>
<msg timestamp="20200219 12:44:59.479" level="INFO">${tc_start} = 1582134299.478994</msg>
<status status="PASS" starttime="20200219 12:44:59.479" endtime="20200219 12:44:59.479"></status>
</kw>
<kw name="Set Test Variable" library="BuiltIn">
<doc>Makes a variable available everywhere within the scope of the current test.</doc>
<arguments>
<arg>${tc_start}</arg>
<arg>${tc_start}</arg>
</arguments>
<msg timestamp="20200219 12:44:59.480" level="INFO">${tc_start} = 1582134299.478994</msg>
<status status="PASS" starttime="20200219 12:44:59.480" endtime="20200219 12:44:59.480"></status>
</kw>
<status status="PASS" starttime="20200219 12:44:59.478" endtime="20200219 12:44:59.481"></status>
</kw>
<kw name="Open Browser" library="SeleniumLibrary">
<doc>Opens a new browser instance to the optional ``url``.</doc>
<arguments>
<arg>${vURL}</arg>
<arg>${Browser}</arg>
</arguments>
<msg timestamp="20200219 12:44:59.481" level="INFO">Opening browser 'Chrome' to base url 'http://192.168.0.33:8080/JMap_Web_WorldTest'.</msg>
<status status="PASS" starttime="20200219 12:44:59.481" endtime="20200219 12:45:04.881"></status>
</kw>
<kw name="Set Window Size" library="SeleniumLibrary">
<doc>Sets current windows size to given ``width`` and ``height``.</doc>
<arguments>
<arg>${RESOLUTION_X}</arg>
<arg>${RESOLUTION_Y}</arg>
</arguments>
<status status="PASS" starttime="20200219 12:45:04.882" endtime="20200219 12:45:09.003"></status>
</kw>
<kw name="Maximize Browser Window" library="SeleniumLibrary">
<doc>Maximizes current browser window.</doc>
<status status="PASS" starttime="20200219 12:45:09.003" endtime="20200219 12:45:09.122"></status>
</kw>
<status status="PASS" starttime="20200219 12:44:59.478" endtime="20200219 12:45:09.123"></status>
</kw>
<kw name="Login JMap Web With Check Language" library="CommonLogin">
<doc>Login in JMap Web with the language provided</doc>
<arguments>
<arg>${Title}</arg>
<arg>en</arg>
<arg>LOGIN</arg>
<arg>${UserName}</arg>
<arg>test007</arg>
</arguments>
<kw name="Verify That Text Of The Cover Page Is" library="CommonWeb">
<doc>Check for the text of the cover page</doc>
<arguments>
<arg>${pTitle}</arg>
</arguments>
<kw name="Wait Until Element Is Enabled" library="SeleniumLibrary">
<doc>Waits until the element ``locator`` is enabled.</doc>
<arguments>
<arg>xpath://h4[@id='jmap-title']</arg>
<arg>timeout=10s</arg>
</arguments>
<status status="PASS" starttime="20200219 12:45:09.127" endtime="20200219 12:45:09.167"></status>
</kw>
<kw name="Verify Text" library="CommonWeb">
<doc>Check for the text existence on the locator</doc>
<arguments>
<arg>//h4[@id='jmap-title']</arg>
<arg>${text}</arg>
</arguments>
<kw name="Wait Until Keyword Succeeds" library="BuiltIn">
<doc>Runs the specified keyword and retries if it fails.</doc>
<arguments>
<arg>10s</arg>
<arg>1s</arg>
<arg>Wait Until Element Is Visible</arg>
<arg>${locator}</arg>
<arg>2s</arg>
</arguments>
<kw name="Wait Until Element Is Visible" library="SeleniumLibrary">
<doc>Waits until the element ``locator`` is visible.</doc>
<arguments>
<arg>${locator}</arg>
<arg>2s</arg>
</arguments>
<status status="PASS" starttime="20200219 12:45:09.168" endtime="20200219 12:45:09.187"></status>
</kw>
<status status="PASS" starttime="20200219 12:45:09.168" endtime="20200219 12:45:09.188"></status>
</kw>
<kw name="Run Keyword And Continue On Failure" library="BuiltIn">
<doc>Runs the keyword and continues execution even if a failure occurs.</doc>
<arguments>
<arg>Element Text Should Be</arg>
<arg>${locator}</arg>
<arg>${text}</arg>
</arguments>
<kw name="Element Text Should Be" library="SeleniumLibrary">
<doc>Verifies that element ``locator`` contains exact the text ``expected``.</doc>
<arguments>
<arg>${locator}</arg>
<arg>${text}</arg>
</arguments>
<msg timestamp="20200219 12:45:09.189" level="INFO">Verifying element '//h4[@id='jmap-title']' contains exact text 'JMap_Web_WorldTest'.</msg>
<status status="PASS" starttime="20200219 12:45:09.189" endtime="20200219 12:45:09.222"></status>
</kw>
<status status="PASS" starttime="20200219 12:45:09.188" endtime="20200219 12:45:09.224"></status>
</kw>
<status status="PASS" starttime="20200219 12:45:09.167" endtime="20200219 12:45:09.225"></status>
</kw>
<status status="PASS" starttime="20200219 12:45:09.126" endtime="20200219 12:45:09.225"></status>
</kw>
<kw name="Verify That Title Of The Cover Page Is" library="CommonWeb">
<doc>Check for the title of the cover page</doc>
<arguments>
<arg>${pTitle}</arg>
</arguments>
<kw name="Verify Title" library="CommonWeb">
<doc>Check for the title existence</doc>
<arguments>
<arg>${text}</arg>
</arguments>
<kw name="Set Browser Implicit Wait" library="SeleniumLibrary">
<doc>Sets the implicit wait value used by Selenium.</doc>
<arguments>
<arg>5s</arg>
</arguments>
<status status="PASS" starttime="20200219 12:45:09.226" endtime="20200219 12:45:09.227"></status>
</kw>
<kw name="Run Keyword And Continue On Failure" library="BuiltIn">
<doc>Runs the keyword and continues execution even if a failure occurs.</doc>
<arguments>
<arg>Title Should Be</arg>
<arg>${text}</arg>
</arguments>
<kw name="Title Should Be" library="SeleniumLibrary">
<doc>Verifies that the current page title equals ``title``.</doc>
<arguments>
<arg>${text}</arg>
</arguments>
<msg timestamp="20200219 12:45:09.232" level="INFO">Page title is 'JMap_Web_WorldTest'.</msg>
<status status="PASS" starttime="20200219 12:45:09.227" endtime="20200219 12:45:09.232"></status>
</kw>
<status status="PASS" starttime="20200219 12:45:09.227" endtime="20200219 12:45:09.232"></status>
</kw>
<status status="PASS" starttime="20200219 12:45:09.225" endtime="20200219 12:45:09.233"></status>
</kw>
<status status="PASS" starttime="20200219 12:45:09.225" endtime="20200219 12:45:09.233"></status>
</kw>
<kw name="Select Language Of JMap Web" library="CommonLogin">
<doc>Select Language of JMap Web app</doc>
<arguments>
<arg>${pLanguage}</arg>
</arguments>
<kw name="Wait Until Element Is Enabled" library="SeleniumLibrary">
<doc>Waits until the element ``locator`` is enabled.</doc>
<arguments>
<arg>xpath://a[@id='${language}']</arg>
<arg>timeout=10s</arg>
</arguments>
<status status="PASS" starttime="20200219 12:45:09.233" endtime="20200219 12:45:09.258"></status>
</kw>
<kw name="Run Keyword And Return Status" library="BuiltIn">
<doc>Runs the given keyword with given arguments and returns the status as a Boolean value.</doc>
<arguments>
<arg>Element Attribute Value Should Be</arg>
<arg>//a[@id='${language}']</arg>
<arg>class</arg>
<arg>${EMPTY}</arg>
</arguments>
<assign>
<var>${IslanguageSelected}</var>
</assign>
<kw name="Element Attribute Value Should Be" library="SeleniumLibrary">
<doc>Verifies element identified by ``locator`` contains expected attribute value.</doc>
<arguments>
<arg>//a[@id='${language}']</arg>
<arg>class</arg>
<arg>${EMPTY}</arg>
</arguments>
<kw name="No Operation" library="BuiltIn">
<doc>Does absolutely nothing.</doc>
<status status="PASS" starttime="20200219 12:45:09.270" endtime="20200219 12:45:09.270"></status>
</kw>
<msg timestamp="20200219 12:45:09.271" level="FAIL">Element '//a[@id='en']' attribute should have value '' but its value was 'selected'.</msg>
<status status="FAIL" starttime="20200219 12:45:09.258" endtime="20200219 12:45:09.271"></status>
</kw>
<msg timestamp="20200219 12:45:09.272" level="INFO">${IslanguageSelected} = False</msg>
<status status="PASS" starttime="20200219 12:45:09.258" endtime="20200219 12:45:09.272"></status>
</kw>
<kw name="Run Keyword If" library="BuiltIn">
<doc>Runs the given keyword with the given arguments, if ``condition`` is true.</doc>
<arguments>
<arg>${IslanguageSelected}</arg>
<arg>Click Element</arg>
<arg>xpath://a[@id='${language}']</arg>
</arguments>
<status status="PASS" starttime="20200219 12:45:09.273" endtime="20200219 12:45:09.273"></status>
</kw>
<status status="PASS" starttime="20200219 12:45:09.233" endtime="20200219 12:45:09.273"></status>
</kw>
<kw name="Verify That Selected JMap Web Language Is" library="CommonLogin">
<doc>Check the language in JMap Web</doc>
<arguments>
<arg>${pLanguage}</arg>
</arguments>
<kw name="Sleep" library="BuiltIn">
<doc>Pauses the test executed for the given time.</doc>
<arguments>
<arg>1s</arg>
</arguments>
<msg timestamp="20200219 12:45:10.276" level="INFO">Slept 1 second</msg>
<status status="PASS" starttime="20200219 12:45:09.274" endtime="20200219 12:45:10.276"></status>
</kw>
<kw name="Wait Until Element Is Enabled" library="SeleniumLibrary">
<doc>Waits until the element ``locator`` is enabled.</doc>
<arguments>
<arg>xpath://a[@id='${expected}']</arg>
<arg>timeout=10s</arg>
</arguments>
<status status="PASS" starttime="20200219 12:45:10.280" endtime="20200219 12:45:10.305"></status>
</kw>
<kw name="Run Keyword And Continue On Failure" library="BuiltIn">
<doc>Runs the keyword and continues execution even if a failure occurs.</doc>
<arguments>
<arg>Element Attribute Value Should Be</arg>
<arg>//a[@id='${expected}']</arg>
<arg>class</arg>
<arg>selected</arg>
</arguments>
<kw name="Element Attribute Value Should Be" library="SeleniumLibrary">
<doc>Verifies element identified by ``locator`` contains expected attribute value.</doc>
<arguments>
<arg>//a[@id='${expected}']</arg>
<arg>class</arg>
<arg>selected</arg>
</arguments>
<msg timestamp="20200219 12:45:10.328" level="INFO">Element '//a[@id='en']' attribute 'class' contains value 'selected'.</msg>
<status status="PASS" starttime="20200219 12:45:10.305" endtime="20200219 12:45:10.328"></status>
</kw>
<status status="PASS" starttime="20200219 12:45:10.305" endtime="20200219 12:45:10.329"></status>
</kw>
<status status="PASS" starttime="20200219 12:45:09.273" endtime="20200219 12:45:10.329"></status>
</kw>
<kw name="Verify That Text of Login Button Is" library="CommonLogin">
<doc>Check the text for loggin button</doc>
<arguments>
<arg>${ptextButton}</arg>
</arguments>
<kw name="Wait Until Element Is Enabled" library="SeleniumLibrary">
<doc>Waits until the element ``locator`` is enabled.</doc>
<arguments>
<arg>xpath://button[@id='submit']</arg>
<arg>timeout=10s</arg>
</arguments>
<status status="PASS" starttime="20200219 12:45:10.330" endtime="20200219 12:45:10.359"></status>
</kw>
<kw name="Verify Text" library="CommonWeb">
<doc>Check for the text existence on the locator</doc>
<arguments>
<arg>//button[@id='submit']</arg>
<arg>${text}</arg>
</arguments>
<kw name="Wait Until Keyword Succeeds" library="BuiltIn">
<doc>Runs the specified keyword and retries if it fails.</doc>
<arguments>
<arg>10s</arg>
<arg>1s</arg>
<arg>Wait Until Element Is Visible</arg>
<arg>${locator}</arg>
<arg>2s</arg>
</arguments>
<kw name="Wait Until Element Is Visible" library="SeleniumLibrary">
<doc>Waits until the element ``locator`` is visible.</doc>
<arguments>
<arg>${locator}</arg>
<arg>2s</arg>
</arguments>
<status status="PASS" starttime="20200219 12:45:10.361" endtime="20200219 12:45:10.386"></status>
</kw>
<status status="PASS" starttime="20200219 12:45:10.360" endtime="20200219 12:45:10.387"></status>
</kw>
<kw name="Run Keyword And Continue On Failure" library="BuiltIn">
<doc>Runs the keyword and continues execution even if a failure occurs.</doc>
<arguments>
<arg>Element Text Should Be</arg>
<arg>${locator}</arg>
<arg>${text}</arg>
</arguments>
<kw name="Element Text Should Be" library="SeleniumLibrary">
<doc>Verifies that element ``locator`` contains exact the text ``expected``.</doc>
<arguments>
<arg>${locator}</arg>
<arg>${text}</arg>
</arguments>
<msg timestamp="20200219 12:45:10.388" level="INFO">Verifying element '//button[@id='submit']' contains exact text 'LOGIN'.</msg>
<status status="PASS" starttime="20200219 12:45:10.388" endtime="20200219 12:45:10.410"></status>
</kw>
<status status="PASS" starttime="20200219 12:45:10.387" endtime="20200219 12:45:10.410"></status>
</kw>
<status status="PASS" starttime="20200219 12:45:10.359" endtime="20200219 12:45:10.411"></status>
</kw>
<status status="PASS" starttime="20200219 12:45:10.330" endtime="20200219 12:45:10.411"></status>
</kw>
<kw name="Enter JMap Web credentials" library="CommonLogin">
<doc>Enter username and password in JMap Web login page</doc>
<arguments>
<arg>${pUserName}</arg>
<arg>${pPassword}</arg>
</arguments>
<kw name="Wait Until Element Is Enabled" library="SeleniumLibrary">
<doc>Waits until the element ``locator`` is enabled.</doc>
<arguments>
<arg>id:username</arg>
<arg>timeout=10s</arg>
</arguments>
<status status="PASS" starttime="20200219 12:45:10.412" endtime="20200219 12:45:10.435"></status>
</kw>
<kw name="Input Text" library="SeleniumLibrary">
<doc>Types the given ``text`` into the text field identified by ``locator``.</doc>
<arguments>
<arg>id:username</arg>
<arg>${USERNAME}</arg>
</arguments>
<msg timestamp="20200219 12:45:10.436" level="INFO">Typing text 'userTest1' into text field 'id:username'.</msg>
<status status="PASS" starttime="20200219 12:45:10.436" endtime="20200219 12:45:10.498"></status>
</kw>
<kw name="Wait Until Element Is Enabled" library="SeleniumLibrary">
<doc>Waits until the element ``locator`` is enabled.</doc>
<arguments>
<arg>id:password</arg>
<arg>timeout=10s</arg>
</arguments>
<status status="PASS" starttime="20200219 12:45:10.499" endtime="20200219 12:45:10.522"></status>
</kw>
<kw name="Input Text" library="SeleniumLibrary">
<doc>Types the given ``text`` into the text field identified by ``locator``.</doc>
<arguments>
<arg>id:password</arg>
<arg>${PASSWORD}</arg>
</arguments>
<msg timestamp="20200219 12:45:10.523" level="INFO">Typing text 'test007' into text field 'id:password'.</msg>
<status status="PASS" starttime="20200219 12:45:10.523" endtime="20200219 12:45:10.584"></status>
</kw>
<status status="PASS" starttime="20200219 12:45:10.411" endtime="20200219 12:45:10.586"></status>
</kw>
<kw name="Verify That Values of Username And Password Fields Are" library="CommonLogin">
<doc>Check the values of the user and password fields</doc>
<arguments>
<arg>${pUserName}</arg>
<arg>${pPassword}</arg>
</arguments>
<kw name="Wait Until Element Is Enabled" library="SeleniumLibrary">
<doc>Waits until the element ``locator`` is enabled.</doc>
<arguments>
<arg>xpath://input[@id='username']</arg>
<arg>timeout=10s</arg>
</arguments>
<status status="PASS" starttime="20200219 12:45:10.587" endtime="20200219 12:45:10.608"></status>
</kw>
<kw name="Verify Value" library="CommonWeb">
<doc>Check for the value existence on the locator</doc>
<arguments>
<arg>//input[@id='username']</arg>
<arg>${username}</arg>
</arguments>
<kw name="Wait Until Keyword Succeeds" library="BuiltIn">
<doc>Runs the specified keyword and retries if it fails.</doc>
<arguments>
<arg>10s</arg>
<arg>1s</arg>
<arg>Wait Until Element Is Visible</arg>
<arg>${locator}</arg>
<arg>2s</arg>
</arguments>
<kw name="Wait Until Element Is Visible" library="SeleniumLibrary">
<doc>Waits until the element ``locator`` is visible.</doc>
<arguments>
<arg>${locator}</arg>
<arg>2s</arg>
</arguments>
<status status="PASS" starttime="20200219 12:45:10.609" endtime="20200219 12:45:10.625"></status>
</kw>
<status status="PASS" starttime="20200219 12:45:10.609" endtime="20200219 12:45:10.625"></status>
</kw>
<kw name="Run Keyword And Continue On Failure" library="BuiltIn">
<doc>Runs the keyword and continues execution even if a failure occurs.</doc>
<arguments>
<arg>Element Attribute Value Should Be</arg>
<arg>${locator}</arg>
<arg>value</arg>
<arg>${value}</arg>
</arguments>
<kw name="Element Attribute Value Should Be" library="SeleniumLibrary">
<doc>Verifies element identified by ``locator`` contains expected attribute value.</doc>
<arguments>
<arg>${locator}</arg>
<arg>value</arg>
<arg>${value}</arg>
</arguments>
<msg timestamp="20200219 12:45:10.638" level="INFO">Element '//input[@id='username']' attribute 'value' contains value 'userTest1'.</msg>
<status status="PASS" starttime="20200219 12:45:10.625" endtime="20200219 12:45:10.638"></status>
</kw>
<status status="PASS" starttime="20200219 12:45:10.625" endtime="20200219 12:45:10.638"></status>
</kw>
<status status="PASS" starttime="20200219 12:45:10.608" endtime="20200219 12:45:10.638"></status>
</kw>
<kw name="Wait Until Element Is Enabled" library="SeleniumLibrary">
<doc>Waits until the element ``locator`` is enabled.</doc>
<arguments>
<arg>xpath://input[@id='password']</arg>
<arg>timeout=10s</arg>
</arguments>
<status status="PASS" starttime="20200219 12:45:10.639" endtime="20200219 12:45:10.659"></status>
</kw>
<kw name="Verify Value" library="CommonWeb">
<doc>Check for the value existence on the locator</doc>
<arguments>
<arg>//input[@id='password']</arg>
<arg>${password}</arg>
</arguments>
<kw name="Wait Until Keyword Succeeds" library="BuiltIn">
<doc>Runs the specified keyword and retries if it fails.</doc>
<arguments>
<arg>10s</arg>
<arg>1s</arg>
<arg>Wait Until Element Is Visible</arg>
<arg>${locator}</arg>
<arg>2s</arg>
</arguments>
<kw name="Wait Until Element Is Visible" library="SeleniumLibrary">
<doc>Waits until the element ``locator`` is visible.</doc>
<arguments>
<arg>${locator}</arg>
<arg>2s</arg>
</arguments>
<status status="PASS" starttime="20200219 12:45:10.660" endtime="20200219 12:45:10.675"></status>
</kw>
<status status="PASS" starttime="20200219 12:45:10.660" endtime="20200219 12:45:10.676"></status>
</kw>
<kw name="Run Keyword And Continue On Failure" library="BuiltIn">
<doc>Runs the keyword and continues execution even if a failure occurs.</doc>
<arguments>
<arg>Element Attribute Value Should Be</arg>
<arg>${locator}</arg>
<arg>value</arg>
<arg>${value}</arg>
</arguments>
<kw name="Element Attribute Value Should Be" library="SeleniumLibrary">
<doc>Verifies element identified by ``locator`` contains expected attribute value.</doc>
<arguments>
<arg>${locator}</arg>
<arg>value</arg>
<arg>${value}</arg>
</arguments>
<msg timestamp="20200219 12:45:10.689" level="INFO">Element '//input[@id='password']' attribute 'value' contains value 'test007'.</msg>
<status status="PASS" starttime="20200219 12:45:10.676" endtime="20200219 12:45:10.689"></status>
</kw>
<status status="PASS" starttime="20200219 12:45:10.676" endtime="20200219 12:45:10.690"></status>
</kw>
<status status="PASS" starttime="20200219 12:45:10.659" endtime="20200219 12:45:10.690"></status>
</kw>
<status status="PASS" starttime="20200219 12:45:10.586" endtime="20200219 12:45:10.690"></status>
</kw>
<kw name="Click Login JMap Web" library="CommonLogin">
<doc>Click login button in JMap Web login page</doc>
<kw name="Wait Until Element Is Enabled" library="SeleniumLibrary">
<doc>Waits until the element ``locator`` is enabled.</doc>
<arguments>
<arg>id:submit</arg>
<arg>timeout=10s</arg>
</arguments>
<status status="PASS" starttime="20200219 12:45:10.691" endtime="20200219 12:45:10.711"></status>
</kw>
<kw name="Click Button" library="SeleniumLibrary">
<doc>Clicks the button identified by ``locator``.</doc>
<arguments>
<arg>id:submit</arg>
</arguments>
<msg timestamp="20200219 12:45:10.712" level="INFO">Clicking button 'id:submit'.</msg>
<status status="PASS" starttime="20200219 12:45:10.712" endtime="20200219 12:45:11.156"></status>
</kw>
<kw name="Sleep" library="BuiltIn">
<doc>Pauses the test executed for the given time.</doc>
<arguments>
<arg>1s</arg>
</arguments>
<msg timestamp="20200219 12:45:12.159" level="INFO">Slept 1 second</msg>
<status status="PASS" starttime="20200219 12:45:11.157" endtime="20200219 12:45:12.159"></status>
</kw>
<status status="PASS" starttime="20200219 12:45:10.690" endtime="20200219 12:45:12.160"></status>
</kw>
<status status="PASS" starttime="20200219 12:45:09.124" endtime="20200219 12:45:12.160"></status>
</kw>
<kw name="Verify That The Page Contains The Element">
<arguments>
<arg>${Login}</arg>
</arguments>
<kw name="Wait Until Element Is Visible" library="SeleniumLibrary">
<doc>Waits until the element ``locator`` is visible.</doc>
<arguments>
<arg>${element}</arg>
<arg>7s</arg>
</arguments>
<status status="PASS" starttime="20200219 12:45:12.161" endtime="20200219 12:45:12.178"></status>
</kw>
<kw name="Page Should Contain Element" library="SeleniumLibrary">
<doc>Verifies that element ``locator`` is found on the current page.</doc>
<arguments>
<arg>${element}</arg>
</arguments>
<msg timestamp="20200219 12:45:12.186" level="INFO">Current page contains element 'id=submit'.</msg>
<status status="PASS" starttime="20200219 12:45:12.178" endtime="20200219 12:45:12.186"></status>
</kw>
<status status="PASS" starttime="20200219 12:45:12.161" endtime="20200219 12:45:12.188"></status>
</kw>
<kw name="Verify That The Page Not Contains The Element">
<arguments>
<arg>${Options}</arg>
</arguments>
<kw name="Page Should Not Contain Element" library="SeleniumLibrary">
<doc>Verifies that element ``locator`` is found on the current page.</doc>
<arguments>
<arg>${element}</arg>
</arguments>
<msg timestamp="20200219 12:45:17.221" level="INFO">Current page does not contain element '//i[@class='configMenuIcon']'.</msg>
<status status="PASS" starttime="20200219 12:45:12.188" endtime="20200219 12:45:17.221"></status>
</kw>
<status status="PASS" starttime="20200219 12:45:12.188" endtime="20200219 12:45:17.222"></status>
</kw>
<kw name="Verify That Error Message To Login Is" library="CommonLogin">
<doc>Check the error message on wrong login try</doc>
<arguments>
<arg>Invalid Username and/or Password</arg>
</arguments>
<kw name="Wait Until Element Contains" library="SeleniumLibrary">
<doc>Waits until the element ``locator`` contains ``text``.</doc>
<arguments>
<arg>//div[@class='alert alert-danger alert-dismissible']</arg>
<arg>${expected}</arg>
<arg>5s</arg>
</arguments>
<status status="PASS" starttime="20200219 12:45:17.223" endtime="20200219 12:45:17.245"></status>
</kw>
<kw name="Element Should Contain" library="SeleniumLibrary">
<doc>Verifies that element ``locator`` contains text ``expected``.</doc>
<arguments>
<arg>//div[@class='alert alert-danger alert-dismissible']</arg>
<arg>${expected}</arg>
</arguments>
<msg timestamp="20200219 12:45:17.259" level="INFO">Element '//div[@class='alert alert-danger alert-dismissible']' contains text 'Invalid Username and/or Password'.</msg>
<status status="PASS" starttime="20200219 12:45:17.245" endtime="20200219 12:45:17.259"></status>
</kw>
<status status="PASS" starttime="20200219 12:45:17.222" endtime="20200219 12:45:17.261"></status>
</kw>
<kw name="Close Error Message Of Login Page" library="CommonWeb">
<doc>Close the Error message after login with invalid credentials</doc>
<kw name="Wait Until Element Is Enabled" library="SeleniumLibrary">
<doc>Waits until the element ``locator`` is enabled.</doc>
<arguments>
<arg>xpath://button[@class='close']</arg>
<arg>timeout=10s</arg>
</arguments>
<status status="PASS" starttime="20200219 12:45:17.262" endtime="20200219 12:45:17.284"></status>
</kw>
<kw name="Click Element" library="SeleniumLibrary">
<doc>Click the element identified by ``locator``.</doc>
<arguments>
<arg>xpath://button[@class='close']</arg>
</arguments>
<msg timestamp="20200219 12:45:17.284" level="INFO">Clicking element 'xpath://button[@class='close']'.</msg>
<status status="PASS" starttime="20200219 12:45:17.284" endtime="20200219 12:45:17.331"></status>
</kw>
<status status="PASS" starttime="20200219 12:45:17.262" endtime="20200219 12:45:17.332"></status>
</kw>
<kw name="Enter JMap Web credentials" library="CommonLogin">
<doc>Enter username and password in JMap Web login page</doc>
<arguments>
<arg>userTest</arg>
<arg>${Password}</arg>
</arguments>
<kw name="Wait Until Element Is Enabled" library="SeleniumLibrary">
<doc>Waits until the element ``locator`` is enabled.</doc>
<arguments>
<arg>id:username</arg>
<arg>timeout=10s</arg>
</arguments>
<status status="PASS" starttime="20200219 12:45:17.332" endtime="20200219 12:45:17.351"></status>
</kw>
<kw name="Input Text" library="SeleniumLibrary">
<doc>Types the given ``text`` into the text field identified by ``locator``.</doc>
<arguments>
<arg>id:username</arg>
<arg>${USERNAME}</arg>
</arguments>
<msg timestamp="20200219 12:45:17.352" level="INFO">Typing text 'userTest' into text field 'id:username'.</msg>
<status status="PASS" starttime="20200219 12:45:17.351" endtime="20200219 12:45:17.419"></status>
</kw>
<kw name="Wait Until Element Is Enabled" library="SeleniumLibrary">
<doc>Waits until the element ``locator`` is enabled.</doc>
<arguments>
<arg>id:password</arg>
<arg>timeout=10s</arg>
</arguments>
<status status="PASS" starttime="20200219 12:45:17.420" endtime="20200219 12:45:17.440"></status>
</kw>
<kw name="Input Text" library="SeleniumLibrary">
<doc>Types the given ``text`` into the text field identified by ``locator``.</doc>
<arguments>
<arg>id:password</arg>
<arg>${PASSWORD}</arg>
</arguments>
<msg timestamp="20200219 12:45:17.441" level="INFO">Typing text 'userTest1' into text field 'id:password'.</msg>
<status status="PASS" starttime="20200219 12:45:17.441" endtime="20200219 12:45:17.504"></status>
</kw>
<status status="PASS" starttime="20200219 12:45:17.332" endtime="20200219 12:45:17.505"></status>
</kw>
<kw name="Verify That Values of Username And Password Fields Are" library="CommonLogin">
<doc>Check the values of the user and password fields</doc>
<arguments>
<arg>userTest</arg>
<arg>${Password}</arg>
</arguments>
<kw name="Wait Until Element Is Enabled" library="SeleniumLibrary">
<doc>Waits until the element ``locator`` is enabled.</doc>
<arguments>
<arg>xpath://input[@id='username']</arg>
<arg>timeout=10s</arg>
</arguments>
<status status="PASS" starttime="20200219 12:45:17.506" endtime="20200219 12:45:17.522"></status>
</kw>
<kw name="Verify Value" library="CommonWeb">
<doc>Check for the value existence on the locator</doc>
<arguments>
<arg>//input[@id='username']</arg>
<arg>${username}</arg>
</arguments>
<kw name="Wait Until Keyword Succeeds" library="BuiltIn">
<doc>Runs the specified keyword and retries if it fails.</doc>
<arguments>
<arg>10s</arg>
<arg>1s</arg>
<arg>Wait Until Element Is Visible</arg>
<arg>${locator}</arg>
<arg>2s</arg>
</arguments>
<kw name="Wait Until Element Is Visible" library="SeleniumLibrary">
<doc>Waits until the element ``locator`` is visible.</doc>
<arguments>
<arg>${locator}</arg>
<arg>2s</arg>
</arguments>
<status status="PASS" starttime="20200219 12:45:17.523" endtime="20200219 12:45:17.537"></status>
</kw>
<status status="PASS" starttime="20200219 12:45:17.522" endtime="20200219 12:45:17.537"></status>
</kw>
<kw name="Run Keyword And Continue On Failure" library="BuiltIn">
<doc>Runs the keyword and continues execution even if a failure occurs.</doc>
<arguments>
<arg>Element Attribute Value Should Be</arg>
<arg>${locator}</arg>
<arg>value</arg>
<arg>${value}</arg>
</arguments>
<kw name="Element Attribute Value Should Be" library="SeleniumLibrary">
<doc>Verifies element identified by ``locator`` contains expected attribute value.</doc>
<arguments>
<arg>${locator}</arg>
<arg>value</arg>
<arg>${value}</arg>
</arguments>
<msg timestamp="20200219 12:45:17.550" level="INFO">Element '//input[@id='username']' attribute 'value' contains value 'userTest'.</msg>
<status status="PASS" starttime="20200219 12:45:17.538" endtime="20200219 12:45:17.550"></status>
</kw>
<status status="PASS" starttime="20200219 12:45:17.538" endtime="20200219 12:45:17.551"></status>
</kw>
<status status="PASS" starttime="20200219 12:45:17.522" endtime="20200219 12:45:17.551"></status>
</kw>
<kw name="Wait Until Element Is Enabled" library="SeleniumLibrary">
<doc>Waits until the element ``locator`` is enabled.</doc>
<arguments>
<arg>xpath://input[@id='password']</arg>
<arg>timeout=10s</arg>
</arguments>
<status status="PASS" starttime="20200219 12:45:17.551" endtime="20200219 12:45:17.567"></status>
</kw>
<kw name="Verify Value" library="CommonWeb">
<doc>Check for the value existence on the locator</doc>
<arguments>
<arg>//input[@id='password']</arg>
<arg>${password}</arg>
</arguments>
<kw name="Wait Until Keyword Succeeds" library="BuiltIn">
<doc>Runs the specified keyword and retries if it fails.</doc>
<arguments>
<arg>10s</arg>
<arg>1s</arg>
<arg>Wait Until Element Is Visible</arg>
<arg>${locator}</arg>
<arg>2s</arg>
</arguments>
<kw name="Wait Until Element Is Visible" library="SeleniumLibrary">
<doc>Waits until the element ``locator`` is visible.</doc>
<arguments>
<arg>${locator}</arg>
<arg>2s</arg>
</arguments>
<status status="PASS" starttime="20200219 12:45:17.568" endtime="20200219 12:45:17.583"></status>
</kw>
<status status="PASS" starttime="20200219 12:45:17.568" endtime="20200219 12:45:17.583"></status>
</kw>
<kw name="Run Keyword And Continue On Failure" library="BuiltIn">
<doc>Runs the keyword and continues execution even if a failure occurs.</doc>
<arguments>
<arg>Element Attribute Value Should Be</arg>
<arg>${locator}</arg>
<arg>value</arg>
<arg>${value}</arg>
</arguments>
<kw name="Element Attribute Value Should Be" library="SeleniumLibrary">
<doc>Verifies element identified by ``locator`` contains expected attribute value.</doc>
<arguments>
<arg>${locator}</arg>
<arg>value</arg>
<arg>${value}</arg>
</arguments>
<msg timestamp="20200219 12:45:17.595" level="INFO">Element '//input[@id='password']' attribute 'value' contains value 'userTest1'.</msg>
<status status="PASS" starttime="20200219 12:45:17.584" endtime="20200219 12:45:17.595"></status>
</kw>
<status status="PASS" starttime="20200219 12:45:17.583" endtime="20200219 12:45:17.596"></status>
</kw>
<status status="PASS" starttime="20200219 12:45:17.567" endtime="20200219 12:45:17.596"></status>
</kw>
<status status="PASS" starttime="20200219 12:45:17.505" endtime="20200219 12:45:17.596"></status>
</kw>
<kw name="Click Login JMap Web" library="CommonLogin">
<doc>Click login button in JMap Web login page</doc>
<kw name="Wait Until Element Is Enabled" library="SeleniumLibrary">
<doc>Waits until the element ``locator`` is enabled.</doc>
<arguments>
<arg>id:submit</arg>
<arg>timeout=10s</arg>
</arguments>
<status status="PASS" starttime="20200219 12:45:17.597" endtime="20200219 12:45:17.616"></status>
</kw>
<kw name="Click Button" library="SeleniumLibrary">
<doc>Clicks the button identified by ``locator``.</doc>
<arguments>
<arg>id:submit</arg>
</arguments>
<msg timestamp="20200219 12:45:17.616" level="INFO">Clicking button 'id:submit'.</msg>
<status status="PASS" starttime="20200219 12:45:17.616" endtime="20200219 12:45:17.790"></status>
</kw>
<kw name="Sleep" library="BuiltIn">
<doc>Pauses the test executed for the given time.</doc>
<arguments>
<arg>1s</arg>
</arguments>
<msg timestamp="20200219 12:45:18.793" level="INFO">Slept 1 second</msg>
<status status="PASS" starttime="20200219 12:45:17.792" endtime="20200219 12:45:18.793"></status>
</kw>
<status status="PASS" starttime="20200219 12:45:17.596" endtime="20200219 12:45:18.795"></status>
</kw>
<kw name="Verify That The Page Contains The Element">
<arguments>
<arg>${Login}</arg>
</arguments>
<kw name="Wait Until Element Is Visible" library="SeleniumLibrary">
<doc>Waits until the element ``locator`` is visible.</doc>
<arguments>
<arg>${element}</arg>
<arg>7s</arg>
</arguments>
<status status="PASS" starttime="20200219 12:45:18.796" endtime="20200219 12:45:18.820"></status>
</kw>
<kw name="Page Should Contain Element" library="SeleniumLibrary">
<doc>Verifies that element ``locator`` is found on the current page.</doc>
<arguments>
<arg>${element}</arg>
</arguments>
<msg timestamp="20200219 12:45:18.831" level="INFO">Current page contains element 'id=submit'.</msg>
<status status="PASS" starttime="20200219 12:45:18.821" endtime="20200219 12:45:18.831"></status>
</kw>
<status status="PASS" starttime="20200219 12:45:18.795" endtime="20200219 12:45:18.834"></status>
</kw>
<kw name="Verify That The Page Not Contains The Element">
<arguments>
<arg>${Options}</arg>
</arguments>
<kw name="Page Should Not Contain Element" library="SeleniumLibrary">
<doc>Verifies that element ``locator`` is found on the current page.</doc>
<arguments>
<arg>${element}</arg>
</arguments>
<msg timestamp="20200219 12:45:23.857" level="INFO">Current page does not contain element '//i[@class='configMenuIcon']'.</msg>
<status status="PASS" starttime="20200219 12:45:18.835" endtime="20200219 12:45:23.857"></status>
</kw>
<status status="PASS" starttime="20200219 12:45:18.834" endtime="20200219 12:45:23.858"></status>
</kw>
<kw name="Verify That Error Message To Login Is" library="CommonLogin">
<doc>Check the error message on wrong login try</doc>
<arguments>
<arg>Invalid Username and/or Password</arg>
</arguments>
<kw name="Wait Until Element Contains" library="SeleniumLibrary">
<doc>Waits until the element ``locator`` contains ``text``.</doc>
<arguments>
<arg>//div[@class='alert alert-danger alert-dismissible']</arg>
<arg>${expected}</arg>
<arg>5s</arg>
</arguments>
<status status="PASS" starttime="20200219 12:45:23.859" endtime="20200219 12:45:23.879"></status>
</kw>
<kw name="Element Should Contain" library="SeleniumLibrary">
<doc>Verifies that element ``locator`` contains text ``expected``.</doc>
<arguments>
<arg>//div[@class='alert alert-danger alert-dismissible']</arg>
<arg>${expected}</arg>
</arguments>
<msg timestamp="20200219 12:45:23.892" level="INFO">Element '//div[@class='alert alert-danger alert-dismissible']' contains text 'Invalid Username and/or Password'.</msg>
<status status="PASS" starttime="20200219 12:45:23.879" endtime="20200219 12:45:23.892"></status>
</kw>
<status status="PASS" starttime="20200219 12:45:23.858" endtime="20200219 12:45:23.893"></status>
</kw>
<kw name="Close JMap Web" library="CommonKeywords" type="teardown">
<kw name="Close Browser" library="SeleniumLibrary">
<doc>Closes the current browser.</doc>
<status status="PASS" starttime="20200219 12:45:23.893" endtime="20200219 12:45:25.975"></status>
</kw>
<kw name="Check Metrics" library="CommonKeywords">
<doc>This Keyword used to check the elapsed time, and display it in the console.</doc>
<assign>
<var>${ElapsedTime}</var>
</assign>
<kw name="End Metrics" library="CommonKeywords">
<doc>This Keyword give the end time when the execution of the test case starts.
And it account elapsed time for the execution</doc>
<assign>
<var>${duration}</var>
</assign>
<kw name="Get Current Date" library="DateTime">
<doc>Returns current local or UTC time with an optional increment.</doc>
<arguments>
<arg>result_format=epoch</arg>
</arguments>
<assign>
<var>${tc_end}</var>
</assign>
<msg timestamp="20200219 12:45:25.976" level="INFO">${tc_end} = 1582134325.975784</msg>
<status status="PASS" starttime="20200219 12:45:25.976" endtime="20200219 12:45:25.976"></status>
</kw>
<kw name="Subtract Time From Time" library="DateTime">
<doc>Subtracts time from another time and returns the resulting time.</doc>
<arguments>
<arg>${tc_end}</arg>
<arg>${tc_start}</arg>
</arguments>
<assign>
<var>${tc_duration}</var>
</assign>
<msg timestamp="20200219 12:45:25.977" level="INFO">${tc_duration} = 26.496790170669556</msg>
<status status="PASS" starttime="20200219 12:45:25.977" endtime="20200219 12:45:25.978"></status>
</kw>
<kw name="Evaluate" library="BuiltIn">
<doc>Evaluates the given expression in Python and returns the results.</doc>
<arguments>
<arg>${tc_duration}/60</arg>
</arguments>
<assign>
<var>${tc_duration}</var>
</assign>
<msg timestamp="20200219 12:45:25.978" level="INFO">${tc_duration} = 0.44161316951115925</msg>
<status status="PASS" starttime="20200219 12:45:25.978" endtime="20200219 12:45:25.978"></status>
</kw>
<msg timestamp="20200219 12:45:25.979" level="INFO">${duration} = 0.44161316951115925</msg>
<status status="PASS" starttime="20200219 12:45:25.976" endtime="20200219 12:45:25.979"></status>
</kw>
<kw name="Set Tags" library="BuiltIn">
<doc>Adds given ``tags`` for the current test or all tests in a suite.</doc>
<arguments>
<arg>Time Out</arg>
</arguments>
<msg timestamp="20200219 12:45:25.980" level="INFO">Set tag 'Time Out'.</msg>
<status status="PASS" starttime="20200219 12:45:25.980" endtime="20200219 12:45:25.980"></status>
</kw>
<msg timestamp="20200219 12:45:25.980" level="INFO">${ElapsedTime} = 0.44161316951115925</msg>
<status status="PASS" starttime="20200219 12:45:25.975" endtime="20200219 12:45:25.981"></status>
</kw>
<kw name="Log" library="BuiltIn">
<doc>Logs the given message with the given level.</doc>
<arguments>
<arg>================================================</arg>
</arguments>
<msg timestamp="20200219 12:45:25.981" level="INFO">================================================</msg>
<status status="PASS" starttime="20200219 12:45:25.981" endtime="20200219 12:45:25.981"></status>
</kw>
<kw name="Log" library="BuiltIn">
<doc>Logs the given message with the given level.</doc>
<arguments>
<arg>${SUITE_NAME}</arg>
</arguments>
<msg timestamp="20200219 12:45:25.982" level="INFO">LoginAndLogoutTests</msg>
<status status="PASS" starttime="20200219 12:45:25.982" endtime="20200219 12:45:25.982"></status>
</kw>
<kw name="Split String" library="String">
<doc>Splits the ``string`` using ``separator`` as a delimiter string.</doc>
<arguments>
<arg>${SUITE_NAME}</arg>
<arg>.</arg>
</arguments>
<assign>
<var>@{listeSuiteName}</var>
</assign>
<msg timestamp="20200219 12:45:25.983" level="INFO">@{listeSuiteName} = [ LoginAndLogoutTests ]</msg>
<status status="PASS" starttime="20200219 12:45:25.983" endtime="20200219 12:45:25.983"></status>
</kw>
<kw name="Get Length" library="BuiltIn">
<doc>Returns and logs the length of the given item as an integer.</doc>
<arguments>
<arg>${listeSuiteName}</arg>
</arguments>
<assign>
<var>${LengthSuiteName}</var>
</assign>
<msg timestamp="20200219 12:45:25.984" level="INFO">Length is 1</msg>
<msg timestamp="20200219 12:45:25.984" level="INFO">${LengthSuiteName} = 1</msg>
<status status="PASS" starttime="20200219 12:45:25.984" endtime="20200219 12:45:25.984"></status>
</kw>
<kw name="Set Variable" library="BuiltIn">
<doc>Returns the given values which can then be assigned to a variables.</doc>
<arguments>
<arg>${listeSuiteName[${LengthSuiteName}-1]}</arg>
</arguments>
<assign>
<var>${suiteName}</var>
</assign>
<msg timestamp="20200219 12:45:25.985" level="INFO">${suiteName} = LoginAndLogoutTests</msg>
<status status="PASS" starttime="20200219 12:45:25.984" endtime="20200219 12:45:25.985"></status>
</kw>
<kw name="Split String" library="String">
<doc>Splits the ``string`` using ``separator`` as a delimiter string.</doc>
<arguments>
<arg>${suiteName}</arg>
<arg>Tests</arg>
</arguments>
<assign>
<var>@{suiteName}</var>
</assign>
<msg timestamp="20200219 12:45:25.986" level="INFO">@{suiteName} = [ LoginAndLogout |  ]</msg>
<status status="PASS" starttime="20200219 12:45:25.985" endtime="20200219 12:45:25.986"></status>
</kw>
<kw name="Set Variable" library="BuiltIn">
<doc>Returns the given values which can then be assigned to a variables.</doc>
<arguments>
<arg>${suiteName[0]}</arg>
</arguments>
<assign>
<var>${suiteName}</var>
</assign>
<msg timestamp="20200219 12:45:25.987" level="INFO">${suiteName} = LoginAndLogout</msg>
<status status="PASS" starttime="20200219 12:45:25.987" endtime="20200219 12:45:25.987"></status>
</kw>
<kw name="Log" library="BuiltIn">
<doc>Logs the given message with the given level.</doc>
<arguments>
<arg>${suiteName}</arg>
</arguments>
<msg timestamp="20200219 12:45:25.988" level="INFO">LoginAndLogout</msg>
<status status="PASS" starttime="20200219 12:45:25.988" endtime="20200219 12:45:25.988"></status>
</kw>
<kw name="Log" library="BuiltIn">
<doc>Logs the given message with the given level.</doc>
<arguments>
<arg>================================================</arg>
</arguments>
<msg timestamp="20200219 12:45:25.988" level="INFO">================================================</msg>
<status status="PASS" starttime="20200219 12:45:25.988" endtime="20200219 12:45:25.989"></status>
</kw>
<kw name="Log" library="BuiltIn">
<doc>Logs the given message with the given level.</doc>
<arguments>
<arg>${TEST_NAME}</arg>
</arguments>
<msg timestamp="20200219 12:45:25.989" level="INFO">JM70-923:Login with invalid data in english language</msg>
<status status="PASS" starttime="20200219 12:45:25.989" endtime="20200219 12:45:25.989"></status>
</kw>
<kw name="Split String" library="String">
<doc>Splits the ``string`` using ``separator`` as a delimiter string.</doc>
<arguments>
<arg>${TEST_NAME}</arg>
<arg>:</arg>
</arguments>
<assign>
<var>@{listeTestName}</var>
</assign>
<msg timestamp="20200219 12:45:25.990" level="INFO">@{listeTestName} = [ JM70-923 | Login with invalid data in english language ]</msg>
<status status="PASS" starttime="20200219 12:45:25.990" endtime="20200219 12:45:25.990"></status>
</kw>
<kw name="Get Length" library="BuiltIn">
<doc>Returns and logs the length of the given item as an integer.</doc>
<arguments>
<arg>${listeTestName}</arg>
</arguments>
<assign>
<var>${LengthTest}</var>
</assign>
<msg timestamp="20200219 12:45:25.991" level="INFO">Length is 2</msg>
<msg timestamp="20200219 12:45:25.991" level="INFO">${LengthTest} = 2</msg>
<status status="PASS" starttime="20200219 12:45:25.990" endtime="20200219 12:45:25.991"></status>
</kw>
<kw name="Set Variable" library="BuiltIn">
<doc>Returns the given values which can then be assigned to a variables.</doc>
<arguments>
<arg>${listeTestName[${LengthTest}-1]}</arg>
</arguments>
<assign>
<var>${tesCaseName}</var>
</assign>
[...]
</arguments>
<status status="PASS" starttime="20200219 12:47:57.474" endtime="20200219 12:47:57.493"></status>
</kw>
<kw name="Click Element" library="SeleniumLibrary">
<doc>Click the element identified by ``locator``.</doc>
<arguments>
<arg>xpath://i[@class='configMenuIcon']</arg>
</arguments>
<msg timestamp="20200219 12:47:57.493" level="INFO">Clicking element 'xpath://i[@class='configMenuIcon']'.</msg>
<status status="PASS" starttime="20200219 12:47:57.493" endtime="20200219 12:47:57.546"></status>
</kw>
<status status="PASS" starttime="20200219 12:47:57.473" endtime="20200219 12:47:57.548"></status>
</kw>
<kw name="Wait Until Element Is Enabled" library="SeleniumLibrary">
<doc>Waits until the element ``locator`` is enabled.</doc>
<arguments>
<arg>xpath://div[@class='headerContainer']//li[4]</arg>
<arg>timeout=10s</arg>
</arguments>
<status status="PASS" starttime="20200219 12:47:57.548" endtime="20200219 12:47:57.575"></status>
</kw>
<kw name="Click Element" library="SeleniumLibrary">
<doc>Click the element identified by ``locator``.</doc>
<arguments>
<arg>xpath://div[@class='headerContainer']//li[4]</arg>
</arguments>
<msg timestamp="20200219 12:47:57.575" level="INFO">Clicking element 'xpath://div[@class='headerContainer']//li[4]'.</msg>
<status status="PASS" starttime="20200219 12:47:57.575" endtime="20200219 12:47:57.809"></status>
</kw>
<kw name="Sleep" library="BuiltIn">
<doc>Pauses the test executed for the given time.</doc>
<arguments>
<arg>1s</arg>
</arguments>
<msg timestamp="20200219 12:47:58.811" level="INFO">Slept 1 second</msg>
<status status="PASS" starttime="20200219 12:47:57.810" endtime="20200219 12:47:58.811"></status>
</kw>
<status status="PASS" starttime="20200219 12:47:57.473" endtime="20200219 12:47:58.815"></status>
</kw>
<kw name="Verify That The Page Contains The Element">
<arguments>
<arg>${Login}</arg>
</arguments>
<kw name="Wait Until Element Is Visible" library="SeleniumLibrary">
<doc>Waits until the element ``locator`` is visible.</doc>
<arguments>
<arg>${element}</arg>
<arg>7s</arg>
</arguments>
<status status="PASS" starttime="20200219 12:47:58.816" endtime="20200219 12:47:58.833"></status>
</kw>
<kw name="Page Should Contain Element" library="SeleniumLibrary">
<doc>Verifies that element ``locator`` is found on the current page.</doc>
<arguments>
<arg>${element}</arg>
</arguments>
<msg timestamp="20200219 12:47:58.841" level="INFO">Current page contains element 'id=submit'.</msg>
<status status="PASS" starttime="20200219 12:47:58.834" endtime="20200219 12:47:58.841"></status>
</kw>
<status status="PASS" starttime="20200219 12:47:58.815" endtime="20200219 12:47:58.842"></status>
</kw>
<kw name="Verify That The Page Not Contains The Element">
<arguments>
<arg>${Options}</arg>
</arguments>
<kw name="Page Should Not Contain Element" library="SeleniumLibrary">
<doc>Verifies that element ``locator`` is found on the current page.</doc>
<arguments>
<arg>${element}</arg>
</arguments>
<msg timestamp="20200219 12:48:03.872" level="INFO">Current page does not contain element '//i[@class='configMenuIcon']'.</msg>
<status status="PASS" starttime="20200219 12:47:58.842" endtime="20200219 12:48:03.872"></status>
</kw>
<status status="PASS" starttime="20200219 12:47:58.842" endtime="20200219 12:48:03.874"></status>
</kw>
<kw name="Close JMap Web" library="CommonKeywords" type="teardown">
<kw name="Close Browser" library="SeleniumLibrary">
<doc>Closes the current browser.</doc>
<status status="PASS" starttime="20200219 12:48:03.874" endtime="20200219 12:48:05.959"></status>
</kw>
<kw name="Check Metrics" library="CommonKeywords">
<doc>This Keyword used to check the elapsed time, and display it in the console.</doc>
<assign>
<var>${ElapsedTime}</var>
</assign>
<kw name="End Metrics" library="CommonKeywords">
<doc>This Keyword give the end time when the execution of the test case starts.
And it account elapsed time for the execution</doc>
<assign>
<var>${duration}</var>
</assign>
<kw name="Get Current Date" library="DateTime">
<doc>Returns current local or UTC time with an optional increment.</doc>
<arguments>
<arg>result_format=epoch</arg>
</arguments>
<assign>
<var>${tc_end}</var>
</assign>
<msg timestamp="20200219 12:48:05.965" level="INFO">${tc_end} = 1582134485.964017</msg>
<status status="PASS" starttime="20200219 12:48:05.963" endtime="20200219 12:48:05.965"></status>
</kw>
<kw name="Subtract Time From Time" library="DateTime">
<doc>Subtracts time from another time and returns the resulting time.</doc>
<arguments>
<arg>${tc_end}</arg>
<arg>${tc_start}</arg>
</arguments>
<assign>
<var>${tc_duration}</var>
</assign>
<msg timestamp="20200219 12:48:05.970" level="INFO">${tc_duration} = 26.425153017044067</msg>
<status status="PASS" starttime="20200219 12:48:05.968" endtime="20200219 12:48:05.970"></status>
</kw>
<kw name="Evaluate" library="BuiltIn">
<doc>Evaluates the given expression in Python and returns the results.</doc>
<arguments>
<arg>${tc_duration}/60</arg>
</arguments>
<assign>
<var>${tc_duration}</var>
</assign>
<msg timestamp="20200219 12:48:05.974" level="INFO">${tc_duration} = 0.44041921695073444</msg>
<status status="PASS" starttime="20200219 12:48:05.973" endtime="20200219 12:48:05.975"></status>
</kw>
<msg timestamp="20200219 12:48:05.978" level="INFO">${duration} = 0.44041921695073444</msg>
<status status="PASS" starttime="20200219 12:48:05.962" endtime="20200219 12:48:05.978"></status>
</kw>
<kw name="Set Tags" library="BuiltIn">
<doc>Adds given ``tags`` for the current test or all tests in a suite.</doc>
<arguments>
<arg>Time Out</arg>
</arguments>
<msg timestamp="20200219 12:48:05.981" level="INFO">Set tag 'Time Out'.</msg>
<status status="PASS" starttime="20200219 12:48:05.980" endtime="20200219 12:48:05.981"></status>
</kw>
<msg timestamp="20200219 12:48:05.983" level="INFO">${ElapsedTime} = 0.44041921695073444</msg>
<status status="PASS" starttime="20200219 12:48:05.960" endtime="20200219 12:48:05.983"></status>
</kw>
<kw name="Log" library="BuiltIn">
<doc>Logs the given message with the given level.</doc>
<arguments>
<arg>================================================</arg>
</arguments>
<msg timestamp="20200219 12:48:05.985" level="INFO">================================================</msg>
<status status="PASS" starttime="20200219 12:48:05.984" endtime="20200219 12:48:05.985"></status>
</kw>
<kw name="Log" library="BuiltIn">
<doc>Logs the given message with the given level.</doc>
<arguments>
<arg>${SUITE_NAME}</arg>
</arguments>
<msg timestamp="20200219 12:48:05.987" level="INFO">LoginAndLogoutTests</msg>
<status status="PASS" starttime="20200219 12:48:05.986" endtime="20200219 12:48:05.987"></status>
</kw>
<kw name="Split String" library="String">
<doc>Splits the ``string`` using ``separator`` as a delimiter string.</doc>
<arguments>
<arg>${SUITE_NAME}</arg>
<arg>.</arg>
</arguments>
<assign>
<var>@{listeSuiteName}</var>
</assign>
<msg timestamp="20200219 12:48:05.989" level="INFO">@{listeSuiteName} = [ LoginAndLogoutTests ]</msg>
<status status="PASS" starttime="20200219 12:48:05.988" endtime="20200219 12:48:05.989"></status>
</kw>
<kw name="Get Length" library="BuiltIn">
<doc>Returns and logs the length of the given item as an integer.</doc>
<arguments>
<arg>${listeSuiteName}</arg>
</arguments>
<assign>
<var>${LengthSuiteName}</var>
</assign>
<msg timestamp="20200219 12:48:05.991" level="INFO">Length is 1</msg>
<msg timestamp="20200219 12:48:05.991" level="INFO">${LengthSuiteName} = 1</msg>
<status status="PASS" starttime="20200219 12:48:05.990" endtime="20200219 12:48:05.991"></status>
</kw>
<kw name="Set Variable" library="BuiltIn">
<doc>Returns the given values which can then be assigned to a variables.</doc>
<arguments>
<arg>${listeSuiteName[${LengthSuiteName}-1]}</arg>
</arguments>
<assign>
<var>${suiteName}</var>
</assign>
<msg timestamp="20200219 12:48:05.993" level="INFO">${suiteName} = LoginAndLogoutTests</msg>
<status status="PASS" starttime="20200219 12:48:05.992" endtime="20200219 12:48:05.993"></status>
</kw>
<kw name="Split String" library="String">
<doc>Splits the ``string`` using ``separator`` as a delimiter string.</doc>
<arguments>
<arg>${suiteName}</arg>
<arg>Tests</arg>
</arguments>
<assign>
<var>@{suiteName}</var>
</assign>
<msg timestamp="20200219 12:48:05.994" level="INFO">@{suiteName} = [ LoginAndLogout |  ]</msg>
<status status="PASS" starttime="20200219 12:48:05.994" endtime="20200219 12:48:05.994"></status>
</kw>
<kw name="Set Variable" library="BuiltIn">
<doc>Returns the given values which can then be assigned to a variables.</doc>
<arguments>
<arg>${suiteName[0]}</arg>
</arguments>
<assign>
<var>${suiteName}</var>
</assign>
<msg timestamp="20200219 12:48:05.996" level="INFO">${suiteName} = LoginAndLogout</msg>
<status status="PASS" starttime="20200219 12:48:05.995" endtime="20200219 12:48:05.996"></status>
</kw>
<kw name="Log" library="BuiltIn">
<doc>Logs the given message with the given level.</doc>
<arguments>
<arg>${suiteName}</arg>
</arguments>
<msg timestamp="20200219 12:48:05.997" level="INFO">LoginAndLogout</msg>
<status status="PASS" starttime="20200219 12:48:05.997" endtime="20200219 12:48:05.997"></status>
</kw>
<kw name="Log" library="BuiltIn">
<doc>Logs the given message with the given level.</doc>
<arguments>
<arg>================================================</arg>
</arguments>
<msg timestamp="20200219 12:48:05.998" level="INFO">================================================</msg>
<status status="PASS" starttime="20200219 12:48:05.998" endtime="20200219 12:48:05.998"></status>
</kw>
<kw name="Log" library="BuiltIn">
<doc>Logs the given message with the given level.</doc>
<arguments>
<arg>${TEST_NAME}</arg>
</arguments>
<msg timestamp="20200219 12:48:06.000" level="INFO">JM70-929:Logout From JMap</msg>
<status status="PASS" starttime="20200219 12:48:05.999" endtime="20200219 12:48:06.000"></status>
</kw>
<kw name="Split String" library="String">
<doc>Splits the ``string`` using ``separator`` as a delimiter string.</doc>
<arguments>
<arg>${TEST_NAME}</arg>
<arg>:</arg>
</arguments>
<assign>
<var>@{listeTestName}</var>
</assign>
<msg timestamp="20200219 12:48:06.001" level="INFO">@{listeTestName} = [ JM70-929 | Logout From JMap ]</msg>
<status status="PASS" starttime="20200219 12:48:06.001" endtime="20200219 12:48:06.001"></status>
</kw>
<kw name="Get Length" library="BuiltIn">
<doc>Returns and logs the length of the given item as an integer.</doc>
<arguments>
<arg>${listeTestName}</arg>
</arguments>
<assign>
<var>${LengthTest}</var>
</assign>
<msg timestamp="20200219 12:48:06.002" level="INFO">Length is 2</msg>
<msg timestamp="20200219 12:48:06.002" level="INFO">${LengthTest} = 2</msg>
<status status="PASS" starttime="20200219 12:48:06.002" endtime="20200219 12:48:06.002"></status>
</kw>
<kw name="Set Variable" library="BuiltIn">
<doc>Returns the given values which can then be assigned to a variables.</doc>
<arguments>
<arg>${listeTestName[${LengthTest}-1]}</arg>
</arguments>
<assign>
<var>${tesCaseName}</var>
</assign>
<msg timestamp="20200219 12:48:06.003" level="INFO">${tesCaseName} = Logout From JMap</msg>
<status status="PASS" starttime="20200219 12:48:06.003" endtime="20200219 12:48:06.003"></status>
</kw>
<kw name="Log" library="BuiltIn">
<doc>Logs the given message with the given level.</doc>
<arguments>
<arg>${tesCaseName}</arg>
</arguments>
<msg timestamp="20200219 12:48:06.004" level="INFO">Logout From JMap</msg>
<status status="PASS" starttime="20200219 12:48:06.004" endtime="20200219 12:48:06.004"></status>
</kw>
<kw name="Log" library="BuiltIn">
<doc>Logs the given message with the given level.</doc>
<arguments>
<arg>================================================</arg>
</arguments>
<msg timestamp="20200219 12:48:06.005" level="INFO">================================================</msg>
<status status="PASS" starttime="20200219 12:48:06.005" endtime="20200219 12:48:06.006"></status>
</kw>
<kw name="Open New Session" library="CommonKeywords">
<doc>Open new session for the given username, password and application type
The session id generated is stored in a global variable called SESSIONID.
Use ${SESSIONID} wherever you want to access to the variable's value</doc>
<arguments>
<arg>${UserName}</arg>
<arg>${Password}</arg>
<arg>${TYPE}</arg>
</arguments>
<assign>
<var>${BODY}</var>
</assign>
<kw name="Post" library="REST">
<tags>
<tag>http</tag>
</tags>
<doc>*Sends a POST request to the endpoint.*</doc>
<arguments>
<arg>http://${localhost}:${internPort}/services/rest/v2.0/session</arg>
<arg>body={"username": "${pUsername}","password": "${pPassword}","type": "${pType}"}</arg>
<arg>allow_redirects=true</arg>
<arg>headers={"Content-Type":"application/json"}</arg>
</arguments>
<status status="PASS" starttime="20200219 12:48:06.008" endtime="20200219 12:48:06.017"></status>
</kw>
<kw name="Integer" library="REST">
<tags>
<tag>assertions</tag>
</tags>
<doc>*Asserts the field as JSON integer.*</doc>
<arguments>
<arg>response status</arg>
<arg>200</arg>
</arguments>
<status status="PASS" starttime="20200219 12:48:06.018" endtime="20200219 12:48:06.018"></status>
</kw>
<kw name="String" library="REST">
<tags>
<tag>assertions</tag>
</tags>
<doc>*Asserts the field as JSON string.*</doc>
<arguments>
<arg>$.status</arg>
<arg>OK</arg>
</arguments>
<status status="PASS" starttime="20200219 12:48:06.018" endtime="20200219 12:48:06.036"></status>
</kw>
<kw name="Object" library="REST">
<tags>
<tag>assertions</tag>
</tags>
<doc>*Asserts the field as JSON object.*</doc>
<arguments>
<arg>$.result</arg>
</arguments>
<assign>
<var>${RESULT}</var>
</assign>
<msg timestamp="20200219 12:48:06.075" level="INFO">${RESULT} = [{'sessionId': 11956007, 'serverVersion': '7.0 Jakarta build 038', 'userEmailAddress': '', 'sessionExceed': False, 'userFullName': 'userTest1'}]</msg>
<status status="PASS" starttime="20200219 12:48:06.037" endtime="20200219 12:48:06.075"></status>
</kw>
<kw name="Set Variable" library="BuiltIn">
<doc>Returns the given values which can then be assigned to a variables.</doc>
<arguments>
<arg>${RESULT[0]}</arg>
</arguments>
<assign>
<var>${RESULT}</var>
</assign>
<msg timestamp="20200219 12:48:06.076" level="INFO">${RESULT} = {'sessionId': 11956007, 'serverVersion': '7.0 Jakarta build 038', 'userEmailAddress': '', 'sessionExceed': False, 'userFullName': 'userTest1'}</msg>
<status status="PASS" starttime="20200219 12:48:06.076" endtime="20200219 12:48:06.076"></status>
</kw>
<msg timestamp="20200219 12:48:06.077" level="INFO">${BODY} = {'sessionId': 11956007, 'serverVersion': '7.0 Jakarta build 038', 'userEmailAddress': '', 'sessionExceed': False, 'userFullName': 'userTest1'}</msg>
<status status="PASS" starttime="20200219 12:48:06.007" endtime="20200219 12:48:06.077"></status>
</kw>
<kw name="GET Current Session ID" library="CommonKeywords">
<doc>Get the session ID for the current session</doc>
<arguments>
<arg>${BODY}</arg>
</arguments>
<assign>
<var>${SESSIONID}</var>
</assign>
<kw name="Set Variable" library="BuiltIn">
<doc>Returns the given values which can then be assigned to a variables.</doc>
<arguments>
<arg>${pResult['sessionId']}</arg>
</arguments>
<assign>
<var>${getSessionID}</var>
</assign>
<msg timestamp="20200219 12:48:06.077" level="INFO">${getSessionID} = 11956007</msg>
<status status="PASS" starttime="20200219 12:48:06.077" endtime="20200219 12:48:06.077"></status>
</kw>
<msg timestamp="20200219 12:48:06.078" level="INFO">${SESSIONID} = 11956007</msg>
<status status="PASS" starttime="20200219 12:48:06.077" endtime="20200219 12:48:06.078"></status>
</kw>
<kw name="GET Current Server Version" library="CommonKeywords">
<doc>Get the server version (Build) for the current session</doc>
<arguments>
<arg>${BODY}</arg>
</arguments>
<assign>
<var>${buildName}</var>
</assign>
<kw name="Set Variable" library="BuiltIn">
<doc>Returns the given values which can then be assigned to a variables.</doc>
<arguments>
<arg>${pResult['serverVersion']}</arg>
</arguments>
<assign>
<var>${getBuild}</var>
</assign>
<msg timestamp="20200219 12:48:06.079" level="INFO">${getBuild} = 7.0 Jakarta build 038</msg>
<status status="PASS" starttime="20200219 12:48:06.079" endtime="20200219 12:48:06.079"></status>
</kw>
<msg timestamp="20200219 12:48:06.079" level="INFO">${buildName} = 7.0 Jakarta build 038</msg>
<status status="PASS" starttime="20200219 12:48:06.078" endtime="20200219 12:48:06.079"></status>
</kw>
<kw name="Set Variable" library="BuiltIn">
<doc>Returns the given values which can then be assigned to a variables.</doc>
<arguments>
<arg>JMap ${buildName}</arg>
</arguments>
<assign>
<var>${buildName}</var>
</assign>
<msg timestamp="20200219 12:48:06.080" level="INFO">${buildName} = JMap 7.0 Jakarta build 038</msg>
<status status="PASS" starttime="20200219 12:48:06.080" endtime="20200219 12:48:06.080"></status>
</kw>
<kw name="Close The Current Session" library="CommonKeywords">
<doc>Close REST API session by given session id</doc>
<arguments>
<arg>${SESSIONID}</arg>
</arguments>
<kw name="Delete" library="REST">
<tags>
<tag>http</tag>
</tags>
<doc>*Sends a DELETE request to the endpoint.*</doc>
<arguments>
<arg>http://${localhost}:${internPort}/services/rest/v2.0/session?sessionId=${SESSION}</arg>
</arguments>
<status status="PASS" starttime="20200219 12:48:06.081" endtime="20200219 12:48:06.089"></status>
</kw>
<kw name="String" library="REST">
<tags>
<tag>assertions</tag>
</tags>
<doc>*Asserts the field as JSON string.*</doc>
<arguments>
<arg>$.message</arg>
<arg>Session has been closed</arg>
</arguments>
<status status="PASS" starttime="20200219 12:48:06.089" endtime="20200219 12:48:06.107"></status>
</kw>
<kw name="String" library="REST">
<tags>
<tag>assertions</tag>
</tags>
<doc>*Asserts the field as JSON string.*</doc>
<arguments>
<arg>$.status</arg>
<arg>OK</arg>
</arguments>
<status status="PASS" starttime="20200219 12:48:06.108" endtime="20200219 12:48:06.127"></status>
</kw>
<status status="PASS" starttime="20200219 12:48:06.081" endtime="20200219 12:48:06.127"></status>
</kw>
<kw name="Log" library="BuiltIn">
<doc>Logs the given message with the given level.</doc>
<arguments>
<arg>================================================================================</arg>
</arguments>
<msg timestamp="20200219 12:48:06.127" level="INFO">================================================================================</msg>
<status status="PASS" starttime="20200219 12:48:06.127" endtime="20200219 12:48:06.127"></status>
</kw>
<kw name="Run Keyword If" library="BuiltIn" type="teardown">
<doc>Runs the given keyword with the given arguments, if ``condition`` is true.</doc>
<arguments>
<arg>"${useTL}"=="true"</arg>
<arg>Go To Testlink To Update Test Case</arg>
<arg>${projectNum}</arg>
<arg>${testPlan}</arg>
<arg>${buildName}</arg>
<arg>${suiteName}</arg>
<arg>${tesCaseName}</arg>
<arg>${ElapsedTime}</arg>
</arguments>
<status status="PASS" starttime="20200219 12:48:06.128" endtime="20200219 12:48:06.129"></status>
</kw>
<status status="PASS" starttime="20200219 12:48:03.874" endtime="20200219 12:48:06.129"></status>
</kw>
<tags>
<tag>Time Out</tag>
</tags>
<status status="PASS" starttime="20200219 12:47:39.538" endtime="20200219 12:48:06.129" critical="yes"></status>
</test>
<doc>Test Cases for Log in and log out</doc>
<status status="PASS" starttime="20200219 12:44:38.717" endtime="20200219 12:48:06.134"></status>
</suite>
<statistics>
<total>
<stat pass="8" fail="0">Critical Tests</stat>
<stat pass="8" fail="0">All Tests</stat>
</total>
<tag>
<stat pass="8" fail="0">Time Out</stat>
</tag>
<suite>
<stat pass="8" fail="0" id="s1" name="LoginAndLogoutTests">LoginAndLogoutTests</stat>
</suite>
</statistics>
<errors>
<msg timestamp="20200219 12:44:38.904" level="WARN">Error in file 'C:\Users\mbous\eclipse-workspace\JMapJenkinsTests\common\admin\CommonKeywords.robot': Escaping empty cells with '\' before line continuation marker '...' is deprecated. Remove escaping before Robot Framework 3.2.</msg>
</errors>
</robot>
